#
# There is insufficient memory for the Java Runtime Environment to continue.
# Native memory allocation (mmap) failed to map 7340032 bytes. Error detail: G1 virtual space
# Possible reasons:
#   The system is out of physical RAM or swap space
#   This process is running with CompressedOops enabled, and the Java Heap may be blocking the growth of the native heap
# Possible solutions:
#   Reduce memory load on the system
#   Increase physical memory or swap space
#   Check if swap backing store is full
#   Decrease Java heap size (-Xmx/-Xms)
#   Decrease number of Java threads
#   Decrease Java thread stack sizes (-Xss)
#   Set larger code cache with -XX:ReservedCodeCacheSize=
#   JVM is running with Unscaled Compressed Oops mode in which the Java heap is
#     placed in the first 4GB address space. The Java Heap base address is the
#     maximum limit for the native heap growth. Please use -XX:HeapBaseMinAddress
#     to set the Java Heap base and to place the Java Heap above 4GB virtual address.
# This output file may be truncated or incomplete.
#
#  Out of Memory Error (os_windows.cpp:3678), pid=21748, tid=15584
#
# JRE version: OpenJDK Runtime Environment Microsoft-9889599 (17.0.12+7) (build 17.0.12+7-LTS)
# Java VM: OpenJDK 64-Bit Server VM Microsoft-9889599 (17.0.12+7-LTS, mixed mode, sharing, tiered, compressed oops, compressed class ptrs, g1 gc, windows-amd64)
# No core dump will be written. Minidumps are not enabled by default on client versions of Windows
#

---------------  S U M M A R Y ------------

Command Line: -XX:MaxMetaspaceSize=512m --add-opens=java.base/java.util=ALL-UNNAMED --add-opens=java.base/java.lang=ALL-UNNAMED --add-opens=java.base/java.lang.invoke=ALL-UNNAMED --add-opens=java.prefs/java.util.prefs=ALL-UNNAMED --add-opens=java.base/java.nio.charset=ALL-UNNAMED --add-opens=java.base/java.net=ALL-UNNAMED --add-opens=java.base/java.util.concurrent.atomic=ALL-UNNAMED -Xmx2048m -Dfile.encoding=utf8 -Duser.country=US -Duser.language=en -Duser.variant -javaagent:C:\Users\moham\.gradle\wrapper\dists\gradle-8.8-all\6gdy1pgp427xkqcjbxw3ylt6h\gradle-8.8\lib\agents\gradle-instrumentation-agent-8.8.jar org.gradle.launcher.daemon.bootstrap.GradleDaemon 8.8

Host: AMD Ryzen 7 5700U with Radeon Graphics         , 16 cores, 5G,  Windows 11 , 64 bit Build 26100 (10.0.26100.4202)
Time: Mon Jul  7 21:06:44 2025 India Standard Time elapsed time: 7.928638 seconds (0d 0h 0m 7s)

---------------  T H R E A D  ---------------

Current thread (0x000001e356cf8010):  VMThread "VM Thread" [stack: 0x000000e2fa000000,0x000000e2fa100000] [id=15584]

Stack: [0x000000e2fa000000,0x000000e2fa100000]
Native frames: (J=compiled Java code, j=interpreted, Vv=VM code, C=native code)
V  [jvm.dll+0x686d99]
V  [jvm.dll+0x83daf8]
V  [jvm.dll+0x83f5a3]
V  [jvm.dll+0x83fc13]
V  [jvm.dll+0x2492ef]
V  [jvm.dll+0x683dd9]
V  [jvm.dll+0x6782fa]
V  [jvm.dll+0x30a797]
V  [jvm.dll+0x311d06]
V  [jvm.dll+0x36252e]
V  [jvm.dll+0x36276d]
V  [jvm.dll+0x2e1a9c]
V  [jvm.dll+0x2dfe49]
V  [jvm.dll+0x2df5ac]
V  [jvm.dll+0x3332fc]
V  [jvm.dll+0x84444d]
V  [jvm.dll+0x845183]
V  [jvm.dll+0x8456af]
V  [jvm.dll+0x845a94]
V  [jvm.dll+0x845b5e]
V  [jvm.dll+0x7ed87c]
V  [jvm.dll+0x685c77]
C  [ucrtbase.dll+0x37b0]
C  [KERNEL32.DLL+0x2e8d7]
C  [ntdll.dll+0x3c34c]

VM_Operation (0x000000e2fc1f6530): CollectForMetadataAllocation, mode: safepoint, requested by thread 0x000001e377f30970


---------------  P R O C E S S  ---------------

Threads class SMR info:
_java_thread_list=0x000001e37a656ce0, length=39, elements={
0x000001e33751a6c0, 0x000001e356cfd5a0, 0x000001e356cfda80, 0x000001e356d150f0,
0x000001e356d155d0, 0x000001e356d15ab0, 0x000001e356d15f90, 0x000001e356d1b7c0,
0x000001e356d1bce0, 0x000001e356d1ea20, 0x000001e37612c720, 0x000001e356cab610,
0x000001e376132c20, 0x000001e376137200, 0x000001e3762ba380, 0x000001e377224bc0,
0x000001e377b04120, 0x000001e3771eb1d0, 0x000001e377cf0030, 0x000001e37800aa60,
0x000001e377cecc40, 0x000001e377f31390, 0x000001e377f30970, 0x000001e377f32ce0,
0x000001e377f327d0, 0x000001e377f31db0, 0x000001e377f322c0, 0x000001e377f318a0,
0x000001e377f331f0, 0x000001e377f2ff50, 0x000001e377f30460, 0x000001e377f30e80,
0x000001e379374e40, 0x000001e379372ad0, 0x000001e379374930, 0x000001e379372fe0,
0x000001e379376790, 0x000001e3793734f0, 0x000001e379375d70
}

Java Threads: ( => current thread )
  0x000001e33751a6c0 JavaThread "main" [_thread_blocked, id=3340, stack(0x000000e2f9a00000,0x000000e2f9b00000)]
  0x000001e356cfd5a0 JavaThread "Reference Handler" daemon [_thread_blocked, id=13828, stack(0x000000e2fa100000,0x000000e2fa200000)]
  0x000001e356cfda80 JavaThread "Finalizer" daemon [_thread_blocked, id=12100, stack(0x000000e2fa200000,0x000000e2fa300000)]
  0x000001e356d150f0 JavaThread "Signal Dispatcher" daemon [_thread_blocked, id=8008, stack(0x000000e2fa300000,0x000000e2fa400000)]
  0x000001e356d155d0 JavaThread "Attach Listener" daemon [_thread_blocked, id=5368, stack(0x000000e2fa400000,0x000000e2fa500000)]
  0x000001e356d15ab0 JavaThread "Service Thread" daemon [_thread_blocked, id=17756, stack(0x000000e2fa500000,0x000000e2fa600000)]
  0x000001e356d15f90 JavaThread "Monitor Deflation Thread" daemon [_thread_blocked, id=9588, stack(0x000000e2fa600000,0x000000e2fa700000)]
  0x000001e356d1b7c0 JavaThread "C2 CompilerThread0" daemon [_thread_blocked, id=19648, stack(0x000000e2fa700000,0x000000e2fa800000)]
  0x000001e356d1bce0 JavaThread "C1 CompilerThread0" daemon [_thread_blocked, id=21312, stack(0x000000e2fa800000,0x000000e2fa900000)]
  0x000001e356d1ea20 JavaThread "Sweeper thread" daemon [_thread_blocked, id=26444, stack(0x000000e2fa900000,0x000000e2faa00000)]
  0x000001e37612c720 JavaThread "Common-Cleaner" daemon [_thread_blocked, id=20920, stack(0x000000e2faa00000,0x000000e2fab00000)]
  0x000001e356cab610 JavaThread "C1 CompilerThread1" daemon [_thread_blocked, id=18584, stack(0x000000e2fab00000,0x000000e2fac00000)]
  0x000001e376132c20 JavaThread "C1 CompilerThread2" daemon [_thread_blocked, id=7772, stack(0x000000e2fac00000,0x000000e2fad00000)]
  0x000001e376137200 JavaThread "C1 CompilerThread3" daemon [_thread_blocked, id=20388, stack(0x000000e2fad00000,0x000000e2fae00000)]
  0x000001e3762ba380 JavaThread "Notification Thread" daemon [_thread_blocked, id=16432, stack(0x000000e2faf00000,0x000000e2fb000000)]
  0x000001e377224bc0 JavaThread "C2 CompilerThread1" daemon [_thread_blocked, id=9452, stack(0x000000e2fb100000,0x000000e2fb200000)]
  0x000001e377b04120 JavaThread "Daemon health stats" [_thread_blocked, id=16108, stack(0x000000e2fb500000,0x000000e2fb600000)]
  0x000001e3771eb1d0 JavaThread "Incoming local TCP Connector on port 55057" [_thread_in_native, id=23684, stack(0x000000e2fb600000,0x000000e2fb700000)]
  0x000001e377cf0030 JavaThread "Daemon periodic checks" [_thread_blocked, id=1216, stack(0x000000e2fbd00000,0x000000e2fbe00000)]
  0x000001e37800aa60 JavaThread "Daemon" [_thread_blocked, id=6148, stack(0x000000e2fbe00000,0x000000e2fbf00000)]
  0x000001e377cecc40 JavaThread "Handler for socket connection from /127.0.0.1:55057 to /127.0.0.1:55058" [_thread_in_native, id=12476, stack(0x000000e2fbf00000,0x000000e2fc000000)]
  0x000001e377f31390 JavaThread "Cancel handler" [_thread_blocked, id=27736, stack(0x000000e2fc000000,0x000000e2fc100000)]
  0x000001e377f30970 JavaThread "Daemon worker" [_thread_blocked, id=27748, stack(0x000000e2fc100000,0x000000e2fc200000)]
  0x000001e377f32ce0 JavaThread "Asynchronous log dispatcher for DefaultDaemonConnection: socket connection from /127.0.0.1:55057 to /127.0.0.1:55058" [_thread_blocked, id=21984, stack(0x000000e2fc200000,0x000000e2fc300000)]
  0x000001e377f327d0 JavaThread "Stdin handler" [_thread_blocked, id=27556, stack(0x000000e2fc300000,0x000000e2fc400000)]
  0x000001e377f31db0 JavaThread "Daemon client event forwarder" [_thread_blocked, id=12588, stack(0x000000e2fc400000,0x000000e2fc500000)]
  0x000001e377f322c0 JavaThread "Cache worker for journal cache (C:\Users\moham\.gradle\caches\journal-1)" [_thread_blocked, id=10032, stack(0x000000e2fc500000,0x000000e2fc600000)]
  0x000001e377f318a0 JavaThread "File lock request listener" [_thread_in_native, id=25916, stack(0x000000e2fc600000,0x000000e2fc700000)]
  0x000001e377f331f0 JavaThread "Cache worker for file hash cache (C:\Users\moham\.gradle\caches\8.8\fileHashes)" [_thread_blocked, id=24500, stack(0x000000e2fc700000,0x000000e2fc800000)]
  0x000001e377f2ff50 JavaThread "Cache worker for file hash cache (D:\Mobile_App-master\Mobile_app_klass\android\.gradle\8.8\fileHashes)" [_thread_blocked, id=21320, stack(0x000000e2fca00000,0x000000e2fcb00000)]
  0x000001e377f30460 JavaThread "File watcher server" daemon [_thread_in_native, id=19208, stack(0x000000e2fcb00000,0x000000e2fcc00000)]
  0x000001e377f30e80 JavaThread "File watcher consumer" daemon [_thread_blocked, id=21220, stack(0x000000e2fce00000,0x000000e2fcf00000)]
  0x000001e379374e40 JavaThread "Cache worker for checksums cache (D:\Mobile_App-master\Mobile_app_klass\android\.gradle\8.8\checksums)" [_thread_blocked, id=7964, stack(0x000000e2fcf00000,0x000000e2fd000000)]
  0x000001e379372ad0 JavaThread "Cache worker for file content cache (C:\Users\moham\.gradle\caches\8.8\fileContent)" [_thread_blocked, id=4672, stack(0x000000e2fd000000,0x000000e2fd100000)]
  0x000001e379374930 JavaThread "Cache worker for cache directory md-rule (C:\Users\moham\.gradle\caches\8.8\md-rule)" [_thread_blocked, id=1168, stack(0x000000e2fd100000,0x000000e2fd200000)]
  0x000001e379372fe0 JavaThread "Cache worker for cache directory md-supplier (C:\Users\moham\.gradle\caches\8.8\md-supplier)" [_thread_blocked, id=5908, stack(0x000000e2fd200000,0x000000e2fd300000)]
  0x000001e379376790 JavaThread "jar transforms" [_thread_blocked, id=5344, stack(0x000000e2fd300000,0x000000e2fd400000)]
  0x000001e3793734f0 JavaThread "jar transforms Thread 2" [_thread_blocked, id=16640, stack(0x000000e2fd400000,0x000000e2fd500000)]
  0x000001e379375d70 JavaThread "jar transforms Thread 3" [_thread_blocked, id=24220, stack(0x000000e2fd500000,0x000000e2fd600000)]

Other Threads:
=>0x000001e356cf8010 VMThread "VM Thread" [stack: 0x000000e2fa000000,0x000000e2fa100000] [id=15584]
  0x000001e3762ba860 WatcherThread [stack: 0x000000e2fb000000,0x000000e2fb100000] [id=3372]
  0x000001e335a2ed00 GCTaskThread "GC Thread#0" [stack: 0x000000e2f9b00000,0x000000e2f9c00000] [id=23284]
  0x000001e37742b1c0 GCTaskThread "GC Thread#1" [stack: 0x000000e2fb200000,0x000000e2fb300000] [id=15992]
  0x000001e376dd3a40 GCTaskThread "GC Thread#2" [stack: 0x000000e2fb300000,0x000000e2fb400000] [id=22588]
  0x000001e377397e80 GCTaskThread "GC Thread#3" [stack: 0x000000e2fb400000,0x000000e2fb500000] [id=22912]
  0x000001e3771eb810 GCTaskThread "GC Thread#4" [stack: 0x000000e2fae00000,0x000000e2faf00000] [id=8152]
  0x000001e377f25040 GCTaskThread "GC Thread#5" [stack: 0x000000e2fb700000,0x000000e2fb800000] [id=14024]
  0x000001e377f1e460 GCTaskThread "GC Thread#6" [stack: 0x000000e2fb800000,0x000000e2fb900000] [id=4260]
  0x000001e377dcc020 GCTaskThread "GC Thread#7" [stack: 0x000000e2fb900000,0x000000e2fba00000] [id=26956]
  0x000001e377dcc2e0 GCTaskThread "GC Thread#8" [stack: 0x000000e2fba00000,0x000000e2fbb00000] [id=22040]
  0x000001e377dcc5a0 GCTaskThread "GC Thread#9" [stack: 0x000000e2fbb00000,0x000000e2fbc00000] [id=5336]
  0x000001e377dcc860 GCTaskThread "GC Thread#10" [stack: 0x000000e2fbc00000,0x000000e2fbd00000] [id=25300]
  0x000001e37850a360 GCTaskThread "GC Thread#11" [stack: 0x000000e2fc800000,0x000000e2fc900000] [id=27812]
  0x000001e378494bd0 GCTaskThread "GC Thread#12" [stack: 0x000000e2fc900000,0x000000e2fca00000] [id=20660]
  0x000001e3375874c0 ConcurrentGCThread "G1 Main Marker" [stack: 0x000000e2f9c00000,0x000000e2f9d00000] [id=21056]
  0x000001e337587df0 ConcurrentGCThread "G1 Conc#0" [stack: 0x000000e2f9d00000,0x000000e2f9e00000] [id=16884]
  0x000001e378889280 ConcurrentGCThread "G1 Conc#1" [stack: 0x000000e2fcc00000,0x000000e2fcd00000] [id=23208]
  0x000001e37888a300 ConcurrentGCThread "G1 Conc#2" [stack: 0x000000e2fcd00000,0x000000e2fce00000] [id=17368]
  0x000001e356b6f8a0 ConcurrentGCThread "G1 Refine#0" [stack: 0x000000e2f9e00000,0x000000e2f9f00000] [id=14456]
  0x000001e356b73bb0 ConcurrentGCThread "G1 Service" [stack: 0x000000e2f9f00000,0x000000e2fa000000] [id=25508]

Threads with active compile tasks:
C2 CompilerThread0     7955 4288       4       java.lang.AbstractStringBuilder::append (55 bytes)
C2 CompilerThread1     7955 3353       4       java.security.AccessController::executePrivileged (69 bytes)

VM state: at safepoint (normal execution)

VM Mutex/Monitor currently owned by a thread:  ([mutex/lock_event])
[0x000001e3359fc530] Threads_lock - owner thread: 0x000001e356cf8010
[0x000001e337517ff0] Heap_lock - owner thread: 0x000001e377f30970

Heap address: 0x0000000080000000, size: 2048 MB, Compressed Oops mode: 32-bit

CDS archive(s) mapped at: [0x000001e357000000-0x000001e357bb0000-0x000001e357bb0000), size 12255232, SharedBaseAddress: 0x000001e357000000, ArchiveRelocationMode: 1.
Compressed class space mapped at: 0x000001e358000000-0x000001e372000000, reserved size: 436207616
Narrow klass base: 0x000001e357000000, Narrow klass shift: 0, Narrow klass range: 0x100000000

GC Precious Log:
 CPUs: 16 total, 16 available
 Memory: 5989M
 Large Page Support: Disabled
 NUMA Support: Disabled
 Compressed Oops: Enabled (32-bit)
 Heap Region Size: 1M
 Heap Min Capacity: 8M
 Heap Initial Capacity: 94M
 Heap Max Capacity: 2G
 Pre-touch: Disabled
 Parallel Workers: 13
 Concurrent Workers: 3
 Concurrent Refinement Workers: 13
 Periodic GC: Disabled

Heap:
 garbage-first heap   total 96256K, used 33815K [0x0000000080000000, 0x0000000100000000)
  region size 1024K, 4 young (4096K), 4 survivors (4096K)
 Metaspace       used 35731K, committed 36096K, reserved 491520K
  class space    used 4925K, committed 5120K, reserved 425984K

Heap Regions: E=young(eden), S=young(survivor), O=old, HS=humongous(starts), HC=humongous(continues), CS=collection set, F=free, OA=open archive, CA=closed archive, TAMS=top-at-mark-start (previous, next)
|   0|0x0000000080000000, 0x0000000080100000, 0x0000000080100000|100%|HS|  |TAMS 0x0000000080100000, 0x0000000080100000| Complete 
|   1|0x0000000080100000, 0x0000000080200000, 0x0000000080200000|100%|HC|  |TAMS 0x0000000080200000, 0x0000000080200000| Complete 
|   2|0x0000000080200000, 0x0000000080300000, 0x0000000080300000|100%|HC|  |TAMS 0x0000000080300000, 0x0000000080300000| Complete 
|   3|0x0000000080300000, 0x0000000080400000, 0x0000000080400000|100%|HC|  |TAMS 0x0000000080400000, 0x0000000080400000| Complete 
|   4|0x0000000080400000, 0x0000000080500000, 0x0000000080500000|100%| O|  |TAMS 0x0000000080500000, 0x0000000080500000| Untracked 
|   5|0x0000000080500000, 0x0000000080600000, 0x0000000080600000|100%| O|  |TAMS 0x0000000080600000, 0x0000000080600000| Untracked 
|   6|0x0000000080600000, 0x0000000080700000, 0x0000000080700000|100%| O|  |TAMS 0x0000000080700000, 0x0000000080700000| Untracked 
|   7|0x0000000080700000, 0x0000000080800000, 0x0000000080800000|100%| O|  |TAMS 0x0000000080800000, 0x0000000080800000| Untracked 
|   8|0x0000000080800000, 0x0000000080900000, 0x0000000080900000|100%| O|  |TAMS 0x0000000080900000, 0x0000000080900000| Untracked 
|   9|0x0000000080900000, 0x0000000080a00000, 0x0000000080a00000|100%| O|  |TAMS 0x0000000080a00000, 0x0000000080a00000| Untracked 
|  10|0x0000000080a00000, 0x0000000080b00000, 0x0000000080b00000|100%| O|  |TAMS 0x0000000080b00000, 0x0000000080b00000| Untracked 
|  11|0x0000000080b00000, 0x0000000080c00000, 0x0000000080c00000|100%|HS|  |TAMS 0x0000000080c00000, 0x0000000080c00000| Complete 
|  12|0x0000000080c00000, 0x0000000080d00000, 0x0000000080d00000|100%| O|  |TAMS 0x0000000080d00000, 0x0000000080d00000| Untracked 
|  13|0x0000000080d00000, 0x0000000080e00000, 0x0000000080e00000|100%| O|  |TAMS 0x0000000080e00000, 0x0000000080e00000| Untracked 
|  14|0x0000000080e00000, 0x0000000080f00000, 0x0000000080f00000|100%| O|  |TAMS 0x0000000080f00000, 0x0000000080f00000| Untracked 
|  15|0x0000000080f00000, 0x0000000081000000, 0x0000000081000000|100%| O|  |TAMS 0x0000000081000000, 0x0000000081000000| Untracked 
|  16|0x0000000081000000, 0x0000000081100000, 0x0000000081100000|100%| O|  |TAMS 0x0000000081100000, 0x0000000081100000| Untracked 
|  17|0x0000000081100000, 0x0000000081200000, 0x0000000081200000|100%| O|  |TAMS 0x0000000081200000, 0x0000000081200000| Untracked 
|  18|0x0000000081200000, 0x00000000812e6800, 0x0000000081300000| 90%| O|  |TAMS 0x00000000812e6800, 0x00000000812e6800| Untracked 
|  19|0x0000000081300000, 0x0000000081400000, 0x0000000081400000|100%| O|  |TAMS 0x0000000081300000, 0x0000000081400000| Untracked 
|  20|0x0000000081400000, 0x0000000081500000, 0x0000000081500000|100%| O|  |TAMS 0x0000000081400000, 0x0000000081500000| Untracked 
|  21|0x0000000081500000, 0x0000000081600000, 0x0000000081600000|100%| O|  |TAMS 0x0000000081500000, 0x0000000081600000| Untracked 
|  22|0x0000000081600000, 0x0000000081700000, 0x0000000081700000|100%| O|  |TAMS 0x0000000081600000, 0x0000000081700000| Untracked 
|  23|0x0000000081700000, 0x0000000081800000, 0x0000000081800000|100%| O|  |TAMS 0x0000000081700000, 0x0000000081800000| Untracked 
|  24|0x0000000081800000, 0x0000000081900000, 0x0000000081900000|100%| O|  |TAMS 0x0000000081800000, 0x0000000081876200| Untracked 
|  25|0x0000000081900000, 0x0000000081900000, 0x0000000081a00000|  0%| F|  |TAMS 0x0000000081900000, 0x0000000081900000| Untracked 
|  26|0x0000000081a00000, 0x0000000081a00000, 0x0000000081b00000|  0%| F|  |TAMS 0x0000000081a00000, 0x0000000081a00000| Untracked 
|  27|0x0000000081b00000, 0x0000000081b00000, 0x0000000081c00000|  0%| F|  |TAMS 0x0000000081b00000, 0x0000000081b00000| Untracked 
|  28|0x0000000081c00000, 0x0000000081c00000, 0x0000000081d00000|  0%| F|  |TAMS 0x0000000081c00000, 0x0000000081c00000| Untracked 
|  29|0x0000000081d00000, 0x0000000081d00000, 0x0000000081e00000|  0%| F|  |TAMS 0x0000000081d00000, 0x0000000081d00000| Untracked 
|  30|0x0000000081e00000, 0x0000000081f00000, 0x0000000081f00000|100%| O|  |TAMS 0x0000000081e00000, 0x0000000081e00000| Untracked 
|  31|0x0000000081f00000, 0x0000000082000000, 0x0000000082000000|100%| O|  |TAMS 0x0000000081f00000, 0x0000000081f00000| Untracked 
|  32|0x0000000082000000, 0x0000000082100000, 0x0000000082100000|100%| O|  |TAMS 0x0000000082000000, 0x0000000082000000| Untracked 
|  33|0x0000000082100000, 0x0000000082200000, 0x0000000082200000|100%| O|  |TAMS 0x0000000082100000, 0x0000000082100000| Untracked 
|  34|0x0000000082200000, 0x00000000822aec00, 0x0000000082300000| 68%| O|  |TAMS 0x0000000082200000, 0x0000000082200000| Untracked 
|  35|0x0000000082300000, 0x0000000082300000, 0x0000000082400000|  0%| F|  |TAMS 0x0000000082300000, 0x0000000082300000| Untracked 
|  36|0x0000000082400000, 0x0000000082400000, 0x0000000082500000|  0%| F|  |TAMS 0x0000000082400000, 0x0000000082400000| Untracked 
|  37|0x0000000082500000, 0x0000000082500000, 0x0000000082600000|  0%| F|  |TAMS 0x0000000082500000, 0x0000000082500000| Untracked 
|  38|0x0000000082600000, 0x0000000082600000, 0x0000000082700000|  0%| F|  |TAMS 0x0000000082600000, 0x0000000082600000| Untracked 
|  39|0x0000000082700000, 0x0000000082700000, 0x0000000082800000|  0%| F|  |TAMS 0x0000000082700000, 0x0000000082700000| Untracked 
|  40|0x0000000082800000, 0x0000000082800000, 0x0000000082900000|  0%| F|  |TAMS 0x0000000082800000, 0x0000000082800000| Untracked 
|  41|0x0000000082900000, 0x0000000082900000, 0x0000000082a00000|  0%| F|  |TAMS 0x0000000082900000, 0x0000000082900000| Untracked 
|  42|0x0000000082a00000, 0x0000000082a00000, 0x0000000082b00000|  0%| F|  |TAMS 0x0000000082a00000, 0x0000000082a00000| Untracked 
|  43|0x0000000082b00000, 0x0000000082b00000, 0x0000000082c00000|  0%| F|  |TAMS 0x0000000082b00000, 0x0000000082b00000| Untracked 
|  44|0x0000000082c00000, 0x0000000082c00000, 0x0000000082d00000|  0%| F|  |TAMS 0x0000000082c00000, 0x0000000082c00000| Untracked 
|  45|0x0000000082d00000, 0x0000000082d00000, 0x0000000082e00000|  0%| F|  |TAMS 0x0000000082d00000, 0x0000000082d00000| Untracked 
|  46|0x0000000082e00000, 0x0000000082e00000, 0x0000000082f00000|  0%| F|  |TAMS 0x0000000082e00000, 0x0000000082e00000| Untracked 
|  47|0x0000000082f00000, 0x0000000082f00000, 0x0000000083000000|  0%| F|  |TAMS 0x0000000082f00000, 0x0000000082f00000| Untracked 
|  48|0x0000000083000000, 0x0000000083000000, 0x0000000083100000|  0%| F|  |TAMS 0x0000000083000000, 0x0000000083000000| Untracked 
|  49|0x0000000083100000, 0x0000000083100000, 0x0000000083200000|  0%| F|  |TAMS 0x0000000083100000, 0x0000000083100000| Untracked 
|  50|0x0000000083200000, 0x0000000083270b30, 0x0000000083300000| 44%| S|CS|TAMS 0x0000000083200000, 0x0000000083200000| Complete 
|  51|0x0000000083300000, 0x0000000083400000, 0x0000000083400000|100%| S|CS|TAMS 0x0000000083300000, 0x0000000083300000| Complete 
|  52|0x0000000083400000, 0x0000000083500000, 0x0000000083500000|100%| S|CS|TAMS 0x0000000083400000, 0x0000000083400000| Complete 
|  53|0x0000000083500000, 0x0000000083600000, 0x0000000083600000|100%| S|CS|TAMS 0x0000000083500000, 0x0000000083500000| Complete 
|  54|0x0000000083600000, 0x0000000083600000, 0x0000000083700000|  0%| F|  |TAMS 0x0000000083600000, 0x0000000083600000| Untracked 
|  55|0x0000000083700000, 0x0000000083700000, 0x0000000083800000|  0%| F|  |TAMS 0x0000000083700000, 0x0000000083700000| Untracked 
|  56|0x0000000083800000, 0x0000000083800000, 0x0000000083900000|  0%| F|  |TAMS 0x0000000083800000, 0x0000000083800000| Untracked 
|  57|0x0000000083900000, 0x0000000083900000, 0x0000000083a00000|  0%| F|  |TAMS 0x0000000083900000, 0x0000000083900000| Untracked 
|  58|0x0000000083a00000, 0x0000000083a00000, 0x0000000083b00000|  0%| F|  |TAMS 0x0000000083a00000, 0x0000000083a00000| Untracked 
|  59|0x0000000083b00000, 0x0000000083b00000, 0x0000000083c00000|  0%| F|  |TAMS 0x0000000083b00000, 0x0000000083b00000| Untracked 
|  60|0x0000000083c00000, 0x0000000083c00000, 0x0000000083d00000|  0%| F|  |TAMS 0x0000000083c00000, 0x0000000083c00000| Untracked 
|  61|0x0000000083d00000, 0x0000000083d00000, 0x0000000083e00000|  0%| F|  |TAMS 0x0000000083d00000, 0x0000000083d00000| Untracked 
|  62|0x0000000083e00000, 0x0000000083e00000, 0x0000000083f00000|  0%| F|  |TAMS 0x0000000083e00000, 0x0000000083e00000| Untracked 
|  63|0x0000000083f00000, 0x0000000083f00000, 0x0000000084000000|  0%| F|  |TAMS 0x0000000083f00000, 0x0000000083f00000| Untracked 
|  64|0x0000000084000000, 0x0000000084000000, 0x0000000084100000|  0%| F|  |TAMS 0x0000000084000000, 0x0000000084000000| Untracked 
|  65|0x0000000084100000, 0x0000000084100000, 0x0000000084200000|  0%| F|  |TAMS 0x0000000084100000, 0x0000000084100000| Untracked 
|  66|0x0000000084200000, 0x0000000084200000, 0x0000000084300000|  0%| F|  |TAMS 0x0000000084200000, 0x0000000084200000| Untracked 
|  67|0x0000000084300000, 0x0000000084300000, 0x0000000084400000|  0%| F|  |TAMS 0x0000000084300000, 0x0000000084300000| Untracked 
|  68|0x0000000084400000, 0x0000000084400000, 0x0000000084500000|  0%| F|  |TAMS 0x0000000084400000, 0x0000000084400000| Untracked 
|  69|0x0000000084500000, 0x0000000084500000, 0x0000000084600000|  0%| F|  |TAMS 0x0000000084500000, 0x0000000084500000| Untracked 
|  70|0x0000000084600000, 0x0000000084600000, 0x0000000084700000|  0%| F|  |TAMS 0x0000000084600000, 0x0000000084600000| Untracked 
|  71|0x0000000084700000, 0x0000000084700000, 0x0000000084800000|  0%| F|  |TAMS 0x0000000084700000, 0x0000000084700000| Untracked 
|  72|0x0000000084800000, 0x0000000084800000, 0x0000000084900000|  0%| F|  |TAMS 0x0000000084800000, 0x0000000084800000| Untracked 
|  73|0x0000000084900000, 0x0000000084900000, 0x0000000084a00000|  0%| F|  |TAMS 0x0000000084900000, 0x0000000084900000| Untracked 
|  74|0x0000000084a00000, 0x0000000084a00000, 0x0000000084b00000|  0%| F|  |TAMS 0x0000000084a00000, 0x0000000084a00000| Untracked 
|  75|0x0000000084b00000, 0x0000000084b00000, 0x0000000084c00000|  0%| F|  |TAMS 0x0000000084b00000, 0x0000000084b00000| Untracked 
|  76|0x0000000084c00000, 0x0000000084c00000, 0x0000000084d00000|  0%| F|  |TAMS 0x0000000084c00000, 0x0000000084c00000| Untracked 
|  77|0x0000000084d00000, 0x0000000084d00000, 0x0000000084e00000|  0%| F|  |TAMS 0x0000000084d00000, 0x0000000084d00000| Untracked 
|  78|0x0000000084e00000, 0x0000000084e00000, 0x0000000084f00000|  0%| F|  |TAMS 0x0000000084e00000, 0x0000000084e00000| Untracked 
|  79|0x0000000084f00000, 0x0000000084f00000, 0x0000000085000000|  0%| F|  |TAMS 0x0000000084f00000, 0x0000000084f00000| Untracked 
|  80|0x0000000085000000, 0x0000000085000000, 0x0000000085100000|  0%| F|  |TAMS 0x0000000085000000, 0x0000000085000000| Untracked 
|  81|0x0000000085100000, 0x0000000085100000, 0x0000000085200000|  0%| F|  |TAMS 0x0000000085100000, 0x0000000085100000| Untracked 
|  82|0x0000000085200000, 0x0000000085200000, 0x0000000085300000|  0%| F|  |TAMS 0x0000000085200000, 0x0000000085200000| Untracked 
|  83|0x0000000085300000, 0x0000000085300000, 0x0000000085400000|  0%| F|  |TAMS 0x0000000085300000, 0x0000000085300000| Untracked 
|  84|0x0000000085400000, 0x0000000085400000, 0x0000000085500000|  0%| F|  |TAMS 0x0000000085400000, 0x0000000085400000| Untracked 
|  85|0x0000000085500000, 0x0000000085500000, 0x0000000085600000|  0%| F|  |TAMS 0x0000000085500000, 0x0000000085500000| Untracked 
|  86|0x0000000085600000, 0x0000000085600000, 0x0000000085700000|  0%| F|  |TAMS 0x0000000085600000, 0x0000000085600000| Untracked 
|  87|0x0000000085700000, 0x0000000085700000, 0x0000000085800000|  0%| F|  |TAMS 0x0000000085700000, 0x0000000085700000| Untracked 
|  88|0x0000000085800000, 0x0000000085800000, 0x0000000085900000|  0%| F|  |TAMS 0x0000000085800000, 0x0000000085800000| Untracked 
|  89|0x0000000085900000, 0x0000000085900000, 0x0000000085a00000|  0%| F|  |TAMS 0x0000000085900000, 0x0000000085900000| Untracked 
|  90|0x0000000085a00000, 0x0000000085a00000, 0x0000000085b00000|  0%| F|  |TAMS 0x0000000085a00000, 0x0000000085a00000| Untracked 
|  91|0x0000000085b00000, 0x0000000085b00000, 0x0000000085c00000|  0%| F|  |TAMS 0x0000000085b00000, 0x0000000085b00000| Untracked 
|  92|0x0000000085c00000, 0x0000000085c00000, 0x0000000085d00000|  0%| F|  |TAMS 0x0000000085c00000, 0x0000000085c00000| Untracked 
|  93|0x0000000085d00000, 0x0000000085d00000, 0x0000000085e00000|  0%| F|  |TAMS 0x0000000085d00000, 0x0000000085d00000| Untracked 

Card table byte_map: [0x000001e34f480000,0x000001e34f880000] _byte_map_base: 0x000001e34f080000

Marking Bits (Prev, Next): (CMBitMap*) 0x000001e337576bd0, (CMBitMap*) 0x000001e337576b90
 Prev Bits: [0x000001e351c80000, 0x000001e353c80000)
 Next Bits: [0x000001e34fc80000, 0x000001e351c80000)

Polling page: 0x000001e335d00000

Metaspace:

Usage:
  Non-class:     30.08 MB used.
      Class:      4.81 MB used.
       Both:     34.89 MB used.

Virtual space:
  Non-class space:       64.00 MB reserved,      30.25 MB ( 47%) committed,  1 nodes.
      Class space:      416.00 MB reserved,       5.00 MB (  1%) committed,  1 nodes.
             Both:      480.00 MB reserved,      35.25 MB (  7%) committed. 

Chunk freelists:
   Non-Class:  1.64 MB
       Class:  10.90 MB
        Both:  12.54 MB

MaxMetaspaceSize: 512.00 MB
CompressedClassSpaceSize: 416.00 MB
Initial GC threshold: 21.00 MB
Current GC threshold: 35.25 MB
CDS: on
MetaspaceReclaimPolicy: balanced
 - commit_granule_bytes: 65536.
 - commit_granule_words: 8192.
 - virtual_space_node_default_size: 8388608.
 - enlarge_chunks_in_place: 1.
 - new_chunks_are_fully_committed: 0.
 - uncommit_free_chunks: 1.
 - use_allocation_guard: 0.
 - handle_deallocations: 1.


Internal statistics:

num_allocs_failed_limit: 6.
num_arena_births: 366.
num_arena_deaths: 0.
num_vsnodes_births: 2.
num_vsnodes_deaths: 0.
num_space_committed: 564.
num_space_uncommitted: 0.
num_chunks_returned_to_freelist: 6.
num_chunks_taken_from_freelist: 1685.
num_chunk_merges: 3.
num_chunk_splits: 1126.
num_chunks_enlarged: 779.
num_inconsistent_stats: 0.

CodeHeap 'non-profiled nmethods': size=119168Kb used=2226Kb max_used=2226Kb free=116941Kb
 bounds [0x000001e346c60000, 0x000001e346ed0000, 0x000001e34e0c0000]
CodeHeap 'profiled nmethods': size=119104Kb used=9330Kb max_used=9330Kb free=109773Kb
 bounds [0x000001e33f0c0000, 0x000001e33f9e0000, 0x000001e346510000]
CodeHeap 'non-nmethods': size=7488Kb used=3980Kb max_used=4002Kb free=3507Kb
 bounds [0x000001e346510000, 0x000001e346900000, 0x000001e346c60000]
 total_blobs=5151 nmethods=4352 adapters=708
 compilation: enabled
              stopped_count=0, restarted_count=0
 full_count=0

Compilation events (20 events):
Event: 5.803 Thread 0x000001e356d1bce0 nmethod 4355 0x000001e33f9d8c90 code [0x000001e33f9d8e80, 0x000001e33f9d92b8]
Event: 5.803 Thread 0x000001e376132c20 nmethod 4356 0x000001e33f9d9490 code [0x000001e33f9d9640, 0x000001e33f9d98a8]
Event: 5.820 Thread 0x000001e376132c20 4357       3       java.util.concurrent.locks.AbstractQueuedSynchronizer$Node::clearStatus (12 bytes)
Event: 5.820 Thread 0x000001e356d1bce0 4358       3       java.util.concurrent.locks.AbstractQueuedSynchronizer$ConditionObject::awaitNanos (200 bytes)
Event: 5.821 Thread 0x000001e376132c20 nmethod 4357 0x000001e33f9d9990 code [0x000001e33f9d9b40, 0x000001e33f9d9d08]
Event: 5.821 Thread 0x000001e356d1bce0 nmethod 4358 0x000001e33f9d9d90 code [0x000001e33f9da060, 0x000001e33f9dae98]
Event: 5.832 Thread 0x000001e356d1bce0 4359       3       org.codehaus.groovy.util.ReferenceType$2::createReference (11 bytes)
Event: 5.832 Thread 0x000001e376137200 4360       3       org.codehaus.groovy.util.ReferenceType$WeakRef::<init> (12 bytes)
Event: 5.833 Thread 0x000001e356d1bce0 nmethod 4359 0x000001e33f9db410 code [0x000001e33f9db5e0, 0x000001e33f9dba38]
Event: 5.833 Thread 0x000001e376137200 nmethod 4360 0x000001e33f9dbb90 code [0x000001e33f9dbd40, 0x000001e33f9dc0d8]
Event: 5.834 Thread 0x000001e376132c20 4362       1       com.google.common.collect.MapMakerInternalMap$AbstractStrongKeyEntry::getHash (5 bytes)
Event: 5.834 Thread 0x000001e376132c20 nmethod 4362 0x000001e346e89010 code [0x000001e346e891a0, 0x000001e346e89278]
Event: 5.835 Thread 0x000001e376137200 4363       3       com.sun.beans.util.Cache$Kind$Soft::getReferent (5 bytes)
Event: 5.835 Thread 0x000001e376137200 nmethod 4363 0x000001e33f9dc210 code [0x000001e33f9dc3a0, 0x000001e33f9dc568]
Event: 5.838 Thread 0x000001e376137200 4364       3       java.util.concurrent.ConcurrentHashMap::containsKey (14 bytes)
Event: 5.839 Thread 0x000001e376137200 nmethod 4364 0x000001e33f9dc610 code [0x000001e33f9dc7c0, 0x000001e33f9dc968]
Event: 5.840 Thread 0x000001e356d1b7c0 nmethod 4294 0x000001e346e89310 code [0x000001e346e895c0, 0x000001e346e8b6a0]
Event: 5.840 Thread 0x000001e356d1b7c0 4301       4       java.lang.reflect.Method::getParameterCount (6 bytes)
Event: 5.840 Thread 0x000001e356d1b7c0 nmethod 4301 0x000001e346e8c690 code [0x000001e346e8c800, 0x000001e346e8c898]
Event: 5.840 Thread 0x000001e356d1b7c0 4288       4       java.lang.AbstractStringBuilder::append (55 bytes)

GC Heap History (15 events):
Event: 0.757 GC heap before
{Heap before GC invocations=0 (full 0):
 garbage-first heap   total 96256K, used 26624K [0x0000000080000000, 0x0000000100000000)
  region size 1024K, 23 young (23552K), 0 survivors (0K)
 Metaspace       used 1997K, committed 2176K, reserved 491520K
  class space    used 210K, committed 320K, reserved 425984K
}
Event: 0.766 GC heap after
{Heap after GC invocations=1 (full 0):
 garbage-first heap   total 96256K, used 10604K [0x0000000080000000, 0x0000000100000000)
  region size 1024K, 3 young (3072K), 3 survivors (3072K)
 Metaspace       used 1997K, committed 2176K, reserved 491520K
  class space    used 210K, committed 320K, reserved 425984K
}
Event: 1.333 GC heap before
{Heap before GC invocations=1 (full 0):
 garbage-first heap   total 96256K, used 37228K [0x0000000080000000, 0x0000000100000000)
  region size 1024K, 29 young (29696K), 3 survivors (3072K)
 Metaspace       used 4109K, committed 4288K, reserved 491520K
  class space    used 504K, committed 640K, reserved 425984K
}
Event: 1.338 GC heap after
{Heap after GC invocations=2 (full 0):
 garbage-first heap   total 96256K, used 11844K [0x0000000080000000, 0x0000000100000000)
  region size 1024K, 2 young (2048K), 2 survivors (2048K)
 Metaspace       used 4109K, committed 4288K, reserved 491520K
  class space    used 504K, committed 640K, reserved 425984K
}
Event: 2.283 GC heap before
{Heap before GC invocations=2 (full 0):
 garbage-first heap   total 96256K, used 59972K [0x0000000080000000, 0x0000000100000000)
  region size 1024K, 47 young (48128K), 2 survivors (2048K)
 Metaspace       used 8428K, committed 8640K, reserved 491520K
  class space    used 1114K, committed 1216K, reserved 425984K
}
Event: 2.289 GC heap after
{Heap after GC invocations=3 (full 0):
 garbage-first heap   total 96256K, used 18945K [0x0000000080000000, 0x0000000100000000)
  region size 1024K, 6 young (6144K), 6 survivors (6144K)
 Metaspace       used 8428K, committed 8640K, reserved 491520K
  class space    used 1114K, committed 1216K, reserved 425984K
}
Event: 3.131 GC heap before
{Heap before GC invocations=3 (full 0):
 garbage-first heap   total 96256K, used 60929K [0x0000000080000000, 0x0000000100000000)
  region size 1024K, 47 young (48128K), 6 survivors (6144K)
 Metaspace       used 16101K, committed 16384K, reserved 491520K
  class space    used 2256K, committed 2368K, reserved 425984K
}
Event: 3.139 GC heap after
{Heap after GC invocations=4 (full 0):
 garbage-first heap   total 96256K, used 21913K [0x0000000080000000, 0x0000000100000000)
  region size 1024K, 3 young (3072K), 3 survivors (3072K)
 Metaspace       used 16101K, committed 16384K, reserved 491520K
  class space    used 2256K, committed 2368K, reserved 425984K
}
Event: 3.963 GC heap before
{Heap before GC invocations=4 (full 0):
 garbage-first heap   total 96256K, used 62873K [0x0000000080000000, 0x0000000100000000)
  region size 1024K, 44 young (45056K), 3 survivors (3072K)
 Metaspace       used 21243K, committed 21504K, reserved 491520K
  class space    used 3106K, committed 3264K, reserved 425984K
}
Event: 3.968 GC heap after
{Heap after GC invocations=5 (full 0):
 garbage-first heap   total 96256K, used 24245K [0x0000000080000000, 0x0000000100000000)
  region size 1024K, 5 young (5120K), 5 survivors (5120K)
 Metaspace       used 21243K, committed 21504K, reserved 491520K
  class space    used 3106K, committed 3264K, reserved 425984K
}
Event: 4.772 GC heap before
{Heap before GC invocations=6 (full 0):
 garbage-first heap   total 86016K, used 70325K [0x0000000080000000, 0x0000000100000000)
  region size 1024K, 50 young (51200K), 5 survivors (5120K)
 Metaspace       used 27136K, committed 27520K, reserved 491520K
  class space    used 4025K, committed 4224K, reserved 425984K
}
Event: 4.781 GC heap after
{Heap after GC invocations=7 (full 0):
 garbage-first heap   total 86016K, used 26275K [0x0000000080000000, 0x0000000100000000)
  region size 1024K, 5 young (5120K), 5 survivors (5120K)
 Metaspace       used 27136K, committed 27520K, reserved 491520K
  class space    used 4025K, committed 4224K, reserved 425984K
}
Event: 5.432 GC heap before
{Heap before GC invocations=7 (full 0):
 garbage-first heap   total 86016K, used 62115K [0x0000000080000000, 0x0000000100000000)
  region size 1024K, 41 young (41984K), 5 survivors (5120K)
 Metaspace       used 33340K, committed 33728K, reserved 491520K
  class space    used 4714K, committed 4928K, reserved 425984K
}
Event: 5.440 GC heap after
{Heap after GC invocations=8 (full 0):
 garbage-first heap   total 86016K, used 31090K [0x0000000080000000, 0x0000000100000000)
  region size 1024K, 6 young (6144K), 6 survivors (6144K)
 Metaspace       used 33340K, committed 33728K, reserved 491520K
  class space    used 4714K, committed 4928K, reserved 425984K
}
Event: 5.840 GC heap before
{Heap before GC invocations=8 (full 0):
 garbage-first heap   total 86016K, used 64882K [0x0000000080000000, 0x0000000100000000)
  region size 1024K, 36 young (36864K), 6 survivors (6144K)
 Metaspace       used 35731K, committed 36096K, reserved 491520K
  class space    used 4925K, committed 5120K, reserved 425984K
}

Dll operation events (15 events):
Event: 0.010 Loaded shared library C:\Program Files\Microsoft\jdk-17.0.12.7-hotspot\bin\java.dll
Event: 0.030 Loaded shared library C:\Program Files\Microsoft\jdk-17.0.12.7-hotspot\bin\jsvml.dll
Event: 0.076 Loaded shared library C:\Program Files\Microsoft\jdk-17.0.12.7-hotspot\bin\zip.dll
Event: 0.079 Loaded shared library C:\Program Files\Microsoft\jdk-17.0.12.7-hotspot\bin\instrument.dll
Event: 0.084 Loaded shared library C:\Program Files\Microsoft\jdk-17.0.12.7-hotspot\bin\net.dll
Event: 0.086 Loaded shared library C:\Program Files\Microsoft\jdk-17.0.12.7-hotspot\bin\nio.dll
Event: 0.090 Loaded shared library C:\Program Files\Microsoft\jdk-17.0.12.7-hotspot\bin\zip.dll
Event: 0.423 Loaded shared library C:\Program Files\Microsoft\jdk-17.0.12.7-hotspot\bin\jimage.dll
Event: 0.588 Loaded shared library C:\Program Files\Microsoft\jdk-17.0.12.7-hotspot\bin\verify.dll
Event: 0.809 Loaded shared library C:\Users\moham\.gradle\native\c067742578af261105cb4f569cf0c3c89f3d7b1fecec35dd04571415982c5e48\windows-amd64\native-platform.dll
Event: 0.815 Loaded shared library C:\Users\moham\.gradle\native\100fb08df4bc3b14c8652ba06237920a3bd2aa13389f12d3474272988ae205f9\windows-amd64\native-platform-file-events.dll
Event: 1.954 Loaded shared library C:\Program Files\Microsoft\jdk-17.0.12.7-hotspot\bin\management.dll
Event: 1.956 Loaded shared library C:\Program Files\Microsoft\jdk-17.0.12.7-hotspot\bin\management_ext.dll
Event: 2.129 Loaded shared library C:\Program Files\Microsoft\jdk-17.0.12.7-hotspot\bin\extnet.dll
Event: 2.379 Loaded shared library C:\Program Files\Microsoft\jdk-17.0.12.7-hotspot\bin\sunmscapi.dll

Deoptimization events (20 events):
Event: 5.605 Thread 0x000001e377f30970 DEOPT PACKING pc=0x000001e346e72e34 sp=0x000000e2fc1f96e0
Event: 5.605 Thread 0x000001e377f30970 DEOPT UNPACKING pc=0x000001e3465669a3 sp=0x000000e2fc1f9698 mode 2
Event: 5.605 Thread 0x000001e377f30970 Uncommon trap: trap_request=0xffffffbe fr.pc=0x000001e346e72e34 relative=0x00000000000006f4
Event: 5.605 Thread 0x000001e377f30970 Uncommon trap: reason=profile_predicate action=maybe_recompile pc=0x000001e346e72e34 method=java.lang.PublicMethods$MethodList.filter([Ljava/lang/reflect/Method;Ljava/lang/String;[Ljava/lang/Class;Z)Ljava/lang/PublicMethods$MethodList; @ 21 c2
Event: 5.605 Thread 0x000001e377f30970 DEOPT PACKING pc=0x000001e346e72e34 sp=0x000000e2fc1f96e0
Event: 5.605 Thread 0x000001e377f30970 DEOPT UNPACKING pc=0x000001e3465669a3 sp=0x000000e2fc1f9698 mode 2
Event: 5.605 Thread 0x000001e377f30970 Uncommon trap: trap_request=0xffffffbe fr.pc=0x000001e346e72e34 relative=0x00000000000006f4
Event: 5.605 Thread 0x000001e377f30970 Uncommon trap: reason=profile_predicate action=maybe_recompile pc=0x000001e346e72e34 method=java.lang.PublicMethods$MethodList.filter([Ljava/lang/reflect/Method;Ljava/lang/String;[Ljava/lang/Class;Z)Ljava/lang/PublicMethods$MethodList; @ 21 c2
Event: 5.605 Thread 0x000001e377f30970 DEOPT PACKING pc=0x000001e346e72e34 sp=0x000000e2fc1f9100
Event: 5.605 Thread 0x000001e377f30970 DEOPT UNPACKING pc=0x000001e3465669a3 sp=0x000000e2fc1f90b8 mode 2
Event: 5.605 Thread 0x000001e377f30970 Uncommon trap: trap_request=0xffffffbe fr.pc=0x000001e346e72e34 relative=0x00000000000006f4
Event: 5.605 Thread 0x000001e377f30970 Uncommon trap: reason=profile_predicate action=maybe_recompile pc=0x000001e346e72e34 method=java.lang.PublicMethods$MethodList.filter([Ljava/lang/reflect/Method;Ljava/lang/String;[Ljava/lang/Class;Z)Ljava/lang/PublicMethods$MethodList; @ 21 c2
Event: 5.605 Thread 0x000001e377f30970 DEOPT PACKING pc=0x000001e346e72e34 sp=0x000000e2fc1f9100
Event: 5.605 Thread 0x000001e377f30970 DEOPT UNPACKING pc=0x000001e3465669a3 sp=0x000000e2fc1f90b8 mode 2
Event: 5.649 Thread 0x000001e377f30970 Uncommon trap: trap_request=0xffffffde fr.pc=0x000001e346da3eb8 relative=0x0000000000000b58
Event: 5.649 Thread 0x000001e377f30970 Uncommon trap: reason=class_check action=maybe_recompile pc=0x000001e346da3eb8 method=java.util.Collections$SetFromMap.remove(Ljava/lang/Object;)Z @ 5 c2
Event: 5.649 Thread 0x000001e377f30970 DEOPT PACKING pc=0x000001e346da3eb8 sp=0x000000e2fc1fb210
Event: 5.649 Thread 0x000001e377f30970 DEOPT UNPACKING pc=0x000001e3465669a3 sp=0x000000e2fc1fb208 mode 2
Event: 5.695 Thread 0x000001e377f30970 DEOPT PACKING pc=0x000001e33f58425c sp=0x000000e2fc1fa580
Event: 5.695 Thread 0x000001e377f30970 DEOPT UNPACKING pc=0x000001e346567143 sp=0x000000e2fc1f9b00 mode 0

Classes loaded (20 events):
Event: 5.486 Loading class java/util/WeakHashMap$KeyIterator done
Event: 5.551 Loading class com/sun/beans/finder/MethodFinder
Event: 5.551 Loading class com/sun/beans/finder/AbstractFinder
Event: 5.551 Loading class com/sun/beans/finder/AbstractFinder done
Event: 5.551 Loading class com/sun/beans/finder/MethodFinder done
Event: 5.552 Loading class com/sun/beans/finder/MethodFinder$1
Event: 5.552 Loading class com/sun/beans/finder/MethodFinder$1 done
Event: 5.552 Loading class com/sun/beans/finder/FinderUtils
Event: 5.552 Loading class com/sun/beans/finder/FinderUtils done
Event: 5.669 Loading class java/util/BitSet$1BitSetSpliterator
Event: 5.669 Loading class java/util/BitSet$1BitSetSpliterator done
Event: 5.676 Loading class java/lang/ThreadLocal$SuppliedThreadLocal
Event: 5.676 Loading class java/lang/ThreadLocal$SuppliedThreadLocal done
Event: 5.690 Loading class sun/nio/fs/WindowsException
Event: 5.691 Loading class sun/nio/fs/WindowsException done
Event: 5.773 Loading class java/util/function/IntBinaryOperator
Event: 5.773 Loading class java/util/function/IntBinaryOperator done
Event: 5.802 Loading class sun/reflect/MagicAccessorImpl
Event: 5.802 Loading class sun/reflect/MagicAccessorImpl done
Event: 5.840 Loading class java/util/DualPivotQuicksort

Classes unloaded (0 events):
No events

Classes redefined (0 events):
No events

Internal exceptions (20 events):
Event: 5.692 Thread 0x000001e377f30970 Exception <a 'sun/nio/fs/WindowsException'{0x0000000083d94af8}> (0x0000000083d94af8) 
thrown [s\src\hotspot\share\prims\jni.cpp, line 516]
Event: 5.693 Thread 0x000001e377f30970 Exception <a 'sun/nio/fs/WindowsException'{0x0000000083d96090}> (0x0000000083d96090) 
thrown [s\src\hotspot\share\prims\jni.cpp, line 516]
Event: 5.727 Thread 0x000001e377f30970 Exception <a 'java/lang/ClassNotFoundException'{0x0000000083cc80c8}: settings_eciya2l32g3iuxelbb5kjrmx1BeanInfo> (0x0000000083cc80c8) 
thrown [s\src\hotspot\share\classfile\systemDictionary.cpp, line 256]
Event: 5.728 Thread 0x000001e377f30970 Exception <a 'java/lang/ClassNotFoundException'{0x0000000083cd2c00}: org/gradle/initialization/SettingsScriptBeanInfo> (0x0000000083cd2c00) 
thrown [s\src\hotspot\share\classfile\systemDictionary.cpp, line 256]
Event: 5.728 Thread 0x000001e377f30970 Exception <a 'java/lang/ClassNotFoundException'{0x0000000083cddb50}: org/gradle/plugin/use/internal/PluginsAwareScriptBeanInfo> (0x0000000083cddb50) 
thrown [s\src\hotspot\share\classfile\systemDictionary.cpp, line 256]
Event: 5.728 Thread 0x000001e377f30970 Exception <a 'java/lang/ClassNotFoundException'{0x0000000083ce8af8}: org/gradle/plugin/use/internal/PluginsAwareScriptCustomizer> (0x0000000083ce8af8) 
thrown [s\src\hotspot\share\classfile\systemDictionary.cpp, line 256]
Event: 5.729 Thread 0x000001e377f30970 Exception <a 'java/lang/ClassNotFoundException'{0x0000000083cfac30}: org/gradle/initialization/SettingsScriptCustomizer> (0x0000000083cfac30) 
thrown [s\src\hotspot\share\classfile\systemDictionary.cpp, line 256]
Event: 5.730 Thread 0x000001e377f30970 Exception <a 'java/lang/ClassNotFoundException'{0x0000000083b08d10}: settings_eciya2l32g3iuxelbb5kjrmx1Customizer> (0x0000000083b08d10) 
thrown [s\src\hotspot\share\classfile\systemDictionary.cpp, line 256]
Event: 5.741 Thread 0x000001e377f30970 Exception <a 'java/lang/ClassNotFoundException'{0x0000000083bad9a8}: org/gradle/initialization/DefaultSettings_DecoratedBeanInfo> (0x0000000083bad9a8) 
thrown [s\src\hotspot\share\classfile\systemDictionary.cpp, line 256]
Event: 5.742 Thread 0x000001e377f30970 Exception <a 'java/lang/ClassNotFoundException'{0x0000000083bbd180}: org/gradle/initialization/DefaultSettingsBeanInfo> (0x0000000083bbd180) 
thrown [s\src\hotspot\share\classfile\systemDictionary.cpp, line 256]
Event: 5.743 Thread 0x000001e377f30970 Exception <a 'java/lang/ClassNotFoundException'{0x0000000083bcc3f8}: org/gradle/initialization/DefaultSettingsCustomizer> (0x0000000083bcc3f8) 
thrown [s\src\hotspot\share\classfile\systemDictionary.cpp, line 256]
Event: 5.747 Thread 0x000001e377f30970 Exception <a 'java/lang/ClassNotFoundException'{0x0000000083a11b08}: org/gradle/initialization/DefaultSettings_DecoratedCustomizer> (0x0000000083a11b08) 
thrown [s\src\hotspot\share\classfile\systemDictionary.cpp, line 256]
Event: 5.762 Thread 0x000001e377f30970 Exception <a 'java/lang/ClassNotFoundException'{0x0000000083af6e88}: org/gradle/internal/metaobject/ConfigureDelegateBeanInfo> (0x0000000083af6e88) 
thrown [s\src\hotspot\share\classfile\systemDictionary.cpp, line 256]
Event: 5.764 Thread 0x000001e377f30970 Exception <a 'java/lang/ClassNotFoundException'{0x0000000083907fe8}: org/gradle/internal/metaobject/ConfigureDelegateCustomizer> (0x0000000083907fe8) 
thrown [s\src\hotspot\share\classfile\systemDictionary.cpp, line 256]
Event: 5.783 Thread 0x000001e377f30970 Exception <a 'java/lang/ClassNotFoundException'{0x00000000839d5f68}: org/gradle/plugin/management/internal/DefaultPluginManagementSpec_DecoratedBeanInfo> (0x00000000839d5f68) 
thrown [s\src\hotspot\share\classfile\systemDictionary.cpp, line 256]
Event: 5.783 Thread 0x000001e377f30970 Exception <a 'java/lang/ClassNotFoundException'{0x00000000839eaef0}: org/gradle/plugin/management/internal/DefaultPluginManagementSpecBeanInfo> (0x00000000839eaef0) 
thrown [s\src\hotspot\share\classfile\systemDictionary.cpp, line 256]
Event: 5.784 Thread 0x000001e377f30970 Exception <a 'java/lang/ClassNotFoundException'{0x00000000839ff680}: org/gradle/plugin/management/internal/DefaultPluginManagementSpecCustomizer> (0x00000000839ff680) 
thrown [s\src\hotspot\share\classfile\systemDictionary.cpp, line 256]
Event: 5.786 Thread 0x000001e377f30970 Exception <a 'java/lang/ClassNotFoundException'{0x0000000083823e70}: org/gradle/plugin/management/internal/DefaultPluginManagementSpec_DecoratedCustomizer> (0x0000000083823e70) 
thrown [s\src\hotspot\share\classfile\systemDictionary.cpp, line 256]
Event: 5.834 Thread 0x000001e377f30970 Exception <a 'java/lang/ClassNotFoundException'{0x0000000083637fe0}: org/gradle/plugin/use/internal/PluginRequestCollector$PluginDependenciesSpecImplBeanInfo> (0x0000000083637fe0) 
thrown [s\src\hotspot\share\classfile\systemDictionary.cpp, line 256]
Event: 5.834 Thread 0x000001e377f30970 Exception <a 'java/lang/ClassNotFoundException'{0x0000000083649488}: org/gradle/plugin/use/internal/PluginRequestCollector$PluginDependenciesSpecImplCustomizer> (0x0000000083649488) 
thrown [s\src\hotspot\share\classfile\systemDictionary.cpp, line 256]

VM Operations (20 events):
Event: 4.781 Executing VM operation: G1CollectForAllocation done
Event: 4.866 Executing VM operation: HandshakeAllThreads
Event: 4.866 Executing VM operation: HandshakeAllThreads done
Event: 4.867 Executing VM operation: HandshakeAllThreads
Event: 4.867 Executing VM operation: HandshakeAllThreads done
Event: 4.999 Executing VM operation: HandshakeAllThreads
Event: 4.999 Executing VM operation: HandshakeAllThreads done
Event: 5.161 Executing VM operation: HandshakeAllThreads
Event: 5.161 Executing VM operation: HandshakeAllThreads done
Event: 5.232 Executing VM operation: HandshakeAllThreads
Event: 5.232 Executing VM operation: HandshakeAllThreads done
Event: 5.349 Executing VM operation: HandshakeAllThreads
Event: 5.349 Executing VM operation: HandshakeAllThreads done
Event: 5.409 Executing VM operation: HandshakeAllThreads
Event: 5.409 Executing VM operation: HandshakeAllThreads done
Event: 5.432 Executing VM operation: G1CollectForAllocation
Event: 5.440 Executing VM operation: G1CollectForAllocation done
Event: 5.700 Executing VM operation: ICBufferFull
Event: 5.700 Executing VM operation: ICBufferFull done
Event: 5.840 Executing VM operation: CollectForMetadataAllocation

Events (20 events):
Event: 2.397 Thread 0x000001e37800aa60 Thread added: 0x000001e37800aa60
Event: 2.400 Thread 0x000001e377cecc40 Thread added: 0x000001e377cecc40
Event: 2.430 Thread 0x000001e377f31390 Thread added: 0x000001e377f31390
Event: 2.440 Thread 0x000001e377f30970 Thread added: 0x000001e377f30970
Event: 2.453 Thread 0x000001e377f32ce0 Thread added: 0x000001e377f32ce0
Event: 2.456 Thread 0x000001e377f327d0 Thread added: 0x000001e377f327d0
Event: 2.458 Thread 0x000001e377f31db0 Thread added: 0x000001e377f31db0
Event: 2.855 Thread 0x000001e377f322c0 Thread added: 0x000001e377f322c0
Event: 2.866 Thread 0x000001e377f318a0 Thread added: 0x000001e377f318a0
Event: 2.892 Thread 0x000001e377f331f0 Thread added: 0x000001e377f331f0
Event: 3.733 Thread 0x000001e377f2ff50 Thread added: 0x000001e377f2ff50
Event: 3.959 Thread 0x000001e377f30460 Thread added: 0x000001e377f30460
Event: 3.973 Thread 0x000001e377f30e80 Thread added: 0x000001e377f30e80
Event: 4.213 Thread 0x000001e379374e40 Thread added: 0x000001e379374e40
Event: 4.270 Thread 0x000001e379372ad0 Thread added: 0x000001e379372ad0
Event: 4.408 Thread 0x000001e379374930 Thread added: 0x000001e379374930
Event: 4.563 Thread 0x000001e379372fe0 Thread added: 0x000001e379372fe0
Event: 4.789 Thread 0x000001e379376790 Thread added: 0x000001e379376790
Event: 4.847 Thread 0x000001e3793734f0 Thread added: 0x000001e3793734f0
Event: 5.716 Thread 0x000001e379375d70 Thread added: 0x000001e379375d70


Dynamic libraries:
0x00007ff7cca10000 - 0x00007ff7cca1e000 	C:\Program Files\Microsoft\jdk-17.0.12.7-hotspot\bin\java.exe
0x00007ffd76dc0000 - 0x00007ffd77025000 	C:\WINDOWS\SYSTEM32\ntdll.dll
0x00007ffd75750000 - 0x00007ffd75819000 	C:\WINDOWS\System32\KERNEL32.DLL
0x00007ffd741a0000 - 0x00007ffd74588000 	C:\WINDOWS\System32\KERNELBASE.dll
0x00007ffd74800000 - 0x00007ffd7494b000 	C:\WINDOWS\System32\ucrtbase.dll
0x00007ffd4b360000 - 0x00007ffd4b377000 	C:\Program Files\Microsoft\jdk-17.0.12.7-hotspot\bin\jli.dll
0x00007ffd767c0000 - 0x00007ffd7698a000 	C:\WINDOWS\System32\USER32.dll
0x00007ffd47330000 - 0x00007ffd4734d000 	C:\Program Files\Microsoft\jdk-17.0.12.7-hotspot\bin\VCRUNTIME140.dll
0x00007ffd60720000 - 0x00007ffd609ba000 	C:\WINDOWS\WinSxS\amd64_microsoft.windows.common-controls_6595b64144ccf1df_6.0.26100.4202_none_3e0698d4e335f517\COMCTL32.dll
0x00007ffd747d0000 - 0x00007ffd747f7000 	C:\WINDOWS\System32\win32u.dll
0x00007ffd74ef0000 - 0x00007ffd74f99000 	C:\WINDOWS\System32\msvcrt.dll
0x00007ffd75870000 - 0x00007ffd7589b000 	C:\WINDOWS\System32\GDI32.dll
0x00007ffd73f10000 - 0x00007ffd74047000 	C:\WINDOWS\System32\gdi32full.dll
0x00007ffd74050000 - 0x00007ffd740f3000 	C:\WINDOWS\System32\msvcp_win.dll
0x00007ffd75820000 - 0x00007ffd75850000 	C:\WINDOWS\System32\IMM32.DLL
0x00007ffd4b2b0000 - 0x00007ffd4b2bc000 	C:\Program Files\Microsoft\jdk-17.0.12.7-hotspot\bin\vcruntime140_1.dll
0x00007ffd2c7d0000 - 0x00007ffd2c85d000 	C:\Program Files\Microsoft\jdk-17.0.12.7-hotspot\bin\msvcp140.dll
0x00007ffccd990000 - 0x00007ffcce600000 	C:\Program Files\Microsoft\jdk-17.0.12.7-hotspot\bin\server\jvm.dll
0x00007ffd755e0000 - 0x00007ffd75693000 	C:\WINDOWS\System32\ADVAPI32.dll
0x00007ffd75120000 - 0x00007ffd751c6000 	C:\WINDOWS\System32\sechost.dll
0x00007ffd769f0000 - 0x00007ffd76b05000 	C:\WINDOWS\System32\RPCRT4.dll
0x00007ffd762b0000 - 0x00007ffd76324000 	C:\WINDOWS\System32\WS2_32.dll
0x00007ffd6b840000 - 0x00007ffd6b875000 	C:\WINDOWS\SYSTEM32\WINMM.dll
0x00007ffd6cf50000 - 0x00007ffd6cf5b000 	C:\WINDOWS\SYSTEM32\VERSION.dll
0x00007ffd73cb0000 - 0x00007ffd73d0e000 	C:\WINDOWS\SYSTEM32\POWRPROF.dll
0x00007ffd73c90000 - 0x00007ffd73ca4000 	C:\WINDOWS\SYSTEM32\UMPDC.dll
0x00007ffd72cd0000 - 0x00007ffd72ceb000 	C:\WINDOWS\SYSTEM32\kernel.appcore.dll
0x00007ffd48900000 - 0x00007ffd4890a000 	C:\Program Files\Microsoft\jdk-17.0.12.7-hotspot\bin\jimage.dll
0x00007ffd718f0000 - 0x00007ffd71b31000 	C:\WINDOWS\SYSTEM32\DBGHELP.DLL
0x00007ffd74b60000 - 0x00007ffd74ee5000 	C:\WINDOWS\System32\combase.dll
0x00007ffd76b10000 - 0x00007ffd76bf1000 	C:\WINDOWS\System32\OLEAUT32.dll
0x00007ffd5f9d0000 - 0x00007ffd5fa09000 	C:\WINDOWS\SYSTEM32\dbgcore.DLL
0x00007ffd74100000 - 0x00007ffd74199000 	C:\WINDOWS\System32\bcryptPrimitives.dll
0x00007ffd64110000 - 0x00007ffd6411e000 	C:\Program Files\Microsoft\jdk-17.0.12.7-hotspot\bin\instrument.dll
0x00007ffd46930000 - 0x00007ffd46955000 	C:\Program Files\Microsoft\jdk-17.0.12.7-hotspot\bin\java.dll
0x00007ffd2b210000 - 0x00007ffd2b2e7000 	C:\Program Files\Microsoft\jdk-17.0.12.7-hotspot\bin\jsvml.dll
0x00007ffd759b0000 - 0x00007ffd760f2000 	C:\WINDOWS\System32\SHELL32.dll
0x00007ffd74950000 - 0x00007ffd74ac4000 	C:\WINDOWS\System32\wintypes.dll
0x00007ffd71b90000 - 0x00007ffd723e8000 	C:\WINDOWS\SYSTEM32\windows.storage.dll
0x00007ffd76100000 - 0x00007ffd761f1000 	C:\WINDOWS\System32\SHCORE.dll
0x00007ffd75940000 - 0x00007ffd759aa000 	C:\WINDOWS\System32\shlwapi.dll
0x00007ffd73e20000 - 0x00007ffd73e4f000 	C:\WINDOWS\SYSTEM32\profapi.dll
0x00007ffd47200000 - 0x00007ffd47218000 	C:\Program Files\Microsoft\jdk-17.0.12.7-hotspot\bin\zip.dll
0x00007ffd436b0000 - 0x00007ffd436ca000 	C:\Program Files\Microsoft\jdk-17.0.12.7-hotspot\bin\net.dll
0x00007ffd6c1c0000 - 0x00007ffd6c2de000 	C:\WINDOWS\SYSTEM32\WINHTTP.dll
0x00007ffd73240000 - 0x00007ffd732aa000 	C:\WINDOWS\system32\mswsock.dll
0x00007ffd434e0000 - 0x00007ffd434f6000 	C:\Program Files\Microsoft\jdk-17.0.12.7-hotspot\bin\nio.dll
0x00007ffd471d0000 - 0x00007ffd471e0000 	C:\Program Files\Microsoft\jdk-17.0.12.7-hotspot\bin\verify.dll
0x00007ffd49fe0000 - 0x00007ffd4a007000 	C:\Users\moham\.gradle\native\c067742578af261105cb4f569cf0c3c89f3d7b1fecec35dd04571415982c5e48\windows-amd64\native-platform.dll
0x00007ffce8850000 - 0x00007ffce8994000 	C:\Users\moham\.gradle\native\100fb08df4bc3b14c8652ba06237920a3bd2aa13389f12d3474272988ae205f9\windows-amd64\native-platform-file-events.dll
0x00007ffd46920000 - 0x00007ffd4692a000 	C:\Program Files\Microsoft\jdk-17.0.12.7-hotspot\bin\management.dll
0x00007ffd45f60000 - 0x00007ffd45f6b000 	C:\Program Files\Microsoft\jdk-17.0.12.7-hotspot\bin\management_ext.dll
0x00007ffd75860000 - 0x00007ffd75868000 	C:\WINDOWS\System32\PSAPI.DLL
0x00007ffd734f0000 - 0x00007ffd7350b000 	C:\WINDOWS\SYSTEM32\CRYPTSP.dll
0x00007ffd72c30000 - 0x00007ffd72c6a000 	C:\WINDOWS\system32\rsaenh.dll
0x00007ffd732e0000 - 0x00007ffd7330b000 	C:\WINDOWS\SYSTEM32\USERENV.dll
0x00007ffd73df0000 - 0x00007ffd73e16000 	C:\WINDOWS\SYSTEM32\bcrypt.dll
0x00007ffd73510000 - 0x00007ffd7351c000 	C:\WINDOWS\SYSTEM32\CRYPTBASE.dll
0x00007ffd726e0000 - 0x00007ffd72713000 	C:\WINDOWS\SYSTEM32\IPHLPAPI.DLL
0x00007ffd755d0000 - 0x00007ffd755da000 	C:\WINDOWS\System32\NSI.dll
0x00007ffd6c4c0000 - 0x00007ffd6c4df000 	C:\WINDOWS\SYSTEM32\dhcpcsvc6.DLL
0x00007ffd6bf30000 - 0x00007ffd6bf55000 	C:\WINDOWS\SYSTEM32\dhcpcsvc.DLL
0x00007ffd72770000 - 0x00007ffd72897000 	C:\WINDOWS\SYSTEM32\DNSAPI.dll
0x00007ffd436a0000 - 0x00007ffd436a9000 	C:\Program Files\Microsoft\jdk-17.0.12.7-hotspot\bin\extnet.dll
0x00007ffd65df0000 - 0x00007ffd65dfe000 	C:\Program Files\Microsoft\jdk-17.0.12.7-hotspot\bin\sunmscapi.dll
0x00007ffd74650000 - 0x00007ffd747c7000 	C:\WINDOWS\System32\CRYPT32.dll
0x00007ffd73710000 - 0x00007ffd73740000 	C:\WINDOWS\SYSTEM32\ncrypt.dll
0x00007ffd736c0000 - 0x00007ffd736ff000 	C:\WINDOWS\SYSTEM32\NTASN1.dll
0x00007ffce89a0000 - 0x00007ffce89a8000 	C:\WINDOWS\system32\wshunix.dll

dbghelp: loaded successfully - version: 4.0.5 - missing functions: none
symbol engine: initialized successfully - sym options: 0x614 - pdb path: .;C:\Program Files\Microsoft\jdk-17.0.12.7-hotspot\bin;C:\WINDOWS\SYSTEM32;C:\WINDOWS\WinSxS\amd64_microsoft.windows.common-controls_6595b64144ccf1df_6.0.26100.4202_none_3e0698d4e335f517;C:\Program Files\Microsoft\jdk-17.0.12.7-hotspot\bin\server;C:\Users\moham\.gradle\native\c067742578af261105cb4f569cf0c3c89f3d7b1fecec35dd04571415982c5e48\windows-amd64;C:\Users\moham\.gradle\native\100fb08df4bc3b14c8652ba06237920a3bd2aa13389f12d3474272988ae205f9\windows-amd64

VM Arguments:
jvm_args: -XX:MaxMetaspaceSize=512m --add-opens=java.base/java.util=ALL-UNNAMED --add-opens=java.base/java.lang=ALL-UNNAMED --add-opens=java.base/java.lang.invoke=ALL-UNNAMED --add-opens=java.prefs/java.util.prefs=ALL-UNNAMED --add-opens=java.base/java.nio.charset=ALL-UNNAMED --add-opens=java.base/java.net=ALL-UNNAMED --add-opens=java.base/java.util.concurrent.atomic=ALL-UNNAMED -Xmx2048m -Dfile.encoding=utf8 -Duser.country=US -Duser.language=en -Duser.variant -javaagent:C:\Users\moham\.gradle\wrapper\dists\gradle-8.8-all\6gdy1pgp427xkqcjbxw3ylt6h\gradle-8.8\lib\agents\gradle-instrumentation-agent-8.8.jar 
java_command: org.gradle.launcher.daemon.bootstrap.GradleDaemon 8.8
java_class_path (initial): C:\Users\moham\.gradle\wrapper\dists\gradle-8.8-all\6gdy1pgp427xkqcjbxw3ylt6h\gradle-8.8\lib\gradle-launcher-8.8.jar
Launcher Type: SUN_STANDARD

[Global flags]
     intx CICompilerCount                          = 12                                        {product} {ergonomic}
   size_t CompressedClassSpaceSize                 = 436207616                                 {product} {ergonomic}
     uint ConcGCThreads                            = 3                                         {product} {ergonomic}
     uint G1ConcRefinementThreads                  = 13                                        {product} {ergonomic}
   size_t G1HeapRegionSize                         = 1048576                                   {product} {ergonomic}
    uintx GCDrainStackTargetSize                   = 64                                        {product} {ergonomic}
   size_t InitialHeapSize                          = 98566144                                  {product} {ergonomic}
   size_t MarkStackSize                            = 4194304                                   {product} {ergonomic}
   size_t MaxHeapSize                              = 2147483648                                {product} {command line}
   size_t MaxMetaspaceSize                         = 536870912                                 {product} {command line}
   size_t MaxNewSize                               = 1287651328                                {product} {ergonomic}
   size_t MinHeapDeltaBytes                        = 1048576                                   {product} {ergonomic}
   size_t MinHeapSize                              = 8388608                                   {product} {ergonomic}
    uintx NonNMethodCodeHeapSize                   = 7602480                                {pd product} {ergonomic}
    uintx NonProfiledCodeHeapSize                  = 122027880                              {pd product} {ergonomic}
    uintx ProfiledCodeHeapSize                     = 122027880                              {pd product} {ergonomic}
    uintx ReservedCodeCacheSize                    = 251658240                              {pd product} {ergonomic}
     bool SegmentedCodeCache                       = true                                      {product} {ergonomic}
   size_t SoftMaxHeapSize                          = 2147483648                             {manageable} {ergonomic}
     bool UseCompressedClassPointers               = true                           {product lp64_product} {ergonomic}
     bool UseCompressedOops                        = true                           {product lp64_product} {ergonomic}
     bool UseG1GC                                  = true                                      {product} {ergonomic}
     bool UseLargePagesIndividualAllocation        = false                                  {pd product} {ergonomic}

Logging:
Log output configuration:
 #0: stdout all=warning uptime,level,tags
 #1: stderr all=off uptime,level,tags

Environment Variables:
JAVA_HOME=C:\Program Files\Microsoft\jdk-17.0.12.7-hotspot\
PATH=C:\Program Files\Common Files\Oracle\Java\javapath;C:\Program Files\Microsoft\jdk-17.0.12.7-hotspot\bin;C:\WINDOWS\system32;C:\WINDOWS;C:\WINDOWS\System32\Wbem;C:\WINDOWS\System32\WindowsPowerShell\v1.0\;C:\WINDOWS\System32\OpenSSH\;C:\ProgramData\chocolatey\bin;C:\Program Files\nodejs\;C:\Program Files\Git\cmd;C:\Users\moham\Downloads\php-8.4.7-nts-Win32-vs17-x86;C:\Users\moham\AppData\Local\Android\Sdk\tools;C:\Users\moham\AppData\Local\Microsoft\WindowsApps;C:\Users\moham\AppData\Local\Programs\Microsoft VS Code\bin;C:\Users\moham\AppData\Roaming\npm;C:\Users\moham\AppData\Local\Android\Sdk\platform-tools;D:\Xampp\mysql\bin;
USERNAME=moham
OS=Windows_NT
PROCESSOR_IDENTIFIER=AMD64 Family 23 Model 104 Stepping 1, AuthenticAMD
TMP=C:\Users\moham\AppData\Local\Temp
TEMP=C:\Users\moham\AppData\Local\Temp



Periodic native trim disabled


---------------  S Y S T E M  ---------------

OS:
 Windows 11 , 64 bit Build 26100 (10.0.26100.4202)
OS uptime: 0 days 6:29 hours
Hyper-V role detected

CPU: total 16 (initial active 16) (16 cores per cpu, 2 threads per core) family 23 model 104 stepping 1 microcode 0x8608107, cx8, cmov, fxsr, ht, mmx, 3dnowpref, sse, sse2, sse3, ssse3, sse4a, sse4.1, sse4.2, popcnt, lzcnt, tsc, tscinvbit, avx, avx2, aes, clmul, bmi1, bmi2, adx, sha, fma, vzeroupper, clflush, clflushopt, hv
Processor Information for the first 16 processors :
  Max Mhz: 1801, Current Mhz: 1801, Mhz Limit: 1801

Memory: 4k page, system-wide physical 5989M (425M free)
TotalPageFile size 24421M (AvailPageFile size 0M)
current process WorkingSet (physical memory assigned to process): 246M, peak: 249M
current process commit charge ("private bytes"): 309M, peak: 319M

vm_info: OpenJDK 64-Bit Server VM (17.0.12+7-LTS) for windows-amd64 JRE (17.0.12+7-LTS), built on Jul 16 2024 18:11:44 by "MicrosoftCorporation" with unknown MS VC++:1939

END.
