#
# There is insufficient memory for the Java Runtime Environment to continue.
# Native memory allocation (malloc) failed to allocate 277744 bytes. Error detail: Chunk::new
# Possible reasons:
#   The system is out of physical RAM or swap space
#   This process is running with CompressedOops enabled, and the Java Heap may be blocking the growth of the native heap
# Possible solutions:
#   Reduce memory load on the system
#   Increase physical memory or swap space
#   Check if swap backing store is full
#   Decrease Java heap size (-Xmx/-Xms)
#   Decrease number of Java threads
#   Decrease Java thread stack sizes (-Xss)
#   Set larger code cache with -XX:ReservedCodeCacheSize=
#   JVM is running with Unscaled Compressed Oops mode in which the Java heap is
#     placed in the first 4GB address space. The Java Heap base address is the
#     maximum limit for the native heap growth. Please use -XX:HeapBaseMinAddress
#     to set the Java Heap base and to place the Java Heap above 4GB virtual address.
# This output file may be truncated or incomplete.
#
#  Out of Memory Error (arena.cpp:191), pid=25404, tid=25700
#
# JRE version: OpenJDK Runtime Environment Microsoft-9889599 (17.0.12+7) (build 17.0.12+7-LTS)
# Java VM: OpenJDK 64-Bit Server VM Microsoft-9889599 (17.0.12+7-LTS, mixed mode, sharing, tiered, compressed oops, compressed class ptrs, g1 gc, windows-amd64)
# No core dump will be written. Minidumps are not enabled by default on client versions of Windows
#

---------------  S U M M A R Y ------------

Command Line: -Xmx64m -Xms64m -Dorg.gradle.appname=gradlew org.gradle.wrapper.GradleWrapperMain assemble release

Host: AMD Ryzen 7 5700U with Radeon Graphics         , 16 cores, 5G,  Windows 11 , 64 bit Build 26100 (10.0.26100.4202)
Time: Mon Jul  7 20:54:45 2025 India Standard Time elapsed time: 195.178740 seconds (0d 0h 3m 15s)

---------------  T H R E A D  ---------------

Current thread (0x0000028bff4df190):  JavaThread "C2 CompilerThread0" daemon [_thread_in_native, id=25700, stack(0x0000009fffc00000,0x0000009fffd00000)]


Current CompileTask:
C2: 195179 2021       4       org.fusesource.jansi.Ansi::flushAttributes (94 bytes)

Stack: [0x0000009fffc00000,0x0000009fffd00000]
Native frames: (J=compiled Java code, j=interpreted, Vv=VM code, C=native code)
V  [jvm.dll+0x686d99]
V  [jvm.dll+0x83daf8]
V  [jvm.dll+0x83f5a3]
V  [jvm.dll+0x83fc13]
V  [jvm.dll+0x2492ef]
V  [jvm.dll+0xad0a4]
V  [jvm.dll+0xad73c]
V  [jvm.dll+0x36a44e]
V  [jvm.dll+0x1bce12]
V  [jvm.dll+0x21a6ac]
V  [jvm.dll+0x21996f]
V  [jvm.dll+0x1a53e6]
V  [jvm.dll+0x229faa]
V  [jvm.dll+0x2280fb]
V  [jvm.dll+0x7f3508]
V  [jvm.dll+0x7ed87c]
V  [jvm.dll+0x685c77]
C  [ucrtbase.dll+0x37b0]
C  [KERNEL32.DLL+0x2e8d7]
C  [ntdll.dll+0x3c34c]


---------------  P R O C E S S  ---------------

Threads class SMR info:
_java_thread_list=0x0000028be4aecf00, length=15, elements={
0x0000028be7004220, 0x0000028bff4bfea0, 0x0000028bff4c0a60, 0x0000028bff4d7580,
0x0000028bff4da050, 0x0000028bff4daa10, 0x0000028bff4de3f0, 0x0000028bff4df190,
0x0000028bff4dfc40, 0x0000028bff4e1560, 0x0000028bff68d440, 0x0000028bff6925b0,
0x0000028bc7a798f0, 0x0000028bc78030b0, 0x0000028bc801ecf0
}

Java Threads: ( => current thread )
  0x0000028be7004220 JavaThread "main" [_thread_in_native, id=17020, stack(0x0000009ffef00000,0x0000009fff000000)]
  0x0000028bff4bfea0 JavaThread "Reference Handler" daemon [_thread_blocked, id=26104, stack(0x0000009fff600000,0x0000009fff700000)]
  0x0000028bff4c0a60 JavaThread "Finalizer" daemon [_thread_blocked, id=1992, stack(0x0000009fff700000,0x0000009fff800000)]
  0x0000028bff4d7580 JavaThread "Signal Dispatcher" daemon [_thread_blocked, id=22960, stack(0x0000009fff800000,0x0000009fff900000)]
  0x0000028bff4da050 JavaThread "Attach Listener" daemon [_thread_blocked, id=28608, stack(0x0000009fff900000,0x0000009fffa00000)]
  0x0000028bff4daa10 JavaThread "Service Thread" daemon [_thread_blocked, id=27116, stack(0x0000009fffa00000,0x0000009fffb00000)]
  0x0000028bff4de3f0 JavaThread "Monitor Deflation Thread" daemon [_thread_blocked, id=18800, stack(0x0000009fffb00000,0x0000009fffc00000)]
=>0x0000028bff4df190 JavaThread "C2 CompilerThread0" daemon [_thread_in_native, id=25700, stack(0x0000009fffc00000,0x0000009fffd00000)]
  0x0000028bff4dfc40 JavaThread "C1 CompilerThread0" daemon [_thread_blocked, id=26572, stack(0x0000009fffd00000,0x0000009fffe00000)]
  0x0000028bff4e1560 JavaThread "Sweeper thread" daemon [_thread_blocked, id=22532, stack(0x0000009fffe00000,0x0000009ffff00000)]
  0x0000028bff68d440 JavaThread "Notification Thread" daemon [_thread_blocked, id=24216, stack(0x0000009f80000000,0x0000009f80100000)]
  0x0000028bff6925b0 JavaThread "Common-Cleaner" daemon [_thread_blocked, id=15332, stack(0x0000009f80200000,0x0000009f80300000)]
  0x0000028bc7a798f0 JavaThread "pool-1-thread-1" [_thread_blocked, id=20588, stack(0x0000009f80800000,0x0000009f80900000)]
  0x0000028bc78030b0 JavaThread "DisconnectableInputStream source reader" daemon [_thread_in_native, id=16564, stack(0x0000009f80c00000,0x0000009f80d00000)]
  0x0000028bc801ecf0 JavaThread "Forward input" [_thread_blocked, id=21828, stack(0x0000009f80d00000,0x0000009f80e00000)]

Other Threads:
  0x0000028bff4bd400 VMThread "VM Thread" [stack: 0x0000009fff500000,0x0000009fff600000] [id=11652]
  0x0000028bff68f930 WatcherThread [stack: 0x0000009f80100000,0x0000009f80200000] [id=23768]
  0x0000028be70283c0 GCTaskThread "GC Thread#0" [stack: 0x0000009fff000000,0x0000009fff100000] [id=23460]
  0x0000028bc7659050 GCTaskThread "GC Thread#1" [stack: 0x0000009f80400000,0x0000009f80500000] [id=19068]
  0x0000028bc75eee70 GCTaskThread "GC Thread#2" [stack: 0x0000009f80500000,0x0000009f80600000] [id=17048]
  0x0000028bff94d1c0 GCTaskThread "GC Thread#3" [stack: 0x0000009f80600000,0x0000009f80700000] [id=19424]
  0x0000028bc75b7a10 GCTaskThread "GC Thread#4" [stack: 0x0000009f80700000,0x0000009f80800000] [id=22056]
  0x0000028bc7ad20a0 GCTaskThread "GC Thread#5" [stack: 0x0000009f80900000,0x0000009f80a00000] [id=27504]
  0x0000028bc7fc3430 GCTaskThread "GC Thread#6" [stack: 0x0000009f80a00000,0x0000009f80b00000] [id=23980]
  0x0000028be7029b10 ConcurrentGCThread "G1 Main Marker" [stack: 0x0000009fff100000,0x0000009fff200000] [id=27756]
  0x0000028be702b200 ConcurrentGCThread "G1 Conc#0" [stack: 0x0000009fff200000,0x0000009fff300000] [id=23564]
  0x0000028be70b2660 ConcurrentGCThread "G1 Refine#0" [stack: 0x0000009fff300000,0x0000009fff400000] [id=13316]
  0x0000028be70b2f30 ConcurrentGCThread "G1 Service" [stack: 0x0000009fff400000,0x0000009fff500000] [id=8128]

Threads with active compile tasks:
C2 CompilerThread0   195227 2021       4       org.fusesource.jansi.Ansi::flushAttributes (94 bytes)

VM state: not at safepoint (normal execution)

VM Mutex/Monitor currently owned by a thread: None

Heap address: 0x00000000fc000000, size: 64 MB, Compressed Oops mode: 32-bit

CDS archive(s) mapped at: [0x0000028b82000000-0x0000028b82bb0000-0x0000028b82bb0000), size 12255232, SharedBaseAddress: 0x0000028b82000000, ArchiveRelocationMode: 1.
Compressed class space mapped at: 0x0000028b83000000-0x0000028bc3000000, reserved size: 1073741824
Narrow klass base: 0x0000028b82000000, Narrow klass shift: 0, Narrow klass range: 0x100000000

GC Precious Log:
 CPUs: 16 total, 16 available
 Memory: 5989M
 Large Page Support: Disabled
 NUMA Support: Disabled
 Compressed Oops: Enabled (32-bit)
 Heap Region Size: 1M
 Heap Min Capacity: 64M
 Heap Initial Capacity: 64M
 Heap Max Capacity: 64M
 Pre-touch: Disabled
 Parallel Workers: 13
 Concurrent Workers: 3
 Concurrent Refinement Workers: 13
 Periodic GC: Disabled

Heap:
 garbage-first heap   total 65536K, used 22507K [0x00000000fc000000, 0x0000000100000000)
  region size 1024K, 13 young (13312K), 2 survivors (2048K)
 Metaspace       used 9953K, committed 10176K, reserved 1114112K
  class space    used 1295K, committed 1408K, reserved 1048576K

Heap Regions: E=young(eden), S=young(survivor), O=old, HS=humongous(starts), HC=humongous(continues), CS=collection set, F=free, OA=open archive, CA=closed archive, TAMS=top-at-mark-start (previous, next)
|   0|0x00000000fc000000, 0x00000000fc100000, 0x00000000fc100000|100%|HS|  |TAMS 0x00000000fc000000, 0x00000000fc000000| Complete 
|   1|0x00000000fc100000, 0x00000000fc200000, 0x00000000fc200000|100%|HC|  |TAMS 0x00000000fc100000, 0x00000000fc100000| Complete 
|   2|0x00000000fc200000, 0x00000000fc300000, 0x00000000fc300000|100%|HC|  |TAMS 0x00000000fc200000, 0x00000000fc200000| Complete 
|   3|0x00000000fc300000, 0x00000000fc400000, 0x00000000fc400000|100%|HC|  |TAMS 0x00000000fc300000, 0x00000000fc300000| Complete 
|   4|0x00000000fc400000, 0x00000000fc500000, 0x00000000fc500000|100%| O|  |TAMS 0x00000000fc400000, 0x00000000fc400000| Untracked 
|   5|0x00000000fc500000, 0x00000000fc600000, 0x00000000fc600000|100%| O|  |TAMS 0x00000000fc500000, 0x00000000fc500000| Untracked 
|   6|0x00000000fc600000, 0x00000000fc700000, 0x00000000fc700000|100%| O|  |TAMS 0x00000000fc600000, 0x00000000fc600000| Untracked 
|   7|0x00000000fc700000, 0x00000000fc800000, 0x00000000fc800000|100%| O|  |TAMS 0x00000000fc700000, 0x00000000fc700000| Untracked 
|   8|0x00000000fc800000, 0x00000000fc900000, 0x00000000fc900000|100%| O|  |TAMS 0x00000000fc800000, 0x00000000fc800000| Untracked 
|   9|0x00000000fc900000, 0x00000000fca00000, 0x00000000fca00000|100%| O|  |TAMS 0x00000000fc900000, 0x00000000fc900000| Untracked 
|  10|0x00000000fca00000, 0x00000000fca8b400, 0x00000000fcb00000| 54%| O|  |TAMS 0x00000000fca00000, 0x00000000fca00000| Untracked 
|  11|0x00000000fcb00000, 0x00000000fcb00000, 0x00000000fcc00000|  0%| F|  |TAMS 0x00000000fcb00000, 0x00000000fcb00000| Untracked 
|  12|0x00000000fcc00000, 0x00000000fcc00000, 0x00000000fcd00000|  0%| F|  |TAMS 0x00000000fcc00000, 0x00000000fcc00000| Untracked 
|  13|0x00000000fcd00000, 0x00000000fcd00000, 0x00000000fce00000|  0%| F|  |TAMS 0x00000000fcd00000, 0x00000000fcd00000| Untracked 
|  14|0x00000000fce00000, 0x00000000fce00000, 0x00000000fcf00000|  0%| F|  |TAMS 0x00000000fce00000, 0x00000000fce00000| Untracked 
|  15|0x00000000fcf00000, 0x00000000fcf00000, 0x00000000fd000000|  0%| F|  |TAMS 0x00000000fcf00000, 0x00000000fcf00000| Untracked 
|  16|0x00000000fd000000, 0x00000000fd000000, 0x00000000fd100000|  0%| F|  |TAMS 0x00000000fd000000, 0x00000000fd000000| Untracked 
|  17|0x00000000fd100000, 0x00000000fd100000, 0x00000000fd200000|  0%| F|  |TAMS 0x00000000fd100000, 0x00000000fd100000| Untracked 
|  18|0x00000000fd200000, 0x00000000fd200000, 0x00000000fd300000|  0%| F|  |TAMS 0x00000000fd200000, 0x00000000fd200000| Untracked 
|  19|0x00000000fd300000, 0x00000000fd300000, 0x00000000fd400000|  0%| F|  |TAMS 0x00000000fd300000, 0x00000000fd300000| Untracked 
|  20|0x00000000fd400000, 0x00000000fd400000, 0x00000000fd500000|  0%| F|  |TAMS 0x00000000fd400000, 0x00000000fd400000| Untracked 
|  21|0x00000000fd500000, 0x00000000fd500000, 0x00000000fd600000|  0%| F|  |TAMS 0x00000000fd500000, 0x00000000fd500000| Untracked 
|  22|0x00000000fd600000, 0x00000000fd600000, 0x00000000fd700000|  0%| F|  |TAMS 0x00000000fd600000, 0x00000000fd600000| Untracked 
|  23|0x00000000fd700000, 0x00000000fd700000, 0x00000000fd800000|  0%| F|  |TAMS 0x00000000fd700000, 0x00000000fd700000| Untracked 
|  24|0x00000000fd800000, 0x00000000fd800000, 0x00000000fd900000|  0%| F|  |TAMS 0x00000000fd800000, 0x00000000fd800000| Untracked 
|  25|0x00000000fd900000, 0x00000000fd900000, 0x00000000fda00000|  0%| F|  |TAMS 0x00000000fd900000, 0x00000000fd900000| Untracked 
|  26|0x00000000fda00000, 0x00000000fda00000, 0x00000000fdb00000|  0%| F|  |TAMS 0x00000000fda00000, 0x00000000fda00000| Untracked 
|  27|0x00000000fdb00000, 0x00000000fdb00000, 0x00000000fdc00000|  0%| F|  |TAMS 0x00000000fdb00000, 0x00000000fdb00000| Untracked 
|  28|0x00000000fdc00000, 0x00000000fdc00000, 0x00000000fdd00000|  0%| F|  |TAMS 0x00000000fdc00000, 0x00000000fdc00000| Untracked 
|  29|0x00000000fdd00000, 0x00000000fdd00000, 0x00000000fde00000|  0%| F|  |TAMS 0x00000000fdd00000, 0x00000000fdd00000| Untracked 
|  30|0x00000000fde00000, 0x00000000fde00000, 0x00000000fdf00000|  0%| F|  |TAMS 0x00000000fde00000, 0x00000000fde00000| Untracked 
|  31|0x00000000fdf00000, 0x00000000fdf00000, 0x00000000fe000000|  0%| F|  |TAMS 0x00000000fdf00000, 0x00000000fdf00000| Untracked 
|  32|0x00000000fe000000, 0x00000000fe000000, 0x00000000fe100000|  0%| F|  |TAMS 0x00000000fe000000, 0x00000000fe000000| Untracked 
|  33|0x00000000fe100000, 0x00000000fe100000, 0x00000000fe200000|  0%| F|  |TAMS 0x00000000fe100000, 0x00000000fe100000| Untracked 
|  34|0x00000000fe200000, 0x00000000fe200000, 0x00000000fe300000|  0%| F|  |TAMS 0x00000000fe200000, 0x00000000fe200000| Untracked 
|  35|0x00000000fe300000, 0x00000000fe300000, 0x00000000fe400000|  0%| F|  |TAMS 0x00000000fe300000, 0x00000000fe300000| Untracked 
|  36|0x00000000fe400000, 0x00000000fe400000, 0x00000000fe500000|  0%| F|  |TAMS 0x00000000fe400000, 0x00000000fe400000| Untracked 
|  37|0x00000000fe500000, 0x00000000fe56f888, 0x00000000fe600000| 43%| S|CS|TAMS 0x00000000fe500000, 0x00000000fe500000| Complete 
|  38|0x00000000fe600000, 0x00000000fe600000, 0x00000000fe700000|  0%| F|  |TAMS 0x00000000fe600000, 0x00000000fe600000| Untracked 
|  39|0x00000000fe700000, 0x00000000fe700000, 0x00000000fe800000|  0%| F|  |TAMS 0x00000000fe700000, 0x00000000fe700000| Untracked 
|  40|0x00000000fe800000, 0x00000000fe800000, 0x00000000fe900000|  0%| F|  |TAMS 0x00000000fe800000, 0x00000000fe800000| Untracked 
|  41|0x00000000fe900000, 0x00000000fea00000, 0x00000000fea00000|100%| S|CS|TAMS 0x00000000fe900000, 0x00000000fe900000| Complete 
|  42|0x00000000fea00000, 0x00000000fea00000, 0x00000000feb00000|  0%| F|  |TAMS 0x00000000fea00000, 0x00000000fea00000| Untracked 
|  43|0x00000000feb00000, 0x00000000feb00000, 0x00000000fec00000|  0%| F|  |TAMS 0x00000000feb00000, 0x00000000feb00000| Untracked 
|  44|0x00000000fec00000, 0x00000000fec00000, 0x00000000fed00000|  0%| F|  |TAMS 0x00000000fec00000, 0x00000000fec00000| Untracked 
|  45|0x00000000fed00000, 0x00000000fed00000, 0x00000000fee00000|  0%| F|  |TAMS 0x00000000fed00000, 0x00000000fed00000| Untracked 
|  46|0x00000000fee00000, 0x00000000fee00000, 0x00000000fef00000|  0%| F|  |TAMS 0x00000000fee00000, 0x00000000fee00000| Untracked 
|  47|0x00000000fef00000, 0x00000000fef00000, 0x00000000ff000000|  0%| F|  |TAMS 0x00000000fef00000, 0x00000000fef00000| Untracked 
|  48|0x00000000ff000000, 0x00000000ff000000, 0x00000000ff100000|  0%| F|  |TAMS 0x00000000ff000000, 0x00000000ff000000| Untracked 
|  49|0x00000000ff100000, 0x00000000ff100000, 0x00000000ff200000|  0%| F|  |TAMS 0x00000000ff100000, 0x00000000ff100000| Untracked 
|  50|0x00000000ff200000, 0x00000000ff200000, 0x00000000ff300000|  0%| F|  |TAMS 0x00000000ff200000, 0x00000000ff200000| Untracked 
|  51|0x00000000ff300000, 0x00000000ff300000, 0x00000000ff400000|  0%| F|  |TAMS 0x00000000ff300000, 0x00000000ff300000| Untracked 
|  52|0x00000000ff400000, 0x00000000ff400000, 0x00000000ff500000|  0%| F|  |TAMS 0x00000000ff400000, 0x00000000ff400000| Untracked 
|  53|0x00000000ff500000, 0x00000000ff5bc168, 0x00000000ff600000| 73%| E|  |TAMS 0x00000000ff500000, 0x00000000ff500000| Complete 
|  54|0x00000000ff600000, 0x00000000ff700000, 0x00000000ff700000|100%| E|CS|TAMS 0x00000000ff600000, 0x00000000ff600000| Complete 
|  55|0x00000000ff700000, 0x00000000ff800000, 0x00000000ff800000|100%| E|CS|TAMS 0x00000000ff700000, 0x00000000ff700000| Complete 
|  56|0x00000000ff800000, 0x00000000ff900000, 0x00000000ff900000|100%| E|CS|TAMS 0x00000000ff800000, 0x00000000ff800000| Complete 
|  57|0x00000000ff900000, 0x00000000ffa00000, 0x00000000ffa00000|100%| E|CS|TAMS 0x00000000ff900000, 0x00000000ff900000| Complete 
|  58|0x00000000ffa00000, 0x00000000ffb00000, 0x00000000ffb00000|100%| E|CS|TAMS 0x00000000ffa00000, 0x00000000ffa00000| Complete 
|  59|0x00000000ffb00000, 0x00000000ffc00000, 0x00000000ffc00000|100%| E|CS|TAMS 0x00000000ffb00000, 0x00000000ffb00000| Complete 
|  60|0x00000000ffc00000, 0x00000000ffd00000, 0x00000000ffd00000|100%| E|CS|TAMS 0x00000000ffc00000, 0x00000000ffc00000| Complete 
|  61|0x00000000ffd00000, 0x00000000ffe00000, 0x00000000ffe00000|100%| E|CS|TAMS 0x00000000ffd00000, 0x00000000ffd00000| Complete 
|  62|0x00000000ffe00000, 0x00000000fff00000, 0x00000000fff00000|100%| E|CS|TAMS 0x00000000ffe00000, 0x00000000ffe00000| Complete 
|  63|0x00000000fff00000, 0x0000000100000000, 0x0000000100000000|100%| E|CS|TAMS 0x00000000fff00000, 0x00000000fff00000| Complete 

Card table byte_map: [0x0000028be65f0000,0x0000028be6610000] _byte_map_base: 0x0000028be5e10000

Marking Bits (Prev, Next): (CMBitMap*) 0x0000028be70289e0, (CMBitMap*) 0x0000028be7028a20
 Prev Bits: [0x0000028bfe3b0000, 0x0000028bfe4b0000)
 Next Bits: [0x0000028bfe4b0000, 0x0000028bfe5b0000)

Polling page: 0x0000028be4d80000

Metaspace:

Usage:
  Non-class:      8.46 MB used.
      Class:      1.26 MB used.
       Both:      9.72 MB used.

Virtual space:
  Non-class space:       64.00 MB reserved,       8.56 MB ( 13%) committed,  1 nodes.
      Class space:        1.00 GB reserved,       1.38 MB ( <1%) committed,  1 nodes.
             Both:        1.06 GB reserved,       9.94 MB ( <1%) committed. 

Chunk freelists:
   Non-Class:  7.35 MB
       Class:  14.54 MB
        Both:  21.89 MB

MaxMetaspaceSize: unlimited
CompressedClassSpaceSize: 1.00 GB
Initial GC threshold: 21.00 MB
Current GC threshold: 21.00 MB
CDS: on
MetaspaceReclaimPolicy: balanced
 - commit_granule_bytes: 65536.
 - commit_granule_words: 8192.
 - virtual_space_node_default_size: 8388608.
 - enlarge_chunks_in_place: 1.
 - new_chunks_are_fully_committed: 0.
 - uncommit_free_chunks: 1.
 - use_allocation_guard: 0.
 - handle_deallocations: 1.


Internal statistics:

num_allocs_failed_limit: 0.
num_arena_births: 82.
num_arena_deaths: 0.
num_vsnodes_births: 2.
num_vsnodes_deaths: 0.
num_space_committed: 159.
num_space_uncommitted: 0.
num_chunks_returned_to_freelist: 0.
num_chunks_taken_from_freelist: 345.
num_chunk_merges: 0.
num_chunk_splits: 241.
num_chunks_enlarged: 201.
num_inconsistent_stats: 0.

CodeHeap 'non-profiled nmethods': size=119168Kb used=914Kb max_used=914Kb free=118253Kb
 bounds [0x0000028bf66d0000, 0x0000028bf6940000, 0x0000028bfdb30000]
CodeHeap 'profiled nmethods': size=119104Kb used=3801Kb max_used=3801Kb free=115302Kb
 bounds [0x0000028beeb30000, 0x0000028beeef0000, 0x0000028bf5f80000]
CodeHeap 'non-nmethods': size=7488Kb used=1172Kb max_used=2314Kb free=6315Kb
 bounds [0x0000028bf5f80000, 0x0000028bf6250000, 0x0000028bf66d0000]
 total_blobs=2489 nmethods=2019 adapters=383
 compilation: enabled
              stopped_count=0, restarted_count=0
 full_count=0

Compilation events (20 events):
Event: 138.988 Thread 0x0000028bff4dfc40 nmethod 2011 0x0000028beeee4810 code [0x0000028beeee49c0, 0x0000028beeee4ca8]
Event: 138.988 Thread 0x0000028bff4dfc40 2012       3       org.gradle.internal.logging.text.AbstractLineChoppingStyledTextOutput$SeenFromEol::<init> (20 bytes)
Event: 138.989 Thread 0x0000028bff4dfc40 nmethod 2012 0x0000028beeee4e10 code [0x0000028beeee4fc0, 0x0000028beeee51d8]
Event: 140.087 Thread 0x0000028bff4dfc40 2013       3       java.util.ArrayList::equalsArrayList (108 bytes)
Event: 140.089 Thread 0x0000028bff4dfc40 nmethod 2013 0x0000028beeee5290 code [0x0000028beeee54a0, 0x0000028beeee5c08]
Event: 147.089 Thread 0x0000028bff4df190 2014 %     4       java.lang.StringCoding::implEncodeAsciiArray @ 3 (47 bytes)
Event: 147.100 Thread 0x0000028bff4df190 nmethod 2014% 0x0000028bf67b2390 code [0x0000028bf67b2520, 0x0000028bf67b2958]
Event: 148.087 Thread 0x0000028bff4df190 2015       4       com.google.common.base.Preconditions::checkNotNull (14 bytes)
Event: 148.089 Thread 0x0000028bff4df190 nmethod 2015 0x0000028bf67b2b10 code [0x0000028bf67b2c80, 0x0000028bf67b2cf8]
Event: 164.087 Thread 0x0000028bff4df190 2016       4       java.lang.String::<init> (10 bytes)
Event: 164.096 Thread 0x0000028bff4df190 nmethod 2016 0x0000028bf67b2e10 code [0x0000028bf67b2fa0, 0x0000028bf67b3398]
Event: 173.081 Thread 0x0000028bff4df190 2017       4       java.util.concurrent.locks.ReentrantLock$NonfairSync::initialTryLock (58 bytes)
Event: 173.090 Thread 0x0000028bff4df190 nmethod 2017 0x0000028bf67b3510 code [0x0000028bf67b3680, 0x0000028bf67b37f8]
Event: 180.088 Thread 0x0000028bff4df190 2018       4       java.util.concurrent.ScheduledThreadPoolExecutor::canRunInCurrentRunState (61 bytes)
Event: 180.095 Thread 0x0000028bff4df190 nmethod 2018 0x0000028bf67b3890 code [0x0000028bf67b3a00, 0x0000028bf67b3ab8]
Event: 185.183 Thread 0x0000028bff4df190 2019       4       com.google.common.collect.TransformedIterator::hasNext (10 bytes)
Event: 186.218 Thread 0x0000028bff4df190 nmethod 2019 0x0000028bf67b3b90 code [0x0000028bf67b3d40, 0x0000028bf67b4658]
Event: 190.093 Thread 0x0000028bff4dfc40 2020       3       com.google.common.collect.CollectPreconditions::checkNonnegative (37 bytes)
Event: 190.102 Thread 0x0000028bff4dfc40 nmethod 2020 0x0000028beeee5f10 code [0x0000028beeee6100, 0x0000028beeee6418]
Event: 192.092 Thread 0x0000028bff4df190 2021       4       org.fusesource.jansi.Ansi::flushAttributes (94 bytes)

GC Heap History (4 events):
Event: 0.636 GC heap before
{Heap before GC invocations=0 (full 0):
 garbage-first heap   total 65536K, used 26624K [0x00000000fc000000, 0x0000000100000000)
  region size 1024K, 23 young (23552K), 0 survivors (0K)
 Metaspace       used 2522K, committed 2688K, reserved 1114112K
  class space    used 259K, committed 384K, reserved 1048576K
}
Event: 0.642 GC heap after
{Heap after GC invocations=1 (full 0):
 garbage-first heap   total 65536K, used 10604K [0x00000000fc000000, 0x0000000100000000)
  region size 1024K, 3 young (3072K), 3 survivors (3072K)
 Metaspace       used 2522K, committed 2688K, reserved 1114112K
  class space    used 259K, committed 384K, reserved 1048576K
}
Event: 1.547 GC heap before
{Heap before GC invocations=1 (full 0):
 garbage-first heap   total 65536K, used 33132K [0x00000000fc000000, 0x0000000100000000)
  region size 1024K, 25 young (25600K), 3 survivors (3072K)
 Metaspace       used 8156K, committed 8320K, reserved 1114112K
  class space    used 1111K, committed 1152K, reserved 1048576K
}
Event: 1.553 GC heap after
{Heap after GC invocations=2 (full 0):
 garbage-first heap   total 65536K, used 12267K [0x00000000fc000000, 0x0000000100000000)
  region size 1024K, 2 young (2048K), 2 survivors (2048K)
 Metaspace       used 8156K, committed 8320K, reserved 1114112K
  class space    used 1111K, committed 1152K, reserved 1048576K
}

Dll operation events (13 events):
Event: 0.012 Loaded shared library C:\Program Files\Microsoft\jdk-17.0.12.7-hotspot\bin\java.dll
Event: 0.032 Loaded shared library C:\Program Files\Microsoft\jdk-17.0.12.7-hotspot\bin\jsvml.dll
Event: 0.066 Loaded shared library C:\Program Files\Microsoft\jdk-17.0.12.7-hotspot\bin\net.dll
Event: 0.069 Loaded shared library C:\Program Files\Microsoft\jdk-17.0.12.7-hotspot\bin\nio.dll
Event: 0.072 Loaded shared library C:\Program Files\Microsoft\jdk-17.0.12.7-hotspot\bin\zip.dll
Event: 0.077 Loaded shared library C:\Program Files\Microsoft\jdk-17.0.12.7-hotspot\bin\verify.dll
Event: 0.458 Loaded shared library C:\Program Files\Microsoft\jdk-17.0.12.7-hotspot\bin\jimage.dll
Event: 0.820 Loaded shared library C:\Users\moham\.gradle\native\c067742578af261105cb4f569cf0c3c89f3d7b1fecec35dd04571415982c5e48\windows-amd64\native-platform.dll
Event: 0.849 Loaded shared library C:\Users\moham\.gradle\native\jansi\1.18\windows64\jansi.dll
Event: 1.051 Loaded shared library C:\Program Files\Microsoft\jdk-17.0.12.7-hotspot\bin\management.dll
Event: 1.059 Loaded shared library C:\Program Files\Microsoft\jdk-17.0.12.7-hotspot\bin\management_ext.dll
Event: 1.516 Loaded shared library C:\Program Files\Microsoft\jdk-17.0.12.7-hotspot\bin\extnet.dll
Event: 1.583 Loaded shared library C:\Program Files\Microsoft\jdk-17.0.12.7-hotspot\bin\sunmscapi.dll

Deoptimization events (20 events):
Event: 1.544 Thread 0x0000028be7004220 DEOPT PACKING pc=0x0000028bf672fbd8 sp=0x0000009ffeffc800
Event: 1.544 Thread 0x0000028be7004220 DEOPT UNPACKING pc=0x0000028bf5fd69a3 sp=0x0000009ffeffc780 mode 2
Event: 36.530 Thread 0x0000028be7004220 DEOPT PACKING pc=0x0000028beee02dcd sp=0x0000009ffeffc4b0
Event: 36.531 Thread 0x0000028be7004220 DEOPT UNPACKING pc=0x0000028bf5fd7143 sp=0x0000009ffeffb948 mode 0
Event: 40.883 Thread 0x0000028bc7a798f0 Uncommon trap: trap_request=0xffffff45 fr.pc=0x0000028bf6767a38 relative=0x0000000000000538
Event: 40.883 Thread 0x0000028bc7a798f0 Uncommon trap: reason=unstable_if action=reinterpret pc=0x0000028bf6767a38 method=org.gradle.internal.logging.text.AbstractLineChoppingStyledTextOutput$2.execute(Lorg/gradle/internal/logging/text/AbstractLineChoppingStyledTextOutput$StateContext;)V @ 34 c
Event: 40.883 Thread 0x0000028bc7a798f0 DEOPT PACKING pc=0x0000028bf6767a38 sp=0x0000009f808fe9f0
Event: 40.883 Thread 0x0000028bc7a798f0 DEOPT UNPACKING pc=0x0000028bf5fd69a3 sp=0x0000009f808fe878 mode 2
Event: 40.883 Thread 0x0000028bc7a798f0 Uncommon trap: trap_request=0xffffff45 fr.pc=0x0000028bf6769990 relative=0x0000000000000530
Event: 40.883 Thread 0x0000028bc7a798f0 Uncommon trap: reason=unstable_if action=reinterpret pc=0x0000028bf6769990 method=org.gradle.internal.logging.text.AbstractLineChoppingStyledTextOutput$2.execute(Lorg/gradle/internal/logging/text/AbstractLineChoppingStyledTextOutput$StateContext;)V @ 34 c
Event: 40.883 Thread 0x0000028bc7a798f0 DEOPT PACKING pc=0x0000028bf6769990 sp=0x0000009f808fe5f0
Event: 40.883 Thread 0x0000028bc7a798f0 DEOPT UNPACKING pc=0x0000028bf5fd69a3 sp=0x0000009f808fe4f0 mode 2
Event: 40.883 Thread 0x0000028bc7a798f0 Uncommon trap: trap_request=0xffffff45 fr.pc=0x0000028bf676a5e8 relative=0x0000000000000388
Event: 40.883 Thread 0x0000028bc7a798f0 Uncommon trap: reason=unstable_if action=reinterpret pc=0x0000028bf676a5e8 method=org.gradle.internal.logging.text.AbstractLineChoppingStyledTextOutput$2.execute(Lorg/gradle/internal/logging/text/AbstractLineChoppingStyledTextOutput$StateContext;)V @ 34 c
Event: 40.883 Thread 0x0000028bc7a798f0 DEOPT PACKING pc=0x0000028bf676a5e8 sp=0x0000009f808fe8e0
Event: 40.883 Thread 0x0000028bc7a798f0 DEOPT UNPACKING pc=0x0000028bf5fd69a3 sp=0x0000009f808fe8a0 mode 2
Event: 62.396 Thread 0x0000028be7004220 Uncommon trap: trap_request=0xffffff45 fr.pc=0x0000028bf6781858 relative=0x0000000000000db8
Event: 62.397 Thread 0x0000028be7004220 Uncommon trap: reason=unstable_if action=reinterpret pc=0x0000028bf6781858 method=com.esotericsoftware.kryo.io.Input.readUtf8(I)V @ 79 c2
Event: 62.397 Thread 0x0000028be7004220 DEOPT PACKING pc=0x0000028bf6781858 sp=0x0000009ffeffca00
Event: 62.397 Thread 0x0000028be7004220 DEOPT UNPACKING pc=0x0000028bf5fd69a3 sp=0x0000009ffeffc930 mode 2

Classes loaded (20 events):
Event: 40.674 Loading class jdk/internal/logger/LazyLoggers$LazyLoggerFactories
Event: 40.674 Loading class jdk/internal/logger/LazyLoggers$LazyLoggerFactories done
Event: 40.676 Loading class jdk/internal/logger/LoggerFinderLoader
Event: 40.677 Loading class jdk/internal/logger/LoggerFinderLoader done
Event: 40.681 Loading class jdk/internal/logger/LoggerFinderLoader$TemporaryLoggerFinder
Event: 40.681 Loading class jdk/internal/logger/LoggerFinderLoader$TemporaryLoggerFinder done
Event: 40.682 Loading class sun/util/logging/internal/LoggingProviderImpl$JULWrapper
Event: 40.683 Loading class sun/util/logging/PlatformLogger$ConfigurableBridge$LoggerConfiguration
Event: 40.684 Loading class sun/util/logging/PlatformLogger$ConfigurableBridge$LoggerConfiguration done
Event: 40.684 Loading class sun/util/logging/internal/LoggingProviderImpl$JULWrapper done
Event: 40.684 Loading class java/io/ObjectInputFilter
Event: 40.684 Loading class java/io/ObjectInputFilter done
Event: 40.685 Loading class java/io/ObjectInputFilter$Config$BuiltinFilterFactory
Event: 40.686 Loading class java/io/ObjectInputFilter$Config$BuiltinFilterFactory done
Event: 40.686 Loading class jdk/internal/access/JavaObjectInputFilterAccess
Event: 40.686 Loading class jdk/internal/access/JavaObjectInputFilterAccess done
Event: 40.686 Loading class java/lang/System$Logger$Level
Event: 40.687 Loading class java/lang/System$Logger$Level done
Event: 40.687 Loading class java/io/Bits
Event: 40.687 Loading class java/io/Bits done

Classes unloaded (0 events):
No events

Classes redefined (0 events):
No events

Internal exceptions (19 events):
Event: 0.160 Thread 0x0000028be7004220 Exception <a 'java/lang/NoSuchMethodError'{0x00000000ffc68240}: 'int java.lang.invoke.DirectMethodHandle$Holder.invokeStaticInit(java.lang.Object, java.lang.Object)'> (0x00000000ffc68240) 
thrown [s\src\hotspot\share\interpreter\linkResolver.cpp, line 759]
Event: 0.753 Thread 0x0000028be7004220 Exception <a 'java/lang/NoSuchMethodError'{0x00000000ffb7bbf8}: 'void java.lang.invoke.DirectMethodHandle$Holder.invokeStatic(java.lang.Object, java.lang.Object)'> (0x00000000ffb7bbf8) 
thrown [s\src\hotspot\share\interpreter\linkResolver.cpp, line 759]
Event: 0.775 Thread 0x0000028be7004220 Exception <a 'java/lang/NoClassDefFoundError'{0x00000000ffa1bb88}: org/slf4j/impl/StaticMarkerBinder> (0x00000000ffa1bb88) 
thrown [s\src\hotspot\share\classfile\systemDictionary.cpp, line 245]
Event: 0.786 Thread 0x0000028be7004220 Exception <a 'java/lang/NoSuchMethodError'{0x00000000ffa98d80}: 'java.lang.Object java.lang.invoke.DirectMethodHandle$Holder.invokeVirtual(java.lang.Object, java.lang.Object, java.lang.Object)'> (0x00000000ffa98d80) 
thrown [s\src\hotspot\share\interpreter\linkResolver.cpp, line 759]
Event: 0.793 Thread 0x0000028be7004220 Exception <a 'java/lang/NoSuchMethodError'{0x00000000ffae9518}: 'java.lang.Object java.lang.invoke.DirectMethodHandle$Holder.invokeVirtual(java.lang.Object, java.lang.Object, java.lang.Object, java.lang.Object, java.lang.Object, java.lang.Object, java.lang.Object)'> (0x00000000ffae9518) 
thrown [s\src\hotspot\share\interpreter\linkResolver.cpp, line 759]
Event: 0.795 Thread 0x0000028be7004220 Exception <a 'java/lang/NoSuchMethodError'{0x00000000ffafadc8}: 'java.lang.Object java.lang.invoke.Invokers$Holder.invoker(java.lang.Object, java.lang.Object, java.lang.Object)'> (0x00000000ffafadc8) 
thrown [s\src\hotspot\share\interpreter\linkResolver.cpp, line 759]
Event: 0.797 Thread 0x0000028be7004220 Exception <a 'java/lang/NoSuchMethodError'{0x00000000ff904200}: 'java.lang.Object java.lang.invoke.DirectMethodHandle$Holder.invokeStatic(java.lang.Object, java.lang.Object, int)'> (0x00000000ff904200) 
thrown [s\src\hotspot\share\interpreter\linkResolver.cpp, line 759]
Event: 0.798 Thread 0x0000028be7004220 Exception <a 'java/lang/NoSuchMethodError'{0x00000000ff90fef0}: 'void java.lang.invoke.DelegatingMethodHandle$Holder.delegate(java.lang.Object, java.lang.Object, int, java.lang.Object)'> (0x00000000ff90fef0) 
thrown [s\src\hotspot\share\interpreter\linkResolver.cpp, line 759]
Event: 0.799 Thread 0x0000028be7004220 Exception <a 'java/lang/NoSuchMethodError'{0x00000000ff914038}: 'int java.lang.invoke.DirectMethodHandle$Holder.invokeSpecial(java.lang.Object, java.lang.Object, java.lang.Object)'> (0x00000000ff914038) 
thrown [s\src\hotspot\share\interpreter\linkResolver.cpp, line 759]
Event: 0.801 Thread 0x0000028be7004220 Exception <a 'java/lang/NoSuchMethodError'{0x00000000ff927180}: 'java.lang.Object java.lang.invoke.Invokers$Holder.invokeExact_MT(java.lang.Object, java.lang.Object, java.lang.Object, java.lang.Object)'> (0x00000000ff927180) 
thrown [s\src\hotspot\share\interpreter\linkResolver.cpp, line 759]
Event: 1.009 Thread 0x0000028be7004220 Exception <a 'java/lang/NoSuchMethodError'{0x00000000ff3ed280}: 'void java.lang.invoke.DirectMethodHandle$Holder.invokeSpecial(java.lang.Object, java.lang.Object, java.lang.Object)'> (0x00000000ff3ed280) 
thrown [s\src\hotspot\share\interpreter\linkResolver.cpp, line 759]
Event: 1.019 Thread 0x0000028be7004220 Implicit null exception at 0x0000028bf6731b31 to 0x0000028bf6731f7c
Event: 1.019 Thread 0x0000028be7004220 Implicit null exception at 0x0000028bf672412c to 0x0000028bf6724558
Event: 1.048 Thread 0x0000028be7004220 Exception <a 'java/lang/NoSuchMethodError'{0x00000000ff1da188}: 'java.lang.Object java.lang.invoke.DirectMethodHandle$Holder.invokeStaticInit(java.lang.Object)'> (0x00000000ff1da188) 
thrown [s\src\hotspot\share\interpreter\linkResolver.cpp, line 759]
Event: 1.088 Thread 0x0000028be7004220 Exception <a 'java/lang/NoSuchMethodError'{0x00000000ff06f8b0}: 'int java.lang.invoke.DirectMethodHandle$Holder.invokeVirtual(java.lang.Object, java.lang.Object, java.lang.Object)'> (0x00000000ff06f8b0) 
thrown [s\src\hotspot\share\interpreter\linkResolver.cpp, line 759]
Event: 1.186 Thread 0x0000028be7004220 Exception <a 'java/lang/NoSuchMethodError'{0x00000000feb228b0}: 'java.lang.Object java.lang.invoke.DirectMethodHandle$Holder.invokeStaticInit(java.lang.Object, int, int, int, int)'> (0x00000000feb228b0) 
thrown [s\src\hotspot\share\interpreter\linkResolver.cpp, line 759]
Event: 1.379 Thread 0x0000028be7004220 Exception <a 'java/lang/NoSuchMethodError'{0x00000000febff990}: 'java.lang.Object java.lang.invoke.DirectMethodHandle$Holder.invokeStaticInit(java.lang.Object, java.lang.Object, int, int, int, int)'> (0x00000000febff990) 
thrown [s\src\hotspot\share\interpreter\linkResolver.cpp, line 759]
Event: 1.519 Thread 0x0000028be7004220 Exception <a 'java/lang/NoSuchMethodError'{0x00000000fea31210}: 'void java.lang.invoke.DirectMethodHandle$Holder.invokeStatic(java.lang.Object, java.lang.Object, java.lang.Object)'> (0x00000000fea31210) 
thrown [s\src\hotspot\share\interpreter\linkResolver.cpp, line 759]
Event: 1.544 Thread 0x0000028be7004220 Implicit null exception at 0x0000028bf672f5f2 to 0x0000028bf672fbc0

VM Operations (20 events):
Event: 96.316 Executing VM operation: Cleanup
Event: 96.316 Executing VM operation: Cleanup done
Event: 100.340 Executing VM operation: Cleanup
Event: 100.340 Executing VM operation: Cleanup done
Event: 115.512 Executing VM operation: Cleanup
Event: 115.512 Executing VM operation: Cleanup done
Event: 116.521 Executing VM operation: Cleanup
Event: 116.521 Executing VM operation: Cleanup done
Event: 120.215 Executing VM operation: HandshakeAllThreads
Event: 120.215 Executing VM operation: HandshakeAllThreads done
Event: 128.285 Executing VM operation: Cleanup
Event: 128.286 Executing VM operation: Cleanup done
Event: 138.391 Executing VM operation: Cleanup
Event: 138.391 Executing VM operation: Cleanup done
Event: 173.656 Executing VM operation: Cleanup
Event: 173.657 Executing VM operation: Cleanup done
Event: 186.800 Executing VM operation: Cleanup
Event: 186.800 Executing VM operation: Cleanup done
Event: 192.844 Executing VM operation: Cleanup
Event: 192.844 Executing VM operation: Cleanup done

Events (20 events):
Event: 0.061 Thread 0x0000028bff68d440 Thread added: 0x0000028bff68d440
Event: 0.063 Thread 0x0000028bff6925b0 Thread added: 0x0000028bff6925b0
Event: 0.144 Thread 0x0000028bff722eb0 Thread added: 0x0000028bff722eb0
Event: 0.877 Thread 0x0000028bc7a798f0 Thread added: 0x0000028bc7a798f0
Event: 1.605 Thread 0x0000028bc78030b0 Thread added: 0x0000028bc78030b0
Event: 1.829 Thread 0x0000028bc78030b0 Thread exited: 0x0000028bc78030b0
Event: 1.830 Thread 0x0000028bc78030b0 Thread added: 0x0000028bc78030b0
Event: 1.833 Thread 0x0000028bc801ecf0 Thread added: 0x0000028bc801ecf0
Event: 3.516 Thread 0x0000028bff722eb0 Thread exited: 0x0000028bff722eb0
Event: 5.378 Thread 0x0000028bff58e250 Thread exited: 0x0000028bff58e250
Event: 19.596 Thread 0x0000028bc7afece0 Thread added: 0x0000028bc7afece0
Event: 19.596 Thread 0x0000028bc7aff9a0 Thread added: 0x0000028bc7aff9a0
Event: 24.084 Thread 0x0000028bc7aff9a0 Thread exited: 0x0000028bc7aff9a0
Event: 33.053 Thread 0x0000028bc7afece0 Thread exited: 0x0000028bc7afece0
Event: 39.291 Thread 0x0000028bc7c13880 Thread added: 0x0000028bc7c13880
Event: 39.293 Thread 0x0000028bc7fe0260 Thread added: 0x0000028bc7fe0260
Event: 39.990 Thread 0x0000028bc7fe0260 Thread exited: 0x0000028bc7fe0260
Event: 41.713 Thread 0x0000028bc7c13880 Thread exited: 0x0000028bc7c13880
Event: 60.915 Thread 0x0000028bc7b64680 Thread added: 0x0000028bc7b64680
Event: 61.687 Thread 0x0000028bc7b64680 Thread exited: 0x0000028bc7b64680


Dynamic libraries:
0x00007ff7cca10000 - 0x00007ff7cca1e000 	C:\Program Files\Microsoft\jdk-17.0.12.7-hotspot\bin\java.exe
0x00007ffd76dc0000 - 0x00007ffd77025000 	C:\WINDOWS\SYSTEM32\ntdll.dll
0x00007ffd75750000 - 0x00007ffd75819000 	C:\WINDOWS\System32\KERNEL32.DLL
0x00007ffd741a0000 - 0x00007ffd74588000 	C:\WINDOWS\System32\KERNELBASE.dll
0x00007ffd74800000 - 0x00007ffd7494b000 	C:\WINDOWS\System32\ucrtbase.dll
0x00007ffd47330000 - 0x00007ffd4734d000 	C:\Program Files\Microsoft\jdk-17.0.12.7-hotspot\bin\VCRUNTIME140.dll
0x00007ffd4b360000 - 0x00007ffd4b377000 	C:\Program Files\Microsoft\jdk-17.0.12.7-hotspot\bin\jli.dll
0x00007ffd767c0000 - 0x00007ffd7698a000 	C:\WINDOWS\System32\USER32.dll
0x00007ffd60720000 - 0x00007ffd609ba000 	C:\WINDOWS\WinSxS\amd64_microsoft.windows.common-controls_6595b64144ccf1df_6.0.26100.4202_none_3e0698d4e335f517\COMCTL32.dll
0x00007ffd747d0000 - 0x00007ffd747f7000 	C:\WINDOWS\System32\win32u.dll
0x00007ffd74ef0000 - 0x00007ffd74f99000 	C:\WINDOWS\System32\msvcrt.dll
0x00007ffd75870000 - 0x00007ffd7589b000 	C:\WINDOWS\System32\GDI32.dll
0x00007ffd73f10000 - 0x00007ffd74047000 	C:\WINDOWS\System32\gdi32full.dll
0x00007ffd74050000 - 0x00007ffd740f3000 	C:\WINDOWS\System32\msvcp_win.dll
0x00007ffd75820000 - 0x00007ffd75850000 	C:\WINDOWS\System32\IMM32.DLL
0x00007ffd4b2b0000 - 0x00007ffd4b2bc000 	C:\Program Files\Microsoft\jdk-17.0.12.7-hotspot\bin\vcruntime140_1.dll
0x00007ffd2c7d0000 - 0x00007ffd2c85d000 	C:\Program Files\Microsoft\jdk-17.0.12.7-hotspot\bin\msvcp140.dll
0x00007ffccd990000 - 0x00007ffcce600000 	C:\Program Files\Microsoft\jdk-17.0.12.7-hotspot\bin\server\jvm.dll
0x00007ffd755e0000 - 0x00007ffd75693000 	C:\WINDOWS\System32\ADVAPI32.dll
0x00007ffd75120000 - 0x00007ffd751c6000 	C:\WINDOWS\System32\sechost.dll
0x00007ffd769f0000 - 0x00007ffd76b05000 	C:\WINDOWS\System32\RPCRT4.dll
0x00007ffd762b0000 - 0x00007ffd76324000 	C:\WINDOWS\System32\WS2_32.dll
0x00007ffd73cb0000 - 0x00007ffd73d0e000 	C:\WINDOWS\SYSTEM32\POWRPROF.dll
0x00007ffd6b840000 - 0x00007ffd6b875000 	C:\WINDOWS\SYSTEM32\WINMM.dll
0x00007ffd6cf50000 - 0x00007ffd6cf5b000 	C:\WINDOWS\SYSTEM32\VERSION.dll
0x00007ffd73c90000 - 0x00007ffd73ca4000 	C:\WINDOWS\SYSTEM32\UMPDC.dll
0x00007ffd72cd0000 - 0x00007ffd72ceb000 	C:\WINDOWS\SYSTEM32\kernel.appcore.dll
0x00007ffd48900000 - 0x00007ffd4890a000 	C:\Program Files\Microsoft\jdk-17.0.12.7-hotspot\bin\jimage.dll
0x00007ffd718f0000 - 0x00007ffd71b31000 	C:\WINDOWS\SYSTEM32\DBGHELP.DLL
0x00007ffd74b60000 - 0x00007ffd74ee5000 	C:\WINDOWS\System32\combase.dll
0x00007ffd76b10000 - 0x00007ffd76bf1000 	C:\WINDOWS\System32\OLEAUT32.dll
0x00007ffd5f9d0000 - 0x00007ffd5fa09000 	C:\WINDOWS\SYSTEM32\dbgcore.DLL
0x00007ffd74100000 - 0x00007ffd74199000 	C:\WINDOWS\System32\bcryptPrimitives.dll
0x00007ffd46930000 - 0x00007ffd46955000 	C:\Program Files\Microsoft\jdk-17.0.12.7-hotspot\bin\java.dll
0x00007ffd2b210000 - 0x00007ffd2b2e7000 	C:\Program Files\Microsoft\jdk-17.0.12.7-hotspot\bin\jsvml.dll
0x00007ffd759b0000 - 0x00007ffd760f2000 	C:\WINDOWS\System32\SHELL32.dll
0x00007ffd74950000 - 0x00007ffd74ac4000 	C:\WINDOWS\System32\wintypes.dll
0x00007ffd71b90000 - 0x00007ffd723e8000 	C:\WINDOWS\SYSTEM32\windows.storage.dll
0x00007ffd76100000 - 0x00007ffd761f1000 	C:\WINDOWS\System32\SHCORE.dll
0x00007ffd75940000 - 0x00007ffd759aa000 	C:\WINDOWS\System32\shlwapi.dll
0x00007ffd73e20000 - 0x00007ffd73e4f000 	C:\WINDOWS\SYSTEM32\profapi.dll
0x00007ffd436b0000 - 0x00007ffd436ca000 	C:\Program Files\Microsoft\jdk-17.0.12.7-hotspot\bin\net.dll
0x00007ffd6c1c0000 - 0x00007ffd6c2de000 	C:\WINDOWS\SYSTEM32\WINHTTP.dll
0x00007ffd73240000 - 0x00007ffd732aa000 	C:\WINDOWS\system32\mswsock.dll
0x00007ffd434e0000 - 0x00007ffd434f6000 	C:\Program Files\Microsoft\jdk-17.0.12.7-hotspot\bin\nio.dll
0x00007ffd47200000 - 0x00007ffd47218000 	C:\Program Files\Microsoft\jdk-17.0.12.7-hotspot\bin\zip.dll
0x00007ffd471d0000 - 0x00007ffd471e0000 	C:\Program Files\Microsoft\jdk-17.0.12.7-hotspot\bin\verify.dll
0x00007ffd49fe0000 - 0x00007ffd4a007000 	C:\Users\moham\.gradle\native\c067742578af261105cb4f569cf0c3c89f3d7b1fecec35dd04571415982c5e48\windows-amd64\native-platform.dll
0x00007ffd66120000 - 0x00007ffd6612a000 	C:\Users\moham\.gradle\native\jansi\1.18\windows64\jansi.dll
0x00007ffd46920000 - 0x00007ffd4692a000 	C:\Program Files\Microsoft\jdk-17.0.12.7-hotspot\bin\management.dll
0x00007ffd45f60000 - 0x00007ffd45f6b000 	C:\Program Files\Microsoft\jdk-17.0.12.7-hotspot\bin\management_ext.dll
0x00007ffd75860000 - 0x00007ffd75868000 	C:\WINDOWS\System32\PSAPI.DLL
0x00007ffd734f0000 - 0x00007ffd7350b000 	C:\WINDOWS\SYSTEM32\CRYPTSP.dll
0x00007ffd72c30000 - 0x00007ffd72c6a000 	C:\WINDOWS\system32\rsaenh.dll
0x00007ffd732e0000 - 0x00007ffd7330b000 	C:\WINDOWS\SYSTEM32\USERENV.dll
0x00007ffd73df0000 - 0x00007ffd73e16000 	C:\WINDOWS\SYSTEM32\bcrypt.dll
0x00007ffd73510000 - 0x00007ffd7351c000 	C:\WINDOWS\SYSTEM32\CRYPTBASE.dll
0x00007ffd726e0000 - 0x00007ffd72713000 	C:\WINDOWS\SYSTEM32\IPHLPAPI.DLL
0x00007ffd755d0000 - 0x00007ffd755da000 	C:\WINDOWS\System32\NSI.dll
0x00007ffd6c4c0000 - 0x00007ffd6c4df000 	C:\WINDOWS\SYSTEM32\dhcpcsvc6.DLL
0x00007ffd6bf30000 - 0x00007ffd6bf55000 	C:\WINDOWS\SYSTEM32\dhcpcsvc.DLL
0x00007ffd72770000 - 0x00007ffd72897000 	C:\WINDOWS\SYSTEM32\DNSAPI.dll
0x00007ffd436a0000 - 0x00007ffd436a9000 	C:\Program Files\Microsoft\jdk-17.0.12.7-hotspot\bin\extnet.dll
0x00007ffd433e0000 - 0x00007ffd433ee000 	C:\Program Files\Microsoft\jdk-17.0.12.7-hotspot\bin\sunmscapi.dll
0x00007ffd74650000 - 0x00007ffd747c7000 	C:\WINDOWS\System32\CRYPT32.dll
0x00007ffd73710000 - 0x00007ffd73740000 	C:\WINDOWS\SYSTEM32\ncrypt.dll
0x00007ffd736c0000 - 0x00007ffd736ff000 	C:\WINDOWS\SYSTEM32\NTASN1.dll
0x00007ffce89a0000 - 0x00007ffce89a8000 	C:\WINDOWS\system32\wshunix.dll

dbghelp: loaded successfully - version: 4.0.5 - missing functions: none
symbol engine: initialized successfully - sym options: 0x614 - pdb path: .;C:\Program Files\Microsoft\jdk-17.0.12.7-hotspot\bin;C:\WINDOWS\SYSTEM32;C:\WINDOWS\WinSxS\amd64_microsoft.windows.common-controls_6595b64144ccf1df_6.0.26100.4202_none_3e0698d4e335f517;C:\Program Files\Microsoft\jdk-17.0.12.7-hotspot\bin\server;C:\Users\moham\.gradle\native\c067742578af261105cb4f569cf0c3c89f3d7b1fecec35dd04571415982c5e48\windows-amd64;C:\Users\moham\.gradle\native\jansi\1.18\windows64

VM Arguments:
jvm_args: -Xmx64m -Xms64m -Dorg.gradle.appname=gradlew 
java_command: org.gradle.wrapper.GradleWrapperMain assemble release
java_class_path (initial): D:\Mobile_App-master\Mobile_app_klass\android\\gradle\wrapper\gradle-wrapper.jar
Launcher Type: SUN_STANDARD

[Global flags]
     intx CICompilerCount                          = 12                                        {product} {ergonomic}
     uint ConcGCThreads                            = 3                                         {product} {ergonomic}
     uint G1ConcRefinementThreads                  = 13                                        {product} {ergonomic}
   size_t G1HeapRegionSize                         = 1048576                                   {product} {ergonomic}
    uintx GCDrainStackTargetSize                   = 64                                        {product} {ergonomic}
   size_t InitialHeapSize                          = 67108864                                  {product} {command line}
   size_t MarkStackSize                            = 4194304                                   {product} {ergonomic}
   size_t MaxHeapSize                              = 67108864                                  {product} {command line}
   size_t MaxNewSize                               = 39845888                                  {product} {ergonomic}
   size_t MinHeapDeltaBytes                        = 1048576                                   {product} {ergonomic}
   size_t MinHeapSize                              = 67108864                                  {product} {command line}
    uintx NonNMethodCodeHeapSize                   = 7602480                                {pd product} {ergonomic}
    uintx NonProfiledCodeHeapSize                  = 122027880                              {pd product} {ergonomic}
    uintx ProfiledCodeHeapSize                     = 122027880                              {pd product} {ergonomic}
    uintx ReservedCodeCacheSize                    = 251658240                              {pd product} {ergonomic}
     bool SegmentedCodeCache                       = true                                      {product} {ergonomic}
   size_t SoftMaxHeapSize                          = 67108864                               {manageable} {ergonomic}
     bool UseCompressedClassPointers               = true                           {product lp64_product} {ergonomic}
     bool UseCompressedOops                        = true                           {product lp64_product} {ergonomic}
     bool UseG1GC                                  = true                                      {product} {ergonomic}
     bool UseLargePagesIndividualAllocation        = false                                  {pd product} {ergonomic}

Logging:
Log output configuration:
 #0: stdout all=warning uptime,level,tags
 #1: stderr all=off uptime,level,tags

Environment Variables:
JAVA_HOME=C:\Program Files\Microsoft\jdk-17.0.12.7-hotspot\
CLASSPATH=D:\Mobile_App-master\Mobile_app_klass\android\\gradle\wrapper\gradle-wrapper.jar
PATH=C:\Program Files\Common Files\Oracle\Java\javapath;C:\Program Files\Microsoft\jdk-17.0.12.7-hotspot\bin;C:\WINDOWS\system32;C:\WINDOWS;C:\WINDOWS\System32\Wbem;C:\WINDOWS\System32\WindowsPowerShell\v1.0\;C:\WINDOWS\System32\OpenSSH\;C:\ProgramData\chocolatey\bin;C:\Program Files\nodejs\;C:\Program Files\Git\cmd;C:\Users\moham\Downloads\php-8.4.7-nts-Win32-vs17-x86;C:\Users\moham\AppData\Local\Android\Sdk\tools;C:\Users\moham\AppData\Local\Microsoft\WindowsApps;C:\Users\moham\AppData\Local\Programs\Microsoft VS Code\bin;C:\Users\moham\AppData\Roaming\npm;C:\Users\moham\AppData\Local\Android\Sdk\platform-tools;D:\Xampp\mysql\bin;
USERNAME=moham
LANG=en_US.UTF-8
OS=Windows_NT
PROCESSOR_IDENTIFIER=AMD64 Family 23 Model 104 Stepping 1, AuthenticAMD
TMP=C:\Users\moham\AppData\Local\Temp
TEMP=C:\Users\moham\AppData\Local\Temp



Periodic native trim disabled


---------------  S Y S T E M  ---------------

OS:
 Windows 11 , 64 bit Build 26100 (10.0.26100.4202)
OS uptime: 0 days 6:17 hours
Hyper-V role detected

CPU: total 16 (initial active 16) (16 cores per cpu, 2 threads per core) family 23 model 104 stepping 1 microcode 0x8608107, cx8, cmov, fxsr, ht, mmx, 3dnowpref, sse, sse2, sse3, ssse3, sse4a, sse4.1, sse4.2, popcnt, lzcnt, tsc, tscinvbit, avx, avx2, aes, clmul, bmi1, bmi2, adx, sha, fma, vzeroupper, clflush, clflushopt, hv
Processor Information for the first 16 processors :
  Max Mhz: 1801, Current Mhz: 1801, Mhz Limit: 1801

Memory: 4k page, system-wide physical 5989M (470M free)
TotalPageFile size 24421M (AvailPageFile size 34M)
current process WorkingSet (physical memory assigned to process): 19M, peak: 105M
current process commit charge ("private bytes"): 179M, peak: 195M

vm_info: OpenJDK 64-Bit Server VM (17.0.12+7-LTS) for windows-amd64 JRE (17.0.12+7-LTS), built on Jul 16 2024 18:11:44 by "MicrosoftCorporation" with unknown MS VC++:1939

END.
