#
# There is insufficient memory for the Java Runtime Environment to continue.
# Native memory allocation (malloc) failed to allocate 317520 bytes. Error detail: Chunk::new
# Possible reasons:
#   The system is out of physical RAM or swap space
#   This process is running with CompressedOops enabled, and the Java Heap may be blocking the growth of the native heap
# Possible solutions:
#   Reduce memory load on the system
#   Increase physical memory or swap space
#   Check if swap backing store is full
#   Decrease Java heap size (-Xmx/-Xms)
#   Decrease number of Java threads
#   Decrease Java thread stack sizes (-Xss)
#   Set larger code cache with -XX:ReservedCodeCacheSize=
#   JVM is running with Unscaled Compressed Oops mode in which the Java heap is
#     placed in the first 4GB address space. The Java Heap base address is the
#     maximum limit for the native heap growth. Please use -XX:HeapBaseMinAddress
#     to set the Java Heap base and to place the Java Heap above 4GB virtual address.
# This output file may be truncated or incomplete.
#
#  Out of Memory Error (arena.cpp:191), pid=26200, tid=4956
#
# JRE version: OpenJDK Runtime Environment Microsoft-9889599 (17.0.12+7) (build 17.0.12+7-LTS)
# Java VM: OpenJDK 64-Bit Server VM Microsoft-9889599 (17.0.12+7-LTS, mixed mode, sharing, tiered, compressed oops, compressed class ptrs, g1 gc, windows-amd64)
# No core dump will be written. Minidumps are not enabled by default on client versions of Windows
#

---------------  S U M M A R Y ------------

Command Line: -Xmx64m -Xms64m -Dorg.gradle.appname=gradlew org.gradle.wrapper.GradleWrapperMain app:installDebug -PreactNativeDevServerPort=8081

Host: AMD Ryzen 7 5700U with Radeon Graphics         , 16 cores, 5G,  Windows 11 , 64 bit Build 22621 (10.0.22621.2506)
Time: Tue Apr 29 19:21:51 2025 India Standard Time elapsed time: 1.113870 seconds (0d 0h 0m 1s)

---------------  T H R E A D  ---------------

Current thread (0x000001784ea2ea40):  JavaThread "C2 CompilerThread0" daemon [_thread_in_native, id=4956, stack(0x0000006748a00000,0x0000006748b00000)]


Current CompileTask:
C2:   1114  507       4       java.util.HashMap::putVal (300 bytes)

Stack: [0x0000006748a00000,0x0000006748b00000]
Native frames: (J=compiled Java code, j=interpreted, Vv=VM code, C=native code)
V  [jvm.dll+0x686d99]
V  [jvm.dll+0x83daf8]
V  [jvm.dll+0x83f5a3]
V  [jvm.dll+0x83fc13]
V  [jvm.dll+0x2492ef]
V  [jvm.dll+0xad0a4]
V  [jvm.dll+0xad73c]
V  [jvm.dll+0x36a44e]
V  [jvm.dll+0x334b83]
V  [jvm.dll+0x33401a]
V  [jvm.dll+0x21a538]
V  [jvm.dll+0x21996f]
V  [jvm.dll+0x1a53e6]
V  [jvm.dll+0x229faa]
V  [jvm.dll+0x2280fb]
V  [jvm.dll+0x7f3508]
V  [jvm.dll+0x7ed87c]
V  [jvm.dll+0x685c77]
C  [ucrtbase.dll+0x29363]
C  [KERNEL32.DLL+0x1257d]
C  [ntdll.dll+0x5aa58]


---------------  P R O C E S S  ---------------

Threads class SMR info:
_java_thread_list=0x000001784eb50ab0, length=12, elements={
0x0000017834542c40, 0x000001784ea10050, 0x000001784ea12ee0, 0x000001784ea26820,
0x000001784ea273e0, 0x000001784ea27fa0, 0x000001784ea2a970, 0x000001784ea2ea40,
0x000001784ea37820, 0x000001784ea3d640, 0x000001784eb6c960, 0x000001784eb6fed0
}

Java Threads: ( => current thread )
  0x0000017834542c40 JavaThread "main" [_thread_in_Java, id=12352, stack(0x0000006747d00000,0x0000006747e00000)]
  0x000001784ea10050 JavaThread "Reference Handler" daemon [_thread_blocked, id=36100, stack(0x0000006748400000,0x0000006748500000)]
  0x000001784ea12ee0 JavaThread "Finalizer" daemon [_thread_blocked, id=16216, stack(0x0000006748500000,0x0000006748600000)]
  0x000001784ea26820 JavaThread "Signal Dispatcher" daemon [_thread_blocked, id=31436, stack(0x0000006748600000,0x0000006748700000)]
  0x000001784ea273e0 JavaThread "Attach Listener" daemon [_thread_blocked, id=6848, stack(0x0000006748700000,0x0000006748800000)]
  0x000001784ea27fa0 JavaThread "Service Thread" daemon [_thread_blocked, id=1860, stack(0x0000006748800000,0x0000006748900000)]
  0x000001784ea2a970 JavaThread "Monitor Deflation Thread" daemon [_thread_blocked, id=31152, stack(0x0000006748900000,0x0000006748a00000)]
=>0x000001784ea2ea40 JavaThread "C2 CompilerThread0" daemon [_thread_in_native, id=4956, stack(0x0000006748a00000,0x0000006748b00000)]
  0x000001784ea37820 JavaThread "C1 CompilerThread0" daemon [_thread_in_native, id=13740, stack(0x0000006748b00000,0x0000006748c00000)]
  0x000001784ea3d640 JavaThread "Sweeper thread" daemon [_thread_blocked, id=6652, stack(0x0000006748c00000,0x0000006748d00000)]
  0x000001784eb6c960 JavaThread "Notification Thread" daemon [_thread_blocked, id=20376, stack(0x0000006748d00000,0x0000006748e00000)]
  0x000001784eb6fed0 JavaThread "Common-Cleaner" daemon [_thread_blocked, id=6880, stack(0x0000006748f00000,0x0000006749000000)]

Other Threads:
  0x00000178345fd0d0 VMThread "VM Thread" [stack: 0x0000006748300000,0x0000006748400000] [id=17268]
  0x000001784eb6f670 WatcherThread [stack: 0x0000006748e00000,0x0000006748f00000] [id=35004]
  0x00000178345636e0 GCTaskThread "GC Thread#0" [stack: 0x0000006747e00000,0x0000006747f00000] [id=12884]
  0x0000017834564e30 ConcurrentGCThread "G1 Main Marker" [stack: 0x0000006747f00000,0x0000006748000000] [id=7884]
  0x0000017834566860 ConcurrentGCThread "G1 Conc#0" [stack: 0x0000006748000000,0x0000006748100000] [id=36084]
  0x00000178345e1330 ConcurrentGCThread "G1 Refine#0" [stack: 0x0000006748100000,0x0000006748200000] [id=14332]
  0x00000178345e1d60 ConcurrentGCThread "G1 Service" [stack: 0x0000006748200000,0x0000006748300000] [id=10228]

Threads with active compile tasks:
C2 CompilerThread0     1175  507       4       java.util.HashMap::putVal (300 bytes)
C1 CompilerThread0     1176  533       3       java.lang.String$CaseInsensitiveComparator::compare (68 bytes)

VM state: not at safepoint (normal execution)

VM Mutex/Monitor currently owned by a thread: None

Heap address: 0x00000000fc000000, size: 64 MB, Compressed Oops mode: 32-bit

CDS archive(s) mapped at: [0x000001784f000000-0x000001784fbb0000-0x000001784fbb0000), size 12255232, SharedBaseAddress: 0x000001784f000000, ArchiveRelocationMode: 1.
Compressed class space mapped at: 0x0000017850000000-0x0000017890000000, reserved size: 1073741824
Narrow klass base: 0x000001784f000000, Narrow klass shift: 0, Narrow klass range: 0x100000000

GC Precious Log:
 CPUs: 16 total, 16 available
 Memory: 5989M
 Large Page Support: Disabled
 NUMA Support: Disabled
 Compressed Oops: Enabled (32-bit)
 Heap Region Size: 1M
 Heap Min Capacity: 64M
 Heap Initial Capacity: 64M
 Heap Max Capacity: 64M
 Pre-touch: Disabled
 Parallel Workers: 13
 Concurrent Workers: 3
 Concurrent Refinement Workers: 13
 Periodic GC: Disabled

Heap:
 garbage-first heap   total 65536K, used 12288K [0x00000000fc000000, 0x0000000100000000)
  region size 1024K, 14 young (14336K), 0 survivors (0K)
 Metaspace       used 1665K, committed 1792K, reserved 1114112K
  class space    used 155K, committed 192K, reserved 1048576K

Heap Regions: E=young(eden), S=young(survivor), O=old, HS=humongous(starts), HC=humongous(continues), CS=collection set, F=free, OA=open archive, CA=closed archive, TAMS=top-at-mark-start (previous, next)
|   0|0x00000000fc000000, 0x00000000fc000000, 0x00000000fc100000|  0%| F|  |TAMS 0x00000000fc000000, 0x00000000fc000000| Untracked 
|   1|0x00000000fc100000, 0x00000000fc100000, 0x00000000fc200000|  0%| F|  |TAMS 0x00000000fc100000, 0x00000000fc100000| Untracked 
|   2|0x00000000fc200000, 0x00000000fc200000, 0x00000000fc300000|  0%| F|  |TAMS 0x00000000fc200000, 0x00000000fc200000| Untracked 
|   3|0x00000000fc300000, 0x00000000fc300000, 0x00000000fc400000|  0%| F|  |TAMS 0x00000000fc300000, 0x00000000fc300000| Untracked 
|   4|0x00000000fc400000, 0x00000000fc400000, 0x00000000fc500000|  0%| F|  |TAMS 0x00000000fc400000, 0x00000000fc400000| Untracked 
|   5|0x00000000fc500000, 0x00000000fc500000, 0x00000000fc600000|  0%| F|  |TAMS 0x00000000fc500000, 0x00000000fc500000| Untracked 
|   6|0x00000000fc600000, 0x00000000fc600000, 0x00000000fc700000|  0%| F|  |TAMS 0x00000000fc600000, 0x00000000fc600000| Untracked 
|   7|0x00000000fc700000, 0x00000000fc700000, 0x00000000fc800000|  0%| F|  |TAMS 0x00000000fc700000, 0x00000000fc700000| Untracked 
|   8|0x00000000fc800000, 0x00000000fc800000, 0x00000000fc900000|  0%| F|  |TAMS 0x00000000fc800000, 0x00000000fc800000| Untracked 
|   9|0x00000000fc900000, 0x00000000fc900000, 0x00000000fca00000|  0%| F|  |TAMS 0x00000000fc900000, 0x00000000fc900000| Untracked 
|  10|0x00000000fca00000, 0x00000000fca00000, 0x00000000fcb00000|  0%| F|  |TAMS 0x00000000fca00000, 0x00000000fca00000| Untracked 
|  11|0x00000000fcb00000, 0x00000000fcb00000, 0x00000000fcc00000|  0%| F|  |TAMS 0x00000000fcb00000, 0x00000000fcb00000| Untracked 
|  12|0x00000000fcc00000, 0x00000000fcc00000, 0x00000000fcd00000|  0%| F|  |TAMS 0x00000000fcc00000, 0x00000000fcc00000| Untracked 
|  13|0x00000000fcd00000, 0x00000000fcd00000, 0x00000000fce00000|  0%| F|  |TAMS 0x00000000fcd00000, 0x00000000fcd00000| Untracked 
|  14|0x00000000fce00000, 0x00000000fce00000, 0x00000000fcf00000|  0%| F|  |TAMS 0x00000000fce00000, 0x00000000fce00000| Untracked 
|  15|0x00000000fcf00000, 0x00000000fcf00000, 0x00000000fd000000|  0%| F|  |TAMS 0x00000000fcf00000, 0x00000000fcf00000| Untracked 
|  16|0x00000000fd000000, 0x00000000fd000000, 0x00000000fd100000|  0%| F|  |TAMS 0x00000000fd000000, 0x00000000fd000000| Untracked 
|  17|0x00000000fd100000, 0x00000000fd100000, 0x00000000fd200000|  0%| F|  |TAMS 0x00000000fd100000, 0x00000000fd100000| Untracked 
|  18|0x00000000fd200000, 0x00000000fd200000, 0x00000000fd300000|  0%| F|  |TAMS 0x00000000fd200000, 0x00000000fd200000| Untracked 
|  19|0x00000000fd300000, 0x00000000fd300000, 0x00000000fd400000|  0%| F|  |TAMS 0x00000000fd300000, 0x00000000fd300000| Untracked 
|  20|0x00000000fd400000, 0x00000000fd400000, 0x00000000fd500000|  0%| F|  |TAMS 0x00000000fd400000, 0x00000000fd400000| Untracked 
|  21|0x00000000fd500000, 0x00000000fd500000, 0x00000000fd600000|  0%| F|  |TAMS 0x00000000fd500000, 0x00000000fd500000| Untracked 
|  22|0x00000000fd600000, 0x00000000fd600000, 0x00000000fd700000|  0%| F|  |TAMS 0x00000000fd600000, 0x00000000fd600000| Untracked 
|  23|0x00000000fd700000, 0x00000000fd700000, 0x00000000fd800000|  0%| F|  |TAMS 0x00000000fd700000, 0x00000000fd700000| Untracked 
|  24|0x00000000fd800000, 0x00000000fd800000, 0x00000000fd900000|  0%| F|  |TAMS 0x00000000fd800000, 0x00000000fd800000| Untracked 
|  25|0x00000000fd900000, 0x00000000fd900000, 0x00000000fda00000|  0%| F|  |TAMS 0x00000000fd900000, 0x00000000fd900000| Untracked 
|  26|0x00000000fda00000, 0x00000000fda00000, 0x00000000fdb00000|  0%| F|  |TAMS 0x00000000fda00000, 0x00000000fda00000| Untracked 
|  27|0x00000000fdb00000, 0x00000000fdb00000, 0x00000000fdc00000|  0%| F|  |TAMS 0x00000000fdb00000, 0x00000000fdb00000| Untracked 
|  28|0x00000000fdc00000, 0x00000000fdc00000, 0x00000000fdd00000|  0%| F|  |TAMS 0x00000000fdc00000, 0x00000000fdc00000| Untracked 
|  29|0x00000000fdd00000, 0x00000000fdd00000, 0x00000000fde00000|  0%| F|  |TAMS 0x00000000fdd00000, 0x00000000fdd00000| Untracked 
|  30|0x00000000fde00000, 0x00000000fde00000, 0x00000000fdf00000|  0%| F|  |TAMS 0x00000000fde00000, 0x00000000fde00000| Untracked 
|  31|0x00000000fdf00000, 0x00000000fdf00000, 0x00000000fe000000|  0%| F|  |TAMS 0x00000000fdf00000, 0x00000000fdf00000| Untracked 
|  32|0x00000000fe000000, 0x00000000fe000000, 0x00000000fe100000|  0%| F|  |TAMS 0x00000000fe000000, 0x00000000fe000000| Untracked 
|  33|0x00000000fe100000, 0x00000000fe100000, 0x00000000fe200000|  0%| F|  |TAMS 0x00000000fe100000, 0x00000000fe100000| Untracked 
|  34|0x00000000fe200000, 0x00000000fe200000, 0x00000000fe300000|  0%| F|  |TAMS 0x00000000fe200000, 0x00000000fe200000| Untracked 
|  35|0x00000000fe300000, 0x00000000fe300000, 0x00000000fe400000|  0%| F|  |TAMS 0x00000000fe300000, 0x00000000fe300000| Untracked 
|  36|0x00000000fe400000, 0x00000000fe400000, 0x00000000fe500000|  0%| F|  |TAMS 0x00000000fe400000, 0x00000000fe400000| Untracked 
|  37|0x00000000fe500000, 0x00000000fe500000, 0x00000000fe600000|  0%| F|  |TAMS 0x00000000fe500000, 0x00000000fe500000| Untracked 
|  38|0x00000000fe600000, 0x00000000fe600000, 0x00000000fe700000|  0%| F|  |TAMS 0x00000000fe600000, 0x00000000fe600000| Untracked 
|  39|0x00000000fe700000, 0x00000000fe700000, 0x00000000fe800000|  0%| F|  |TAMS 0x00000000fe700000, 0x00000000fe700000| Untracked 
|  40|0x00000000fe800000, 0x00000000fe800000, 0x00000000fe900000|  0%| F|  |TAMS 0x00000000fe800000, 0x00000000fe800000| Untracked 
|  41|0x00000000fe900000, 0x00000000fe900000, 0x00000000fea00000|  0%| F|  |TAMS 0x00000000fe900000, 0x00000000fe900000| Untracked 
|  42|0x00000000fea00000, 0x00000000fea00000, 0x00000000feb00000|  0%| F|  |TAMS 0x00000000fea00000, 0x00000000fea00000| Untracked 
|  43|0x00000000feb00000, 0x00000000feb00000, 0x00000000fec00000|  0%| F|  |TAMS 0x00000000feb00000, 0x00000000feb00000| Untracked 
|  44|0x00000000fec00000, 0x00000000fec00000, 0x00000000fed00000|  0%| F|  |TAMS 0x00000000fec00000, 0x00000000fec00000| Untracked 
|  45|0x00000000fed00000, 0x00000000fed00000, 0x00000000fee00000|  0%| F|  |TAMS 0x00000000fed00000, 0x00000000fed00000| Untracked 
|  46|0x00000000fee00000, 0x00000000fee00000, 0x00000000fef00000|  0%| F|  |TAMS 0x00000000fee00000, 0x00000000fee00000| Untracked 
|  47|0x00000000fef00000, 0x00000000fef00000, 0x00000000ff000000|  0%| F|  |TAMS 0x00000000fef00000, 0x00000000fef00000| Untracked 
|  48|0x00000000ff000000, 0x00000000ff000000, 0x00000000ff100000|  0%| F|  |TAMS 0x00000000ff000000, 0x00000000ff000000| Untracked 
|  49|0x00000000ff100000, 0x00000000ff176440, 0x00000000ff200000| 46%| E|  |TAMS 0x00000000ff100000, 0x00000000ff100000| Complete 
|  50|0x00000000ff200000, 0x00000000ff300000, 0x00000000ff300000|100%| E|CS|TAMS 0x00000000ff200000, 0x00000000ff200000| Complete 
|  51|0x00000000ff300000, 0x00000000ff400000, 0x00000000ff400000|100%| E|CS|TAMS 0x00000000ff300000, 0x00000000ff300000| Complete 
|  52|0x00000000ff400000, 0x00000000ff500000, 0x00000000ff500000|100%| E|CS|TAMS 0x00000000ff400000, 0x00000000ff400000| Complete 
|  53|0x00000000ff500000, 0x00000000ff600000, 0x00000000ff600000|100%| E|CS|TAMS 0x00000000ff500000, 0x00000000ff500000| Complete 
|  54|0x00000000ff600000, 0x00000000ff700000, 0x00000000ff700000|100%| E|CS|TAMS 0x00000000ff600000, 0x00000000ff600000| Complete 
|  55|0x00000000ff700000, 0x00000000ff800000, 0x00000000ff800000|100%| E|CS|TAMS 0x00000000ff700000, 0x00000000ff700000| Complete 
|  56|0x00000000ff800000, 0x00000000ff900000, 0x00000000ff900000|100%| E|CS|TAMS 0x00000000ff800000, 0x00000000ff800000| Complete 
|  57|0x00000000ff900000, 0x00000000ffa00000, 0x00000000ffa00000|100%| E|CS|TAMS 0x00000000ff900000, 0x00000000ff900000| Complete 
|  58|0x00000000ffa00000, 0x00000000ffb00000, 0x00000000ffb00000|100%| E|CS|TAMS 0x00000000ffa00000, 0x00000000ffa00000| Complete 
|  59|0x00000000ffb00000, 0x00000000ffc00000, 0x00000000ffc00000|100%| E|CS|TAMS 0x00000000ffb00000, 0x00000000ffb00000| Complete 
|  60|0x00000000ffc00000, 0x00000000ffd00000, 0x00000000ffd00000|100%| E|CS|TAMS 0x00000000ffc00000, 0x00000000ffc00000| Complete 
|  61|0x00000000ffd00000, 0x00000000ffe00000, 0x00000000ffe00000|100%| E|  |TAMS 0x00000000ffd00000, 0x00000000ffd00000| Complete 
|  62|0x00000000ffe00000, 0x00000000fff00000, 0x00000000fff00000|100%| E|CS|TAMS 0x00000000ffe00000, 0x00000000ffe00000| Complete 
|  63|0x00000000fff00000, 0x0000000100000000, 0x0000000100000000|100%| E|CS|TAMS 0x00000000fff00000, 0x00000000fff00000| Complete 

Card table byte_map: [0x00000178323f0000,0x0000017832410000] _byte_map_base: 0x0000017831c10000

Marking Bits (Prev, Next): (CMBitMap*) 0x0000017834563d00, (CMBitMap*) 0x0000017834563d40
 Prev Bits: [0x000001784b8f0000, 0x000001784b9f0000)
 Next Bits: [0x000001784b9f0000, 0x000001784baf0000)

Polling page: 0x00000178323a0000

Metaspace:

Usage:
  Non-class:      1.48 MB used.
      Class:    155.12 KB used.
       Both:      1.63 MB used.

Virtual space:
  Non-class space:       64.00 MB reserved,       1.56 MB (  2%) committed,  1 nodes.
      Class space:        1.00 GB reserved,     192.00 KB ( <1%) committed,  1 nodes.
             Both:        1.06 GB reserved,       1.75 MB ( <1%) committed. 

Chunk freelists:
   Non-Class:  11.72 MB
       Class:  15.69 MB
        Both:  27.41 MB

MaxMetaspaceSize: unlimited
CompressedClassSpaceSize: 1.00 GB
Initial GC threshold: 21.00 MB
Current GC threshold: 21.00 MB
CDS: on
MetaspaceReclaimPolicy: balanced
 - commit_granule_bytes: 65536.
 - commit_granule_words: 8192.
 - virtual_space_node_default_size: 8388608.
 - enlarge_chunks_in_place: 1.
 - new_chunks_are_fully_committed: 0.
 - uncommit_free_chunks: 1.
 - use_allocation_guard: 0.
 - handle_deallocations: 1.


Internal statistics:

num_allocs_failed_limit: 0.
num_arena_births: 12.
num_arena_deaths: 0.
num_vsnodes_births: 2.
num_vsnodes_deaths: 0.
num_space_committed: 28.
num_space_uncommitted: 0.
num_chunks_returned_to_freelist: 0.
num_chunks_taken_from_freelist: 41.
num_chunk_merges: 0.
num_chunk_splits: 21.
num_chunks_enlarged: 14.
num_inconsistent_stats: 0.

CodeHeap 'non-profiled nmethods': size=119168Kb used=162Kb max_used=162Kb free=119006Kb
 bounds [0x0000017843c10000, 0x0000017843e80000, 0x000001784b070000]
CodeHeap 'profiled nmethods': size=119104Kb used=843Kb max_used=843Kb free=118261Kb
 bounds [0x000001783c070000, 0x000001783c2e0000, 0x00000178434c0000]
CodeHeap 'non-nmethods': size=7488Kb used=1119Kb max_used=1136Kb free=6368Kb
 bounds [0x00000178434c0000, 0x0000017843730000, 0x0000017843c10000]
 total_blobs=929 nmethods=529 adapters=313
 compilation: enabled
              stopped_count=0, restarted_count=0
 full_count=0

Compilation events (20 events):
Event: 1.070 Thread 0x000001784ea2ea40 nmethod 492 0x0000017843c37890 code [0x0000017843c37a20, 0x0000017843c37ca8]
Event: 1.072 Thread 0x000001784ea37820  498       1       sun.nio.fs.NativeBuffer::setOwner (6 bytes)
Event: 1.072 Thread 0x000001784ea37820 nmethod 498 0x0000017843c37f10 code [0x0000017843c380a0, 0x0000017843c381b8]
Event: 1.072 Thread 0x000001784ea37820  499       1       sun.nio.fs.NativeBuffer::size (5 bytes)
Event: 1.072 Thread 0x000001784ea37820 nmethod 499 0x0000017843c38210 code [0x0000017843c383a0, 0x0000017843c38478]
Event: 1.082 Thread 0x000001784ea37820  500       3       java.util.HashSet::iterator (13 bytes)
Event: 1.082 Thread 0x000001784ea2ea40  507       4       java.util.HashMap::putVal (300 bytes)
Event: 1.083 Thread 0x000001784ea37820 nmethod 500 0x000001783c136110 code [0x000001783c1362c0, 0x000001783c136558]
Event: 1.083 Thread 0x000001784ea37820  506       3       org.gradle.api.internal.classpath.DefaultModuleRegistry$DefaultModule::collectRequiredModules (99 bytes)
Event: 1.085 Thread 0x000001784ea37820 nmethod 506 0x000001783c136690 code [0x000001783c136920, 0x000001783c1375b8]
Event: 1.085 Thread 0x000001784ea37820  505       3       org.gradle.api.internal.classpath.DefaultModuleRegistry::getModule (38 bytes)
Event: 1.086 Thread 0x000001784ea37820 nmethod 505 0x000001783c137a10 code [0x000001783c137be0, 0x000001783c138048]
Event: 1.086 Thread 0x000001784ea37820  501       3       java.util.LinkedHashMap::keySet (25 bytes)
Event: 1.087 Thread 0x000001784ea37820 nmethod 501 0x000001783c138190 code [0x000001783c138340, 0x000001783c138718]
Event: 1.087 Thread 0x000001784ea37820  502       3       java.util.LinkedHashMap$LinkedKeySet::iterator (12 bytes)
Event: 1.088 Thread 0x000001784ea37820 nmethod 502 0x000001783c138890 code [0x000001783c138a40, 0x000001783c138df8]
Event: 1.088 Thread 0x000001784ea37820  503       3       java.util.LinkedHashMap$LinkedKeyIterator::<init> (11 bytes)
Event: 1.088 Thread 0x000001784ea37820 nmethod 503 0x000001783c138f10 code [0x000001783c1390c0, 0x000001783c1393d8]
Event: 1.088 Thread 0x000001784ea37820  504       3       java.util.LinkedHashMap$LinkedHashIterator::<init> (31 bytes)
Event: 1.088 Thread 0x000001784ea37820 nmethod 504 0x000001783c139510 code [0x000001783c1396c0, 0x000001783c139918]

GC Heap History (0 events):
No events

Dll operation events (6 events):
Event: 0.023 Loaded shared library C:\Program Files\Microsoft\jdk-17.0.12.7-hotspot\bin\java.dll
Event: 0.061 Loaded shared library C:\Program Files\Microsoft\jdk-17.0.12.7-hotspot\bin\jsvml.dll
Event: 0.114 Loaded shared library C:\Program Files\Microsoft\jdk-17.0.12.7-hotspot\bin\net.dll
Event: 0.117 Loaded shared library C:\Program Files\Microsoft\jdk-17.0.12.7-hotspot\bin\nio.dll
Event: 0.127 Loaded shared library C:\Program Files\Microsoft\jdk-17.0.12.7-hotspot\bin\zip.dll
Event: 0.143 Loaded shared library C:\Program Files\Microsoft\jdk-17.0.12.7-hotspot\bin\verify.dll

Deoptimization events (20 events):
Event: 0.475 Thread 0x0000017834542c40 DEOPT PACKING pc=0x000001783c0dd6be sp=0x0000006747dfda30
Event: 0.475 Thread 0x0000017834542c40 DEOPT UNPACKING pc=0x0000017843517143 sp=0x0000006747dfcea8 mode 0
Event: 0.475 Thread 0x0000017834542c40 DEOPT PACKING pc=0x000001783c09bcfe sp=0x0000006747dfda00
Event: 0.475 Thread 0x0000017834542c40 DEOPT UNPACKING pc=0x0000017843517143 sp=0x0000006747dfce70 mode 0
Event: 0.476 Thread 0x0000017834542c40 DEOPT PACKING pc=0x000001783c0dd6be sp=0x0000006747dfda30
Event: 0.476 Thread 0x0000017834542c40 DEOPT UNPACKING pc=0x0000017843517143 sp=0x0000006747dfcea8 mode 0
Event: 0.476 Thread 0x0000017834542c40 DEOPT PACKING pc=0x000001783c09bcfe sp=0x0000006747dfda00
Event: 0.476 Thread 0x0000017834542c40 DEOPT UNPACKING pc=0x0000017843517143 sp=0x0000006747dfce70 mode 0
Event: 0.490 Thread 0x0000017834542c40 DEOPT PACKING pc=0x000001783c0dd6be sp=0x0000006747dfd990
Event: 0.490 Thread 0x0000017834542c40 DEOPT UNPACKING pc=0x0000017843517143 sp=0x0000006747dfce08 mode 0
Event: 0.591 Thread 0x0000017834542c40 DEOPT PACKING pc=0x000001783c0d45f2 sp=0x0000006747dfd600
Event: 0.591 Thread 0x0000017834542c40 DEOPT UNPACKING pc=0x0000017843517143 sp=0x0000006747dfcac0 mode 0
Event: 0.600 Thread 0x0000017834542c40 DEOPT PACKING pc=0x000001783c0d45f2 sp=0x0000006747dfd720
Event: 0.600 Thread 0x0000017834542c40 DEOPT UNPACKING pc=0x0000017843517143 sp=0x0000006747dfcbe0 mode 0
Event: 0.600 Thread 0x0000017834542c40 DEOPT PACKING pc=0x000001783c0d45f2 sp=0x0000006747dfd720
Event: 0.600 Thread 0x0000017834542c40 DEOPT UNPACKING pc=0x0000017843517143 sp=0x0000006747dfcbe0 mode 0
Event: 0.798 Thread 0x0000017834542c40 Uncommon trap: trap_request=0xffffff45 fr.pc=0x0000017843c2f810 relative=0x0000000000000090
Event: 0.798 Thread 0x0000017834542c40 Uncommon trap: reason=unstable_if action=reinterpret pc=0x0000017843c2f810 method=java.util.regex.Pattern.append(II)V @ 9 c2
Event: 0.798 Thread 0x0000017834542c40 DEOPT PACKING pc=0x0000017843c2f810 sp=0x0000006747dfd6c0
Event: 0.798 Thread 0x0000017834542c40 DEOPT UNPACKING pc=0x00000178435169a3 sp=0x0000006747dfd650 mode 2

Classes loaded (20 events):
Event: 0.293 Loading class java/io/FilePermission$1
Event: 0.293 Loading class jdk/internal/access/JavaIOFilePermissionAccess
Event: 0.293 Loading class jdk/internal/access/JavaIOFilePermissionAccess done
Event: 0.293 Loading class java/io/FilePermission$1 done
Event: 0.294 Loading class java/io/FilePermissionCollection
Event: 0.294 Loading class java/io/FilePermissionCollection done
Event: 0.294 Loading class java/util/Vector
Event: 0.295 Loading class java/util/Vector done
Event: 0.295 Loading class java/io/FilePermissionCollection$1
Event: 0.295 Loading class java/io/FilePermissionCollection$1 done
Event: 0.296 Loading class sun/security/util/ManifestEntryVerifier
Event: 0.296 Loading class sun/security/util/ManifestEntryVerifier done
Event: 0.336 Loading class java/net/MalformedURLException
Event: 0.336 Loading class java/net/MalformedURLException done
Event: 0.337 Loading class java/io/FileFilter
Event: 0.337 Loading class java/io/FileFilter done
Event: 0.429 Loading class java/util/AbstractList$Itr
Event: 0.429 Loading class java/util/AbstractList$Itr done
Event: 0.470 Loading class java/lang/invoke/DirectMethodHandle$Special
Event: 0.470 Loading class java/lang/invoke/DirectMethodHandle$Special done

Classes unloaded (0 events):
No events

Classes redefined (0 events):
No events

Internal exceptions (1 events):
Event: 0.330 Thread 0x0000017834542c40 Exception <a 'java/lang/NoSuchMethodError'{0x00000000ffc57c30}: 'int java.lang.invoke.DirectMethodHandle$Holder.invokeStaticInit(java.lang.Object, java.lang.Object)'> (0x00000000ffc57c30) 
thrown [s\src\hotspot\share\interpreter\linkResolver.cpp, line 759]

VM Operations (2 events):
Event: 0.130 Executing VM operation: HandshakeAllThreads
Event: 0.130 Executing VM operation: HandshakeAllThreads done

Events (12 events):
Event: 0.061 Thread 0x0000017834542c40 Thread added: 0x0000017834542c40
Event: 0.065 Thread 0x000001784ea10050 Thread added: 0x000001784ea10050
Event: 0.065 Thread 0x000001784ea12ee0 Thread added: 0x000001784ea12ee0
Event: 0.081 Thread 0x000001784ea26820 Thread added: 0x000001784ea26820
Event: 0.081 Thread 0x000001784ea273e0 Thread added: 0x000001784ea273e0
Event: 0.081 Thread 0x000001784ea27fa0 Thread added: 0x000001784ea27fa0
Event: 0.081 Thread 0x000001784ea2a970 Thread added: 0x000001784ea2a970
Event: 0.081 Thread 0x000001784ea2ea40 Thread added: 0x000001784ea2ea40
Event: 0.081 Thread 0x000001784ea37820 Thread added: 0x000001784ea37820
Event: 0.082 Thread 0x000001784ea3d640 Thread added: 0x000001784ea3d640
Event: 0.106 Thread 0x000001784eb6c960 Thread added: 0x000001784eb6c960
Event: 0.109 Thread 0x000001784eb6fed0 Thread added: 0x000001784eb6fed0


Dynamic libraries:
0x00007ff7b4830000 - 0x00007ff7b483e000 	C:\Program Files\Microsoft\jdk-17.0.12.7-hotspot\bin\java.exe
0x00007ffc82190000 - 0x00007ffc823a7000 	C:\Windows\SYSTEM32\ntdll.dll
0x00007ffc80ba0000 - 0x00007ffc80c64000 	C:\Windows\System32\KERNEL32.DLL
0x00007ffc7f900000 - 0x00007ffc7fca6000 	C:\Windows\System32\KERNELBASE.dll
0x00007ffc7fdc0000 - 0x00007ffc7fed1000 	C:\Windows\System32\ucrtbase.dll
0x00007ffc2f4c0000 - 0x00007ffc2f4dd000 	C:\Program Files\Microsoft\jdk-17.0.12.7-hotspot\bin\VCRUNTIME140.dll
0x00007ffc2f4a0000 - 0x00007ffc2f4b7000 	C:\Program Files\Microsoft\jdk-17.0.12.7-hotspot\bin\jli.dll
0x00007ffc810b0000 - 0x00007ffc8125e000 	C:\Windows\System32\USER32.dll
0x00007ffc7f5c0000 - 0x00007ffc7f5e6000 	C:\Windows\System32\win32u.dll
0x00007ffc6bdb0000 - 0x00007ffc6c043000 	C:\Windows\WinSxS\amd64_microsoft.windows.common-controls_6595b64144ccf1df_6.0.22621.2506_none_270c5ae97388e100\COMCTL32.dll
0x00007ffc7ff80000 - 0x00007ffc7ffa9000 	C:\Windows\System32\GDI32.dll
0x00007ffc80f00000 - 0x00007ffc80fa7000 	C:\Windows\System32\msvcrt.dll
0x00007ffc7f7e0000 - 0x00007ffc7f8f8000 	C:\Windows\System32\gdi32full.dll
0x00007ffc7fd20000 - 0x00007ffc7fdba000 	C:\Windows\System32\msvcp_win.dll
0x00007ffc7ff40000 - 0x00007ffc7ff71000 	C:\Windows\System32\IMM32.DLL
0x00007ffc54600000 - 0x00007ffc5460c000 	C:\Program Files\Microsoft\jdk-17.0.12.7-hotspot\bin\vcruntime140_1.dll
0x00007ffc2f410000 - 0x00007ffc2f49d000 	C:\Program Files\Microsoft\jdk-17.0.12.7-hotspot\bin\msvcp140.dll
0x00007ffbff550000 - 0x00007ffc001c0000 	C:\Program Files\Microsoft\jdk-17.0.12.7-hotspot\bin\server\jvm.dll
0x00007ffc82090000 - 0x00007ffc82141000 	C:\Windows\System32\ADVAPI32.dll
0x00007ffc80c90000 - 0x00007ffc80d35000 	C:\Windows\System32\sechost.dll
0x00007ffc80d70000 - 0x00007ffc80e87000 	C:\Windows\System32\RPCRT4.dll
0x00007ffc81f60000 - 0x00007ffc81fd1000 	C:\Windows\System32\WS2_32.dll
0x00007ffc7f3d0000 - 0x00007ffc7f41d000 	C:\Windows\SYSTEM32\POWRPROF.dll
0x00007ffc76800000 - 0x00007ffc76834000 	C:\Windows\SYSTEM32\WINMM.dll
0x00007ffc76660000 - 0x00007ffc7666a000 	C:\Windows\SYSTEM32\VERSION.dll
0x00007ffc7f300000 - 0x00007ffc7f313000 	C:\Windows\SYSTEM32\UMPDC.dll
0x00007ffc7e500000 - 0x00007ffc7e518000 	C:\Windows\SYSTEM32\kernel.appcore.dll
0x00007ffc4c100000 - 0x00007ffc4c10a000 	C:\Program Files\Microsoft\jdk-17.0.12.7-hotspot\bin\jimage.dll
0x00007ffc7ced0000 - 0x00007ffc7d103000 	C:\Windows\SYSTEM32\DBGHELP.DLL
0x00007ffc81b50000 - 0x00007ffc81ed9000 	C:\Windows\System32\combase.dll
0x00007ffc80170000 - 0x00007ffc80247000 	C:\Windows\System32\OLEAUT32.dll
0x00007ffc6c180000 - 0x00007ffc6c1b2000 	C:\Windows\SYSTEM32\dbgcore.DLL
0x00007ffc7f760000 - 0x00007ffc7f7da000 	C:\Windows\System32\bcryptPrimitives.dll
0x00007ffc2f3e0000 - 0x00007ffc2f405000 	C:\Program Files\Microsoft\jdk-17.0.12.7-hotspot\bin\java.dll
0x00007ffc131f0000 - 0x00007ffc132c7000 	C:\Program Files\Microsoft\jdk-17.0.12.7-hotspot\bin\jsvml.dll
0x00007ffc81260000 - 0x00007ffc81aba000 	C:\Windows\System32\SHELL32.dll
0x00007ffc7d420000 - 0x00007ffc7dd16000 	C:\Windows\SYSTEM32\windows.storage.dll
0x00007ffc7d2e0000 - 0x00007ffc7d41e000 	C:\Windows\SYSTEM32\wintypes.dll
0x00007ffc80fb0000 - 0x00007ffc810a3000 	C:\Windows\System32\SHCORE.dll
0x00007ffc7fee0000 - 0x00007ffc7ff3e000 	C:\Windows\System32\shlwapi.dll
0x00007ffc7f430000 - 0x00007ffc7f456000 	C:\Windows\SYSTEM32\profapi.dll
0x00007ffc2f320000 - 0x00007ffc2f33a000 	C:\Program Files\Microsoft\jdk-17.0.12.7-hotspot\bin\net.dll
0x00007ffc77c70000 - 0x00007ffc77da7000 	C:\Windows\SYSTEM32\WINHTTP.dll
0x00007ffc7e980000 - 0x00007ffc7e9e9000 	C:\Windows\system32\mswsock.dll
0x00007ffc2f3c0000 - 0x00007ffc2f3d6000 	C:\Program Files\Microsoft\jdk-17.0.12.7-hotspot\bin\nio.dll
0x00007ffc15000000 - 0x00007ffc15018000 	C:\Program Files\Microsoft\jdk-17.0.12.7-hotspot\bin\zip.dll
0x00007ffc4d920000 - 0x00007ffc4d930000 	C:\Program Files\Microsoft\jdk-17.0.12.7-hotspot\bin\verify.dll

dbghelp: loaded successfully - version: 4.0.5 - missing functions: none
symbol engine: initialized successfully - sym options: 0x614 - pdb path: .;C:\Program Files\Microsoft\jdk-17.0.12.7-hotspot\bin;C:\Windows\SYSTEM32;C:\Windows\WinSxS\amd64_microsoft.windows.common-controls_6595b64144ccf1df_6.0.22621.2506_none_270c5ae97388e100;C:\Program Files\Microsoft\jdk-17.0.12.7-hotspot\bin\server

VM Arguments:
jvm_args: -Xmx64m -Xms64m -Dorg.gradle.appname=gradlew 
java_command: org.gradle.wrapper.GradleWrapperMain app:installDebug -PreactNativeDevServerPort=8081
java_class_path (initial): D:\Klass-ride-main\Klass-ride-main\android\\gradle\wrapper\gradle-wrapper.jar
Launcher Type: SUN_STANDARD

[Global flags]
     intx CICompilerCount                          = 12                                        {product} {ergonomic}
     uint ConcGCThreads                            = 3                                         {product} {ergonomic}
     uint G1ConcRefinementThreads                  = 13                                        {product} {ergonomic}
   size_t G1HeapRegionSize                         = 1048576                                   {product} {ergonomic}
    uintx GCDrainStackTargetSize                   = 64                                        {product} {ergonomic}
   size_t InitialHeapSize                          = 67108864                                  {product} {command line}
   size_t MarkStackSize                            = 4194304                                   {product} {ergonomic}
   size_t MaxHeapSize                              = 67108864                                  {product} {command line}
   size_t MaxNewSize                               = 39845888                                  {product} {ergonomic}
   size_t MinHeapDeltaBytes                        = 1048576                                   {product} {ergonomic}
   size_t MinHeapSize                              = 67108864                                  {product} {command line}
    uintx NonNMethodCodeHeapSize                   = 7602480                                {pd product} {ergonomic}
    uintx NonProfiledCodeHeapSize                  = 122027880                              {pd product} {ergonomic}
    uintx ProfiledCodeHeapSize                     = 122027880                              {pd product} {ergonomic}
    uintx ReservedCodeCacheSize                    = 251658240                              {pd product} {ergonomic}
     bool SegmentedCodeCache                       = true                                      {product} {ergonomic}
   size_t SoftMaxHeapSize                          = 67108864                               {manageable} {ergonomic}
     bool UseCompressedClassPointers               = true                           {product lp64_product} {ergonomic}
     bool UseCompressedOops                        = true                           {product lp64_product} {ergonomic}
     bool UseG1GC                                  = true                                      {product} {ergonomic}
     bool UseLargePagesIndividualAllocation        = false                                  {pd product} {ergonomic}

Logging:
Log output configuration:
 #0: stdout all=warning uptime,level,tags
 #1: stderr all=off uptime,level,tags

Environment Variables:
JAVA_HOME=C:\Program Files\Microsoft\jdk-17.0.12.7-hotspot\
CLASSPATH=D:\Klass-ride-main\Klass-ride-main\android\\gradle\wrapper\gradle-wrapper.jar
PATH=D:\Klass-ride-main\Klass-ride-main\node_modules\.bin;D:\Klass-ride-main\Klass-ride-main\node_modules\.bin;D:\Klass-ride-main\node_modules\.bin;D:\node_modules\.bin;C:\Users\moham\AppData\Roaming\npm\node_modules\npm\node_modules\@npmcli\run-script\lib\node-gyp-bin;C:\Program Files\Microsoft\jdk-17.0.12.7-hotspot\bin;C:\Windows\system32;C:\Windows;C:\Windows\System32\Wbem;C:\Windows\System32\WindowsPowerShell\v1.0\;C:\Windows\System32\OpenSSH\;C:\ProgramData\chocolatey\bin;C:\Program Files\nodejs\;C:\Program Files\Git\cmd;C:\Users\moham\AppData\Local\Android\Sdk\tools;C:\Users\moham\AppData\Local\Microsoft\WindowsApps;C:\Users\moham\AppData\Local\Programs\Microsoft VS Code\bin;C:\Users\moham\AppData\Roaming\npm;;C:\Users\moham\AppData\Local\Android\Sdk\platform-tools;
USERNAME=moham
OS=Windows_NT
PROCESSOR_IDENTIFIER=AMD64 Family 23 Model 104 Stepping 1, AuthenticAMD
TMP=C:\Users\moham\AppData\Local\Temp
TEMP=C:\Users\moham\AppData\Local\Temp



Periodic native trim disabled


---------------  S Y S T E M  ---------------

OS:
 Windows 11 , 64 bit Build 22621 (10.0.22621.2506)
OS uptime: 22 days 3:05 hours

CPU: total 16 (initial active 16) (16 cores per cpu, 2 threads per core) family 23 model 104 stepping 1 microcode 0x0, cx8, cmov, fxsr, ht, mmx, 3dnowpref, sse, sse2, sse3, ssse3, sse4a, sse4.1, sse4.2, popcnt, lzcnt, tsc, tscinvbit, avx, avx2, aes, clmul, bmi1, bmi2, adx, sha, fma, vzeroupper, clflush, clflushopt
Processor Information for the first 16 processors :
  Max Mhz: 1801, Current Mhz: 1801, Mhz Limit: 1801

Memory: 4k page, system-wide physical 5989M (201M free)
TotalPageFile size 24421M (AvailPageFile size 0M)
current process WorkingSet (physical memory assigned to process): 52M, peak: 52M
current process commit charge ("private bytes"): 157M, peak: 157M

vm_info: OpenJDK 64-Bit Server VM (17.0.12+7-LTS) for windows-amd64 JRE (17.0.12+7-LTS), built on Jul 16 2024 18:11:44 by "MicrosoftCorporation" with unknown MS VC++:1939

END.
