#
# There is insufficient memory for the Java Runtime Environment to continue.
# Native memory allocation (malloc) failed to allocate 645936 bytes. Error detail: Chunk::new
# Possible reasons:
#   The system is out of physical RAM or swap space
#   This process is running with CompressedOops enabled, and the Java Heap may be blocking the growth of the native heap
# Possible solutions:
#   Reduce memory load on the system
#   Increase physical memory or swap space
#   Check if swap backing store is full
#   Decrease Java heap size (-Xmx/-Xms)
#   Decrease number of Java threads
#   Decrease Java thread stack sizes (-Xss)
#   Set larger code cache with -XX:ReservedCodeCacheSize=
#   JVM is running with Unscaled Compressed Oops mode in which the Java heap is
#     placed in the first 4GB address space. The Java Heap base address is the
#     maximum limit for the native heap growth. Please use -XX:HeapBaseMinAddress
#     to set the Java Heap base and to place the Java Heap above 4GB virtual address.
# This output file may be truncated or incomplete.
#
#  Out of Memory Error (arena.cpp:191), pid=10484, tid=28252
#
# JRE version: OpenJDK Runtime Environment Microsoft-9889599 (17.0.12+7) (build 17.0.12+7-LTS)
# Java VM: OpenJDK 64-Bit Server VM Microsoft-9889599 (17.0.12+7-LTS, mixed mode, sharing, tiered, compressed oops, compressed class ptrs, g1 gc, windows-amd64)
# No core dump will be written. Minidumps are not enabled by default on client versions of Windows
#

---------------  S U M M A R Y ------------

Command Line: -XX:MaxMetaspaceSize=512m --add-opens=java.base/java.util=ALL-UNNAMED --add-opens=java.base/java.lang=ALL-UNNAMED --add-opens=java.base/java.lang.invoke=ALL-UNNAMED --add-opens=java.prefs/java.util.prefs=ALL-UNNAMED --add-opens=java.base/java.nio.charset=ALL-UNNAMED --add-opens=java.base/java.net=ALL-UNNAMED --add-opens=java.base/java.util.concurrent.atomic=ALL-UNNAMED -Xmx2048m -Dfile.encoding=windows-1252 -Duser.country=US -Duser.language=en -Duser.variant -javaagent:C:\Users\moham\.gradle\wrapper\dists\gradle-8.8-all\6gdy1pgp427xkqcjbxw3ylt6h\gradle-8.8\lib\agents\gradle-instrumentation-agent-8.8.jar org.gradle.launcher.daemon.bootstrap.GradleDaemon 8.8

Host: AMD Ryzen 7 5700U with Radeon Graphics         , 16 cores, 5G,  Windows 11 , 64 bit Build 22621 (10.0.22621.2506)
Time: Tue Apr 29 20:14:01 2025 India Standard Time elapsed time: 8.988108 seconds (0d 0h 0m 8s)

---------------  T H R E A D  ---------------

Current thread (0x000001d3ff5c3c70):  JavaThread "C2 CompilerThread0" daemon [_thread_in_native, id=28252, stack(0x000000b827400000,0x000000b827500000)]


Current CompileTask:
C2:   8988 2463   !   4       java.lang.ClassLoader::loadClass (121 bytes)

Stack: [0x000000b827400000,0x000000b827500000]
Native frames: (J=compiled Java code, j=interpreted, Vv=VM code, C=native code)
V  [jvm.dll+0x686d99]
V  [jvm.dll+0x83daf8]
V  [jvm.dll+0x83f5a3]
V  [jvm.dll+0x83fc13]
V  [jvm.dll+0x2492ef]
V  [jvm.dll+0xad0a4]
V  [jvm.dll+0xad73c]
V  [jvm.dll+0x2b09af]
V  [jvm.dll+0x58d829]
V  [jvm.dll+0x223592]
V  [jvm.dll+0x21bd35]
V  [jvm.dll+0x21986b]
V  [jvm.dll+0x1a53e6]
V  [jvm.dll+0x229faa]
V  [jvm.dll+0x2280fb]
V  [jvm.dll+0x7f3508]
V  [jvm.dll+0x7ed87c]
V  [jvm.dll+0x685c77]
C  [ucrtbase.dll+0x29363]
C  [KERNEL32.DLL+0x1257d]
C  [ntdll.dll+0x5aa58]


---------------  P R O C E S S  ---------------

Threads class SMR info:
_java_thread_list=0x000001d3a18575a0, length=25, elements={
0x000001d3e2575b10, 0x000001d3ff59f130, 0x000001d3ff59fdb0, 0x000001d3ff5bc1b0,
0x000001d3ff5bca80, 0x000001d3ff5bd350, 0x000001d3ff5c1040, 0x000001d3ff5c3c70,
0x000001d3ff5c61a0, 0x000001d3ff5c66c0, 0x000001d3ff6902e0, 0x000001d3ff7cd710,
0x000001d3a1f818c0, 0x000001d3ff6483e0, 0x000001d3a17f6a30, 0x000001d3a1090f60,
0x000001d3a17074b0, 0x000001d3a1141840, 0x000001d3a1a0ad40, 0x000001d3ff770b30,
0x000001d3ff76e7c0, 0x000001d3ff770620, 0x000001d3ff76f6f0, 0x000001d3ff76f1e0,
0x000001d3ff76fc00
}

Java Threads: ( => current thread )
  0x000001d3e2575b10 JavaThread "main" [_thread_blocked, id=29544, stack(0x000000b826700000,0x000000b826800000)]
  0x000001d3ff59f130 JavaThread "Reference Handler" daemon [_thread_blocked, id=20876, stack(0x000000b826e00000,0x000000b826f00000)]
  0x000001d3ff59fdb0 JavaThread "Finalizer" daemon [_thread_blocked, id=33944, stack(0x000000b826f00000,0x000000b827000000)]
  0x000001d3ff5bc1b0 JavaThread "Signal Dispatcher" daemon [_thread_blocked, id=27780, stack(0x000000b827000000,0x000000b827100000)]
  0x000001d3ff5bca80 JavaThread "Attach Listener" daemon [_thread_blocked, id=33696, stack(0x000000b827100000,0x000000b827200000)]
  0x000001d3ff5bd350 JavaThread "Service Thread" daemon [_thread_blocked, id=33572, stack(0x000000b827200000,0x000000b827300000)]
  0x000001d3ff5c1040 JavaThread "Monitor Deflation Thread" daemon [_thread_blocked, id=27300, stack(0x000000b827300000,0x000000b827400000)]
=>0x000001d3ff5c3c70 JavaThread "C2 CompilerThread0" daemon [_thread_in_native, id=28252, stack(0x000000b827400000,0x000000b827500000)]
  0x000001d3ff5c61a0 JavaThread "C1 CompilerThread0" daemon [_thread_blocked, id=35644, stack(0x000000b827500000,0x000000b827600000)]
  0x000001d3ff5c66c0 JavaThread "Sweeper thread" daemon [_thread_blocked, id=21816, stack(0x000000b827600000,0x000000b827700000)]
  0x000001d3ff6902e0 JavaThread "Common-Cleaner" daemon [_thread_blocked, id=1344, stack(0x000000b827700000,0x000000b827800000)]
  0x000001d3ff7cd710 JavaThread "Notification Thread" daemon [_thread_blocked, id=30912, stack(0x000000b827800000,0x000000b827900000)]
  0x000001d3a1f818c0 JavaThread "Daemon health stats" [_thread_blocked, id=35972, stack(0x000000b827e00000,0x000000b827f00000)]
  0x000001d3ff6483e0 JavaThread "Incoming local TCP Connector on port 64446" [_thread_in_native, id=16644, stack(0x000000b828300000,0x000000b828400000)]
  0x000001d3a17f6a30 JavaThread "Daemon periodic checks" [_thread_blocked, id=32488, stack(0x000000b828400000,0x000000b828500000)]
  0x000001d3a1090f60 JavaThread "Daemon" [_thread_blocked, id=7644, stack(0x000000b828500000,0x000000b828600000)]
  0x000001d3a17074b0 JavaThread "Handler for socket connection from /127.0.0.1:64446 to /127.0.0.1:64447" [_thread_in_native, id=32724, stack(0x000000b828600000,0x000000b828700000)]
  0x000001d3a1141840 JavaThread "Cancel handler" [_thread_blocked, id=30320, stack(0x000000b828700000,0x000000b828800000)]
  0x000001d3a1a0ad40 JavaThread "Daemon worker" [_thread_in_vm, id=25836, stack(0x000000b828800000,0x000000b828900000)]
  0x000001d3ff770b30 JavaThread "Asynchronous log dispatcher for DefaultDaemonConnection: socket connection from /127.0.0.1:64446 to /127.0.0.1:64447" [_thread_blocked, id=4344, stack(0x000000b828900000,0x000000b828a00000)]
  0x000001d3ff76e7c0 JavaThread "Stdin handler" [_thread_blocked, id=19488, stack(0x000000b828a00000,0x000000b828b00000)]
  0x000001d3ff770620 JavaThread "Daemon client event forwarder" [_thread_blocked, id=19836, stack(0x000000b828b00000,0x000000b828c00000)]
  0x000001d3ff76f6f0 JavaThread "Cache worker for journal cache (C:\Users\moham\.gradle\caches\journal-1)" [_thread_blocked, id=16960, stack(0x000000b828c00000,0x000000b828d00000)]
  0x000001d3ff76f1e0 JavaThread "File lock request listener" [_thread_in_native, id=5088, stack(0x000000b828d00000,0x000000b828e00000)]
  0x000001d3ff76fc00 JavaThread "Cache worker for file hash cache (C:\Users\moham\.gradle\caches\8.8\fileHashes)" [_thread_blocked, id=22456, stack(0x000000b828e00000,0x000000b828f00000)]

Other Threads:
  0x000001d3ff59a010 VMThread "VM Thread" [stack: 0x000000b826d00000,0x000000b826e00000] [id=6848]
  0x000001d3e25787a0 WatcherThread [stack: 0x000000b827900000,0x000000b827a00000] [id=10740]
  0x000001d3e25d2980 GCTaskThread "GC Thread#0" [stack: 0x000000b826800000,0x000000b826900000] [id=33664]
  0x000001d3a1970160 GCTaskThread "GC Thread#1" [stack: 0x000000b827a00000,0x000000b827b00000] [id=25552]
  0x000001d3a130c530 GCTaskThread "GC Thread#2" [stack: 0x000000b827b00000,0x000000b827c00000] [id=25456]
  0x000001d3a143d670 GCTaskThread "GC Thread#3" [stack: 0x000000b827c00000,0x000000b827d00000] [id=24660]
  0x000001d3a16841e0 GCTaskThread "GC Thread#4" [stack: 0x000000b827d00000,0x000000b827e00000] [id=10812]
  0x000001d3a2342180 GCTaskThread "GC Thread#5" [stack: 0x000000b827f00000,0x000000b828000000] [id=6548]
  0x000001d3a2342440 GCTaskThread "GC Thread#6" [stack: 0x000000b828000000,0x000000b828100000] [id=14076]
  0x000001d3a2342700 GCTaskThread "GC Thread#7" [stack: 0x000000b828100000,0x000000b828200000] [id=16216]
  0x000001d3a2449650 GCTaskThread "GC Thread#8" [stack: 0x000000b828200000,0x000000b828300000] [id=5148]
  0x000001d3e25e37d0 ConcurrentGCThread "G1 Main Marker" [stack: 0x000000b826900000,0x000000b826a00000] [id=4276]
  0x000001d3e25e40f0 ConcurrentGCThread "G1 Conc#0" [stack: 0x000000b826a00000,0x000000b826b00000] [id=35512]
  0x000001d3e262d6e0 ConcurrentGCThread "G1 Refine#0" [stack: 0x000000b826b00000,0x000000b826c00000] [id=8012]
  0x000001d3e262e010 ConcurrentGCThread "G1 Service" [stack: 0x000000b826c00000,0x000000b826d00000] [id=16892]

Threads with active compile tasks:
C2 CompilerThread0     9034 2463   !   4       java.lang.ClassLoader::loadClass (121 bytes)

VM state: not at safepoint (normal execution)

VM Mutex/Monitor currently owned by a thread: None

Heap address: 0x0000000080000000, size: 2048 MB, Compressed Oops mode: 32-bit

CDS archive(s) mapped at: [0x000001d382000000-0x000001d382bb0000-0x000001d382bb0000), size 12255232, SharedBaseAddress: 0x000001d382000000, ArchiveRelocationMode: 1.
Compressed class space mapped at: 0x000001d383000000-0x000001d39d000000, reserved size: 436207616
Narrow klass base: 0x000001d382000000, Narrow klass shift: 0, Narrow klass range: 0x100000000

GC Precious Log:
 CPUs: 16 total, 16 available
 Memory: 5989M
 Large Page Support: Disabled
 NUMA Support: Disabled
 Compressed Oops: Enabled (32-bit)
 Heap Region Size: 1M
 Heap Min Capacity: 8M
 Heap Initial Capacity: 94M
 Heap Max Capacity: 2G
 Pre-touch: Disabled
 Parallel Workers: 13
 Concurrent Workers: 3
 Concurrent Refinement Workers: 13
 Periodic GC: Disabled

Heap:
 garbage-first heap   total 96256K, used 56701K [0x0000000080000000, 0x0000000100000000)
  region size 1024K, 44 young (45056K), 6 survivors (6144K)
 Metaspace       used 15177K, committed 15488K, reserved 491520K
  class space    used 2091K, committed 2240K, reserved 425984K

Heap Regions: E=young(eden), S=young(survivor), O=old, HS=humongous(starts), HC=humongous(continues), CS=collection set, F=free, OA=open archive, CA=closed archive, TAMS=top-at-mark-start (previous, next)
|   0|0x0000000080000000, 0x0000000080100000, 0x0000000080100000|100%|HS|  |TAMS 0x0000000080000000, 0x0000000080000000| Complete 
|   1|0x0000000080100000, 0x0000000080200000, 0x0000000080200000|100%|HC|  |TAMS 0x0000000080100000, 0x0000000080100000| Complete 
|   2|0x0000000080200000, 0x0000000080300000, 0x0000000080300000|100%|HC|  |TAMS 0x0000000080200000, 0x0000000080200000| Complete 
|   3|0x0000000080300000, 0x0000000080400000, 0x0000000080400000|100%|HC|  |TAMS 0x0000000080300000, 0x0000000080300000| Complete 
|   4|0x0000000080400000, 0x0000000080500000, 0x0000000080500000|100%| O|  |TAMS 0x0000000080400000, 0x0000000080400000| Untracked 
|   5|0x0000000080500000, 0x0000000080600000, 0x0000000080600000|100%| O|  |TAMS 0x0000000080500000, 0x0000000080500000| Untracked 
|   6|0x0000000080600000, 0x0000000080700000, 0x0000000080700000|100%| O|  |TAMS 0x0000000080600000, 0x0000000080600000| Untracked 
|   7|0x0000000080700000, 0x0000000080800000, 0x0000000080800000|100%| O|  |TAMS 0x0000000080700000, 0x0000000080700000| Untracked 
|   8|0x0000000080800000, 0x0000000080900000, 0x0000000080900000|100%| O|  |TAMS 0x0000000080800000, 0x0000000080800000| Untracked 
|   9|0x0000000080900000, 0x0000000080a00000, 0x0000000080a00000|100%| O|  |TAMS 0x0000000080900000, 0x0000000080900000| Untracked 
|  10|0x0000000080a00000, 0x0000000080b00000, 0x0000000080b00000|100%| O|  |TAMS 0x0000000080a00000, 0x0000000080a00000| Untracked 
|  11|0x0000000080b00000, 0x0000000080c00000, 0x0000000080c00000|100%|HS|  |TAMS 0x0000000080b00000, 0x0000000080b00000| Complete 
|  12|0x0000000080c00000, 0x0000000080c00000, 0x0000000080d00000|  0%| F|  |TAMS 0x0000000080c00000, 0x0000000080c00000| Untracked 
|  13|0x0000000080d00000, 0x0000000080d5f600, 0x0000000080e00000| 37%| O|  |TAMS 0x0000000080d00000, 0x0000000080d00000| Untracked 
|  14|0x0000000080e00000, 0x0000000080e00000, 0x0000000080f00000|  0%| F|  |TAMS 0x0000000080e00000, 0x0000000080e00000| Untracked 
|  15|0x0000000080f00000, 0x0000000080f00000, 0x0000000081000000|  0%| F|  |TAMS 0x0000000080f00000, 0x0000000080f00000| Untracked 
|  16|0x0000000081000000, 0x0000000081000000, 0x0000000081100000|  0%| F|  |TAMS 0x0000000081000000, 0x0000000081000000| Untracked 
|  17|0x0000000081100000, 0x0000000081100000, 0x0000000081200000|  0%| F|  |TAMS 0x0000000081100000, 0x0000000081100000| Untracked 
|  18|0x0000000081200000, 0x0000000081200000, 0x0000000081300000|  0%| F|  |TAMS 0x0000000081200000, 0x0000000081200000| Untracked 
|  19|0x0000000081300000, 0x0000000081300000, 0x0000000081400000|  0%| F|  |TAMS 0x0000000081300000, 0x0000000081300000| Untracked 
|  20|0x0000000081400000, 0x0000000081400000, 0x0000000081500000|  0%| F|  |TAMS 0x0000000081400000, 0x0000000081400000| Untracked 
|  21|0x0000000081500000, 0x0000000081500000, 0x0000000081600000|  0%| F|  |TAMS 0x0000000081500000, 0x0000000081500000| Untracked 
|  22|0x0000000081600000, 0x0000000081600000, 0x0000000081700000|  0%| F|  |TAMS 0x0000000081600000, 0x0000000081600000| Untracked 
|  23|0x0000000081700000, 0x0000000081700000, 0x0000000081800000|  0%| F|  |TAMS 0x0000000081700000, 0x0000000081700000| Untracked 
|  24|0x0000000081800000, 0x0000000081800000, 0x0000000081900000|  0%| F|  |TAMS 0x0000000081800000, 0x0000000081800000| Untracked 
|  25|0x0000000081900000, 0x0000000081900000, 0x0000000081a00000|  0%| F|  |TAMS 0x0000000081900000, 0x0000000081900000| Untracked 
|  26|0x0000000081a00000, 0x0000000081a00000, 0x0000000081b00000|  0%| F|  |TAMS 0x0000000081a00000, 0x0000000081a00000| Untracked 
|  27|0x0000000081b00000, 0x0000000081b00000, 0x0000000081c00000|  0%| F|  |TAMS 0x0000000081b00000, 0x0000000081b00000| Untracked 
|  28|0x0000000081c00000, 0x0000000081c00000, 0x0000000081d00000|  0%| F|  |TAMS 0x0000000081c00000, 0x0000000081c00000| Untracked 
|  29|0x0000000081d00000, 0x0000000081d00000, 0x0000000081e00000|  0%| F|  |TAMS 0x0000000081d00000, 0x0000000081d00000| Untracked 
|  30|0x0000000081e00000, 0x0000000081e00000, 0x0000000081f00000|  0%| F|  |TAMS 0x0000000081e00000, 0x0000000081e00000| Untracked 
|  31|0x0000000081f00000, 0x0000000081f00000, 0x0000000082000000|  0%| F|  |TAMS 0x0000000081f00000, 0x0000000081f00000| Untracked 
|  32|0x0000000082000000, 0x0000000082000000, 0x0000000082100000|  0%| F|  |TAMS 0x0000000082000000, 0x0000000082000000| Untracked 
|  33|0x0000000082100000, 0x0000000082100000, 0x0000000082200000|  0%| F|  |TAMS 0x0000000082100000, 0x0000000082100000| Untracked 
|  34|0x0000000082200000, 0x0000000082200000, 0x0000000082300000|  0%| F|  |TAMS 0x0000000082200000, 0x0000000082200000| Untracked 
|  35|0x0000000082300000, 0x0000000082300000, 0x0000000082400000|  0%| F|  |TAMS 0x0000000082300000, 0x0000000082300000| Untracked 
|  36|0x0000000082400000, 0x0000000082400000, 0x0000000082500000|  0%| F|  |TAMS 0x0000000082400000, 0x0000000082400000| Untracked 
|  37|0x0000000082500000, 0x0000000082500000, 0x0000000082600000|  0%| F|  |TAMS 0x0000000082500000, 0x0000000082500000| Untracked 
|  38|0x0000000082600000, 0x0000000082600000, 0x0000000082700000|  0%| F|  |TAMS 0x0000000082600000, 0x0000000082600000| Untracked 
|  39|0x0000000082700000, 0x0000000082700000, 0x0000000082800000|  0%| F|  |TAMS 0x0000000082700000, 0x0000000082700000| Untracked 
|  40|0x0000000082800000, 0x0000000082800000, 0x0000000082900000|  0%| F|  |TAMS 0x0000000082800000, 0x0000000082800000| Untracked 
|  41|0x0000000082900000, 0x0000000082900000, 0x0000000082a00000|  0%| F|  |TAMS 0x0000000082900000, 0x0000000082900000| Untracked 
|  42|0x0000000082a00000, 0x0000000082a00000, 0x0000000082b00000|  0%| F|  |TAMS 0x0000000082a00000, 0x0000000082a00000| Untracked 
|  43|0x0000000082b00000, 0x0000000082c00000, 0x0000000082c00000|100%| S|CS|TAMS 0x0000000082b00000, 0x0000000082b00000| Complete 
|  44|0x0000000082c00000, 0x0000000082d00000, 0x0000000082d00000|100%| S|CS|TAMS 0x0000000082c00000, 0x0000000082c00000| Complete 
|  45|0x0000000082d00000, 0x0000000082e00000, 0x0000000082e00000|100%| S|CS|TAMS 0x0000000082d00000, 0x0000000082d00000| Complete 
|  46|0x0000000082e00000, 0x0000000082f00000, 0x0000000082f00000|100%| S|CS|TAMS 0x0000000082e00000, 0x0000000082e00000| Complete 
|  47|0x0000000082f00000, 0x0000000083000000, 0x0000000083000000|100%| S|CS|TAMS 0x0000000082f00000, 0x0000000082f00000| Complete 
|  48|0x0000000083000000, 0x0000000083100000, 0x0000000083100000|100%| S|CS|TAMS 0x0000000083000000, 0x0000000083000000| Complete 
|  49|0x0000000083100000, 0x0000000083100000, 0x0000000083200000|  0%| F|  |TAMS 0x0000000083100000, 0x0000000083100000| Untracked 
|  50|0x0000000083200000, 0x0000000083200000, 0x0000000083300000|  0%| F|  |TAMS 0x0000000083200000, 0x0000000083200000| Untracked 
|  51|0x0000000083300000, 0x0000000083300000, 0x0000000083400000|  0%| F|  |TAMS 0x0000000083300000, 0x0000000083300000| Untracked 
|  52|0x0000000083400000, 0x0000000083400000, 0x0000000083500000|  0%| F|  |TAMS 0x0000000083400000, 0x0000000083400000| Untracked 
|  53|0x0000000083500000, 0x0000000083500000, 0x0000000083600000|  0%| F|  |TAMS 0x0000000083500000, 0x0000000083500000| Untracked 
|  54|0x0000000083600000, 0x0000000083600000, 0x0000000083700000|  0%| F|  |TAMS 0x0000000083600000, 0x0000000083600000| Untracked 
|  55|0x0000000083700000, 0x0000000083770170, 0x0000000083800000| 43%| E|  |TAMS 0x0000000083700000, 0x0000000083700000| Complete 
|  56|0x0000000083800000, 0x0000000083900000, 0x0000000083900000|100%| E|CS|TAMS 0x0000000083800000, 0x0000000083800000| Complete 
|  57|0x0000000083900000, 0x0000000083a00000, 0x0000000083a00000|100%| E|CS|TAMS 0x0000000083900000, 0x0000000083900000| Complete 
|  58|0x0000000083a00000, 0x0000000083b00000, 0x0000000083b00000|100%| E|CS|TAMS 0x0000000083a00000, 0x0000000083a00000| Complete 
|  59|0x0000000083b00000, 0x0000000083c00000, 0x0000000083c00000|100%| E|CS|TAMS 0x0000000083b00000, 0x0000000083b00000| Complete 
|  60|0x0000000083c00000, 0x0000000083d00000, 0x0000000083d00000|100%| E|CS|TAMS 0x0000000083c00000, 0x0000000083c00000| Complete 
|  61|0x0000000083d00000, 0x0000000083e00000, 0x0000000083e00000|100%| E|CS|TAMS 0x0000000083d00000, 0x0000000083d00000| Complete 
|  62|0x0000000083e00000, 0x0000000083f00000, 0x0000000083f00000|100%| E|CS|TAMS 0x0000000083e00000, 0x0000000083e00000| Complete 
|  63|0x0000000083f00000, 0x0000000084000000, 0x0000000084000000|100%| E|CS|TAMS 0x0000000083f00000, 0x0000000083f00000| Complete 
|  64|0x0000000084000000, 0x0000000084100000, 0x0000000084100000|100%| E|CS|TAMS 0x0000000084000000, 0x0000000084000000| Complete 
|  65|0x0000000084100000, 0x0000000084200000, 0x0000000084200000|100%| E|CS|TAMS 0x0000000084100000, 0x0000000084100000| Complete 
|  66|0x0000000084200000, 0x0000000084300000, 0x0000000084300000|100%| E|CS|TAMS 0x0000000084200000, 0x0000000084200000| Complete 
|  67|0x0000000084300000, 0x0000000084400000, 0x0000000084400000|100%| E|CS|TAMS 0x0000000084300000, 0x0000000084300000| Complete 
|  68|0x0000000084400000, 0x0000000084500000, 0x0000000084500000|100%| E|CS|TAMS 0x0000000084400000, 0x0000000084400000| Complete 
|  69|0x0000000084500000, 0x0000000084600000, 0x0000000084600000|100%| E|CS|TAMS 0x0000000084500000, 0x0000000084500000| Complete 
|  70|0x0000000084600000, 0x0000000084700000, 0x0000000084700000|100%| E|CS|TAMS 0x0000000084600000, 0x0000000084600000| Complete 
|  71|0x0000000084700000, 0x0000000084800000, 0x0000000084800000|100%| E|CS|TAMS 0x0000000084700000, 0x0000000084700000| Complete 
|  72|0x0000000084800000, 0x0000000084900000, 0x0000000084900000|100%| E|CS|TAMS 0x0000000084800000, 0x0000000084800000| Complete 
|  73|0x0000000084900000, 0x0000000084a00000, 0x0000000084a00000|100%| E|CS|TAMS 0x0000000084900000, 0x0000000084900000| Complete 
|  74|0x0000000084a00000, 0x0000000084b00000, 0x0000000084b00000|100%| E|CS|TAMS 0x0000000084a00000, 0x0000000084a00000| Complete 
|  75|0x0000000084b00000, 0x0000000084c00000, 0x0000000084c00000|100%| E|CS|TAMS 0x0000000084b00000, 0x0000000084b00000| Complete 
|  76|0x0000000084c00000, 0x0000000084d00000, 0x0000000084d00000|100%| E|CS|TAMS 0x0000000084c00000, 0x0000000084c00000| Complete 
|  77|0x0000000084d00000, 0x0000000084e00000, 0x0000000084e00000|100%| E|CS|TAMS 0x0000000084d00000, 0x0000000084d00000| Complete 
|  78|0x0000000084e00000, 0x0000000084f00000, 0x0000000084f00000|100%| E|CS|TAMS 0x0000000084e00000, 0x0000000084e00000| Complete 
|  79|0x0000000084f00000, 0x0000000085000000, 0x0000000085000000|100%| E|CS|TAMS 0x0000000084f00000, 0x0000000084f00000| Complete 
|  80|0x0000000085000000, 0x0000000085100000, 0x0000000085100000|100%| E|CS|TAMS 0x0000000085000000, 0x0000000085000000| Complete 
|  81|0x0000000085100000, 0x0000000085200000, 0x0000000085200000|100%| E|CS|TAMS 0x0000000085100000, 0x0000000085100000| Complete 
|  82|0x0000000085200000, 0x0000000085300000, 0x0000000085300000|100%| E|CS|TAMS 0x0000000085200000, 0x0000000085200000| Complete 
|  83|0x0000000085300000, 0x0000000085400000, 0x0000000085400000|100%| E|CS|TAMS 0x0000000085300000, 0x0000000085300000| Complete 
|  84|0x0000000085400000, 0x0000000085500000, 0x0000000085500000|100%| E|CS|TAMS 0x0000000085400000, 0x0000000085400000| Complete 
|  85|0x0000000085500000, 0x0000000085600000, 0x0000000085600000|100%| E|CS|TAMS 0x0000000085500000, 0x0000000085500000| Complete 
|  86|0x0000000085600000, 0x0000000085700000, 0x0000000085700000|100%| E|CS|TAMS 0x0000000085600000, 0x0000000085600000| Complete 
|  87|0x0000000085700000, 0x0000000085800000, 0x0000000085800000|100%| E|CS|TAMS 0x0000000085700000, 0x0000000085700000| Complete 
|  88|0x0000000085800000, 0x0000000085900000, 0x0000000085900000|100%| E|CS|TAMS 0x0000000085800000, 0x0000000085800000| Complete 
|  89|0x0000000085900000, 0x0000000085a00000, 0x0000000085a00000|100%| E|CS|TAMS 0x0000000085900000, 0x0000000085900000| Complete 
|  90|0x0000000085a00000, 0x0000000085b00000, 0x0000000085b00000|100%| E|CS|TAMS 0x0000000085a00000, 0x0000000085a00000| Complete 
|  91|0x0000000085b00000, 0x0000000085c00000, 0x0000000085c00000|100%| E|CS|TAMS 0x0000000085b00000, 0x0000000085b00000| Complete 
|  92|0x0000000085c00000, 0x0000000085d00000, 0x0000000085d00000|100%| E|CS|TAMS 0x0000000085c00000, 0x0000000085c00000| Complete 
|  93|0x0000000085d00000, 0x0000000085e00000, 0x0000000085e00000|100%| E|CS|TAMS 0x0000000085d00000, 0x0000000085d00000| Complete 

Card table byte_map: [0x000001d3f9d20000,0x000001d3fa120000] _byte_map_base: 0x000001d3f9920000

Marking Bits (Prev, Next): (CMBitMap*) 0x000001d3e25d2ea0, (CMBitMap*) 0x000001d3e25d2ee0
 Prev Bits: [0x000001d3fa520000, 0x000001d3fc520000)
 Next Bits: [0x000001d3fc520000, 0x000001d3fe520000)

Polling page: 0x000001d3e1d30000

Metaspace:

Usage:
  Non-class:     12.80 MB used.
      Class:      2.05 MB used.
       Both:     14.84 MB used.

Virtual space:
  Non-class space:       64.00 MB reserved,      13.00 MB ( 20%) committed,  1 nodes.
      Class space:      416.00 MB reserved,       2.19 MB ( <1%) committed,  1 nodes.
             Both:      480.00 MB reserved,      15.19 MB (  3%) committed. 

Chunk freelists:
   Non-Class:  2.73 MB
       Class:  13.83 MB
        Both:  16.56 MB

MaxMetaspaceSize: 512.00 MB
CompressedClassSpaceSize: 416.00 MB
Initial GC threshold: 21.00 MB
Current GC threshold: 21.00 MB
CDS: on
MetaspaceReclaimPolicy: balanced
 - commit_granule_bytes: 65536.
 - commit_granule_words: 8192.
 - virtual_space_node_default_size: 8388608.
 - enlarge_chunks_in_place: 1.
 - new_chunks_are_fully_committed: 0.
 - uncommit_free_chunks: 1.
 - use_allocation_guard: 0.
 - handle_deallocations: 1.


Internal statistics:

num_allocs_failed_limit: 0.
num_arena_births: 208.
num_arena_deaths: 0.
num_vsnodes_births: 2.
num_vsnodes_deaths: 0.
num_space_committed: 243.
num_space_uncommitted: 0.
num_chunks_returned_to_freelist: 0.
num_chunks_taken_from_freelist: 680.
num_chunk_merges: 0.
num_chunk_splits: 457.
num_chunks_enlarged: 349.
num_inconsistent_stats: 0.

CodeHeap 'non-profiled nmethods': size=119168Kb used=1195Kb max_used=1195Kb free=117973Kb
 bounds [0x000001d3f1c40000, 0x000001d3f1eb0000, 0x000001d3f90a0000]
CodeHeap 'profiled nmethods': size=119104Kb used=5157Kb max_used=5157Kb free=113946Kb
 bounds [0x000001d3ea0a0000, 0x000001d3ea5b0000, 0x000001d3f14f0000]
CodeHeap 'non-nmethods': size=7488Kb used=1223Kb max_used=1261Kb free=6265Kb
 bounds [0x000001d3f14f0000, 0x000001d3f1760000, 0x000001d3f1c40000]
 total_blobs=3027 nmethods=2499 adapters=440
 compilation: enabled
              stopped_count=0, restarted_count=0
 full_count=0

Compilation events (20 events):
Event: 8.929 Thread 0x000001d3ff5c61a0 2465       3       org.gradle.internal.file.FileHierarchySet$Node::sizeOfCommonPrefix (10 bytes)
Event: 8.929 Thread 0x000001d3ff5c61a0 nmethod 2465 0x000001d3ea592c10 code [0x000001d3ea592dc0, 0x000001d3ea592f68]
Event: 8.929 Thread 0x000001d3ff5c61a0 2466       3       org.gradle.internal.file.FilePathUtil::sizeOfCommonPrefix (10 bytes)
Event: 8.929 Thread 0x000001d3ff5c61a0 nmethod 2466 0x000001d3ea593090 code [0x000001d3ea593220, 0x000001d3ea593348]
Event: 8.929 Thread 0x000001d3ff5c61a0 2468       3       java.lang.invoke.InvokerBytecodeGenerator::emitStaticInvoke (258 bytes)
Event: 8.931 Thread 0x000001d3ff5c61a0 nmethod 2468 0x000001d3ea593410 code [0x000001d3ea593720, 0x000001d3ea5946a8]
Event: 8.931 Thread 0x000001d3ff5c61a0 2469       3       java.lang.invoke.InvokerBytecodeGenerator::refKindOpcode (112 bytes)
Event: 8.932 Thread 0x000001d3ff5c61a0 nmethod 2469 0x000001d3ea594c90 code [0x000001d3ea594ee0, 0x000001d3ea595798]
Event: 8.933 Thread 0x000001d3ff5c61a0 2470       3       sun.nio.fs.WindowsPath::elementAsString (62 bytes)
Event: 8.934 Thread 0x000001d3ff5c61a0 nmethod 2470 0x000001d3ea595a10 code [0x000001d3ea595c20, 0x000001d3ea5960c8]
Event: 8.944 Thread 0x000001d3ff5c61a0 2471       3       java.nio.ByteBuffer::limit (6 bytes)
Event: 8.944 Thread 0x000001d3ff5c61a0 nmethod 2471 0x000001d3ea596410 code [0x000001d3ea5965c0, 0x000001d3ea596788]
Event: 8.952 Thread 0x000001d3ff5c61a0 2472       3       sun.nio.fs.WindowsPathParser::normalize (233 bytes)
Event: 8.955 Thread 0x000001d3ff5c61a0 nmethod 2472 0x000001d3ea596810 code [0x000001d3ea596de0, 0x000001d3ea599a08]
Event: 8.963 Thread 0x000001d3ff5c61a0 2474       3       jdk.internal.org.objectweb.asm.ClassWriter::visit (160 bytes)
Event: 8.964 Thread 0x000001d3ff5c61a0 nmethod 2474 0x000001d3ea59ab10 code [0x000001d3ea59ad40, 0x000001d3ea59b578]
Event: 8.964 Thread 0x000001d3ff5c61a0 2475       3       jdk.internal.org.objectweb.asm.SymbolTable::setMajorVersionAndClassName (19 bytes)
Event: 8.964 Thread 0x000001d3ff5c61a0 nmethod 2475 0x000001d3ea59b990 code [0x000001d3ea59bb40, 0x000001d3ea59bd48]
Event: 8.974 Thread 0x000001d3ff5c61a0 2477       1       jdk.internal.reflect.DelegatingMethodAccessorImpl::setDelegate (6 bytes)
Event: 8.975 Thread 0x000001d3ff5c61a0 nmethod 2477 0x000001d3f1d68e90 code [0x000001d3f1d69020, 0x000001d3f1d69138]

GC Heap History (6 events):
Event: 1.386 GC heap before
{Heap before GC invocations=0 (full 0):
 garbage-first heap   total 96256K, used 26624K [0x0000000080000000, 0x0000000100000000)
  region size 1024K, 23 young (23552K), 0 survivors (0K)
 Metaspace       used 2065K, committed 2240K, reserved 491520K
  class space    used 217K, committed 320K, reserved 425984K
}
Event: 1.405 GC heap after
{Heap after GC invocations=1 (full 0):
 garbage-first heap   total 96256K, used 10812K [0x0000000080000000, 0x0000000100000000)
  region size 1024K, 3 young (3072K), 3 survivors (3072K)
 Metaspace       used 2065K, committed 2240K, reserved 491520K
  class space    used 217K, committed 320K, reserved 425984K
}
Event: 3.091 GC heap before
{Heap before GC invocations=1 (full 0):
 garbage-first heap   total 96256K, used 36412K [0x0000000080000000, 0x0000000100000000)
  region size 1024K, 28 young (28672K), 3 survivors (3072K)
 Metaspace       used 4090K, committed 4288K, reserved 491520K
  class space    used 503K, committed 640K, reserved 425984K
}
Event: 3.101 GC heap after
{Heap after GC invocations=2 (full 0):
 garbage-first heap   total 96256K, used 12262K [0x0000000080000000, 0x0000000100000000)
  region size 1024K, 2 young (2048K), 2 survivors (2048K)
 Metaspace       used 4090K, committed 4288K, reserved 491520K
  class space    used 503K, committed 640K, reserved 425984K
}
Event: 5.147 GC heap before
{Heap before GC invocations=2 (full 0):
 garbage-first heap   total 96256K, used 58342K [0x0000000080000000, 0x0000000100000000)
  region size 1024K, 45 young (46080K), 2 survivors (2048K)
 Metaspace       used 7763K, committed 8000K, reserved 491520K
  class space    used 1049K, committed 1152K, reserved 425984K
}
Event: 5.162 GC heap after
{Heap after GC invocations=3 (full 0):
 garbage-first heap   total 96256K, used 18813K [0x0000000080000000, 0x0000000100000000)
  region size 1024K, 6 young (6144K), 6 survivors (6144K)
 Metaspace       used 7763K, committed 8000K, reserved 491520K
  class space    used 1049K, committed 1152K, reserved 425984K
}

Dll operation events (15 events):
Event: 0.015 Loaded shared library C:\Program Files\Microsoft\jdk-17.0.12.7-hotspot\bin\java.dll
Event: 0.061 Loaded shared library C:\Program Files\Microsoft\jdk-17.0.12.7-hotspot\bin\jsvml.dll
Event: 0.145 Loaded shared library C:\Program Files\Microsoft\jdk-17.0.12.7-hotspot\bin\zip.dll
Event: 0.151 Loaded shared library C:\Program Files\Microsoft\jdk-17.0.12.7-hotspot\bin\instrument.dll
Event: 0.159 Loaded shared library C:\Program Files\Microsoft\jdk-17.0.12.7-hotspot\bin\net.dll
Event: 0.163 Loaded shared library C:\Program Files\Microsoft\jdk-17.0.12.7-hotspot\bin\nio.dll
Event: 0.170 Loaded shared library C:\Program Files\Microsoft\jdk-17.0.12.7-hotspot\bin\zip.dll
Event: 0.785 Loaded shared library C:\Program Files\Microsoft\jdk-17.0.12.7-hotspot\bin\jimage.dll
Event: 1.042 Loaded shared library C:\Program Files\Microsoft\jdk-17.0.12.7-hotspot\bin\verify.dll
Event: 1.483 Loaded shared library C:\Users\moham\.gradle\native\c067742578af261105cb4f569cf0c3c89f3d7b1fecec35dd04571415982c5e48\windows-amd64\native-platform.dll
Event: 1.507 Loaded shared library C:\Users\moham\.gradle\native\100fb08df4bc3b14c8652ba06237920a3bd2aa13389f12d3474272988ae205f9\windows-amd64\native-platform-file-events.dll
Event: 4.749 Loaded shared library C:\Program Files\Microsoft\jdk-17.0.12.7-hotspot\bin\management.dll
Event: 4.754 Loaded shared library C:\Program Files\Microsoft\jdk-17.0.12.7-hotspot\bin\management_ext.dll
Event: 5.208 Loaded shared library C:\Program Files\Microsoft\jdk-17.0.12.7-hotspot\bin\extnet.dll
Event: 5.806 Loaded shared library C:\Program Files\Microsoft\jdk-17.0.12.7-hotspot\bin\sunmscapi.dll

Deoptimization events (20 events):
Event: 6.474 Thread 0x000001d3a1a0ad40 Uncommon trap: trap_request=0xffffff45 fr.pc=0x000001d3f1c80304 relative=0x0000000000000244
Event: 6.474 Thread 0x000001d3a1a0ad40 Uncommon trap: reason=unstable_if action=reinterpret pc=0x000001d3f1c80304 method=java.util.HashMap.getNode(Ljava/lang/Object;)Ljava/util/HashMap$Node; @ 66 c2
Event: 6.474 Thread 0x000001d3a1a0ad40 DEOPT PACKING pc=0x000001d3f1c80304 sp=0x000000b8288fc250
Event: 6.474 Thread 0x000001d3a1a0ad40 DEOPT UNPACKING pc=0x000001d3f15469a3 sp=0x000000b8288fc1d0 mode 2
Event: 6.505 Thread 0x000001d3a1a0ad40 Uncommon trap: trap_request=0xffffff45 fr.pc=0x000001d3f1cf66e8 relative=0x0000000000000248
Event: 6.505 Thread 0x000001d3a1a0ad40 Uncommon trap: reason=unstable_if action=reinterpret pc=0x000001d3f1cf66e8 method=java.util.concurrent.ConcurrentHashMap.get(Ljava/lang/Object;)Ljava/lang/Object; @ 76 c2
Event: 6.505 Thread 0x000001d3a1a0ad40 DEOPT PACKING pc=0x000001d3f1cf66e8 sp=0x000000b8288fb730
Event: 6.506 Thread 0x000001d3a1a0ad40 DEOPT UNPACKING pc=0x000001d3f15469a3 sp=0x000000b8288fb698 mode 2
Event: 8.776 Thread 0x000001d3a1a0ad40 Uncommon trap: trap_request=0xffffff45 fr.pc=0x000001d3f1c5e4cc relative=0x00000000000001ac
Event: 8.776 Thread 0x000001d3a1a0ad40 Uncommon trap: reason=unstable_if action=reinterpret pc=0x000001d3f1c5e4cc method=java.util.regex.Matcher.reset()Ljava/util/regex/Matcher; @ 47 c2
Event: 8.776 Thread 0x000001d3a1a0ad40 DEOPT PACKING pc=0x000001d3f1c5e4cc sp=0x000000b8288faa90
Event: 8.776 Thread 0x000001d3a1a0ad40 DEOPT UNPACKING pc=0x000001d3f15469a3 sp=0x000000b8288faa20 mode 2
Event: 8.933 Thread 0x000001d3a1a0ad40 Uncommon trap: trap_request=0xffffff45 fr.pc=0x000001d3f1c62090 relative=0x0000000000000a90
Event: 8.933 Thread 0x000001d3a1a0ad40 Uncommon trap: reason=unstable_if action=reinterpret pc=0x000001d3f1c62090 method=java.io.WinNTFileSystem.resolve(Ljava/lang/String;Ljava/lang/String;)Ljava/lang/String; @ 19 c2
Event: 8.933 Thread 0x000001d3a1a0ad40 DEOPT PACKING pc=0x000001d3f1c62090 sp=0x000000b8288fb5e0
Event: 8.933 Thread 0x000001d3a1a0ad40 DEOPT UNPACKING pc=0x000001d3f15469a3 sp=0x000000b8288fb588 mode 2
Event: 8.936 Thread 0x000001d3a1a0ad40 Uncommon trap: trap_request=0xffffff45 fr.pc=0x000001d3f1ccc79c relative=0x00000000000005dc
Event: 8.936 Thread 0x000001d3a1a0ad40 Uncommon trap: reason=unstable_if action=reinterpret pc=0x000001d3f1ccc79c method=java.io.File.getName()Ljava/lang/String; @ 16 c2
Event: 8.936 Thread 0x000001d3a1a0ad40 DEOPT PACKING pc=0x000001d3f1ccc79c sp=0x000000b8288fb580
Event: 8.936 Thread 0x000001d3a1a0ad40 DEOPT UNPACKING pc=0x000001d3f15469a3 sp=0x000000b8288fb550 mode 2

Classes loaded (20 events):
Event: 8.897 Loading class sun/security/provider/SHA5$SHA512
Event: 8.897 Loading class sun/security/provider/SHA5
Event: 8.898 Loading class sun/security/provider/SHA5 done
Event: 8.898 Loading class sun/security/provider/SHA5$SHA512 done
Event: 8.899 Loading class sun/security/provider/ByteArrayAccess$LE
Event: 8.900 Loading class sun/security/provider/ByteArrayAccess$LE done
Event: 8.935 Loading class java/io/File$TempDirectory
Event: 8.935 Loading class java/io/File$TempDirectory done
Event: 8.941 Loading class java/io/PrintWriter
Event: 8.942 Loading class java/io/PrintWriter done
Event: 8.942 Loading class sun/nio/cs/UTF_8$Encoder
Event: 8.943 Loading class sun/nio/cs/UTF_8$Encoder done
Event: 8.954 Loading class java/util/zip/CheckedInputStream
Event: 8.955 Loading class java/util/zip/CheckedInputStream done
Event: 8.956 Loading class java/io/FilenameFilter
Event: 8.956 Loading class java/io/FilenameFilter done
Event: 8.957 Loading class java/nio/file/PathMatcher
Event: 8.957 Loading class java/nio/file/PathMatcher done
Event: 8.957 Loading class java/nio/file/FileVisitor
Event: 8.957 Loading class java/nio/file/FileVisitor done

Classes unloaded (0 events):
No events

Classes redefined (0 events):
No events

Internal exceptions (20 events):
Event: 5.164 Thread 0x000001d3e2575b10 Exception <a 'java/lang/NoSuchMethodError'{0x0000000085d00d10}: 'java.lang.Object java.lang.invoke.DirectMethodHandle$Holder.invokeStaticInit(java.lang.Object, java.lang.Object, int, int, int, int)'> (0x0000000085d00d10) 
thrown [s\src\hotspot\share\interpreter\linkResolver.cpp, line 759]
Event: 5.638 Thread 0x000001d3e2575b10 Exception <a 'java/lang/NoSuchMethodError'{0x0000000085b11d08}: 'void java.lang.invoke.DirectMethodHandle$Holder.invokeStatic(java.lang.Object, java.lang.Object, java.lang.Object)'> (0x0000000085b11d08) 
thrown [s\src\hotspot\share\interpreter\linkResolver.cpp, line 759]
Event: 5.676 Thread 0x000001d3e2575b10 Exception <a 'java/io/IOException'{0x0000000085bdb0a8}> (0x0000000085bdb0a8) 
thrown [s\src\hotspot\share\prims\jni.cpp, line 516]
Event: 5.685 Thread 0x000001d3e2575b10 Implicit null exception at 0x000001d3f1c885d5 to 0x000001d3f1c88b84
Event: 6.139 Thread 0x000001d3a1a0ad40 Exception <a 'java/lang/NoSuchMethodError'{0x000000008530a070}: 'void java.lang.invoke.DirectMethodHandle$Holder.invokeSpecial(java.lang.Object, java.lang.Object, java.lang.Object)'> (0x000000008530a070) 
thrown [s\src\hotspot\share\interpreter\linkResolver.cpp, line 759]
Event: 6.183 Thread 0x000001d3a1a0ad40 Exception <a 'java/lang/NoSuchMethodError'{0x00000000853d2440}: 'long java.lang.invoke.DirectMethodHandle$Holder.invokeInterface(java.lang.Object, java.lang.Object)'> (0x00000000853d2440) 
thrown [s\src\hotspot\share\interpreter\linkResolver.cpp, line 759]
Event: 6.360 Thread 0x000001d3a1a0ad40 Exception <a 'java/lang/NoSuchMethodError'{0x0000000084e22250}: 'void java.lang.invoke.DirectMethodHandle$Holder.invokeStatic(java.lang.Object, java.lang.Object)'> (0x0000000084e22250) 
thrown [s\src\hotspot\share\interpreter\linkResolver.cpp, line 759]
Event: 6.496 Thread 0x000001d3a1a0ad40 Exception <a 'java/lang/NoSuchMethodError'{0x0000000084de1308}: 'java.lang.Object java.lang.invoke.DirectMethodHandle$Holder.newInvokeSpecial(java.lang.Object, java.lang.Object, java.lang.Object, java.lang.Object, java.lang.Object)'> (0x0000000084de1308) 
thrown [s\src\hotspot\share\interpreter\linkResolver.cpp, line 759]
Event: 6.578 Thread 0x000001d3a1a0ad40 Exception <a 'java/lang/NoSuchMethodError'{0x0000000084ac1978}: 'java.lang.Object java.lang.invoke.DirectMethodHandle$Holder.newInvokeSpecial(java.lang.Object, java.lang.Object, java.lang.Object, java.lang.Object, java.lang.Object, java.lang.Object)'> (0x0000000084ac1978) 
thrown [s\src\hotspot\share\interpreter\linkResolver.cpp, line 759]
Event: 6.582 Thread 0x000001d3a1a0ad40 Exception <a 'java/lang/NoSuchMethodError'{0x0000000084ad9f78}: 'void java.lang.invoke.DirectMethodHandle$Holder.invokeSpecial(java.lang.Object, java.lang.Object, java.lang.Object, java.lang.Object, java.lang.Object)'> (0x0000000084ad9f78) 
thrown [s\src\hotspot\share\interpreter\linkResolver.cpp, line 759]
Event: 6.584 Thread 0x000001d3a1a0ad40 Exception <a 'java/lang/NoSuchMethodError'{0x0000000084aee980}: 'void java.lang.invoke.DirectMethodHandle$Holder.invokeStaticInit(java.lang.Object, java.lang.Object)'> (0x0000000084aee980) 
thrown [s\src\hotspot\share\interpreter\linkResolver.cpp, line 759]
Event: 6.694 Thread 0x000001d3a1a0ad40 Exception <a 'java/lang/NoSuchMethodError'{0x00000000847cb078}: 'void java.lang.invoke.DelegatingMethodHandle$Holder.reinvoke_L(java.lang.Object, java.lang.Object, java.lang.Object, java.lang.Object, java.lang.Object, java.lang.Object, java.lang.Object, java.lang.Object, java.lang.Object, java.lang.Object)'> (0x00000000847cb078) 
thrown [s\src\hotspot\share\interpreter\linkResolver.cpp, line 759]
Event: 6.696 Thread 0x000001d3a1a0ad40 Exception <a 'java/lang/NoSuchMethodError'{0x00000000847d3628}: 'java.lang.Object java.lang.invoke.DirectMethodHandle$Holder.invokeSpecial(java.lang.Object, java.lang.Object, java.lang.Object, java.lang.Object, java.lang.Object, java.lang.Object, java.lang.Object, java.lang.Object, java.lang.Object, java.lang.Object)'> (0x00000000847d3628) 
thrown [s\src\hotspot\share\interpreter\linkResolver.cpp, line 759]
Event: 6.697 Thread 0x000001d3a1a0ad40 Exception <a 'java/lang/NoSuchMethodError'{0x00000000847d7ef8}: 'java.lang.Object java.lang.invoke.Invokers$Holder.invoker(java.lang.Object, java.lang.Object, java.lang.Object, java.lang.Object, java.lang.Object, java.lang.Object, java.lang.Object, java.lang.Object, java.lang.Object, java.lang.Object)'> (0x00000000847d7ef8) 
thrown [s\src\hotspot\share\interpreter\linkResolver.cpp, line 759]
Event: 6.697 Thread 0x000001d3a1a0ad40 Exception <a 'java/lang/NoSuchMethodError'{0x00000000847dddd8}: 'java.lang.Object java.lang.invoke.DirectMethodHandle$Holder.invokeSpecial(java.lang.Object, java.lang.Object, java.lang.Object, java.lang.Object, java.lang.Object, java.lang.Object, java.lang.Object, java.lang.Object, java.lang.Object, java.lang.Object, java.lang.Object)'> (0x00000000847dddd8) 
thrown [s\src\hotspot\share\interpreter\linkResolver.cpp, line 759]
Event: 7.020 Thread 0x000001d3a1a0ad40 Exception <a 'java/lang/NoSuchMethodError'{0x00000000841d0cc0}: 'void java.lang.invoke.DirectMethodHandle$Holder.invokeStaticInit(java.lang.Object)'> (0x00000000841d0cc0) 
thrown [s\src\hotspot\share\interpreter\linkResolver.cpp, line 759]
Event: 7.063 Thread 0x000001d3a1a0ad40 Exception <a 'java/lang/NoSuchMethodError'{0x0000000084083a78}: 'java.lang.Object java.lang.invoke.DirectMethodHandle$Holder.newInvokeSpecial(java.lang.Object, java.lang.Object, java.lang.Object, int)'> (0x0000000084083a78) 
thrown [s\src\hotspot\share\interpreter\linkResolver.cpp, line 759]
Event: 7.065 Thread 0x000001d3a1a0ad40 Exception <a 'java/lang/NoSuchMethodError'{0x00000000840883a8}: 'java.lang.Object java.lang.invoke.DirectMethodHandle$Holder.invokeSpecial(java.lang.Object, java.lang.Object, java.lang.Object, java.lang.Object, int)'> (0x00000000840883a8) 
thrown [s\src\hotspot\share\interpreter\linkResolver.cpp, line 759]
Event: 7.066 Thread 0x000001d3a1a0ad40 Exception <a 'java/lang/NoSuchMethodError'{0x000000008408c4c0}: 'java.lang.Object java.lang.invoke.Invokers$Holder.linkToTargetMethod(java.lang.Object, java.lang.Object, int, java.lang.Object)'> (0x000000008408c4c0) 
thrown [s\src\hotspot\share\interpreter\linkResolver.cpp, line 759]
Event: 8.963 Thread 0x000001d3a1a0ad40 Exception <a 'java/lang/NoSuchMethodError'{0x0000000083be8568}: 'int java.lang.invoke.DirectMethodHandle$Holder.invokeVirtual(java.lang.Object, java.lang.Object, java.lang.Object)'> (0x0000000083be8568) 
thrown [s\src\hotspot\share\interpreter\linkResolver.cpp, line 759]

VM Operations (20 events):
Event: 5.135 Executing VM operation: Cleanup
Event: 5.135 Executing VM operation: Cleanup done
Event: 5.147 Executing VM operation: G1CollectForAllocation
Event: 5.162 Executing VM operation: G1CollectForAllocation done
Event: 5.635 Executing VM operation: HandshakeAllThreads
Event: 5.635 Executing VM operation: HandshakeAllThreads done
Event: 5.762 Executing VM operation: HandshakeAllThreads
Event: 5.763 Executing VM operation: HandshakeAllThreads done
Event: 6.632 Executing VM operation: HandshakeAllThreads
Event: 6.632 Executing VM operation: HandshakeAllThreads done
Event: 6.632 Executing VM operation: Cleanup
Event: 6.632 Executing VM operation: Cleanup done
Event: 7.637 Executing VM operation: Cleanup
Event: 7.637 Executing VM operation: Cleanup done
Event: 8.943 Executing VM operation: HandshakeAllThreads
Event: 8.943 Executing VM operation: HandshakeAllThreads done
Event: 8.943 Executing VM operation: Cleanup
Event: 8.943 Executing VM operation: Cleanup done
Event: 8.944 Executing VM operation: HandshakeAllThreads
Event: 8.944 Executing VM operation: HandshakeAllThreads done

Events (20 events):
Event: 0.082 Thread 0x000001d3ff5bd350 Thread added: 0x000001d3ff5bd350
Event: 0.082 Thread 0x000001d3ff5c1040 Thread added: 0x000001d3ff5c1040
Event: 0.082 Thread 0x000001d3ff5c3c70 Thread added: 0x000001d3ff5c3c70
Event: 0.083 Thread 0x000001d3ff5c61a0 Thread added: 0x000001d3ff5c61a0
Event: 0.083 Thread 0x000001d3ff5c66c0 Thread added: 0x000001d3ff5c66c0
Event: 0.112 Thread 0x000001d3ff6902e0 Thread added: 0x000001d3ff6902e0
Event: 0.202 Thread 0x000001d3ff7cd710 Thread added: 0x000001d3ff7cd710
Event: 4.830 Thread 0x000001d3a1f818c0 Thread added: 0x000001d3a1f818c0
Event: 5.575 Thread 0x000001d3ff6483e0 Thread added: 0x000001d3ff6483e0
Event: 5.700 Thread 0x000001d3a17f6a30 Thread added: 0x000001d3a17f6a30
Event: 5.863 Thread 0x000001d3a1090f60 Thread added: 0x000001d3a1090f60
Event: 5.872 Thread 0x000001d3a17074b0 Thread added: 0x000001d3a17074b0
Event: 6.002 Thread 0x000001d3a1141840 Thread added: 0x000001d3a1141840
Event: 6.031 Thread 0x000001d3a1a0ad40 Thread added: 0x000001d3a1a0ad40
Event: 6.073 Thread 0x000001d3ff770b30 Thread added: 0x000001d3ff770b30
Event: 6.083 Thread 0x000001d3ff76e7c0 Thread added: 0x000001d3ff76e7c0
Event: 6.087 Thread 0x000001d3ff770620 Thread added: 0x000001d3ff770620
Event: 7.058 Thread 0x000001d3ff76f6f0 Thread added: 0x000001d3ff76f6f0
Event: 7.090 Thread 0x000001d3ff76f1e0 Thread added: 0x000001d3ff76f1e0
Event: 8.799 Thread 0x000001d3ff76fc00 Thread added: 0x000001d3ff76fc00


Dynamic libraries:
0x00007ff7b4830000 - 0x00007ff7b483e000 	C:\Program Files\Microsoft\jdk-17.0.12.7-hotspot\bin\java.exe
0x00007ffc82190000 - 0x00007ffc823a7000 	C:\Windows\SYSTEM32\ntdll.dll
0x00007ffc80ba0000 - 0x00007ffc80c64000 	C:\Windows\System32\KERNEL32.DLL
0x00007ffc7f900000 - 0x00007ffc7fca6000 	C:\Windows\System32\KERNELBASE.dll
0x00007ffc7fdc0000 - 0x00007ffc7fed1000 	C:\Windows\System32\ucrtbase.dll
0x00007ffc2f4a0000 - 0x00007ffc2f4b7000 	C:\Program Files\Microsoft\jdk-17.0.12.7-hotspot\bin\jli.dll
0x00007ffc2f4c0000 - 0x00007ffc2f4dd000 	C:\Program Files\Microsoft\jdk-17.0.12.7-hotspot\bin\VCRUNTIME140.dll
0x00007ffc810b0000 - 0x00007ffc8125e000 	C:\Windows\System32\USER32.dll
0x00007ffc7f5c0000 - 0x00007ffc7f5e6000 	C:\Windows\System32\win32u.dll
0x00007ffc6bdb0000 - 0x00007ffc6c043000 	C:\Windows\WinSxS\amd64_microsoft.windows.common-controls_6595b64144ccf1df_6.0.22621.2506_none_270c5ae97388e100\COMCTL32.dll
0x00007ffc7ff80000 - 0x00007ffc7ffa9000 	C:\Windows\System32\GDI32.dll
0x00007ffc80f00000 - 0x00007ffc80fa7000 	C:\Windows\System32\msvcrt.dll
0x00007ffc7f7e0000 - 0x00007ffc7f8f8000 	C:\Windows\System32\gdi32full.dll
0x00007ffc7fd20000 - 0x00007ffc7fdba000 	C:\Windows\System32\msvcp_win.dll
0x00007ffc7ff40000 - 0x00007ffc7ff71000 	C:\Windows\System32\IMM32.DLL
0x00007ffc54600000 - 0x00007ffc5460c000 	C:\Program Files\Microsoft\jdk-17.0.12.7-hotspot\bin\vcruntime140_1.dll
0x00007ffc2f410000 - 0x00007ffc2f49d000 	C:\Program Files\Microsoft\jdk-17.0.12.7-hotspot\bin\msvcp140.dll
0x00007ffbff550000 - 0x00007ffc001c0000 	C:\Program Files\Microsoft\jdk-17.0.12.7-hotspot\bin\server\jvm.dll
0x00007ffc82090000 - 0x00007ffc82141000 	C:\Windows\System32\ADVAPI32.dll
0x00007ffc80c90000 - 0x00007ffc80d35000 	C:\Windows\System32\sechost.dll
0x00007ffc80d70000 - 0x00007ffc80e87000 	C:\Windows\System32\RPCRT4.dll
0x00007ffc81f60000 - 0x00007ffc81fd1000 	C:\Windows\System32\WS2_32.dll
0x00007ffc76660000 - 0x00007ffc7666a000 	C:\Windows\SYSTEM32\VERSION.dll
0x00007ffc7f3d0000 - 0x00007ffc7f41d000 	C:\Windows\SYSTEM32\POWRPROF.dll
0x00007ffc76800000 - 0x00007ffc76834000 	C:\Windows\SYSTEM32\WINMM.dll
0x00007ffc7f300000 - 0x00007ffc7f313000 	C:\Windows\SYSTEM32\UMPDC.dll
0x00007ffc7e500000 - 0x00007ffc7e518000 	C:\Windows\SYSTEM32\kernel.appcore.dll
0x00007ffc4c100000 - 0x00007ffc4c10a000 	C:\Program Files\Microsoft\jdk-17.0.12.7-hotspot\bin\jimage.dll
0x00007ffc7ced0000 - 0x00007ffc7d103000 	C:\Windows\SYSTEM32\DBGHELP.DLL
0x00007ffc81b50000 - 0x00007ffc81ed9000 	C:\Windows\System32\combase.dll
0x00007ffc80170000 - 0x00007ffc80247000 	C:\Windows\System32\OLEAUT32.dll
0x00007ffc6c180000 - 0x00007ffc6c1b2000 	C:\Windows\SYSTEM32\dbgcore.DLL
0x00007ffc7f760000 - 0x00007ffc7f7da000 	C:\Windows\System32\bcryptPrimitives.dll
0x00007ffc4d910000 - 0x00007ffc4d91e000 	C:\Program Files\Microsoft\jdk-17.0.12.7-hotspot\bin\instrument.dll
0x00007ffc2f3e0000 - 0x00007ffc2f405000 	C:\Program Files\Microsoft\jdk-17.0.12.7-hotspot\bin\java.dll
0x00007ffc131f0000 - 0x00007ffc132c7000 	C:\Program Files\Microsoft\jdk-17.0.12.7-hotspot\bin\jsvml.dll
0x00007ffc81260000 - 0x00007ffc81aba000 	C:\Windows\System32\SHELL32.dll
0x00007ffc7d420000 - 0x00007ffc7dd16000 	C:\Windows\SYSTEM32\windows.storage.dll
0x00007ffc7d2e0000 - 0x00007ffc7d41e000 	C:\Windows\SYSTEM32\wintypes.dll
0x00007ffc80fb0000 - 0x00007ffc810a3000 	C:\Windows\System32\SHCORE.dll
0x00007ffc7fee0000 - 0x00007ffc7ff3e000 	C:\Windows\System32\shlwapi.dll
0x00007ffc7f430000 - 0x00007ffc7f456000 	C:\Windows\SYSTEM32\profapi.dll
0x00007ffc15000000 - 0x00007ffc15018000 	C:\Program Files\Microsoft\jdk-17.0.12.7-hotspot\bin\zip.dll
0x00007ffc2f320000 - 0x00007ffc2f33a000 	C:\Program Files\Microsoft\jdk-17.0.12.7-hotspot\bin\net.dll
0x00007ffc77c70000 - 0x00007ffc77da7000 	C:\Windows\SYSTEM32\WINHTTP.dll
0x00007ffc7e980000 - 0x00007ffc7e9e9000 	C:\Windows\system32\mswsock.dll
0x00007ffc2f3c0000 - 0x00007ffc2f3d6000 	C:\Program Files\Microsoft\jdk-17.0.12.7-hotspot\bin\nio.dll
0x00007ffc4dea0000 - 0x00007ffc4deb0000 	C:\Program Files\Microsoft\jdk-17.0.12.7-hotspot\bin\verify.dll
0x00007ffc57760000 - 0x00007ffc57787000 	C:\Users\moham\.gradle\native\c067742578af261105cb4f569cf0c3c89f3d7b1fecec35dd04571415982c5e48\windows-amd64\native-platform.dll
0x00007ffc2d1a0000 - 0x00007ffc2d2e4000 	C:\Users\moham\.gradle\native\100fb08df4bc3b14c8652ba06237920a3bd2aa13389f12d3474272988ae205f9\windows-amd64\native-platform-file-events.dll
0x00007ffc4acf0000 - 0x00007ffc4acfa000 	C:\Program Files\Microsoft\jdk-17.0.12.7-hotspot\bin\management.dll
0x00007ffc48670000 - 0x00007ffc4867b000 	C:\Program Files\Microsoft\jdk-17.0.12.7-hotspot\bin\management_ext.dll
0x00007ffc80820000 - 0x00007ffc80828000 	C:\Windows\System32\PSAPI.DLL
0x00007ffc7ebd0000 - 0x00007ffc7ebeb000 	C:\Windows\SYSTEM32\CRYPTSP.dll
0x00007ffc7e460000 - 0x00007ffc7e495000 	C:\Windows\system32\rsaenh.dll
0x00007ffc7ea70000 - 0x00007ffc7ea9c000 	C:\Windows\SYSTEM32\USERENV.dll
0x00007ffc7edc0000 - 0x00007ffc7ede8000 	C:\Windows\SYSTEM32\bcrypt.dll
0x00007ffc7ebf0000 - 0x00007ffc7ebfc000 	C:\Windows\SYSTEM32\CRYPTBASE.dll
0x00007ffc7df80000 - 0x00007ffc7dfad000 	C:\Windows\SYSTEM32\IPHLPAPI.DLL
0x00007ffc80d60000 - 0x00007ffc80d69000 	C:\Windows\System32\NSI.dll
0x00007ffc785a0000 - 0x00007ffc785b9000 	C:\Windows\SYSTEM32\dhcpcsvc6.DLL
0x00007ffc78160000 - 0x00007ffc7817f000 	C:\Windows\SYSTEM32\dhcpcsvc.DLL
0x00007ffc7dff0000 - 0x00007ffc7e0e9000 	C:\Windows\SYSTEM32\DNSAPI.dll
0x00007ffc46ed0000 - 0x00007ffc46ed9000 	C:\Program Files\Microsoft\jdk-17.0.12.7-hotspot\bin\extnet.dll
0x00007ffc473d0000 - 0x00007ffc473de000 	C:\Program Files\Microsoft\jdk-17.0.12.7-hotspot\bin\sunmscapi.dll
0x00007ffc7f5f0000 - 0x00007ffc7f756000 	C:\Windows\System32\CRYPT32.dll
0x00007ffc7ed90000 - 0x00007ffc7edbd000 	C:\Windows\SYSTEM32\ncrypt.dll
0x00007ffc7ed50000 - 0x00007ffc7ed87000 	C:\Windows\SYSTEM32\NTASN1.dll
0x00007ffc41590000 - 0x00007ffc41598000 	C:\Windows\system32\wshunix.dll

dbghelp: loaded successfully - version: 4.0.5 - missing functions: none
symbol engine: initialized successfully - sym options: 0x614 - pdb path: .;C:\Program Files\Microsoft\jdk-17.0.12.7-hotspot\bin;C:\Windows\SYSTEM32;C:\Windows\WinSxS\amd64_microsoft.windows.common-controls_6595b64144ccf1df_6.0.22621.2506_none_270c5ae97388e100;C:\Program Files\Microsoft\jdk-17.0.12.7-hotspot\bin\server;C:\Users\moham\.gradle\native\c067742578af261105cb4f569cf0c3c89f3d7b1fecec35dd04571415982c5e48\windows-amd64;C:\Users\moham\.gradle\native\100fb08df4bc3b14c8652ba06237920a3bd2aa13389f12d3474272988ae205f9\windows-amd64

VM Arguments:
jvm_args: -XX:MaxMetaspaceSize=512m --add-opens=java.base/java.util=ALL-UNNAMED --add-opens=java.base/java.lang=ALL-UNNAMED --add-opens=java.base/java.lang.invoke=ALL-UNNAMED --add-opens=java.prefs/java.util.prefs=ALL-UNNAMED --add-opens=java.base/java.nio.charset=ALL-UNNAMED --add-opens=java.base/java.net=ALL-UNNAMED --add-opens=java.base/java.util.concurrent.atomic=ALL-UNNAMED -Xmx2048m -Dfile.encoding=windows-1252 -Duser.country=US -Duser.language=en -Duser.variant -javaagent:C:\Users\moham\.gradle\wrapper\dists\gradle-8.8-all\6gdy1pgp427xkqcjbxw3ylt6h\gradle-8.8\lib\agents\gradle-instrumentation-agent-8.8.jar 
java_command: org.gradle.launcher.daemon.bootstrap.GradleDaemon 8.8
java_class_path (initial): C:\Users\moham\.gradle\wrapper\dists\gradle-8.8-all\6gdy1pgp427xkqcjbxw3ylt6h\gradle-8.8\lib\gradle-launcher-8.8.jar
Launcher Type: SUN_STANDARD

[Global flags]
     intx CICompilerCount                          = 12                                        {product} {ergonomic}
   size_t CompressedClassSpaceSize                 = 436207616                                 {product} {ergonomic}
     uint ConcGCThreads                            = 3                                         {product} {ergonomic}
     uint G1ConcRefinementThreads                  = 13                                        {product} {ergonomic}
   size_t G1HeapRegionSize                         = 1048576                                   {product} {ergonomic}
    uintx GCDrainStackTargetSize                   = 64                                        {product} {ergonomic}
   size_t InitialHeapSize                          = 98566144                                  {product} {ergonomic}
   size_t MarkStackSize                            = 4194304                                   {product} {ergonomic}
   size_t MaxHeapSize                              = 2147483648                                {product} {command line}
   size_t MaxMetaspaceSize                         = 536870912                                 {product} {command line}
   size_t MaxNewSize                               = 1287651328                                {product} {ergonomic}
   size_t MinHeapDeltaBytes                        = 1048576                                   {product} {ergonomic}
   size_t MinHeapSize                              = 8388608                                   {product} {ergonomic}
    uintx NonNMethodCodeHeapSize                   = 7602480                                {pd product} {ergonomic}
    uintx NonProfiledCodeHeapSize                  = 122027880                              {pd product} {ergonomic}
    uintx ProfiledCodeHeapSize                     = 122027880                              {pd product} {ergonomic}
    uintx ReservedCodeCacheSize                    = 251658240                              {pd product} {ergonomic}
     bool SegmentedCodeCache                       = true                                      {product} {ergonomic}
   size_t SoftMaxHeapSize                          = 2147483648                             {manageable} {ergonomic}
     bool UseCompressedClassPointers               = true                           {product lp64_product} {ergonomic}
     bool UseCompressedOops                        = true                           {product lp64_product} {ergonomic}
     bool UseG1GC                                  = true                                      {product} {ergonomic}
     bool UseLargePagesIndividualAllocation        = false                                  {pd product} {ergonomic}

Logging:
Log output configuration:
 #0: stdout all=warning uptime,level,tags
 #1: stderr all=off uptime,level,tags

Environment Variables:
JAVA_HOME=C:\Program Files\Microsoft\jdk-17.0.12.7-hotspot\
CLASSPATH=D:\Klass-ride-main\Klass-ride-main\android\\gradle\wrapper\gradle-wrapper.jar
PATH=D:\Klass-ride-main\Klass-ride-main\node_modules\.bin;D:\Klass-ride-main\Klass-ride-main\node_modules\.bin;D:\Klass-ride-main\node_modules\.bin;D:\node_modules\.bin;C:\Users\moham\AppData\Roaming\npm\node_modules\npm\node_modules\@npmcli\run-script\lib\node-gyp-bin;C:\Program Files\Microsoft\jdk-17.0.12.7-hotspot\bin;C:\Windows\system32;C:\Windows;C:\Windows\System32\Wbem;C:\Windows\System32\WindowsPowerShell\v1.0\;C:\Windows\System32\OpenSSH\;C:\ProgramData\chocolatey\bin;C:\Program Files\nodejs\;C:\Program Files\Git\cmd;C:\Users\moham\AppData\Local\Android\Sdk\tools;C:\Users\moham\AppData\Local\Microsoft\WindowsApps;C:\Users\moham\AppData\Local\Programs\Microsoft VS Code\bin;C:\Users\moham\AppData\Roaming\npm;;C:\Users\moham\AppData\Local\Android\Sdk\platform-tools;
USERNAME=moham
LANG=en_US.UTF-8
OS=Windows_NT
PROCESSOR_IDENTIFIER=AMD64 Family 23 Model 104 Stepping 1, AuthenticAMD
TMP=C:\Users\moham\AppData\Local\Temp
TEMP=C:\Users\moham\AppData\Local\Temp



Periodic native trim disabled


---------------  S Y S T E M  ---------------

OS:
 Windows 11 , 64 bit Build 22621 (10.0.22621.2506)
OS uptime: 22 days 3:57 hours

CPU: total 16 (initial active 16) (16 cores per cpu, 2 threads per core) family 23 model 104 stepping 1 microcode 0x0, cx8, cmov, fxsr, ht, mmx, 3dnowpref, sse, sse2, sse3, ssse3, sse4a, sse4.1, sse4.2, popcnt, lzcnt, tsc, tscinvbit, avx, avx2, aes, clmul, bmi1, bmi2, adx, sha, fma, vzeroupper, clflush, clflushopt
Processor Information for the first 16 processors :
  Max Mhz: 1801, Current Mhz: 1801, Mhz Limit: 1801

Memory: 4k page, system-wide physical 5989M (60M free)
TotalPageFile size 24421M (AvailPageFile size 0M)
current process WorkingSet (physical memory assigned to process): 155M, peak: 158M
current process commit charge ("private bytes"): 242M, peak: 245M

vm_info: OpenJDK 64-Bit Server VM (17.0.12+7-LTS) for windows-amd64 JRE (17.0.12+7-LTS), built on Jul 16 2024 18:11:44 by "MicrosoftCorporation" with unknown MS VC++:1939

END.
