#
# There is insufficient memory for the Java Runtime Environment to continue.
# Native memory allocation (malloc) failed to allocate 2026128 bytes. Error detail: Chunk::new
# Possible reasons:
#   The system is out of physical RAM or swap space
#   This process is running with CompressedOops enabled, and the Java Heap may be blocking the growth of the native heap
# Possible solutions:
#   Reduce memory load on the system
#   Increase physical memory or swap space
#   Check if swap backing store is full
#   Decrease Java heap size (-Xmx/-Xms)
#   Decrease number of Java threads
#   Decrease Java thread stack sizes (-Xss)
#   Set larger code cache with -XX:ReservedCodeCacheSize=
#   JVM is running with Unscaled Compressed Oops mode in which the Java heap is
#     placed in the first 4GB address space. The Java Heap base address is the
#     maximum limit for the native heap growth. Please use -XX:HeapBaseMinAddress
#     to set the Java Heap base and to place the Java Heap above 4GB virtual address.
# This output file may be truncated or incomplete.
#
#  Out of Memory Error (arena.cpp:191), pid=21360, tid=24856
#
# JRE version: OpenJDK Runtime Environment Microsoft-9889599 (17.0.12+7) (build 17.0.12+7-LTS)
# Java VM: OpenJDK 64-Bit Server VM Microsoft-9889599 (17.0.12+7-LTS, mixed mode, sharing, tiered, compressed oops, compressed class ptrs, g1 gc, windows-amd64)
# No core dump will be written. Minidumps are not enabled by default on client versions of Windows
#

---------------  S U M M A R Y ------------

Command Line: -XX:MaxMetaspaceSize=512m --add-opens=java.base/java.util=ALL-UNNAMED --add-opens=java.base/java.lang=ALL-UNNAMED --add-opens=java.base/java.lang.invoke=ALL-UNNAMED --add-opens=java.prefs/java.util.prefs=ALL-UNNAMED --add-opens=java.base/java.nio.charset=ALL-UNNAMED --add-opens=java.base/java.net=ALL-UNNAMED --add-opens=java.base/java.util.concurrent.atomic=ALL-UNNAMED -Xmx2048m -Dfile.encoding=windows-1252 -Duser.country=US -Duser.language=en -Duser.variant -javaagent:C:\Users\moham\.gradle\wrapper\dists\gradle-8.8-all\6gdy1pgp427xkqcjbxw3ylt6h\gradle-8.8\lib\agents\gradle-instrumentation-agent-8.8.jar org.gradle.launcher.daemon.bootstrap.GradleDaemon 8.8

Host: AMD Ryzen 7 5700U with Radeon Graphics         , 16 cores, 5G,  Windows 11 , 64 bit Build 22621 (10.0.22621.2506)
Time: Mon Nov  4 20:06:51 2024 India Standard Time elapsed time: 7.228473 seconds (0d 0h 0m 7s)

---------------  T H R E A D  ---------------

Current thread (0x000002a5ffb14910):  JavaThread "C2 CompilerThread0" daemon [_thread_in_native, id=24856, stack(0x000000cee8400000,0x000000cee8500000)]


Current CompileTask:
C2:   7228 5059       4       org.objectweb.asm.Frame::execute (2303 bytes)

Stack: [0x000000cee8400000,0x000000cee8500000]
Native frames: (J=compiled Java code, j=interpreted, Vv=VM code, C=native code)
V  [jvm.dll+0x686d99]
V  [jvm.dll+0x83daf8]
V  [jvm.dll+0x83f5a3]
V  [jvm.dll+0x83fc13]
V  [jvm.dll+0x2492ef]
V  [jvm.dll+0xad0a4]
V  [jvm.dll+0xad73c]
V  [jvm.dll+0x36a44e]
V  [jvm.dll+0x334b83]
V  [jvm.dll+0x33401a]
V  [jvm.dll+0x21a538]
V  [jvm.dll+0x21996f]
V  [jvm.dll+0x1a53e6]
V  [jvm.dll+0x229faa]
V  [jvm.dll+0x2280fb]
V  [jvm.dll+0x7f3508]
V  [jvm.dll+0x7ed87c]
V  [jvm.dll+0x685c77]
C  [ucrtbase.dll+0x29363]
C  [KERNEL32.DLL+0x1257d]
C  [ntdll.dll+0x5aa58]


---------------  P R O C E S S  ---------------

Threads class SMR info:
_java_thread_list=0x000002a5a123c9b0, length=42, elements={
0x000002a5e0b76c10, 0x000002a5ffaf8ed0, 0x000002a5ffaf9c60, 0x000002a5ffb10290,
0x000002a5ffb10b60, 0x000002a5ffb13440, 0x000002a5ffb13d10, 0x000002a5ffb14910,
0x000002a5ffb1d2e0, 0x000002a5ffb23c20, 0x000002a5ffaa83a0, 0x000002a5ffd04c60,
0x000002a59f0d1030, 0x000002a5a0001c60, 0x000002a5a0c58970, 0x000002a5a0c7b040,
0x000002a5a0ddcdd0, 0x000002a5a0ba1940, 0x000002a5a0b8e850, 0x000002a5a0b8e340,
0x000002a5a0b8fc90, 0x000002a5a0b8c4e0, 0x000002a5a0b8f270, 0x000002a5a0b8d920,
0x000002a5a0b8ed60, 0x000002a5a0b8c9f0, 0x000002a5a0b8d410, 0x000002a5a0b8cf00,
0x000002a5a0b8de30, 0x000002a5a1e69970, 0x000002a5a1e68530, 0x000002a5a1e666d0,
0x000002a5a1e63e50, 0x000002a5a15de580, 0x000002a5a1e67b10, 0x000002a5a1e64d80,
0x000002a5a1e6adb0, 0x000002a5a1e68a40, 0x000002a5a1e6a390, 0x000002a5a1e661c0,
0x000002a5a1e6a8a0, 0x000002a5a1e68f50
}

Java Threads: ( => current thread )
  0x000002a5e0b76c10 JavaThread "main" [_thread_blocked, id=24256, stack(0x000000cee7700000,0x000000cee7800000)]
  0x000002a5ffaf8ed0 JavaThread "Reference Handler" daemon [_thread_blocked, id=10196, stack(0x000000cee7e00000,0x000000cee7f00000)]
  0x000002a5ffaf9c60 JavaThread "Finalizer" daemon [_thread_blocked, id=21956, stack(0x000000cee7f00000,0x000000cee8000000)]
  0x000002a5ffb10290 JavaThread "Signal Dispatcher" daemon [_thread_blocked, id=12940, stack(0x000000cee8000000,0x000000cee8100000)]
  0x000002a5ffb10b60 JavaThread "Attach Listener" daemon [_thread_blocked, id=11556, stack(0x000000cee8100000,0x000000cee8200000)]
  0x000002a5ffb13440 JavaThread "Service Thread" daemon [_thread_blocked, id=10704, stack(0x000000cee8200000,0x000000cee8300000)]
  0x000002a5ffb13d10 JavaThread "Monitor Deflation Thread" daemon [_thread_blocked, id=24960, stack(0x000000cee8300000,0x000000cee8400000)]
=>0x000002a5ffb14910 JavaThread "C2 CompilerThread0" daemon [_thread_in_native, id=24856, stack(0x000000cee8400000,0x000000cee8500000)]
  0x000002a5ffb1d2e0 JavaThread "C1 CompilerThread0" daemon [_thread_in_vm, id=24028, stack(0x000000cee8500000,0x000000cee8600000)]
  0x000002a5ffb23c20 JavaThread "Sweeper thread" daemon [_thread_blocked, id=22828, stack(0x000000cee8600000,0x000000cee8700000)]
  0x000002a5ffaa83a0 JavaThread "Common-Cleaner" daemon [_thread_blocked, id=6332, stack(0x000000cee8700000,0x000000cee8800000)]
  0x000002a5ffd04c60 JavaThread "Notification Thread" daemon [_thread_blocked, id=26444, stack(0x000000cee8800000,0x000000cee8900000)]
  0x000002a59f0d1030 JavaThread "C1 CompilerThread1" daemon [_thread_in_native, id=23896, stack(0x000000cee8a00000,0x000000cee8b00000)]
  0x000002a5a0001c60 JavaThread "Daemon health stats" [_thread_blocked, id=26040, stack(0x000000cee8f00000,0x000000cee9000000)]
  0x000002a5a0c58970 JavaThread "Incoming local TCP Connector on port 63731" [_thread_in_native, id=10120, stack(0x000000cee9000000,0x000000cee9100000)]
  0x000002a5a0c7b040 JavaThread "Daemon periodic checks" [_thread_blocked, id=15136, stack(0x000000cee9100000,0x000000cee9200000)]
  0x000002a5a0ddcdd0 JavaThread "Daemon" [_thread_blocked, id=16568, stack(0x000000cee9800000,0x000000cee9900000)]
  0x000002a5a0ba1940 JavaThread "Handler for socket connection from /127.0.0.1:63731 to /127.0.0.1:63732" [_thread_in_native, id=25360, stack(0x000000cee9900000,0x000000cee9a00000)]
  0x000002a5a0b8e850 JavaThread "Cancel handler" [_thread_blocked, id=10720, stack(0x000000cee9a00000,0x000000cee9b00000)]
  0x000002a5a0b8e340 JavaThread "Daemon worker" [_thread_in_Java, id=23920, stack(0x000000cee9b00000,0x000000cee9c00000)]
  0x000002a5a0b8fc90 JavaThread "Asynchronous log dispatcher for DefaultDaemonConnection: socket connection from /127.0.0.1:63731 to /127.0.0.1:63732" [_thread_blocked, id=8912, stack(0x000000cee9c00000,0x000000cee9d00000)]
  0x000002a5a0b8c4e0 JavaThread "Stdin handler" [_thread_blocked, id=17692, stack(0x000000cee9d00000,0x000000cee9e00000)]
  0x000002a5a0b8f270 JavaThread "Daemon client event forwarder" [_thread_blocked, id=13536, stack(0x000000cee9e00000,0x000000cee9f00000)]
  0x000002a5a0b8d920 JavaThread "Cache worker for journal cache (C:\Users\moham\.gradle\caches\journal-1)" [_thread_blocked, id=26132, stack(0x000000cee9f00000,0x000000ceea000000)]
  0x000002a5a0b8ed60 JavaThread "File lock request listener" [_thread_in_native, id=26184, stack(0x000000ceea000000,0x000000ceea100000)]
  0x000002a5a0b8c9f0 JavaThread "Cache worker for file hash cache (C:\Users\moham\.gradle\caches\8.8\fileHashes)" [_thread_blocked, id=25084, stack(0x000000ceea100000,0x000000ceea200000)]
  0x000002a5a0b8d410 JavaThread "Cache worker for file hash cache (C:\Users\moham\MobileApp\android\.gradle\8.8\fileHashes)" [_thread_blocked, id=12712, stack(0x000000ceea400000,0x000000ceea500000)]
  0x000002a5a0b8cf00 JavaThread "File watcher server" daemon [_thread_in_native, id=25004, stack(0x000000ceea500000,0x000000ceea600000)]
  0x000002a5a0b8de30 JavaThread "File watcher consumer" daemon [_thread_blocked, id=23832, stack(0x000000ceea600000,0x000000ceea700000)]
  0x000002a5a1e69970 JavaThread "Cache worker for checksums cache (C:\Users\moham\MobileApp\android\.gradle\8.8\checksums)" [_thread_blocked, id=23704, stack(0x000000ceea900000,0x000000ceeaa00000)]
  0x000002a5a1e68530 JavaThread "Cache worker for file content cache (C:\Users\moham\.gradle\caches\8.8\fileContent)" [_thread_blocked, id=24908, stack(0x000000ceeaa00000,0x000000ceeab00000)]
  0x000002a5a1e666d0 JavaThread "Cache worker for cache directory md-rule (C:\Users\moham\.gradle\caches\8.8\md-rule)" [_thread_blocked, id=7072, stack(0x000000ceeab00000,0x000000ceeac00000)]
  0x000002a5a1e63e50 JavaThread "Cache worker for cache directory md-supplier (C:\Users\moham\.gradle\caches\8.8\md-supplier)" [_thread_blocked, id=14836, stack(0x000000ceeac00000,0x000000ceead00000)]
  0x000002a5a15de580 JavaThread "C1 CompilerThread2" daemon [_thread_in_vm, id=25292, stack(0x000000ceead00000,0x000000ceeae00000)]
  0x000002a5a1e67b10 JavaThread "jar transforms" [_thread_blocked, id=5216, stack(0x000000ceeae00000,0x000000ceeaf00000)]
  0x000002a5a1e64d80 JavaThread "Unconstrained build operations" [_thread_blocked, id=26168, stack(0x000000ceeaf00000,0x000000ceeb000000)]
  0x000002a5a1e6adb0 JavaThread "Unconstrained build operations Thread 2" [_thread_blocked, id=23408, stack(0x000000ceeb000000,0x000000ceeb100000)]
  0x000002a5a1e68a40 JavaThread "Unconstrained build operations Thread 3" [_thread_blocked, id=25640, stack(0x000000ceeb100000,0x000000ceeb200000)]
  0x000002a5a1e6a390 JavaThread "Unconstrained build operations Thread 4" [_thread_blocked, id=24520, stack(0x000000ceeb200000,0x000000ceeb300000)]
  0x000002a5a1e661c0 JavaThread "Unconstrained build operations Thread 5" [_thread_blocked, id=9920, stack(0x000000ceeb300000,0x000000ceeb400000)]
  0x000002a5a1e6a8a0 JavaThread "Unconstrained build operations Thread 6" [_thread_blocked, id=11112, stack(0x000000ceeb400000,0x000000ceeb500000)]
  0x000002a5a1e68f50 JavaThread "Cache worker for Build Output Cleanup Cache (C:\Users\moham\MobileApp\node_modules\@react-native\gradle-plugin\.gradle\buildOutputCleanup)" [_thread_blocked, id=24436, stack(0x000000ceeb500000,0x000000ceeb600000)]

Other Threads:
  0x000002a5ffaf6820 VMThread "VM Thread" [stack: 0x000000cee7d00000,0x000000cee7e00000] [id=13800]
  0x000002a5e0b779a0 WatcherThread [stack: 0x000000cee8900000,0x000000cee8a00000] [id=11612]
  0x000002a5e0bd1ab0 GCTaskThread "GC Thread#0" [stack: 0x000000cee7800000,0x000000cee7900000] [id=12520]
  0x000002a59f3488a0 GCTaskThread "GC Thread#1" [stack: 0x000000cee8b00000,0x000000cee8c00000] [id=24628]
  0x000002a59f2ec1f0 GCTaskThread "GC Thread#2" [stack: 0x000000cee8c00000,0x000000cee8d00000] [id=21380]
  0x000002a59f078020 GCTaskThread "GC Thread#3" [stack: 0x000000cee8d00000,0x000000cee8e00000] [id=21092]
  0x000002a59fced1a0 GCTaskThread "GC Thread#4" [stack: 0x000000cee8e00000,0x000000cee8f00000] [id=25472]
  0x000002a59ff79c70 GCTaskThread "GC Thread#5" [stack: 0x000000cee9200000,0x000000cee9300000] [id=25952]
  0x000002a5a0fdb7f0 GCTaskThread "GC Thread#6" [stack: 0x000000cee9300000,0x000000cee9400000] [id=25528]
  0x000002a5a0de1da0 GCTaskThread "GC Thread#7" [stack: 0x000000cee9400000,0x000000cee9500000] [id=12096]
  0x000002a5a0a52250 GCTaskThread "GC Thread#8" [stack: 0x000000cee9500000,0x000000cee9600000] [id=26192]
  0x000002a5a0a51490 GCTaskThread "GC Thread#9" [stack: 0x000000cee9600000,0x000000cee9700000] [id=26512]
  0x000002a5a0a51f90 GCTaskThread "GC Thread#10" [stack: 0x000000cee9700000,0x000000cee9800000] [id=26224]
  0x000002a5a0a51cd0 GCTaskThread "GC Thread#11" [stack: 0x000000ceea200000,0x000000ceea300000] [id=10800]
  0x000002a5a0a52510 GCTaskThread "GC Thread#12" [stack: 0x000000ceea300000,0x000000ceea400000] [id=1808]
  0x000002a5e0be2910 ConcurrentGCThread "G1 Main Marker" [stack: 0x000000cee7900000,0x000000cee7a00000] [id=10500]
  0x000002a5e0be3240 ConcurrentGCThread "G1 Conc#0" [stack: 0x000000cee7a00000,0x000000cee7b00000] [id=4652]
  0x000002a5a0a527d0 ConcurrentGCThread "G1 Conc#1" [stack: 0x000000ceea700000,0x000000ceea800000] [id=17640]
  0x000002a5a0a52a90 ConcurrentGCThread "G1 Conc#2" [stack: 0x000000ceea800000,0x000000ceea900000] [id=14492]
  0x000002a5e0c2e5c0 ConcurrentGCThread "G1 Refine#0" [stack: 0x000000cee7b00000,0x000000cee7c00000] [id=16668]
  0x000002a5ff952110 ConcurrentGCThread "G1 Service" [stack: 0x000000cee7c00000,0x000000cee7d00000] [id=9196]

Threads with active compile tasks:
C2 CompilerThread0     7259 5059       4       org.objectweb.asm.Frame::execute (2303 bytes)
C1 CompilerThread0     7259 5154       3       org.antlr.v4.runtime.misc.Array2DHashSet::getOrAdd (21 bytes)
C1 CompilerThread1     7259 5155       3       org.antlr.v4.runtime.misc.Array2DHashSet::getOrAddImpl (146 bytes)
C1 CompilerThread2     7259 5149       3       org.antlr.v4.runtime.atn.ATNConfigSet::add (142 bytes)

VM state: not at safepoint (normal execution)

VM Mutex/Monitor currently owned by a thread: None

Heap address: 0x0000000080000000, size: 2048 MB, Compressed Oops mode: 32-bit

CDS archive(s) mapped at: [0x000002a580000000-0x000002a580bb0000-0x000002a580bb0000), size 12255232, SharedBaseAddress: 0x000002a580000000, ArchiveRelocationMode: 1.
Compressed class space mapped at: 0x000002a581000000-0x000002a59b000000, reserved size: 436207616
Narrow klass base: 0x000002a580000000, Narrow klass shift: 0, Narrow klass range: 0x100000000

GC Precious Log:
 CPUs: 16 total, 16 available
 Memory: 5989M
 Large Page Support: Disabled
 NUMA Support: Disabled
 Compressed Oops: Enabled (32-bit)
 Heap Region Size: 1M
 Heap Min Capacity: 8M
 Heap Initial Capacity: 94M
 Heap Max Capacity: 2G
 Pre-touch: Disabled
 Parallel Workers: 13
 Concurrent Workers: 3
 Concurrent Refinement Workers: 13
 Periodic GC: Disabled

Heap:
 garbage-first heap   total 103424K, used 57502K [0x0000000080000000, 0x0000000100000000)
  region size 1024K, 25 young (25600K), 5 survivors (5120K)
 Metaspace       used 47848K, committed 48448K, reserved 491520K
  class space    used 6682K, committed 6976K, reserved 425984K

Heap Regions: E=young(eden), S=young(survivor), O=old, HS=humongous(starts), HC=humongous(continues), CS=collection set, F=free, OA=open archive, CA=closed archive, TAMS=top-at-mark-start (previous, next)
|   0|0x0000000080000000, 0x0000000080100000, 0x0000000080100000|100%|HS|  |TAMS 0x0000000080100000, 0x0000000080000000| Complete 
|   1|0x0000000080100000, 0x0000000080200000, 0x0000000080200000|100%|HC|  |TAMS 0x0000000080200000, 0x0000000080100000| Complete 
|   2|0x0000000080200000, 0x0000000080300000, 0x0000000080300000|100%|HC|  |TAMS 0x0000000080300000, 0x0000000080200000| Complete 
|   3|0x0000000080300000, 0x0000000080400000, 0x0000000080400000|100%|HC|  |TAMS 0x0000000080400000, 0x0000000080300000| Complete 
|   4|0x0000000080400000, 0x0000000080500000, 0x0000000080500000|100%| O|  |TAMS 0x0000000080500000, 0x0000000080400000| Untracked 
|   5|0x0000000080500000, 0x0000000080600000, 0x0000000080600000|100%| O|  |TAMS 0x0000000080600000, 0x0000000080500000| Untracked 
|   6|0x0000000080600000, 0x0000000080700000, 0x0000000080700000|100%| O|  |TAMS 0x0000000080700000, 0x0000000080600000| Untracked 
|   7|0x0000000080700000, 0x0000000080800000, 0x0000000080800000|100%| O|  |TAMS 0x0000000080800000, 0x0000000080700000| Untracked 
|   8|0x0000000080800000, 0x0000000080900000, 0x0000000080900000|100%| O|  |TAMS 0x0000000080900000, 0x0000000080800000| Untracked 
|   9|0x0000000080900000, 0x0000000080a00000, 0x0000000080a00000|100%| O|  |TAMS 0x0000000080a00000, 0x0000000080900000| Untracked 
|  10|0x0000000080a00000, 0x0000000080b00000, 0x0000000080b00000|100%| O|  |TAMS 0x0000000080b00000, 0x0000000080a00000| Untracked 
|  11|0x0000000080b00000, 0x0000000080c00000, 0x0000000080c00000|100%|HS|  |TAMS 0x0000000080c00000, 0x0000000080b00000| Complete 
|  12|0x0000000080c00000, 0x0000000080d00000, 0x0000000080d00000|100%| O|  |TAMS 0x0000000080d00000, 0x0000000080c00000| Untracked 
|  13|0x0000000080d00000, 0x0000000080e00000, 0x0000000080e00000|100%| O|  |TAMS 0x0000000080e00000, 0x0000000080d00000| Untracked 
|  14|0x0000000080e00000, 0x0000000080f00000, 0x0000000080f00000|100%| O|  |TAMS 0x0000000080f00000, 0x0000000080e00000| Untracked 
|  15|0x0000000080f00000, 0x0000000081000000, 0x0000000081000000|100%| O|  |TAMS 0x0000000081000000, 0x0000000080f00000| Untracked 
|  16|0x0000000081000000, 0x0000000081100000, 0x0000000081100000|100%| O|  |TAMS 0x0000000081100000, 0x0000000081000000| Untracked 
|  17|0x0000000081100000, 0x0000000081200000, 0x0000000081200000|100%| O|  |TAMS 0x0000000081200000, 0x0000000081100000| Untracked 
|  18|0x0000000081200000, 0x00000000812bd800, 0x0000000081300000| 74%| O|  |TAMS 0x00000000812bd800, 0x0000000081200000| Untracked 
|  19|0x0000000081300000, 0x0000000081400000, 0x0000000081400000|100%| O|  |TAMS 0x0000000081400000, 0x0000000081300000| Untracked 
|  20|0x0000000081400000, 0x0000000081500000, 0x0000000081500000|100%| O|  |TAMS 0x0000000081500000, 0x0000000081400000| Untracked 
|  21|0x0000000081500000, 0x0000000081600000, 0x0000000081600000|100%| O|  |TAMS 0x0000000081600000, 0x0000000081500000| Untracked 
|  22|0x0000000081600000, 0x0000000081700000, 0x0000000081700000|100%| O|  |TAMS 0x0000000081700000, 0x0000000081600000| Untracked 
|  23|0x0000000081700000, 0x0000000081800000, 0x0000000081800000|100%| O|  |TAMS 0x0000000081800000, 0x0000000081700000| Untracked 
|  24|0x0000000081800000, 0x0000000081900000, 0x0000000081900000|100%| O|  |TAMS 0x0000000081876200, 0x0000000081800000| Untracked 
|  25|0x0000000081900000, 0x0000000081a00000, 0x0000000081a00000|100%| O|  |TAMS 0x0000000081900000, 0x0000000081900000| Untracked 
|  26|0x0000000081a00000, 0x0000000081b00000, 0x0000000081b00000|100%| O|  |TAMS 0x0000000081a00000, 0x0000000081a00000| Untracked 
|  27|0x0000000081b00000, 0x0000000081b6fc00, 0x0000000081c00000| 43%| O|  |TAMS 0x0000000081b00000, 0x0000000081b00000| Untracked 
|  28|0x0000000081c00000, 0x0000000081c00000, 0x0000000081d00000|  0%| F|  |TAMS 0x0000000081c00000, 0x0000000081c00000| Untracked 
|  29|0x0000000081d00000, 0x0000000081d00000, 0x0000000081e00000|  0%| F|  |TAMS 0x0000000081d00000, 0x0000000081d00000| Untracked 
|  30|0x0000000081e00000, 0x0000000081f00000, 0x0000000081f00000|100%| O|  |TAMS 0x0000000081e00000, 0x0000000081e00000| Untracked 
|  31|0x0000000081f00000, 0x0000000082000000, 0x0000000082000000|100%| O|  |TAMS 0x0000000081f00000, 0x0000000081f00000| Untracked 
|  32|0x0000000082000000, 0x0000000082100000, 0x0000000082100000|100%| O|  |TAMS 0x0000000082000000, 0x0000000082000000| Untracked 
|  33|0x0000000082100000, 0x0000000082200000, 0x0000000082200000|100%| O|  |TAMS 0x0000000082100000, 0x0000000082100000| Untracked 
|  34|0x0000000082200000, 0x0000000082300000, 0x0000000082300000|100%| O|  |TAMS 0x0000000082200000, 0x0000000082200000| Untracked 
|  35|0x0000000082300000, 0x0000000082300000, 0x0000000082400000|  0%| F|  |TAMS 0x0000000082300000, 0x0000000082300000| Untracked 
|  36|0x0000000082400000, 0x0000000082400000, 0x0000000082500000|  0%| F|  |TAMS 0x0000000082400000, 0x0000000082400000| Untracked 
|  37|0x0000000082500000, 0x0000000082500000, 0x0000000082600000|  0%| F|  |TAMS 0x0000000082500000, 0x0000000082500000| Untracked 
|  38|0x0000000082600000, 0x0000000082600000, 0x0000000082700000|  0%| F|  |TAMS 0x0000000082600000, 0x0000000082600000| Untracked 
|  39|0x0000000082700000, 0x0000000082700000, 0x0000000082800000|  0%| F|  |TAMS 0x0000000082700000, 0x0000000082700000| Untracked 
|  40|0x0000000082800000, 0x0000000082800000, 0x0000000082900000|  0%| F|  |TAMS 0x0000000082800000, 0x0000000082800000| Untracked 
|  41|0x0000000082900000, 0x0000000082900000, 0x0000000082a00000|  0%| F|  |TAMS 0x0000000082900000, 0x0000000082900000| Untracked 
|  42|0x0000000082a00000, 0x0000000082a00000, 0x0000000082b00000|  0%| F|  |TAMS 0x0000000082a00000, 0x0000000082a00000| Untracked 
|  43|0x0000000082b00000, 0x0000000082b00000, 0x0000000082c00000|  0%| F|  |TAMS 0x0000000082b00000, 0x0000000082b00000| Untracked 
|  44|0x0000000082c00000, 0x0000000082c00000, 0x0000000082d00000|  0%| F|  |TAMS 0x0000000082c00000, 0x0000000082c00000| Untracked 
|  45|0x0000000082d00000, 0x0000000082d00000, 0x0000000082e00000|  0%| F|  |TAMS 0x0000000082d00000, 0x0000000082d00000| Untracked 
|  46|0x0000000082e00000, 0x0000000082e00000, 0x0000000082f00000|  0%| F|  |TAMS 0x0000000082e00000, 0x0000000082e00000| Untracked 
|  47|0x0000000082f00000, 0x0000000082f00000, 0x0000000083000000|  0%| F|  |TAMS 0x0000000082f00000, 0x0000000082f00000| Untracked 
|  48|0x0000000083000000, 0x0000000083000000, 0x0000000083100000|  0%| F|  |TAMS 0x0000000083000000, 0x0000000083000000| Untracked 
|  49|0x0000000083100000, 0x0000000083100000, 0x0000000083200000|  0%| F|  |TAMS 0x0000000083100000, 0x0000000083100000| Untracked 
|  50|0x0000000083200000, 0x0000000083200000, 0x0000000083300000|  0%| F|  |TAMS 0x0000000083200000, 0x0000000083200000| Untracked 
|  51|0x0000000083300000, 0x00000000833fa780, 0x0000000083400000| 97%| S|CS|TAMS 0x0000000083300000, 0x0000000083300000| Complete 
|  52|0x0000000083400000, 0x0000000083500000, 0x0000000083500000|100%| S|CS|TAMS 0x0000000083400000, 0x0000000083400000| Complete 
|  53|0x0000000083500000, 0x0000000083500000, 0x0000000083600000|  0%| F|  |TAMS 0x0000000083500000, 0x0000000083500000| Untracked 
|  54|0x0000000083600000, 0x0000000083700000, 0x0000000083700000|100%| S|CS|TAMS 0x0000000083600000, 0x0000000083600000| Complete 
|  55|0x0000000083700000, 0x0000000083800000, 0x0000000083800000|100%| S|CS|TAMS 0x0000000083700000, 0x0000000083700000| Complete 
|  56|0x0000000083800000, 0x0000000083900000, 0x0000000083900000|100%| S|CS|TAMS 0x0000000083800000, 0x0000000083800000| Complete 
|  57|0x0000000083900000, 0x0000000083900000, 0x0000000083a00000|  0%| F|  |TAMS 0x0000000083900000, 0x0000000083900000| Untracked 
|  58|0x0000000083a00000, 0x0000000083a00000, 0x0000000083b00000|  0%| F|  |TAMS 0x0000000083a00000, 0x0000000083a00000| Untracked 
|  59|0x0000000083b00000, 0x0000000083b00000, 0x0000000083c00000|  0%| F|  |TAMS 0x0000000083b00000, 0x0000000083b00000| Untracked 
|  60|0x0000000083c00000, 0x0000000083c00000, 0x0000000083d00000|  0%| F|  |TAMS 0x0000000083c00000, 0x0000000083c00000| Untracked 
|  61|0x0000000083d00000, 0x0000000083d00000, 0x0000000083e00000|  0%| F|  |TAMS 0x0000000083d00000, 0x0000000083d00000| Untracked 
|  62|0x0000000083e00000, 0x0000000083e00000, 0x0000000083f00000|  0%| F|  |TAMS 0x0000000083e00000, 0x0000000083e00000| Untracked 
|  63|0x0000000083f00000, 0x0000000083f00000, 0x0000000084000000|  0%| F|  |TAMS 0x0000000083f00000, 0x0000000083f00000| Untracked 
|  64|0x0000000084000000, 0x0000000084000000, 0x0000000084100000|  0%| F|  |TAMS 0x0000000084000000, 0x0000000084000000| Untracked 
|  65|0x0000000084100000, 0x0000000084100000, 0x0000000084200000|  0%| F|  |TAMS 0x0000000084100000, 0x0000000084100000| Untracked 
|  66|0x0000000084200000, 0x0000000084200000, 0x0000000084300000|  0%| F|  |TAMS 0x0000000084200000, 0x0000000084200000| Untracked 
|  67|0x0000000084300000, 0x0000000084300000, 0x0000000084400000|  0%| F|  |TAMS 0x0000000084300000, 0x0000000084300000| Untracked 
|  68|0x0000000084400000, 0x0000000084400000, 0x0000000084500000|  0%| F|  |TAMS 0x0000000084400000, 0x0000000084400000| Untracked 
|  69|0x0000000084500000, 0x0000000084500000, 0x0000000084600000|  0%| F|  |TAMS 0x0000000084500000, 0x0000000084500000| Untracked 
|  70|0x0000000084600000, 0x0000000084600000, 0x0000000084700000|  0%| F|  |TAMS 0x0000000084600000, 0x0000000084600000| Untracked 
|  71|0x0000000084700000, 0x0000000084700000, 0x0000000084800000|  0%| F|  |TAMS 0x0000000084700000, 0x0000000084700000| Untracked 
|  72|0x0000000084800000, 0x0000000084800000, 0x0000000084900000|  0%| F|  |TAMS 0x0000000084800000, 0x0000000084800000| Untracked 
|  73|0x0000000084900000, 0x0000000084900000, 0x0000000084a00000|  0%| F|  |TAMS 0x0000000084900000, 0x0000000084900000| Untracked 
|  74|0x0000000084a00000, 0x0000000084a00000, 0x0000000084b00000|  0%| F|  |TAMS 0x0000000084a00000, 0x0000000084a00000| Untracked 
|  75|0x0000000084b00000, 0x0000000084b00000, 0x0000000084c00000|  0%| F|  |TAMS 0x0000000084b00000, 0x0000000084b00000| Untracked 
|  76|0x0000000084c00000, 0x0000000084c00000, 0x0000000084d00000|  0%| F|  |TAMS 0x0000000084c00000, 0x0000000084c00000| Untracked 
|  77|0x0000000084d00000, 0x0000000084d00000, 0x0000000084e00000|  0%| F|  |TAMS 0x0000000084d00000, 0x0000000084d00000| Untracked 
|  78|0x0000000084e00000, 0x0000000084e00000, 0x0000000084f00000|  0%| F|  |TAMS 0x0000000084e00000, 0x0000000084e00000| Untracked 
|  79|0x0000000084f00000, 0x0000000084f00000, 0x0000000085000000|  0%| F|  |TAMS 0x0000000084f00000, 0x0000000084f00000| Untracked 
|  80|0x0000000085000000, 0x0000000085000000, 0x0000000085100000|  0%| F|  |TAMS 0x0000000085000000, 0x0000000085000000| Untracked 
|  81|0x0000000085100000, 0x0000000085200000, 0x0000000085200000|100%| E|  |TAMS 0x0000000085100000, 0x0000000085100000| Complete 
|  82|0x0000000085200000, 0x0000000085300000, 0x0000000085300000|100%| E|CS|TAMS 0x0000000085200000, 0x0000000085200000| Complete 
|  83|0x0000000085300000, 0x0000000085400000, 0x0000000085400000|100%| E|CS|TAMS 0x0000000085300000, 0x0000000085300000| Complete 
|  84|0x0000000085400000, 0x0000000085500000, 0x0000000085500000|100%| E|CS|TAMS 0x0000000085400000, 0x0000000085400000| Complete 
|  85|0x0000000085500000, 0x0000000085600000, 0x0000000085600000|100%| E|CS|TAMS 0x0000000085500000, 0x0000000085500000| Complete 
|  86|0x0000000085600000, 0x0000000085700000, 0x0000000085700000|100%| E|CS|TAMS 0x0000000085600000, 0x0000000085600000| Complete 
|  87|0x0000000085700000, 0x0000000085800000, 0x0000000085800000|100%| E|CS|TAMS 0x0000000085700000, 0x0000000085700000| Complete 
|  88|0x0000000085800000, 0x0000000085900000, 0x0000000085900000|100%| E|CS|TAMS 0x0000000085800000, 0x0000000085800000| Complete 
|  89|0x0000000085900000, 0x0000000085a00000, 0x0000000085a00000|100%| E|CS|TAMS 0x0000000085900000, 0x0000000085900000| Complete 
|  90|0x0000000085a00000, 0x0000000085b00000, 0x0000000085b00000|100%| E|CS|TAMS 0x0000000085a00000, 0x0000000085a00000| Complete 
|  91|0x0000000085b00000, 0x0000000085c00000, 0x0000000085c00000|100%| E|CS|TAMS 0x0000000085b00000, 0x0000000085b00000| Complete 
|  92|0x0000000085c00000, 0x0000000085d00000, 0x0000000085d00000|100%| E|CS|TAMS 0x0000000085c00000, 0x0000000085c00000| Complete 
|  93|0x0000000085d00000, 0x0000000085e00000, 0x0000000085e00000|100%| E|CS|TAMS 0x0000000085d00000, 0x0000000085d00000| Complete 
|  94|0x0000000085e00000, 0x0000000085f00000, 0x0000000085f00000|100%| E|CS|TAMS 0x0000000085e00000, 0x0000000085e00000| Complete 
|  95|0x0000000085f00000, 0x0000000086000000, 0x0000000086000000|100%| E|CS|TAMS 0x0000000085f00000, 0x0000000085f00000| Complete 
|  96|0x0000000086000000, 0x0000000086100000, 0x0000000086100000|100%| E|CS|TAMS 0x0000000086000000, 0x0000000086000000| Complete 
|  97|0x0000000086100000, 0x0000000086200000, 0x0000000086200000|100%| E|CS|TAMS 0x0000000086100000, 0x0000000086100000| Complete 
|  98|0x0000000086200000, 0x0000000086300000, 0x0000000086300000|100%| E|CS|TAMS 0x0000000086200000, 0x0000000086200000| Complete 
|  99|0x0000000086300000, 0x0000000086400000, 0x0000000086400000|100%| E|CS|TAMS 0x0000000086300000, 0x0000000086300000| Complete 
| 100|0x0000000086400000, 0x0000000086500000, 0x0000000086500000|100%| E|CS|TAMS 0x0000000086400000, 0x0000000086400000| Complete 

Card table byte_map: [0x000002a5f8320000,0x000002a5f8720000] _byte_map_base: 0x000002a5f7f20000

Marking Bits (Prev, Next): (CMBitMap*) 0x000002a5e0bd1fe0, (CMBitMap*) 0x000002a5e0bd2020
 Prev Bits: [0x000002a5f8b20000, 0x000002a5fab20000)
 Next Bits: [0x000002a5fab20000, 0x000002a5fcb20000)

Polling page: 0x000002a5dea00000

Metaspace:

Usage:
  Non-class:     40.24 MB used.
      Class:      6.53 MB used.
       Both:     46.76 MB used.

Virtual space:
  Non-class space:       64.00 MB reserved,      40.50 MB ( 63%) committed,  1 nodes.
      Class space:      416.00 MB reserved,       6.81 MB (  2%) committed,  1 nodes.
             Both:      480.00 MB reserved,      47.31 MB ( 10%) committed. 

Chunk freelists:
   Non-Class:  6.83 MB
       Class:  9.03 MB
        Both:  15.86 MB

MaxMetaspaceSize: 512.00 MB
CompressedClassSpaceSize: 416.00 MB
Initial GC threshold: 21.00 MB
Current GC threshold: 58.88 MB
CDS: on
MetaspaceReclaimPolicy: balanced
 - commit_granule_bytes: 65536.
 - commit_granule_words: 8192.
 - virtual_space_node_default_size: 8388608.
 - enlarge_chunks_in_place: 1.
 - new_chunks_are_fully_committed: 0.
 - uncommit_free_chunks: 1.
 - use_allocation_guard: 0.
 - handle_deallocations: 1.


Internal statistics:

num_allocs_failed_limit: 6.
num_arena_births: 606.
num_arena_deaths: 0.
num_vsnodes_births: 2.
num_vsnodes_deaths: 0.
num_space_committed: 757.
num_space_uncommitted: 0.
num_chunks_returned_to_freelist: 6.
num_chunks_taken_from_freelist: 2486.
num_chunk_merges: 6.
num_chunk_splits: 1679.
num_chunks_enlarged: 1178.
num_inconsistent_stats: 0.

CodeHeap 'non-profiled nmethods': size=119168Kb used=2511Kb max_used=2511Kb free=116656Kb
 bounds [0x000002a5f0240000, 0x000002a5f04c0000, 0x000002a5f76a0000]
CodeHeap 'profiled nmethods': size=119104Kb used=10980Kb max_used=10980Kb free=108123Kb
 bounds [0x000002a5e86a0000, 0x000002a5e9160000, 0x000002a5efaf0000]
CodeHeap 'non-nmethods': size=7488Kb used=3462Kb max_used=3500Kb free=4025Kb
 bounds [0x000002a5efaf0000, 0x000002a5efe70000, 0x000002a5f0240000]
 total_blobs=6038 nmethods=5181 adapters=766
 compilation: enabled
              stopped_count=0, restarted_count=0
 full_count=0

Compilation events (20 events):
Event: 7.206 Thread 0x000002a59f0d1030 5082       3       org.antlr.v4.runtime.atn.ATNState::addTransition (192 bytes)
Event: 7.207 Thread 0x000002a5ffb1d2e0 nmethod 5078 0x000002a5e9119a10 code [0x000002a5e9119c20, 0x000002a5e911a2d8]
Event: 7.207 Thread 0x000002a5ffb1d2e0 5081       3       org.antlr.v4.runtime.atn.ATNState::addTransition (15 bytes)
Event: 7.207 Thread 0x000002a5ffb1d2e0 nmethod 5081 0x000002a5e911a590 code [0x000002a5e911a740, 0x000002a5e911a9d8]
Event: 7.207 Thread 0x000002a5ffb1d2e0 5085       3       org.antlr.v4.runtime.atn.ATNState::getNumberOfTransitions (10 bytes)
Event: 7.207 Thread 0x000002a5ffb1d2e0 nmethod 5085 0x000002a5e911ab10 code [0x000002a5e911acc0, 0x000002a5e911ae88]
Event: 7.207 Thread 0x000002a5ffb1d2e0 5086       3       org.antlr.v4.runtime.atn.ATNState::transition (14 bytes)
Event: 7.207 Thread 0x000002a59f0d1030 nmethod 5082 0x000002a5e911af90 code [0x000002a5e911b2c0, 0x000002a5e911cb38]
Event: 7.207 Thread 0x000002a59f0d1030 5084       3       org.antlr.v4.runtime.atn.EpsilonTransition::<init> (11 bytes)
Event: 7.207 Thread 0x000002a5ffb1d2e0 nmethod 5086 0x000002a5e911d110 code [0x000002a5e911d2c0, 0x000002a5e911d588]
Event: 7.207 Thread 0x000002a5ffb1d2e0 5083       3       org.antlr.v4.runtime.atn.EpsilonTransition::<init> (7 bytes)
Event: 7.207 Thread 0x000002a59f0d1030 nmethod 5084 0x000002a5e911d690 code [0x000002a5e911d840, 0x000002a5e911db88]
Event: 7.207 Thread 0x000002a5ffb1d2e0 nmethod 5083 0x000002a5e911dd10 code [0x000002a5e911dee0, 0x000002a5e911e288]
Event: 7.209 Thread 0x000002a5a15de580 nmethod 5079 0x000002a5e911e410 code [0x000002a5e911ea00, 0x000002a5e9122148]
Event: 7.209 Thread 0x000002a59f0d1030 5089       3       org.antlr.v4.runtime.atn.ATNDeserializer::checkCondition (14 bytes)
Event: 7.209 Thread 0x000002a5ffb1d2e0 5088       3       org.antlr.v4.runtime.atn.ATNDeserializer::checkCondition (7 bytes)
Event: 7.209 Thread 0x000002a5a15de580 5090       1       org.antlr.v4.runtime.atn.ATNState::onlyHasEpsilonTransitions (5 bytes)
Event: 7.210 Thread 0x000002a5a15de580 nmethod 5090 0x000002a5f04ae310 code [0x000002a5f04ae4a0, 0x000002a5f04ae578]
Event: 7.210 Thread 0x000002a59f0d1030 nmethod 5089 0x000002a5e9123210 code [0x000002a5e91233c0, 0x000002a5e91235e8]
Event: 7.210 Thread 0x000002a5ffb1d2e0 nmethod 5088 0x000002a5e9123710 code [0x000002a5e91238c0, 0x000002a5e9123b48]

GC Heap History (20 events):
Event: 1.340 GC heap before
{Heap before GC invocations=1 (full 0):
 garbage-first heap   total 96256K, used 38304K [0x0000000080000000, 0x0000000100000000)
  region size 1024K, 30 young (30720K), 3 survivors (3072K)
 Metaspace       used 4096K, committed 4288K, reserved 491520K
  class space    used 503K, committed 640K, reserved 425984K
}
Event: 1.346 GC heap after
{Heap after GC invocations=2 (full 0):
 garbage-first heap   total 96256K, used 11966K [0x0000000080000000, 0x0000000100000000)
  region size 1024K, 2 young (2048K), 2 survivors (2048K)
 Metaspace       used 4096K, committed 4288K, reserved 491520K
  class space    used 503K, committed 640K, reserved 425984K
}
Event: 2.459 GC heap before
{Heap before GC invocations=2 (full 0):
 garbage-first heap   total 96256K, used 60094K [0x0000000080000000, 0x0000000100000000)
  region size 1024K, 47 young (48128K), 2 survivors (2048K)
 Metaspace       used 8789K, committed 9024K, reserved 491520K
  class space    used 1167K, committed 1280K, reserved 425984K
}
Event: 2.468 GC heap after
{Heap after GC invocations=3 (full 0):
 garbage-first heap   total 96256K, used 19243K [0x0000000080000000, 0x0000000100000000)
  region size 1024K, 6 young (6144K), 6 survivors (6144K)
 Metaspace       used 8789K, committed 9024K, reserved 491520K
  class space    used 1167K, committed 1280K, reserved 425984K
}
Event: 3.220 GC heap before
{Heap before GC invocations=3 (full 0):
 garbage-first heap   total 96256K, used 60203K [0x0000000080000000, 0x0000000100000000)
  region size 1024K, 47 young (48128K), 6 survivors (6144K)
 Metaspace       used 16008K, committed 16256K, reserved 491520K
  class space    used 2241K, committed 2368K, reserved 425984K
}
Event: 3.227 GC heap after
{Heap after GC invocations=4 (full 0):
 garbage-first heap   total 96256K, used 21649K [0x0000000080000000, 0x0000000100000000)
  region size 1024K, 3 young (3072K), 3 survivors (3072K)
 Metaspace       used 16008K, committed 16256K, reserved 491520K
  class space    used 2241K, committed 2368K, reserved 425984K
}
Event: 3.867 GC heap before
{Heap before GC invocations=4 (full 0):
 garbage-first heap   total 96256K, used 60561K [0x0000000080000000, 0x0000000100000000)
  region size 1024K, 43 young (44032K), 3 survivors (3072K)
 Metaspace       used 21230K, committed 21504K, reserved 491520K
  class space    used 3086K, committed 3264K, reserved 425984K
}
Event: 3.872 GC heap after
{Heap after GC invocations=5 (full 0):
 garbage-first heap   total 96256K, used 24096K [0x0000000080000000, 0x0000000100000000)
  region size 1024K, 5 young (5120K), 5 survivors (5120K)
 Metaspace       used 21230K, committed 21504K, reserved 491520K
  class space    used 3086K, committed 3264K, reserved 425984K
}
Event: 4.560 GC heap before
{Heap before GC invocations=6 (full 0):
 garbage-first heap   total 86016K, used 70176K [0x0000000080000000, 0x0000000100000000)
  region size 1024K, 50 young (51200K), 5 survivors (5120K)
 Metaspace       used 26939K, committed 27200K, reserved 491520K
  class space    used 3918K, committed 4032K, reserved 425984K
}
Event: 4.567 GC heap after
{Heap after GC invocations=7 (full 0):
 garbage-first heap   total 86016K, used 26603K [0x0000000080000000, 0x0000000100000000)
  region size 1024K, 6 young (6144K), 6 survivors (6144K)
 Metaspace       used 26939K, committed 27200K, reserved 491520K
  class space    used 3918K, committed 4032K, reserved 425984K
}
Event: 4.932 GC heap before
{Heap before GC invocations=7 (full 0):
 garbage-first heap   total 86016K, used 60395K [0x0000000080000000, 0x0000000100000000)
  region size 1024K, 40 young (40960K), 6 survivors (6144K)
 Metaspace       used 31406K, committed 31744K, reserved 491520K
  class space    used 4398K, committed 4608K, reserved 425984K
}
Event: 4.940 GC heap after
{Heap after GC invocations=8 (full 0):
 garbage-first heap   total 86016K, used 29902K [0x0000000080000000, 0x0000000100000000)
  region size 1024K, 5 young (5120K), 5 survivors (5120K)
 Metaspace       used 31406K, committed 31744K, reserved 491520K
  class space    used 4398K, committed 4608K, reserved 425984K
}
Event: 5.450 GC heap before
{Heap before GC invocations=8 (full 0):
 garbage-first heap   total 86016K, used 66766K [0x0000000080000000, 0x0000000100000000)
  region size 1024K, 38 young (38912K), 5 survivors (5120K)
 Metaspace       used 35650K, committed 36096K, reserved 491520K
  class space    used 4955K, committed 5184K, reserved 425984K
}
Event: 5.458 GC heap after
{Heap after GC invocations=9 (full 0):
 garbage-first heap   total 86016K, used 33043K [0x0000000080000000, 0x0000000100000000)
  region size 1024K, 3 young (3072K), 3 survivors (3072K)
 Metaspace       used 35650K, committed 36096K, reserved 491520K
  class space    used 4955K, committed 5184K, reserved 425984K
}
Event: 5.793 GC heap before
{Heap before GC invocations=10 (full 0):
 garbage-first heap   total 86016K, used 64787K [0x0000000080000000, 0x0000000100000000)
  region size 1024K, 34 young (34816K), 3 survivors (3072K)
 Metaspace       used 37169K, committed 37696K, reserved 491520K
  class space    used 5188K, committed 5440K, reserved 425984K
}
Event: 5.797 GC heap after
{Heap after GC invocations=11 (full 0):
 garbage-first heap   total 86016K, used 34774K [0x0000000080000000, 0x0000000100000000)
  region size 1024K, 2 young (2048K), 2 survivors (2048K)
 Metaspace       used 37169K, committed 37696K, reserved 491520K
  class space    used 5188K, committed 5440K, reserved 425984K
}
Event: 6.262 GC heap before
{Heap before GC invocations=11 (full 0):
 garbage-first heap   total 86016K, used 65494K [0x0000000080000000, 0x0000000100000000)
  region size 1024K, 32 young (32768K), 2 survivors (2048K)
 Metaspace       used 40238K, committed 40640K, reserved 491520K
  class space    used 5676K, committed 5888K, reserved 425984K
}
Event: 6.265 GC heap after
{Heap after GC invocations=12 (full 0):
 garbage-first heap   total 103424K, used 35635K [0x0000000080000000, 0x0000000100000000)
  region size 1024K, 3 young (3072K), 3 survivors (3072K)
 Metaspace       used 40238K, committed 40640K, reserved 491520K
  class space    used 5676K, committed 5888K, reserved 425984K
}
Event: 6.958 GC heap before
{Heap before GC invocations=12 (full 0):
 garbage-first heap   total 103424K, used 82739K [0x0000000080000000, 0x0000000100000000)
  region size 1024K, 47 young (48128K), 3 survivors (3072K)
 Metaspace       used 45281K, committed 45760K, reserved 491520K
  class space    used 6321K, committed 6528K, reserved 425984K
}
Event: 6.963 GC heap after
{Heap after GC invocations=13 (full 0):
 garbage-first heap   total 103424K, used 38046K [0x0000000080000000, 0x0000000100000000)
  region size 1024K, 5 young (5120K), 5 survivors (5120K)
 Metaspace       used 45281K, committed 45760K, reserved 491520K
  class space    used 6321K, committed 6528K, reserved 425984K
}

Dll operation events (15 events):
Event: 0.014 Loaded shared library C:\Program Files\Microsoft\jdk-17.0.12.7-hotspot\bin\java.dll
Event: 0.078 Loaded shared library C:\Program Files\Microsoft\jdk-17.0.12.7-hotspot\bin\jsvml.dll
Event: 0.127 Loaded shared library C:\Program Files\Microsoft\jdk-17.0.12.7-hotspot\bin\zip.dll
Event: 0.132 Loaded shared library C:\Program Files\Microsoft\jdk-17.0.12.7-hotspot\bin\instrument.dll
Event: 0.137 Loaded shared library C:\Program Files\Microsoft\jdk-17.0.12.7-hotspot\bin\net.dll
Event: 0.139 Loaded shared library C:\Program Files\Microsoft\jdk-17.0.12.7-hotspot\bin\nio.dll
Event: 0.143 Loaded shared library C:\Program Files\Microsoft\jdk-17.0.12.7-hotspot\bin\zip.dll
Event: 0.477 Loaded shared library C:\Program Files\Microsoft\jdk-17.0.12.7-hotspot\bin\jimage.dll
Event: 0.588 Loaded shared library C:\Program Files\Microsoft\jdk-17.0.12.7-hotspot\bin\verify.dll
Event: 0.752 Loaded shared library C:\Users\moham\.gradle\native\c067742578af261105cb4f569cf0c3c89f3d7b1fecec35dd04571415982c5e48\windows-amd64\native-platform.dll
Event: 0.766 Loaded shared library C:\Users\moham\.gradle\native\100fb08df4bc3b14c8652ba06237920a3bd2aa13389f12d3474272988ae205f9\windows-amd64\native-platform-file-events.dll
Event: 1.979 Loaded shared library C:\Program Files\Microsoft\jdk-17.0.12.7-hotspot\bin\management.dll
Event: 1.983 Loaded shared library C:\Program Files\Microsoft\jdk-17.0.12.7-hotspot\bin\management_ext.dll
Event: 2.178 Loaded shared library C:\Program Files\Microsoft\jdk-17.0.12.7-hotspot\bin\extnet.dll
Event: 2.489 Loaded shared library C:\Program Files\Microsoft\jdk-17.0.12.7-hotspot\bin\sunmscapi.dll

Deoptimization events (20 events):
Event: 6.506 Thread 0x000002a5a1e661c0 DEOPT PACKING pc=0x000002a5e8a8e188 sp=0x000000ceeb3fd660
Event: 6.506 Thread 0x000002a5a1e661c0 DEOPT UNPACKING pc=0x000002a5efb47143 sp=0x000000ceeb3fcb68 mode 0
Event: 6.548 Thread 0x000002a5a0b8e340 Uncommon trap: trap_request=0xffffffc6 fr.pc=0x000002a5f031723c relative=0x000000000000399c
Event: 6.548 Thread 0x000002a5a0b8e340 Uncommon trap: reason=bimorphic_or_optimized_type_check action=maybe_recompile pc=0x000002a5f031723c method=java.util.HashMap.putVal(ILjava/lang/Object;Ljava/lang/Object;ZZ)Ljava/lang/Object; @ 91 c2
Event: 6.548 Thread 0x000002a5a0b8e340 DEOPT PACKING pc=0x000002a5f031723c sp=0x000000cee9bf6350
Event: 6.548 Thread 0x000002a5a0b8e340 DEOPT UNPACKING pc=0x000002a5efb469a3 sp=0x000000cee9bf6218 mode 2
Event: 6.548 Thread 0x000002a5a0b8e340 Uncommon trap: trap_request=0xffffffc6 fr.pc=0x000002a5f031723c relative=0x000000000000399c
Event: 6.548 Thread 0x000002a5a0b8e340 Uncommon trap: reason=bimorphic_or_optimized_type_check action=maybe_recompile pc=0x000002a5f031723c method=java.util.HashMap.putVal(ILjava/lang/Object;Ljava/lang/Object;ZZ)Ljava/lang/Object; @ 91 c2
Event: 6.548 Thread 0x000002a5a0b8e340 DEOPT PACKING pc=0x000002a5f031723c sp=0x000000cee9bf6350
Event: 6.548 Thread 0x000002a5a0b8e340 DEOPT UNPACKING pc=0x000002a5efb469a3 sp=0x000000cee9bf6218 mode 2
Event: 6.743 Thread 0x000002a5a0b8e340 Uncommon trap: trap_request=0xffffff54 fr.pc=0x000002a5f02e9b10 relative=0x0000000000000710
Event: 6.743 Thread 0x000002a5a0b8e340 Uncommon trap: reason=speculate_null_assert action=make_not_entrant pc=0x000002a5f02e9b10 method=java.util.jar.JarFile.getVersionedEntry(Ljava/lang/String;Ljava/util/jar/JarEntry;)Ljava/util/jar/JarEntry; @ 115 c2
Event: 6.743 Thread 0x000002a5a0b8e340 DEOPT PACKING pc=0x000002a5f02e9b10 sp=0x000000cee9bf5f50
Event: 6.743 Thread 0x000002a5a0b8e340 DEOPT UNPACKING pc=0x000002a5efb469a3 sp=0x000000cee9bf5ea8 mode 2
Event: 7.102 Thread 0x000002a5a0b8e340 DEOPT PACKING pc=0x000002a5e8a9135c sp=0x000000cee9bf6ae0
Event: 7.102 Thread 0x000002a5a0b8e340 DEOPT UNPACKING pc=0x000002a5efb47143 sp=0x000000cee9bf6060 mode 0
Event: 7.170 Thread 0x000002a5a0b8e340 Uncommon trap: trap_request=0xffffffc6 fr.pc=0x000002a5f03cf3dc relative=0x00000000000003fc
Event: 7.170 Thread 0x000002a5a0b8e340 Uncommon trap: reason=bimorphic_or_optimized_type_check action=maybe_recompile pc=0x000002a5f03cf3dc method=java.util.Spliterators$IteratorSpliterator.tryAdvance(Ljava/util/function/Consumer;)Z @ 50 c2
Event: 7.170 Thread 0x000002a5a0b8e340 DEOPT PACKING pc=0x000002a5f03cf3dc sp=0x000000cee9bf8b30
Event: 7.170 Thread 0x000002a5a0b8e340 DEOPT UNPACKING pc=0x000002a5efb469a3 sp=0x000000cee9bf8ad0 mode 2

Classes loaded (20 events):
Event: 6.551 Loading class java/util/stream/SortedOps$SizedRefSortingSink
Event: 6.551 Loading class java/util/stream/SortedOps$AbstractRefSortingSink
Event: 6.551 Loading class java/util/stream/SortedOps$AbstractRefSortingSink done
Event: 6.551 Loading class java/util/stream/SortedOps$SizedRefSortingSink done
Event: 6.606 Loading class java/util/zip/GZIPOutputStream
Event: 6.606 Loading class java/util/zip/GZIPOutputStream done
Event: 6.606 Loading class java/util/zip/GZIPInputStream
Event: 6.607 Loading class java/util/zip/GZIPInputStream done
Event: 7.045 Loading class java/util/ArrayList$SubList$1
Event: 7.046 Loading class java/util/ArrayList$SubList$1 done
Event: 7.100 Loading class sun/misc/SharedSecrets
Event: 7.100 Loading class sun/misc/SharedSecrets done
Event: 7.107 Loading class jdk/internal/math/FDBigInteger
Event: 7.107 Loading class jdk/internal/math/FDBigInteger done
Event: 7.177 Loading class java/nio/channels/Channels$ReadableByteChannelImpl
Event: 7.177 Loading class java/nio/channels/Channels$ReadableByteChannelImpl done
Event: 7.189 Loading class java/util/EmptyStackException
Event: 7.189 Loading class java/util/EmptyStackException done
Event: 7.193 Loading class java/io/InvalidClassException
Event: 7.193 Loading class java/io/InvalidClassException done

Classes unloaded (0 events):
No events

Classes redefined (0 events):
No events

Internal exceptions (20 events):
Event: 5.840 Thread 0x000002a5a0b8e340 Implicit null exception at 0x000002a5f0405fec to 0x000002a5f0406094
Event: 5.959 Thread 0x000002a5a0b8e340 Exception <a 'java/lang/NoSuchMethodError'{0x00000000848e3f38}: 'java.lang.Object java.lang.invoke.DirectMethodHandle$Holder.newInvokeSpecial(java.lang.Object, int, java.lang.Object)'> (0x00000000848e3f38) 
thrown [s\src\hotspot\share\interpreter\linkResolver.cpp, line 759]
Event: 6.142 Thread 0x000002a5a0b8e340 Exception <a 'java/lang/NoSuchMethodError'{0x0000000083b498b0}: 'int java.lang.invoke.DirectMethodHandle$Holder.invokeSpecialIFC(java.lang.Object, java.lang.Object, java.lang.Object)'> (0x0000000083b498b0) 
thrown [s\src\hotspot\share\interpreter\linkResolver.cpp, line 759]
Event: 6.219 Thread 0x000002a5a0b8e340 Exception <a 'java/lang/NoSuchMethodError'{0x0000000083766a10}: 'java.lang.Object java.lang.invoke.DirectMethodHandle$Holder.newInvokeSpecial(java.lang.Object, java.lang.Object, java.lang.Object, java.lang.Object, java.lang.Object, int)'> (0x0000000083766a10) 
thrown [s\src\hotspot\share\interpreter\linkResolver.cpp, line 759]
Event: 6.220 Thread 0x000002a5a0b8e340 Exception <a 'java/lang/NoSuchMethodError'{0x000000008376c3b8}: 'java.lang.Object java.lang.invoke.DirectMethodHandle$Holder.invokeSpecial(java.lang.Object, java.lang.Object, java.lang.Object, java.lang.Object, java.lang.Object, java.lang.Object, int)'> (0x000000008376c3b8) 
thrown [s\src\hotspot\share\interpreter\linkResolver.cpp, line 759]
Event: 6.220 Thread 0x000002a5a0b8e340 Exception <a 'java/lang/NoSuchMethodError'{0x00000000837716e8}: 'java.lang.Object java.lang.invoke.Invokers$Holder.linkToTargetMethod(java.lang.Object, java.lang.Object, java.lang.Object, java.lang.Object, int, java.lang.Object)'> (0x00000000837716e8) 
thrown [s\src\hotspot\share\interpreter\linkResolver.cpp, line 759]
Event: 6.234 Thread 0x000002a5a0b8e340 Exception <a 'java/lang/NoSuchMethodError'{0x00000000837d5b48}: 'java.lang.Object java.lang.invoke.DirectMethodHandle$Holder.invokeSpecial(java.lang.Object, java.lang.Object, java.lang.Object, java.lang.Object, java.lang.Object, long)'> (0x00000000837d5b48) 
thrown [s\src\hotspot\share\interpreter\linkResolver.cpp, line 759]
Event: 6.239 Thread 0x000002a5a0b8e340 Exception <a 'java/lang/NoSuchMethodError'{0x0000000083602308}: 'void java.lang.invoke.DirectMethodHandle$Holder.invokeStatic(java.lang.Object, java.lang.Object, java.lang.Object, int, java.lang.Object)'> (0x0000000083602308) 
thrown [s\src\hotspot\share\interpreter\linkResolver.cpp, line 759]
Event: 6.321 Thread 0x000002a5a0b8e340 Exception <a 'java/lang/NoSuchMethodError'{0x000000008610bf28}: 'java.lang.Object java.lang.invoke.DirectMethodHandle$Holder.invokeSpecial(java.lang.Object, java.lang.Object, long, java.lang.Object, java.lang.Object)'> (0x000000008610bf28) 
thrown [s\src\hotspot\share\interpreter\linkResolver.cpp, line 759]
Event: 6.421 Thread 0x000002a5a0b8e340 Exception <a 'java/lang/NoSuchMethodError'{0x0000000085d1fb28}: 'java.lang.Object java.lang.invoke.DirectMethodHandle$Holder.newInvokeSpecial(java.lang.Object, java.lang.Object, java.lang.Object, java.lang.Object, int, java.lang.Object)'> (0x0000000085d1fb28) 
thrown [s\src\hotspot\share\interpreter\linkResolver.cpp, line 759]
Event: 6.422 Thread 0x000002a5a0b8e340 Exception <a 'java/lang/NoSuchMethodError'{0x0000000085d253d0}: 'java.lang.Object java.lang.invoke.Invokers$Holder.linkToTargetMethod(java.lang.Object, java.lang.Object, java.lang.Object, int, java.lang.Object, java.lang.Object)'> (0x0000000085d253d0) 
thrown [s\src\hotspot\share\interpreter\linkResolver.cpp, line 759]
Event: 6.491 Thread 0x000002a5a0b8e340 Exception <a 'java/lang/NoSuchMethodError'{0x000000008596b948}: 'java.lang.Object java.lang.invoke.DirectMethodHandle$Holder.invokeSpecialIFC(java.lang.Object, java.lang.Object, java.lang.Object)'> (0x000000008596b948) 
thrown [s\src\hotspot\share\interpreter\linkResolver.cpp, line 759]
Event: 7.100 Thread 0x000002a5a0b8e340 Exception <a 'java/lang/ClassNotFoundException'{0x0000000085b413b0}: sun/misc/SharedSecrets> (0x0000000085b413b0) 
thrown [s\src\hotspot\share\classfile\systemDictionary.cpp, line 256]
Event: 7.160 Thread 0x000002a5a0b8e340 Exception <a 'sun/nio/fs/WindowsException'{0x000000008587e6c0}> (0x000000008587e6c0) 
thrown [s\src\hotspot\share\prims\jni.cpp, line 516]
Event: 7.160 Thread 0x000002a5a0b8e340 Exception <a 'sun/nio/fs/WindowsException'{0x000000008587e950}> (0x000000008587e950) 
thrown [s\src\hotspot\share\prims\jni.cpp, line 516]
Event: 7.161 Thread 0x000002a5a0b8e340 Exception <a 'sun/nio/fs/WindowsException'{0x0000000085881e18}> (0x0000000085881e18) 
thrown [s\src\hotspot\share\prims\jni.cpp, line 516]
Event: 7.161 Thread 0x000002a5a0b8e340 Exception <a 'sun/nio/fs/WindowsException'{0x0000000085882198}> (0x0000000085882198) 
thrown [s\src\hotspot\share\prims\jni.cpp, line 516]
Event: 7.162 Thread 0x000002a5a0b8e340 Exception <a 'java/lang/NoSuchMethodError'{0x0000000085891930}: 'java.lang.Object java.lang.invoke.DirectMethodHandle$Holder.newInvokeSpecial(java.lang.Object, java.lang.Object, int)'> (0x0000000085891930) 
thrown [s\src\hotspot\share\interpreter\linkResolver.cpp, line 759]
Event: 7.164 Thread 0x000002a5a0b8e340 Exception <a 'sun/nio/fs/WindowsException'{0x00000000858a9590}> (0x00000000858a9590) 
thrown [s\src\hotspot\share\prims\jni.cpp, line 516]
Event: 7.164 Thread 0x000002a5a0b8e340 Exception <a 'sun/nio/fs/WindowsException'{0x00000000858a9910}> (0x00000000858a9910) 
thrown [s\src\hotspot\share\prims\jni.cpp, line 516]

VM Operations (20 events):
Event: 5.475 Executing VM operation: G1PauseCleanup
Event: 5.475 Executing VM operation: G1PauseCleanup done
Event: 5.684 Executing VM operation: HandshakeAllThreads
Event: 5.684 Executing VM operation: HandshakeAllThreads done
Event: 5.723 Executing VM operation: HandshakeAllThreads
Event: 5.723 Executing VM operation: HandshakeAllThreads done
Event: 5.728 Executing VM operation: HandshakeAllThreads
Event: 5.728 Executing VM operation: HandshakeAllThreads done
Event: 5.731 Executing VM operation: HandshakeAllThreads
Event: 5.731 Executing VM operation: HandshakeAllThreads done
Event: 5.792 Executing VM operation: G1CollectForAllocation
Event: 5.797 Executing VM operation: G1CollectForAllocation done
Event: 6.262 Executing VM operation: G1CollectForAllocation
Event: 6.265 Executing VM operation: G1CollectForAllocation done
Event: 6.391 Executing VM operation: HandshakeAllThreads
Event: 6.391 Executing VM operation: HandshakeAllThreads done
Event: 6.417 Executing VM operation: HandshakeAllThreads
Event: 6.417 Executing VM operation: HandshakeAllThreads done
Event: 6.958 Executing VM operation: G1CollectForAllocation
Event: 6.963 Executing VM operation: G1CollectForAllocation done

Events (20 events):
Event: 2.595 Thread 0x000002a5a0b8f270 Thread added: 0x000002a5a0b8f270
Event: 2.937 Thread 0x000002a5a0b8d920 Thread added: 0x000002a5a0b8d920
Event: 2.951 Thread 0x000002a5a0b8ed60 Thread added: 0x000002a5a0b8ed60
Event: 2.982 Thread 0x000002a5a0b8c9f0 Thread added: 0x000002a5a0b8c9f0
Event: 3.637 Thread 0x000002a5a0b8d410 Thread added: 0x000002a5a0b8d410
Event: 3.822 Thread 0x000002a5a0b8cf00 Thread added: 0x000002a5a0b8cf00
Event: 3.829 Thread 0x000002a5a0b8de30 Thread added: 0x000002a5a0b8de30
Event: 4.032 Thread 0x000002a5a1e69970 Thread added: 0x000002a5a1e69970
Event: 4.073 Thread 0x000002a5a1e68530 Thread added: 0x000002a5a1e68530
Event: 4.188 Thread 0x000002a5a1e666d0 Thread added: 0x000002a5a1e666d0
Event: 4.339 Thread 0x000002a5a1e63e50 Thread added: 0x000002a5a1e63e50
Event: 4.820 Thread 0x000002a5a15de580 Thread added: 0x000002a5a15de580
Event: 5.038 Thread 0x000002a5a1e67b10 Thread added: 0x000002a5a1e67b10
Event: 6.379 Thread 0x000002a5a1e64d80 Thread added: 0x000002a5a1e64d80
Event: 6.380 Thread 0x000002a5a1e6adb0 Thread added: 0x000002a5a1e6adb0
Event: 6.448 Thread 0x000002a5a1e68a40 Thread added: 0x000002a5a1e68a40
Event: 6.451 Thread 0x000002a5a1e6a390 Thread added: 0x000002a5a1e6a390
Event: 6.492 Thread 0x000002a5a1e661c0 Thread added: 0x000002a5a1e661c0
Event: 6.493 Thread 0x000002a5a1e6a8a0 Thread added: 0x000002a5a1e6a8a0
Event: 6.616 Thread 0x000002a5a1e68f50 Thread added: 0x000002a5a1e68f50


Dynamic libraries:
0x00007ff630410000 - 0x00007ff63041e000 	C:\Program Files\Microsoft\jdk-17.0.12.7-hotspot\bin\java.exe
0x00007ffe0dd50000 - 0x00007ffe0df67000 	C:\Windows\SYSTEM32\ntdll.dll
0x00007ffe0c550000 - 0x00007ffe0c614000 	C:\Windows\System32\KERNEL32.DLL
0x00007ffe0b6f0000 - 0x00007ffe0ba96000 	C:\Windows\System32\KERNELBASE.dll
0x00007ffe0b460000 - 0x00007ffe0b571000 	C:\Windows\System32\ucrtbase.dll
0x00007ffde9bc0000 - 0x00007ffde9bdd000 	C:\Program Files\Microsoft\jdk-17.0.12.7-hotspot\bin\VCRUNTIME140.dll
0x00007ffdea950000 - 0x00007ffdea967000 	C:\Program Files\Microsoft\jdk-17.0.12.7-hotspot\bin\jli.dll
0x00007ffe0c2e0000 - 0x00007ffe0c48e000 	C:\Windows\System32\USER32.dll
0x00007ffe0b140000 - 0x00007ffe0b166000 	C:\Windows\System32\win32u.dll
0x00007ffdef2a0000 - 0x00007ffdef533000 	C:\Windows\WinSxS\amd64_microsoft.windows.common-controls_6595b64144ccf1df_6.0.22621.2506_none_270c5ae97388e100\COMCTL32.dll
0x00007ffe0c730000 - 0x00007ffe0c759000 	C:\Windows\System32\GDI32.dll
0x00007ffe0da40000 - 0x00007ffe0dae7000 	C:\Windows\System32\msvcrt.dll
0x00007ffe0b340000 - 0x00007ffe0b458000 	C:\Windows\System32\gdi32full.dll
0x00007ffe0b1e0000 - 0x00007ffe0b27a000 	C:\Windows\System32\msvcp_win.dll
0x00007ffe0c020000 - 0x00007ffe0c051000 	C:\Windows\System32\IMM32.DLL
0x00007ffdefb10000 - 0x00007ffdefb1c000 	C:\Program Files\Microsoft\jdk-17.0.12.7-hotspot\bin\vcruntime140_1.dll
0x00007ffdd0c30000 - 0x00007ffdd0cbd000 	C:\Program Files\Microsoft\jdk-17.0.12.7-hotspot\bin\msvcp140.dll
0x00007ffd7b0f0000 - 0x00007ffd7bd60000 	C:\Program Files\Microsoft\jdk-17.0.12.7-hotspot\bin\server\jvm.dll
0x00007ffe0c490000 - 0x00007ffe0c541000 	C:\Windows\System32\ADVAPI32.dll
0x00007ffe0c620000 - 0x00007ffe0c6c5000 	C:\Windows\System32\sechost.dll
0x00007ffe0caa0000 - 0x00007ffe0cbb7000 	C:\Windows\System32\RPCRT4.dll
0x00007ffe0bc10000 - 0x00007ffe0bc81000 	C:\Windows\System32\WS2_32.dll
0x00007ffe0aee0000 - 0x00007ffe0af2d000 	C:\Windows\SYSTEM32\POWRPROF.dll
0x00007ffe03d20000 - 0x00007ffe03d54000 	C:\Windows\SYSTEM32\WINMM.dll
0x00007ffe01890000 - 0x00007ffe0189a000 	C:\Windows\SYSTEM32\VERSION.dll
0x00007ffe0adc0000 - 0x00007ffe0add3000 	C:\Windows\SYSTEM32\UMPDC.dll
0x00007ffe0a0c0000 - 0x00007ffe0a0d8000 	C:\Windows\SYSTEM32\kernel.appcore.dll
0x00007ffde9bb0000 - 0x00007ffde9bba000 	C:\Program Files\Microsoft\jdk-17.0.12.7-hotspot\bin\jimage.dll
0x00007ffe08ae0000 - 0x00007ffe08d13000 	C:\Windows\SYSTEM32\DBGHELP.DLL
0x00007ffe0bc90000 - 0x00007ffe0c019000 	C:\Windows\System32\combase.dll
0x00007ffe0bac0000 - 0x00007ffe0bb97000 	C:\Windows\System32\OLEAUT32.dll
0x00007ffdf8cb0000 - 0x00007ffdf8ce2000 	C:\Windows\SYSTEM32\dbgcore.DLL
0x00007ffe0b0c0000 - 0x00007ffe0b13a000 	C:\Windows\System32\bcryptPrimitives.dll
0x00007ffe07840000 - 0x00007ffe0784e000 	C:\Program Files\Microsoft\jdk-17.0.12.7-hotspot\bin\instrument.dll
0x00007ffdea890000 - 0x00007ffdea8b5000 	C:\Program Files\Microsoft\jdk-17.0.12.7-hotspot\bin\java.dll
0x00007ffdcabb0000 - 0x00007ffdcac87000 	C:\Program Files\Microsoft\jdk-17.0.12.7-hotspot\bin\jsvml.dll
0x00007ffe0d0d0000 - 0x00007ffe0d92a000 	C:\Windows\System32\SHELL32.dll
0x00007ffe08fe0000 - 0x00007ffe098d6000 	C:\Windows\SYSTEM32\windows.storage.dll
0x00007ffe08ea0000 - 0x00007ffe08fde000 	C:\Windows\SYSTEM32\wintypes.dll
0x00007ffe0c060000 - 0x00007ffe0c153000 	C:\Windows\System32\SHCORE.dll
0x00007ffe0c6d0000 - 0x00007ffe0c72e000 	C:\Windows\System32\shlwapi.dll
0x00007ffe0aff0000 - 0x00007ffe0b016000 	C:\Windows\SYSTEM32\profapi.dll
0x00007ffde9890000 - 0x00007ffde98a8000 	C:\Program Files\Microsoft\jdk-17.0.12.7-hotspot\bin\zip.dll
0x00007ffdef540000 - 0x00007ffdef55a000 	C:\Program Files\Microsoft\jdk-17.0.12.7-hotspot\bin\net.dll
0x00007ffe04b30000 - 0x00007ffe04c67000 	C:\Windows\SYSTEM32\WINHTTP.dll
0x00007ffe0a540000 - 0x00007ffe0a5a9000 	C:\Windows\system32\mswsock.dll
0x00007ffde98b0000 - 0x00007ffde98c6000 	C:\Program Files\Microsoft\jdk-17.0.12.7-hotspot\bin\nio.dll
0x00007ffe07910000 - 0x00007ffe07920000 	C:\Program Files\Microsoft\jdk-17.0.12.7-hotspot\bin\verify.dll
0x00007ffdfd1a0000 - 0x00007ffdfd1c7000 	C:\Users\moham\.gradle\native\c067742578af261105cb4f569cf0c3c89f3d7b1fecec35dd04571415982c5e48\windows-amd64\native-platform.dll
0x00007ffdedea0000 - 0x00007ffdedfe4000 	C:\Users\moham\.gradle\native\100fb08df4bc3b14c8652ba06237920a3bd2aa13389f12d3474272988ae205f9\windows-amd64\native-platform-file-events.dll
0x00007ffde8cc0000 - 0x00007ffde8cca000 	C:\Program Files\Microsoft\jdk-17.0.12.7-hotspot\bin\management.dll
0x00007ffde8cb0000 - 0x00007ffde8cbb000 	C:\Program Files\Microsoft\jdk-17.0.12.7-hotspot\bin\management_ext.dll
0x00007ffe0baa0000 - 0x00007ffe0baa8000 	C:\Windows\System32\PSAPI.DLL
0x00007ffe0a7a0000 - 0x00007ffe0a7bb000 	C:\Windows\SYSTEM32\CRYPTSP.dll
0x00007ffe0a020000 - 0x00007ffe0a055000 	C:\Windows\system32\rsaenh.dll
0x00007ffe0a630000 - 0x00007ffe0a65c000 	C:\Windows\SYSTEM32\USERENV.dll
0x00007ffe0a980000 - 0x00007ffe0a9a8000 	C:\Windows\SYSTEM32\bcrypt.dll
0x00007ffe0a790000 - 0x00007ffe0a79c000 	C:\Windows\SYSTEM32\CRYPTBASE.dll
0x00007ffe09b80000 - 0x00007ffe09bad000 	C:\Windows\SYSTEM32\IPHLPAPI.DLL
0x00007ffe0c760000 - 0x00007ffe0c769000 	C:\Windows\System32\NSI.dll
0x00007ffe048e0000 - 0x00007ffe048f9000 	C:\Windows\SYSTEM32\dhcpcsvc6.DLL
0x00007ffe048c0000 - 0x00007ffe048df000 	C:\Windows\SYSTEM32\dhcpcsvc.DLL
0x00007ffe09bb0000 - 0x00007ffe09ca9000 	C:\Windows\SYSTEM32\DNSAPI.dll
0x00007ffde5560000 - 0x00007ffde5569000 	C:\Program Files\Microsoft\jdk-17.0.12.7-hotspot\bin\extnet.dll
0x00007ffde8ca0000 - 0x00007ffde8cae000 	C:\Program Files\Microsoft\jdk-17.0.12.7-hotspot\bin\sunmscapi.dll
0x00007ffe0b580000 - 0x00007ffe0b6e6000 	C:\Windows\System32\CRYPT32.dll
0x00007ffe0a950000 - 0x00007ffe0a97d000 	C:\Windows\SYSTEM32\ncrypt.dll
0x00007ffe0a910000 - 0x00007ffe0a947000 	C:\Windows\SYSTEM32\NTASN1.dll
0x00007ffde8a00000 - 0x00007ffde8a08000 	C:\Windows\system32\wshunix.dll

dbghelp: loaded successfully - version: 4.0.5 - missing functions: none
symbol engine: initialized successfully - sym options: 0x614 - pdb path: .;C:\Program Files\Microsoft\jdk-17.0.12.7-hotspot\bin;C:\Windows\SYSTEM32;C:\Windows\WinSxS\amd64_microsoft.windows.common-controls_6595b64144ccf1df_6.0.22621.2506_none_270c5ae97388e100;C:\Program Files\Microsoft\jdk-17.0.12.7-hotspot\bin\server;C:\Users\moham\.gradle\native\c067742578af261105cb4f569cf0c3c89f3d7b1fecec35dd04571415982c5e48\windows-amd64;C:\Users\moham\.gradle\native\100fb08df4bc3b14c8652ba06237920a3bd2aa13389f12d3474272988ae205f9\windows-amd64

VM Arguments:
jvm_args: -XX:MaxMetaspaceSize=512m --add-opens=java.base/java.util=ALL-UNNAMED --add-opens=java.base/java.lang=ALL-UNNAMED --add-opens=java.base/java.lang.invoke=ALL-UNNAMED --add-opens=java.prefs/java.util.prefs=ALL-UNNAMED --add-opens=java.base/java.nio.charset=ALL-UNNAMED --add-opens=java.base/java.net=ALL-UNNAMED --add-opens=java.base/java.util.concurrent.atomic=ALL-UNNAMED -Xmx2048m -Dfile.encoding=windows-1252 -Duser.country=US -Duser.language=en -Duser.variant -javaagent:C:\Users\moham\.gradle\wrapper\dists\gradle-8.8-all\6gdy1pgp427xkqcjbxw3ylt6h\gradle-8.8\lib\agents\gradle-instrumentation-agent-8.8.jar 
java_command: org.gradle.launcher.daemon.bootstrap.GradleDaemon 8.8
java_class_path (initial): C:\Users\moham\.gradle\wrapper\dists\gradle-8.8-all\6gdy1pgp427xkqcjbxw3ylt6h\gradle-8.8\lib\gradle-launcher-8.8.jar
Launcher Type: SUN_STANDARD

[Global flags]
     intx CICompilerCount                          = 12                                        {product} {ergonomic}
   size_t CompressedClassSpaceSize                 = 436207616                                 {product} {ergonomic}
     uint ConcGCThreads                            = 3                                         {product} {ergonomic}
     uint G1ConcRefinementThreads                  = 13                                        {product} {ergonomic}
   size_t G1HeapRegionSize                         = 1048576                                   {product} {ergonomic}
    uintx GCDrainStackTargetSize                   = 64                                        {product} {ergonomic}
   size_t InitialHeapSize                          = 98566144                                  {product} {ergonomic}
   size_t MarkStackSize                            = 4194304                                   {product} {ergonomic}
   size_t MaxHeapSize                              = 2147483648                                {product} {command line}
   size_t MaxMetaspaceSize                         = 536870912                                 {product} {command line}
   size_t MaxNewSize                               = 1287651328                                {product} {ergonomic}
   size_t MinHeapDeltaBytes                        = 1048576                                   {product} {ergonomic}
   size_t MinHeapSize                              = 8388608                                   {product} {ergonomic}
    uintx NonNMethodCodeHeapSize                   = 7602480                                {pd product} {ergonomic}
    uintx NonProfiledCodeHeapSize                  = 122027880                              {pd product} {ergonomic}
    uintx ProfiledCodeHeapSize                     = 122027880                              {pd product} {ergonomic}
    uintx ReservedCodeCacheSize                    = 251658240                              {pd product} {ergonomic}
     bool SegmentedCodeCache                       = true                                      {product} {ergonomic}
   size_t SoftMaxHeapSize                          = 2147483648                             {manageable} {ergonomic}
     bool UseCompressedClassPointers               = true                           {product lp64_product} {ergonomic}
     bool UseCompressedOops                        = true                           {product lp64_product} {ergonomic}
     bool UseG1GC                                  = true                                      {product} {ergonomic}
     bool UseLargePagesIndividualAllocation        = false                                  {pd product} {ergonomic}

Logging:
Log output configuration:
 #0: stdout all=warning uptime,level,tags
 #1: stderr all=off uptime,level,tags

Environment Variables:
JAVA_HOME=C:\Program Files\Microsoft\jdk-17.0.12.7-hotspot\
CLASSPATH=C:\Users\moham\MobileApp\android\\gradle\wrapper\gradle-wrapper.jar
PATH=C:\Users\moham\MobileApp\node_modules\.bin;C:\Users\moham\MobileApp\node_modules\.bin;C:\Users\moham\node_modules\.bin;C:\Users\node_modules\.bin;C:\node_modules\.bin;C:\Program Files\nodejs\node_modules\npm\node_modules\@npmcli\run-script\lib\node-gyp-bin;C:\Users\moham\MobileApp\node_modules\.bin;C:\Users\moham\node_modules\.bin;C:\Users\node_modules\.bin;C:\node_modules\.bin;C:\Program Files\nodejs\node_modules\npm\node_modules\@npmcli\run-script\lib\node-gyp-bin;C:\Program Files\Microsoft\jdk-17.0.12.7-hotspot\bin;C:\Windows\system32;C:\Windows;C:\Windows\System32\Wbem;C:\Windows\System32\WindowsPowerShell\v1.0\;C:\Windows\System32\OpenSSH\;C:\ProgramData\chocolatey\bin;C:\Program Files\nodejs\;C:\Program Files\Git\cmd;C:\Users\moham\AppData\Local\Microsoft\WindowsApps;C:\Users\moham\AppData\Local\Programs\Microsoft VS Code\bin;C:\Users\moham\AppData\Roaming\npm
USERNAME=moham
OS=Windows_NT
PROCESSOR_IDENTIFIER=AMD64 Family 23 Model 104 Stepping 1, AuthenticAMD
TMP=C:\Users\moham\AppData\Local\Temp
TEMP=C:\Users\moham\AppData\Local\Temp



Periodic native trim disabled


---------------  S Y S T E M  ---------------

OS:
 Windows 11 , 64 bit Build 22621 (10.0.22621.2506)
OS uptime: 5 days 1:12 hours

CPU: total 16 (initial active 16) (16 cores per cpu, 2 threads per core) family 23 model 104 stepping 1 microcode 0x0, cx8, cmov, fxsr, ht, mmx, 3dnowpref, sse, sse2, sse3, ssse3, sse4a, sse4.1, sse4.2, popcnt, lzcnt, tsc, tscinvbit, avx, avx2, aes, clmul, bmi1, bmi2, adx, sha, fma, vzeroupper, clflush, clflushopt
Processor Information for the first 16 processors :
  Max Mhz: 1801, Current Mhz: 1801, Mhz Limit: 1801

Memory: 4k page, system-wide physical 5989M (311M free)
TotalPageFile size 24421M (AvailPageFile size 6M)
current process WorkingSet (physical memory assigned to process): 257M, peak: 257M
current process commit charge ("private bytes"): 311M, peak: 312M

vm_info: OpenJDK 64-Bit Server VM (17.0.12+7-LTS) for windows-amd64 JRE (17.0.12+7-LTS), built on Jul 16 2024 18:11:44 by "MicrosoftCorporation" with unknown MS VC++:1939

END.
