#
# There is insufficient memory for the Java Runtime Environment to continue.
# Native memory allocation (malloc) failed to allocate 1513088 bytes. Error detail: Chunk::new
# Possible reasons:
#   The system is out of physical RAM or swap space
#   This process is running with CompressedOops enabled, and the Java Heap may be blocking the growth of the native heap
# Possible solutions:
#   Reduce memory load on the system
#   Increase physical memory or swap space
#   Check if swap backing store is full
#   Decrease Java heap size (-Xmx/-Xms)
#   Decrease number of Java threads
#   Decrease Java thread stack sizes (-Xss)
#   Set larger code cache with -XX:ReservedCodeCacheSize=
#   JVM is running with Unscaled Compressed Oops mode in which the Java heap is
#     placed in the first 4GB address space. The Java Heap base address is the
#     maximum limit for the native heap growth. Please use -XX:HeapBaseMinAddress
#     to set the Java Heap base and to place the Java Heap above 4GB virtual address.
# This output file may be truncated or incomplete.
#
#  Out of Memory Error (arena.cpp:191), pid=18212, tid=22144
#
# JRE version: OpenJDK Runtime Environment Microsoft-9889599 (17.0.12+7) (build 17.0.12+7-LTS)
# Java VM: OpenJDK 64-Bit Server VM Microsoft-9889599 (17.0.12+7-LTS, mixed mode, sharing, tiered, compressed oops, compressed class ptrs, g1 gc, windows-amd64)
# No core dump will be written. Minidumps are not enabled by default on client versions of Windows
#

---------------  S U M M A R Y ------------

Command Line: -Xmx64m -Xms64m -Dorg.gradle.appname=gradlew org.gradle.wrapper.GradleWrapperMain assemble

Host: AMD Ryzen 7 5700U with Radeon Graphics         , 16 cores, 5G,  Windows 11 , 64 bit Build 22621 (10.0.22621.2506)
Time: Thu Apr 10 16:36:56 2025 India Standard Time elapsed time: 189.023219 seconds (0d 0h 3m 9s)

---------------  T H R E A D  ---------------

Current thread (0x000002a8594bfb20):  JavaThread "C2 CompilerThread0" daemon [_thread_in_native, id=22144, stack(0x000000bae3600000,0x000000bae3700000)]


Current CompileTask:
C2: 189023 1920       4       org.gradle.internal.logging.console.WorkInProgressRenderer::renderNow (351 bytes)

Stack: [0x000000bae3600000,0x000000bae3700000]
Native frames: (J=compiled Java code, j=interpreted, Vv=VM code, C=native code)
V  [jvm.dll+0x686d99]
V  [jvm.dll+0x83daf8]
V  [jvm.dll+0x83f5a3]
V  [jvm.dll+0x83fc13]
V  [jvm.dll+0x2492ef]
V  [jvm.dll+0xad0a4]
V  [jvm.dll+0xad73c]
V  [jvm.dll+0x36a44e]
V  [jvm.dll+0x334b83]
V  [jvm.dll+0x33401a]
V  [jvm.dll+0x21a538]
V  [jvm.dll+0x21996f]
V  [jvm.dll+0x1a53e6]
V  [jvm.dll+0x229faa]
V  [jvm.dll+0x2280fb]
V  [jvm.dll+0x7f3508]
V  [jvm.dll+0x7ed87c]
V  [jvm.dll+0x685c77]
C  [ucrtbase.dll+0x29363]
C  [KERNEL32.DLL+0x1257d]
C  [ntdll.dll+0x5aa58]


---------------  P R O C E S S  ---------------

Threads class SMR info:
_java_thread_list=0x000002a89f997c00, length=15, elements={
0x000002a83ef4eea0, 0x000002a83f00b720, 0x000002a83f00c5a0, 0x000002a8594b6f00,
0x000002a8594ba9e0, 0x000002a8594bb3a0, 0x000002a8594bbd60, 0x000002a8594bfb20,
0x000002a8594c5f20, 0x000002a8594c6920, 0x000002a85966cd00, 0x000002a859671070,
0x000002a89f8f90d0, 0x000002a89fa9e860, 0x000002a89fa9f110
}

Java Threads: ( => current thread )
  0x000002a83ef4eea0 JavaThread "main" [_thread_in_native, id=10076, stack(0x000000bae2900000,0x000000bae2a00000)]
  0x000002a83f00b720 JavaThread "Reference Handler" daemon [_thread_blocked, id=24728, stack(0x000000bae3000000,0x000000bae3100000)]
  0x000002a83f00c5a0 JavaThread "Finalizer" daemon [_thread_blocked, id=11132, stack(0x000000bae3100000,0x000000bae3200000)]
  0x000002a8594b6f00 JavaThread "Signal Dispatcher" daemon [_thread_blocked, id=13064, stack(0x000000bae3200000,0x000000bae3300000)]
  0x000002a8594ba9e0 JavaThread "Attach Listener" daemon [_thread_blocked, id=20224, stack(0x000000bae3300000,0x000000bae3400000)]
  0x000002a8594bb3a0 JavaThread "Service Thread" daemon [_thread_blocked, id=24812, stack(0x000000bae3400000,0x000000bae3500000)]
  0x000002a8594bbd60 JavaThread "Monitor Deflation Thread" daemon [_thread_blocked, id=29440, stack(0x000000bae3500000,0x000000bae3600000)]
=>0x000002a8594bfb20 JavaThread "C2 CompilerThread0" daemon [_thread_in_native, id=22144, stack(0x000000bae3600000,0x000000bae3700000)]
  0x000002a8594c5f20 JavaThread "C1 CompilerThread0" daemon [_thread_blocked, id=20816, stack(0x000000bae3700000,0x000000bae3800000)]
  0x000002a8594c6920 JavaThread "Sweeper thread" daemon [_thread_blocked, id=13700, stack(0x000000bae3800000,0x000000bae3900000)]
  0x000002a85966cd00 JavaThread "Notification Thread" daemon [_thread_blocked, id=24440, stack(0x000000bae3a00000,0x000000bae3b00000)]
  0x000002a859671070 JavaThread "Common-Cleaner" daemon [_thread_blocked, id=3260, stack(0x000000bae3c00000,0x000000bae3d00000)]
  0x000002a89f8f90d0 JavaThread "pool-1-thread-1" [_thread_blocked, id=18556, stack(0x000000bae4200000,0x000000bae4300000)]
  0x000002a89fa9e860 JavaThread "DisconnectableInputStream source reader" daemon [_thread_in_native, id=7592, stack(0x000000bae4700000,0x000000bae4800000)]
  0x000002a89fa9f110 JavaThread "Forward input" [_thread_blocked, id=16836, stack(0x000000bae4800000,0x000000bae4900000)]

Other Threads:
  0x000002a83f008b20 VMThread "VM Thread" [stack: 0x000000bae2f00000,0x000000bae3000000] [id=3984]
  0x000002a85966f1f0 WatcherThread [stack: 0x000000bae3b00000,0x000000bae3c00000] [id=10360]
  0x000002a83ef70190 GCTaskThread "GC Thread#0" [stack: 0x000000bae2a00000,0x000000bae2b00000] [id=14464]
  0x000002a89f7a1780 GCTaskThread "GC Thread#1" [stack: 0x000000bae3d00000,0x000000bae3e00000] [id=28888]
  0x000002a89f7b12c0 GCTaskThread "GC Thread#2" [stack: 0x000000bae3e00000,0x000000bae3f00000] [id=14184]
  0x000002a89f7b1580 GCTaskThread "GC Thread#3" [stack: 0x000000bae3f00000,0x000000bae4000000] [id=7508]
  0x000002a85993ace0 GCTaskThread "GC Thread#4" [stack: 0x000000bae4000000,0x000000bae4100000] [id=9536]
  0x000002a89f9113e0 GCTaskThread "GC Thread#5" [stack: 0x000000bae4400000,0x000000bae4500000] [id=28432]
  0x000002a89f987650 GCTaskThread "GC Thread#6" [stack: 0x000000bae4500000,0x000000bae4600000] [id=1596]
  0x000002a89f93c940 GCTaskThread "GC Thread#7" [stack: 0x000000bae4600000,0x000000bae4700000] [id=19836]
  0x000002a83ef718e0 ConcurrentGCThread "G1 Main Marker" [stack: 0x000000bae2b00000,0x000000bae2c00000] [id=6580]
  0x000002a83ef72300 ConcurrentGCThread "G1 Conc#0" [stack: 0x000000bae2c00000,0x000000bae2d00000] [id=17896]
  0x000002a83efeb4a0 ConcurrentGCThread "G1 Refine#0" [stack: 0x000000bae2d00000,0x000000bae2e00000] [id=1076]
  0x000002a83efebed0 ConcurrentGCThread "G1 Service" [stack: 0x000000bae2e00000,0x000000bae2f00000] [id=16812]

Threads with active compile tasks:
C2 CompilerThread0   189115 1920       4       org.gradle.internal.logging.console.WorkInProgressRenderer::renderNow (351 bytes)

VM state: not at safepoint (normal execution)

VM Mutex/Monitor currently owned by a thread: None

Heap address: 0x00000000fc000000, size: 64 MB, Compressed Oops mode: 32-bit

CDS archive(s) mapped at: [0x000002a85a000000-0x000002a85abb0000-0x000002a85abb0000), size 12255232, SharedBaseAddress: 0x000002a85a000000, ArchiveRelocationMode: 1.
Compressed class space mapped at: 0x000002a85b000000-0x000002a89b000000, reserved size: 1073741824
Narrow klass base: 0x000002a85a000000, Narrow klass shift: 0, Narrow klass range: 0x100000000

GC Precious Log:
 CPUs: 16 total, 16 available
 Memory: 5989M
 Large Page Support: Disabled
 NUMA Support: Disabled
 Compressed Oops: Enabled (32-bit)
 Heap Region Size: 1M
 Heap Min Capacity: 64M
 Heap Initial Capacity: 64M
 Heap Max Capacity: 64M
 Pre-touch: Disabled
 Parallel Workers: 13
 Concurrent Workers: 3
 Concurrent Refinement Workers: 13
 Periodic GC: Disabled

Heap:
 garbage-first heap   total 65536K, used 19743K [0x00000000fc000000, 0x0000000100000000)
  region size 1024K, 10 young (10240K), 2 survivors (2048K)
 Metaspace       used 9720K, committed 9920K, reserved 1114112K
  class space    used 1269K, committed 1408K, reserved 1048576K

Heap Regions: E=young(eden), S=young(survivor), O=old, HS=humongous(starts), HC=humongous(continues), CS=collection set, F=free, OA=open archive, CA=closed archive, TAMS=top-at-mark-start (previous, next)
|   0|0x00000000fc000000, 0x00000000fc100000, 0x00000000fc100000|100%|HS|  |TAMS 0x00000000fc000000, 0x00000000fc000000| Complete 
|   1|0x00000000fc100000, 0x00000000fc200000, 0x00000000fc200000|100%|HC|  |TAMS 0x00000000fc100000, 0x00000000fc100000| Complete 
|   2|0x00000000fc200000, 0x00000000fc300000, 0x00000000fc300000|100%|HC|  |TAMS 0x00000000fc200000, 0x00000000fc200000| Complete 
|   3|0x00000000fc300000, 0x00000000fc400000, 0x00000000fc400000|100%|HC|  |TAMS 0x00000000fc300000, 0x00000000fc300000| Complete 
|   4|0x00000000fc400000, 0x00000000fc500000, 0x00000000fc500000|100%| O|  |TAMS 0x00000000fc400000, 0x00000000fc400000| Untracked 
|   5|0x00000000fc500000, 0x00000000fc600000, 0x00000000fc600000|100%| O|  |TAMS 0x00000000fc500000, 0x00000000fc500000| Untracked 
|   6|0x00000000fc600000, 0x00000000fc700000, 0x00000000fc700000|100%| O|  |TAMS 0x00000000fc600000, 0x00000000fc600000| Untracked 
|   7|0x00000000fc700000, 0x00000000fc800000, 0x00000000fc800000|100%| O|  |TAMS 0x00000000fc700000, 0x00000000fc700000| Untracked 
|   8|0x00000000fc800000, 0x00000000fc900000, 0x00000000fc900000|100%| O|  |TAMS 0x00000000fc800000, 0x00000000fc800000| Untracked 
|   9|0x00000000fc900000, 0x00000000fca00000, 0x00000000fca00000|100%| O|  |TAMS 0x00000000fc900000, 0x00000000fc900000| Untracked 
|  10|0x00000000fca00000, 0x00000000fca6d600, 0x00000000fcb00000| 42%| O|  |TAMS 0x00000000fca00000, 0x00000000fca00000| Untracked 
|  11|0x00000000fcb00000, 0x00000000fcb00000, 0x00000000fcc00000|  0%| F|  |TAMS 0x00000000fcb00000, 0x00000000fcb00000| Untracked 
|  12|0x00000000fcc00000, 0x00000000fcc00000, 0x00000000fcd00000|  0%| F|  |TAMS 0x00000000fcc00000, 0x00000000fcc00000| Untracked 
|  13|0x00000000fcd00000, 0x00000000fcd00000, 0x00000000fce00000|  0%| F|  |TAMS 0x00000000fcd00000, 0x00000000fcd00000| Untracked 
|  14|0x00000000fce00000, 0x00000000fce00000, 0x00000000fcf00000|  0%| F|  |TAMS 0x00000000fce00000, 0x00000000fce00000| Untracked 
|  15|0x00000000fcf00000, 0x00000000fcf00000, 0x00000000fd000000|  0%| F|  |TAMS 0x00000000fcf00000, 0x00000000fcf00000| Untracked 
|  16|0x00000000fd000000, 0x00000000fd000000, 0x00000000fd100000|  0%| F|  |TAMS 0x00000000fd000000, 0x00000000fd000000| Untracked 
|  17|0x00000000fd100000, 0x00000000fd100000, 0x00000000fd200000|  0%| F|  |TAMS 0x00000000fd100000, 0x00000000fd100000| Untracked 
|  18|0x00000000fd200000, 0x00000000fd200000, 0x00000000fd300000|  0%| F|  |TAMS 0x00000000fd200000, 0x00000000fd200000| Untracked 
|  19|0x00000000fd300000, 0x00000000fd300000, 0x00000000fd400000|  0%| F|  |TAMS 0x00000000fd300000, 0x00000000fd300000| Untracked 
|  20|0x00000000fd400000, 0x00000000fd400000, 0x00000000fd500000|  0%| F|  |TAMS 0x00000000fd400000, 0x00000000fd400000| Untracked 
|  21|0x00000000fd500000, 0x00000000fd500000, 0x00000000fd600000|  0%| F|  |TAMS 0x00000000fd500000, 0x00000000fd500000| Untracked 
|  22|0x00000000fd600000, 0x00000000fd600000, 0x00000000fd700000|  0%| F|  |TAMS 0x00000000fd600000, 0x00000000fd600000| Untracked 
|  23|0x00000000fd700000, 0x00000000fd700000, 0x00000000fd800000|  0%| F|  |TAMS 0x00000000fd700000, 0x00000000fd700000| Untracked 
|  24|0x00000000fd800000, 0x00000000fd800000, 0x00000000fd900000|  0%| F|  |TAMS 0x00000000fd800000, 0x00000000fd800000| Untracked 
|  25|0x00000000fd900000, 0x00000000fd900000, 0x00000000fda00000|  0%| F|  |TAMS 0x00000000fd900000, 0x00000000fd900000| Untracked 
|  26|0x00000000fda00000, 0x00000000fda00000, 0x00000000fdb00000|  0%| F|  |TAMS 0x00000000fda00000, 0x00000000fda00000| Untracked 
|  27|0x00000000fdb00000, 0x00000000fdb00000, 0x00000000fdc00000|  0%| F|  |TAMS 0x00000000fdb00000, 0x00000000fdb00000| Untracked 
|  28|0x00000000fdc00000, 0x00000000fdc00000, 0x00000000fdd00000|  0%| F|  |TAMS 0x00000000fdc00000, 0x00000000fdc00000| Untracked 
|  29|0x00000000fdd00000, 0x00000000fdd00000, 0x00000000fde00000|  0%| F|  |TAMS 0x00000000fdd00000, 0x00000000fdd00000| Untracked 
|  30|0x00000000fde00000, 0x00000000fde00000, 0x00000000fdf00000|  0%| F|  |TAMS 0x00000000fde00000, 0x00000000fde00000| Untracked 
|  31|0x00000000fdf00000, 0x00000000fdf00000, 0x00000000fe000000|  0%| F|  |TAMS 0x00000000fdf00000, 0x00000000fdf00000| Untracked 
|  32|0x00000000fe000000, 0x00000000fe000000, 0x00000000fe100000|  0%| F|  |TAMS 0x00000000fe000000, 0x00000000fe000000| Untracked 
|  33|0x00000000fe100000, 0x00000000fe100000, 0x00000000fe200000|  0%| F|  |TAMS 0x00000000fe100000, 0x00000000fe100000| Untracked 
|  34|0x00000000fe200000, 0x00000000fe200000, 0x00000000fe300000|  0%| F|  |TAMS 0x00000000fe200000, 0x00000000fe200000| Untracked 
|  35|0x00000000fe300000, 0x00000000fe300000, 0x00000000fe400000|  0%| F|  |TAMS 0x00000000fe300000, 0x00000000fe300000| Untracked 
|  36|0x00000000fe400000, 0x00000000fe400000, 0x00000000fe500000|  0%| F|  |TAMS 0x00000000fe400000, 0x00000000fe400000| Untracked 
|  37|0x00000000fe500000, 0x00000000fe5da880, 0x00000000fe600000| 85%| S|CS|TAMS 0x00000000fe500000, 0x00000000fe500000| Complete 
|  38|0x00000000fe600000, 0x00000000fe600000, 0x00000000fe700000|  0%| F|  |TAMS 0x00000000fe600000, 0x00000000fe600000| Untracked 
|  39|0x00000000fe700000, 0x00000000fe700000, 0x00000000fe800000|  0%| F|  |TAMS 0x00000000fe700000, 0x00000000fe700000| Untracked 
|  40|0x00000000fe800000, 0x00000000fe800000, 0x00000000fe900000|  0%| F|  |TAMS 0x00000000fe800000, 0x00000000fe800000| Untracked 
|  41|0x00000000fe900000, 0x00000000fea00000, 0x00000000fea00000|100%| S|CS|TAMS 0x00000000fe900000, 0x00000000fe900000| Complete 
|  42|0x00000000fea00000, 0x00000000fea00000, 0x00000000feb00000|  0%| F|  |TAMS 0x00000000fea00000, 0x00000000fea00000| Untracked 
|  43|0x00000000feb00000, 0x00000000feb00000, 0x00000000fec00000|  0%| F|  |TAMS 0x00000000feb00000, 0x00000000feb00000| Untracked 
|  44|0x00000000fec00000, 0x00000000fec00000, 0x00000000fed00000|  0%| F|  |TAMS 0x00000000fec00000, 0x00000000fec00000| Untracked 
|  45|0x00000000fed00000, 0x00000000fed00000, 0x00000000fee00000|  0%| F|  |TAMS 0x00000000fed00000, 0x00000000fed00000| Untracked 
|  46|0x00000000fee00000, 0x00000000fee00000, 0x00000000fef00000|  0%| F|  |TAMS 0x00000000fee00000, 0x00000000fee00000| Untracked 
|  47|0x00000000fef00000, 0x00000000fef00000, 0x00000000ff000000|  0%| F|  |TAMS 0x00000000fef00000, 0x00000000fef00000| Untracked 
|  48|0x00000000ff000000, 0x00000000ff000000, 0x00000000ff100000|  0%| F|  |TAMS 0x00000000ff000000, 0x00000000ff000000| Untracked 
|  49|0x00000000ff100000, 0x00000000ff100000, 0x00000000ff200000|  0%| F|  |TAMS 0x00000000ff100000, 0x00000000ff100000| Untracked 
|  50|0x00000000ff200000, 0x00000000ff200000, 0x00000000ff300000|  0%| F|  |TAMS 0x00000000ff200000, 0x00000000ff200000| Untracked 
|  51|0x00000000ff300000, 0x00000000ff300000, 0x00000000ff400000|  0%| F|  |TAMS 0x00000000ff300000, 0x00000000ff300000| Untracked 
|  52|0x00000000ff400000, 0x00000000ff400000, 0x00000000ff500000|  0%| F|  |TAMS 0x00000000ff400000, 0x00000000ff400000| Untracked 
|  53|0x00000000ff500000, 0x00000000ff500000, 0x00000000ff600000|  0%| F|  |TAMS 0x00000000ff500000, 0x00000000ff500000| Untracked 
|  54|0x00000000ff600000, 0x00000000ff600000, 0x00000000ff700000|  0%| F|  |TAMS 0x00000000ff600000, 0x00000000ff600000| Untracked 
|  55|0x00000000ff700000, 0x00000000ff700000, 0x00000000ff800000|  0%| F|  |TAMS 0x00000000ff700000, 0x00000000ff700000| Untracked 
|  56|0x00000000ff800000, 0x00000000ff8925e0, 0x00000000ff900000| 57%| E|  |TAMS 0x00000000ff800000, 0x00000000ff800000| Complete 
|  57|0x00000000ff900000, 0x00000000ffa00000, 0x00000000ffa00000|100%| E|CS|TAMS 0x00000000ff900000, 0x00000000ff900000| Complete 
|  58|0x00000000ffa00000, 0x00000000ffb00000, 0x00000000ffb00000|100%| E|CS|TAMS 0x00000000ffa00000, 0x00000000ffa00000| Complete 
|  59|0x00000000ffb00000, 0x00000000ffc00000, 0x00000000ffc00000|100%| E|CS|TAMS 0x00000000ffb00000, 0x00000000ffb00000| Complete 
|  60|0x00000000ffc00000, 0x00000000ffd00000, 0x00000000ffd00000|100%| E|CS|TAMS 0x00000000ffc00000, 0x00000000ffc00000| Complete 
|  61|0x00000000ffd00000, 0x00000000ffe00000, 0x00000000ffe00000|100%| E|CS|TAMS 0x00000000ffd00000, 0x00000000ffd00000| Complete 
|  62|0x00000000ffe00000, 0x00000000fff00000, 0x00000000fff00000|100%| E|CS|TAMS 0x00000000ffe00000, 0x00000000ffe00000| Complete 
|  63|0x00000000fff00000, 0x0000000100000000, 0x0000000100000000|100%| E|CS|TAMS 0x00000000fff00000, 0x00000000fff00000| Complete 

Card table byte_map: [0x000002a83eeb0000,0x000002a83eed0000] _byte_map_base: 0x000002a83e6d0000

Marking Bits (Prev, Next): (CMBitMap*) 0x000002a83ef707b0, (CMBitMap*) 0x000002a83ef707f0
 Prev Bits: [0x000002a856320000, 0x000002a856420000)
 Next Bits: [0x000002a856420000, 0x000002a856520000)

Polling page: 0x000002a83e710000

Metaspace:

Usage:
  Non-class:      8.25 MB used.
      Class:      1.24 MB used.
       Both:      9.49 MB used.

Virtual space:
  Non-class space:       64.00 MB reserved,       8.31 MB ( 13%) committed,  1 nodes.
      Class space:        1.00 GB reserved,       1.38 MB ( <1%) committed,  1 nodes.
             Both:        1.06 GB reserved,       9.69 MB ( <1%) committed. 

Chunk freelists:
   Non-Class:  7.38 MB
       Class:  14.54 MB
        Both:  21.91 MB

MaxMetaspaceSize: unlimited
CompressedClassSpaceSize: 1.00 GB
Initial GC threshold: 21.00 MB
Current GC threshold: 21.00 MB
CDS: on
MetaspaceReclaimPolicy: balanced
 - commit_granule_bytes: 65536.
 - commit_granule_words: 8192.
 - virtual_space_node_default_size: 8388608.
 - enlarge_chunks_in_place: 1.
 - new_chunks_are_fully_committed: 0.
 - uncommit_free_chunks: 1.
 - use_allocation_guard: 0.
 - handle_deallocations: 1.


Internal statistics:

num_allocs_failed_limit: 0.
num_arena_births: 80.
num_arena_deaths: 0.
num_vsnodes_births: 2.
num_vsnodes_deaths: 0.
num_space_committed: 155.
num_space_uncommitted: 0.
num_chunks_returned_to_freelist: 0.
num_chunks_taken_from_freelist: 346.
num_chunk_merges: 0.
num_chunk_splits: 237.
num_chunks_enlarged: 198.
num_inconsistent_stats: 0.

CodeHeap 'non-profiled nmethods': size=119168Kb used=785Kb max_used=785Kb free=118382Kb
 bounds [0x000002a84e620000, 0x000002a84e890000, 0x000002a855a80000]
CodeHeap 'profiled nmethods': size=119104Kb used=3591Kb max_used=3591Kb free=115512Kb
 bounds [0x000002a846a80000, 0x000002a846e10000, 0x000002a84ded0000]
CodeHeap 'non-nmethods': size=7488Kb used=1171Kb max_used=2313Kb free=6316Kb
 bounds [0x000002a84ded0000, 0x000002a84e180000, 0x000002a84e620000]
 total_blobs=2389 nmethods=1919 adapters=383
 compilation: enabled
              stopped_count=0, restarted_count=0
 full_count=0

Compilation events (20 events):
Event: 146.523 Thread 0x000002a8594c5f20 1910       3       com.google.common.base.Preconditions::checkPositionIndex (25 bytes)
Event: 146.526 Thread 0x000002a8594c5f20 nmethod 1910 0x000002a846e00790 code [0x000002a846e00940, 0x000002a846e00bb8]
Event: 146.528 Thread 0x000002a8594bfb20 nmethod 1911 0x000002a84e6e3010 code [0x000002a84e6e3180, 0x000002a84e6e32f8]
Event: 150.243 Thread 0x000002a8594bfb20 1912       4       java.util.LinkedHashMap$LinkedValueIterator::next (8 bytes)
Event: 150.251 Thread 0x000002a8594bfb20 nmethod 1912 0x000002a84e6e3390 code [0x000002a84e6e3500, 0x000002a84e6e3778]
Event: 154.820 Thread 0x000002a8594bfb20 1913       4       java.util.ArrayDeque$DeqIterator::next (62 bytes)
Event: 154.827 Thread 0x000002a8594bfb20 nmethod 1913 0x000002a84e6e3890 code [0x000002a84e6e3a20, 0x000002a84e6e3b38]
Event: 164.524 Thread 0x000002a8594bfb20 1914       4       java.lang.Integer::valueOf (32 bytes)
Event: 164.532 Thread 0x000002a8594bfb20 nmethod 1914 0x000002a84e6e3c90 code [0x000002a84e6e3e20, 0x000002a84e6e3ef8]
Event: 167.530 Thread 0x000002a8594c5f20 1915       3       java.util.Collections::addAll (43 bytes)
Event: 167.532 Thread 0x000002a8594c5f20 nmethod 1915 0x000002a846e00d10 code [0x000002a846e00ec0, 0x000002a846e01188]
Event: 175.528 Thread 0x000002a8594c5f20 1916       3       com.google.common.collect.Lists::computeArrayListCapacity (23 bytes)
Event: 175.534 Thread 0x000002a8594c5f20 nmethod 1916 0x000002a846e01310 code [0x000002a846e014c0, 0x000002a846e01768]
Event: 175.534 Thread 0x000002a8594c5f20 1917       3       com.google.common.primitives.Ints::saturatedCast (25 bytes)
Event: 175.534 Thread 0x000002a8594c5f20 nmethod 1917 0x000002a846e01890 code [0x000002a846e01a40, 0x000002a846e01c18]
Event: 179.615 Thread 0x000002a8594bfb20 1918       4       java.lang.AbstractStringBuilder::shift (37 bytes)
Event: 179.627 Thread 0x000002a8594bfb20 nmethod 1918 0x000002a84e6e3f90 code [0x000002a84e6e4100, 0x000002a84e6e4218]
Event: 181.716 Thread 0x000002a8594bfb20 1919       4       java.util.concurrent.ScheduledThreadPoolExecutor::canRunInCurrentRunState (61 bytes)
Event: 181.736 Thread 0x000002a8594bfb20 nmethod 1919 0x000002a84e6e4310 code [0x000002a84e6e4480, 0x000002a84e6e4538]
Event: 188.417 Thread 0x000002a8594bfb20 1920       4       org.gradle.internal.logging.console.WorkInProgressRenderer::renderNow (351 bytes)

GC Heap History (4 events):
Event: 2.193 GC heap before
{Heap before GC invocations=0 (full 0):
 garbage-first heap   total 65536K, used 26624K [0x00000000fc000000, 0x0000000100000000)
  region size 1024K, 23 young (23552K), 0 survivors (0K)
 Metaspace       used 2543K, committed 2752K, reserved 1114112K
  class space    used 262K, committed 384K, reserved 1048576K
}
Event: 2.201 GC heap after
{Heap after GC invocations=1 (full 0):
 garbage-first heap   total 65536K, used 10604K [0x00000000fc000000, 0x0000000100000000)
  region size 1024K, 3 young (3072K), 3 survivors (3072K)
 Metaspace       used 2543K, committed 2752K, reserved 1114112K
  class space    used 262K, committed 384K, reserved 1048576K
}
Event: 3.222 GC heap before
{Heap before GC invocations=1 (full 0):
 garbage-first heap   total 65536K, used 32108K [0x00000000fc000000, 0x0000000100000000)
  region size 1024K, 25 young (25600K), 3 survivors (3072K)
 Metaspace       used 8713K, committed 8896K, reserved 1114112K
  class space    used 1177K, committed 1280K, reserved 1048576K
}
Event: 3.228 GC heap after
{Heap after GC invocations=2 (full 0):
 garbage-first heap   total 65536K, used 12575K [0x00000000fc000000, 0x0000000100000000)
  region size 1024K, 2 young (2048K), 2 survivors (2048K)
 Metaspace       used 8713K, committed 8896K, reserved 1114112K
  class space    used 1177K, committed 1280K, reserved 1048576K
}

Dll operation events (13 events):
Event: 0.020 Loaded shared library C:\Program Files\Microsoft\jdk-17.0.12.7-hotspot\bin\java.dll
Event: 0.051 Loaded shared library C:\Program Files\Microsoft\jdk-17.0.12.7-hotspot\bin\jsvml.dll
Event: 0.097 Loaded shared library C:\Program Files\Microsoft\jdk-17.0.12.7-hotspot\bin\net.dll
Event: 0.101 Loaded shared library C:\Program Files\Microsoft\jdk-17.0.12.7-hotspot\bin\nio.dll
Event: 0.807 Loaded shared library C:\Program Files\Microsoft\jdk-17.0.12.7-hotspot\bin\zip.dll
Event: 0.813 Loaded shared library C:\Program Files\Microsoft\jdk-17.0.12.7-hotspot\bin\verify.dll
Event: 1.781 Loaded shared library C:\Program Files\Microsoft\jdk-17.0.12.7-hotspot\bin\jimage.dll
Event: 2.461 Loaded shared library C:\Users\moham\.gradle\native\c067742578af261105cb4f569cf0c3c89f3d7b1fecec35dd04571415982c5e48\windows-amd64\native-platform.dll
Event: 2.489 Loaded shared library C:\Users\moham\.gradle\native\jansi\1.18\windows64\jansi.dll
Event: 2.677 Loaded shared library C:\Program Files\Microsoft\jdk-17.0.12.7-hotspot\bin\management.dll
Event: 2.683 Loaded shared library C:\Program Files\Microsoft\jdk-17.0.12.7-hotspot\bin\management_ext.dll
Event: 3.129 Loaded shared library C:\Program Files\Microsoft\jdk-17.0.12.7-hotspot\bin\extnet.dll
Event: 3.219 Loaded shared library C:\Program Files\Microsoft\jdk-17.0.12.7-hotspot\bin\sunmscapi.dll

Deoptimization events (20 events):
Event: 3.154 Thread 0x000002a83ef4eea0 Uncommon trap: trap_request=0xffffff45 fr.pc=0x000002a84e65bad8 relative=0x0000000000000618
Event: 3.154 Thread 0x000002a83ef4eea0 Uncommon trap: reason=unstable_if action=reinterpret pc=0x000002a84e65bad8 method=java.lang.AbstractStringBuilder.append(Ljava/lang/String;)Ljava/lang/AbstractStringBuilder; @ 1 c2
Event: 3.154 Thread 0x000002a83ef4eea0 DEOPT PACKING pc=0x000002a84e65bad8 sp=0x000000bae29fca20
Event: 3.154 Thread 0x000002a83ef4eea0 DEOPT UNPACKING pc=0x000002a84df269a3 sp=0x000000bae29fc9a0 mode 2
Event: 3.157 Thread 0x000002a83ef4eea0 Uncommon trap: trap_request=0xffffff45 fr.pc=0x000002a84e665968 relative=0x0000000000000628
Event: 3.157 Thread 0x000002a83ef4eea0 Uncommon trap: reason=unstable_if action=reinterpret pc=0x000002a84e665968 method=java.lang.AbstractStringBuilder.append(Ljava/lang/String;)Ljava/lang/AbstractStringBuilder; @ 1 c2
Event: 3.157 Thread 0x000002a83ef4eea0 DEOPT PACKING pc=0x000002a84e665968 sp=0x000000bae29fca10
Event: 3.157 Thread 0x000002a83ef4eea0 DEOPT UNPACKING pc=0x000002a84df269a3 sp=0x000000bae29fc9f8 mode 2
Event: 3.259 Thread 0x000002a83ef4eea0 DEOPT PACKING pc=0x000002a846b96024 sp=0x000000bae29f8550
Event: 3.259 Thread 0x000002a83ef4eea0 DEOPT UNPACKING pc=0x000002a84df27143 sp=0x000000bae29f7a10 mode 0
Event: 48.378 Thread 0x000002a83ef4eea0 DEOPT PACKING pc=0x000002a846d5dacd sp=0x000000bae29fc6d0
Event: 48.379 Thread 0x000002a83ef4eea0 DEOPT UNPACKING pc=0x000002a84df27143 sp=0x000000bae29fbb68 mode 0
Event: 51.125 Thread 0x000002a83ef4eea0 Uncommon trap: trap_request=0xffffff45 fr.pc=0x000002a84e6bc824 relative=0x0000000000000504
Event: 51.125 Thread 0x000002a83ef4eea0 Uncommon trap: reason=unstable_if action=reinterpret pc=0x000002a84e6bc824 method=com.esotericsoftware.kryo.io.Input.readUtf8(I)V @ 79 c2
Event: 51.125 Thread 0x000002a83ef4eea0 DEOPT PACKING pc=0x000002a84e6bc824 sp=0x000000bae29fc7f0
Event: 51.125 Thread 0x000002a83ef4eea0 DEOPT UNPACKING pc=0x000002a84df269a3 sp=0x000000bae29fc788 mode 2
Event: 51.154 Thread 0x000002a83ef4eea0 DEOPT PACKING pc=0x000002a846de7635 sp=0x000000bae29fc7f0
Event: 51.154 Thread 0x000002a83ef4eea0 DEOPT UNPACKING pc=0x000002a84df27143 sp=0x000000bae29fbc88 mode 0
Event: 51.201 Thread 0x000002a83ef4eea0 DEOPT PACKING pc=0x000002a846de7635 sp=0x000000bae29fc7f0
Event: 51.201 Thread 0x000002a83ef4eea0 DEOPT UNPACKING pc=0x000002a84df27143 sp=0x000000bae29fbc88 mode 0

Classes loaded (20 events):
Event: 6.648 Loading class jdk/internal/reflect/ByteVectorImpl
Event: 6.648 Loading class jdk/internal/reflect/ByteVector
Event: 6.649 Loading class jdk/internal/reflect/ByteVector done
Event: 6.649 Loading class jdk/internal/reflect/ByteVectorImpl done
Event: 6.649 Loading class jdk/internal/reflect/ClassFileAssembler
Event: 6.649 Loading class jdk/internal/reflect/ClassFileAssembler done
Event: 6.649 Loading class jdk/internal/reflect/UTF8
Event: 6.650 Loading class jdk/internal/reflect/UTF8 done
Event: 6.650 Loading class jdk/internal/reflect/Label
Event: 6.651 Loading class jdk/internal/reflect/Label done
Event: 6.651 Loading class jdk/internal/reflect/Label$PatchInfo
Event: 6.651 Loading class jdk/internal/reflect/Label$PatchInfo done
Event: 6.651 Loading class jdk/internal/reflect/MethodAccessorGenerator$1
Event: 6.651 Loading class jdk/internal/reflect/MethodAccessorGenerator$1 done
Event: 6.651 Loading class jdk/internal/reflect/ClassDefiner
Event: 6.651 Loading class jdk/internal/reflect/ClassDefiner done
Event: 6.651 Loading class jdk/internal/reflect/ClassDefiner$1
Event: 6.651 Loading class jdk/internal/reflect/ClassDefiner$1 done
Event: 32.427 Loading class java/util/ArrayList$ListItr
Event: 32.429 Loading class java/util/ArrayList$ListItr done

Classes unloaded (0 events):
No events

Classes redefined (0 events):
No events

Internal exceptions (20 events):
Event: 1.029 Thread 0x000002a83ef4eea0 Exception <a 'java/lang/NoSuchMethodError'{0x00000000ffc54730}: 'int java.lang.invoke.DirectMethodHandle$Holder.invokeStaticInit(java.lang.Object, java.lang.Object)'> (0x00000000ffc54730) 
thrown [s\src\hotspot\share\interpreter\linkResolver.cpp, line 759]
Event: 2.361 Thread 0x000002a83ef4eea0 Exception <a 'java/lang/NoSuchMethodError'{0x00000000ffb476e8}: 'void java.lang.invoke.DirectMethodHandle$Holder.invokeStatic(java.lang.Object, java.lang.Object)'> (0x00000000ffb476e8) 
thrown [s\src\hotspot\share\interpreter\linkResolver.cpp, line 759]
Event: 2.398 Thread 0x000002a83ef4eea0 Exception <a 'java/lang/NoClassDefFoundError'{0x00000000ffbdc748}: org/slf4j/impl/StaticMarkerBinder> (0x00000000ffbdc748) 
thrown [s\src\hotspot\share\classfile\systemDictionary.cpp, line 245]
Event: 2.413 Thread 0x000002a83ef4eea0 Exception <a 'java/lang/NoSuchMethodError'{0x00000000ffa4eb98}: 'java.lang.Object java.lang.invoke.DirectMethodHandle$Holder.invokeVirtual(java.lang.Object, java.lang.Object, java.lang.Object)'> (0x00000000ffa4eb98) 
thrown [s\src\hotspot\share\interpreter\linkResolver.cpp, line 759]
Event: 2.427 Thread 0x000002a83ef4eea0 Exception <a 'java/lang/NoSuchMethodError'{0x00000000ffa96010}: 'java.lang.Object java.lang.invoke.DirectMethodHandle$Holder.invokeVirtual(java.lang.Object, java.lang.Object, java.lang.Object, java.lang.Object, java.lang.Object, java.lang.Object, java.lang.Object)'> (0x00000000ffa96010) 
thrown [s\src\hotspot\share\interpreter\linkResolver.cpp, line 759]
Event: 2.430 Thread 0x000002a83ef4eea0 Exception <a 'java/lang/NoSuchMethodError'{0x00000000ffaa7638}: 'java.lang.Object java.lang.invoke.Invokers$Holder.invoker(java.lang.Object, java.lang.Object, java.lang.Object)'> (0x00000000ffaa7638) 
thrown [s\src\hotspot\share\interpreter\linkResolver.cpp, line 759]
Event: 2.432 Thread 0x000002a83ef4eea0 Exception <a 'java/lang/NoSuchMethodError'{0x00000000ffab05b0}: 'java.lang.Object java.lang.invoke.DirectMethodHandle$Holder.invokeStatic(java.lang.Object, java.lang.Object, int)'> (0x00000000ffab05b0) 
thrown [s\src\hotspot\share\interpreter\linkResolver.cpp, line 759]
Event: 2.434 Thread 0x000002a83ef4eea0 Exception <a 'java/lang/NoSuchMethodError'{0x00000000ffabc2a0}: 'void java.lang.invoke.DelegatingMethodHandle$Holder.delegate(java.lang.Object, java.lang.Object, int, java.lang.Object)'> (0x00000000ffabc2a0) 
thrown [s\src\hotspot\share\interpreter\linkResolver.cpp, line 759]
Event: 2.435 Thread 0x000002a83ef4eea0 Exception <a 'java/lang/NoSuchMethodError'{0x00000000ffac03e8}: 'int java.lang.invoke.DirectMethodHandle$Holder.invokeSpecial(java.lang.Object, java.lang.Object, java.lang.Object)'> (0x00000000ffac03e8) 
thrown [s\src\hotspot\share\interpreter\linkResolver.cpp, line 759]
Event: 2.440 Thread 0x000002a83ef4eea0 Exception <a 'java/lang/NoSuchMethodError'{0x00000000ffad3530}: 'java.lang.Object java.lang.invoke.Invokers$Holder.invokeExact_MT(java.lang.Object, java.lang.Object, java.lang.Object, java.lang.Object)'> (0x00000000ffad3530) 
thrown [s\src\hotspot\share\interpreter\linkResolver.cpp, line 759]
Event: 2.634 Thread 0x000002a83ef4eea0 Exception <a 'java/lang/NoSuchMethodError'{0x00000000ff376950}: 'void java.lang.invoke.DirectMethodHandle$Holder.invokeSpecial(java.lang.Object, java.lang.Object, java.lang.Object)'> (0x00000000ff376950) 
thrown [s\src\hotspot\share\interpreter\linkResolver.cpp, line 759]
Event: 2.647 Thread 0x000002a83ef4eea0 Implicit null exception at 0x000002a84e67a42c to 0x000002a84e67a880
Event: 2.647 Thread 0x000002a83ef4eea0 Implicit null exception at 0x000002a84e6643ac to 0x000002a84e6647e8
Event: 2.674 Thread 0x000002a83ef4eea0 Exception <a 'java/lang/NoSuchMethodError'{0x00000000ff138c48}: 'java.lang.Object java.lang.invoke.DirectMethodHandle$Holder.invokeStaticInit(java.lang.Object)'> (0x00000000ff138c48) 
thrown [s\src\hotspot\share\interpreter\linkResolver.cpp, line 759]
Event: 2.712 Thread 0x000002a83ef4eea0 Exception <a 'java/lang/NoSuchMethodError'{0x00000000ff1ce2e8}: 'int java.lang.invoke.DirectMethodHandle$Holder.invokeVirtual(java.lang.Object, java.lang.Object, java.lang.Object)'> (0x00000000ff1ce2e8) 
thrown [s\src\hotspot\share\interpreter\linkResolver.cpp, line 759]
Event: 2.821 Thread 0x000002a83ef4eea0 Exception <a 'java/lang/NoSuchMethodError'{0x00000000fec81788}: 'java.lang.Object java.lang.invoke.DirectMethodHandle$Holder.invokeStaticInit(java.lang.Object, int, int, int, int)'> (0x00000000fec81788) 
thrown [s\src\hotspot\share\interpreter\linkResolver.cpp, line 759]
Event: 2.887 Thread 0x000002a83ef4eea0 Exception <a 'java/lang/NoSuchMethodError'{0x00000000fecc20c0}: 'java.lang.Object java.lang.invoke.DirectMethodHandle$Holder.invokeStaticInit(java.lang.Object, java.lang.Object, int, int, int, int)'> (0x00000000fecc20c0) 
thrown [s\src\hotspot\share\interpreter\linkResolver.cpp, line 759]
Event: 3.132 Thread 0x000002a83ef4eea0 Exception <a 'java/lang/NoSuchMethodError'{0x00000000fecf4ca8}: 'void java.lang.invoke.DirectMethodHandle$Holder.invokeStatic(java.lang.Object, java.lang.Object, java.lang.Object)'> (0x00000000fecf4ca8) 
thrown [s\src\hotspot\share\interpreter\linkResolver.cpp, line 759]
Event: 3.154 Thread 0x000002a83ef4eea0 Implicit null exception at 0x000002a84e65b4f2 to 0x000002a84e65bac0
Event: 3.157 Thread 0x000002a83ef4eea0 Implicit null exception at 0x000002a84e665372 to 0x000002a84e665950

VM Operations (20 events):
Event: 68.191 Executing VM operation: Cleanup
Event: 68.191 Executing VM operation: Cleanup done
Event: 94.425 Executing VM operation: Cleanup
Event: 94.442 Executing VM operation: Cleanup done
Event: 100.491 Executing VM operation: Cleanup
Event: 100.493 Executing VM operation: Cleanup done
Event: 105.542 Executing VM operation: Cleanup
Event: 105.543 Executing VM operation: Cleanup done
Event: 120.236 Executing VM operation: HandshakeAllThreads
Event: 120.238 Executing VM operation: HandshakeAllThreads done
Event: 123.263 Executing VM operation: Cleanup
Event: 123.265 Executing VM operation: Cleanup done
Event: 130.341 Executing VM operation: Cleanup
Event: 130.341 Executing VM operation: Cleanup done
Event: 147.517 Executing VM operation: Cleanup
Event: 147.517 Executing VM operation: Cleanup done
Event: 150.549 Executing VM operation: Cleanup
Event: 150.550 Executing VM operation: Cleanup done
Event: 155.596 Executing VM operation: Cleanup
Event: 155.596 Executing VM operation: Cleanup done

Events (20 events):
Event: 0.804 Thread 0x000002a859588240 Thread exited: 0x000002a859588240
Event: 0.845 Thread 0x000002a8596ac250 Thread added: 0x000002a8596ac250
Event: 2.297 Thread 0x000002a89f7ed530 Thread added: 0x000002a89f7ed530
Event: 2.514 Thread 0x000002a89f8f90d0 Thread added: 0x000002a89f8f90d0
Event: 3.597 Thread 0x000002a89fa9e860 Thread added: 0x000002a89fa9e860
Event: 3.600 Thread 0x000002a89fa9f110 Thread added: 0x000002a89fa9f110
Event: 4.422 Thread 0x000002a89f7ed530 Thread exited: 0x000002a89f7ed530
Event: 6.015 Thread 0x000002a8596ac250 Thread exited: 0x000002a8596ac250
Event: 34.827 Thread 0x000002a89f941480 Thread added: 0x000002a89f941480
Event: 34.827 Thread 0x000002a89f9419a0 Thread added: 0x000002a89f9419a0
Event: 35.530 Thread 0x000002a89f9419a0 Thread exited: 0x000002a89f9419a0
Event: 36.430 Thread 0x000002a89f941480 Thread exited: 0x000002a89f941480
Event: 36.726 Thread 0x000002a89f941480 Thread added: 0x000002a89f941480
Event: 37.801 Thread 0x000002a89f941480 Thread exited: 0x000002a89f941480
Event: 39.996 Thread 0x000002a89f941480 Thread added: 0x000002a89f941480
Event: 39.996 Thread 0x000002a89f248150 Thread added: 0x000002a89f248150
Event: 40.628 Thread 0x000002a89f248150 Thread exited: 0x000002a89f248150
Event: 40.816 Thread 0x000002a89f248150 Thread added: 0x000002a89f248150
Event: 41.826 Thread 0x000002a89f248150 Thread exited: 0x000002a89f248150
Event: 41.826 Thread 0x000002a89f941480 Thread exited: 0x000002a89f941480


Dynamic libraries:
0x00007ff7452b0000 - 0x00007ff7452be000 	C:\Program Files\Microsoft\jdk-17.0.12.7-hotspot\bin\java.exe
0x00007ffc82190000 - 0x00007ffc823a7000 	C:\Windows\SYSTEM32\ntdll.dll
0x00007ffc80ba0000 - 0x00007ffc80c64000 	C:\Windows\System32\KERNEL32.DLL
0x00007ffc7f900000 - 0x00007ffc7fca6000 	C:\Windows\System32\KERNELBASE.dll
0x00007ffc7fdc0000 - 0x00007ffc7fed1000 	C:\Windows\System32\ucrtbase.dll
0x00007ffc4d880000 - 0x00007ffc4d89d000 	C:\Program Files\Microsoft\jdk-17.0.12.7-hotspot\bin\VCRUNTIME140.dll
0x00007ffc4c180000 - 0x00007ffc4c197000 	C:\Program Files\Microsoft\jdk-17.0.12.7-hotspot\bin\jli.dll
0x00007ffc810b0000 - 0x00007ffc8125e000 	C:\Windows\System32\USER32.dll
0x00007ffc7f5c0000 - 0x00007ffc7f5e6000 	C:\Windows\System32\win32u.dll
0x00007ffc7ff80000 - 0x00007ffc7ffa9000 	C:\Windows\System32\GDI32.dll
0x00007ffc6bdb0000 - 0x00007ffc6c043000 	C:\Windows\WinSxS\amd64_microsoft.windows.common-controls_6595b64144ccf1df_6.0.22621.2506_none_270c5ae97388e100\COMCTL32.dll
0x00007ffc7f7e0000 - 0x00007ffc7f8f8000 	C:\Windows\System32\gdi32full.dll
0x00007ffc80f00000 - 0x00007ffc80fa7000 	C:\Windows\System32\msvcrt.dll
0x00007ffc7fd20000 - 0x00007ffc7fdba000 	C:\Windows\System32\msvcp_win.dll
0x00007ffc7ff40000 - 0x00007ffc7ff71000 	C:\Windows\System32\IMM32.DLL
0x00007ffc55370000 - 0x00007ffc5537c000 	C:\Program Files\Microsoft\jdk-17.0.12.7-hotspot\bin\vcruntime140_1.dll
0x00007ffc3f060000 - 0x00007ffc3f0ed000 	C:\Program Files\Microsoft\jdk-17.0.12.7-hotspot\bin\msvcp140.dll
0x00007ffbde580000 - 0x00007ffbdf1f0000 	C:\Program Files\Microsoft\jdk-17.0.12.7-hotspot\bin\server\jvm.dll
0x00007ffc82090000 - 0x00007ffc82141000 	C:\Windows\System32\ADVAPI32.dll
0x00007ffc80c90000 - 0x00007ffc80d35000 	C:\Windows\System32\sechost.dll
0x00007ffc80d70000 - 0x00007ffc80e87000 	C:\Windows\System32\RPCRT4.dll
0x00007ffc81f60000 - 0x00007ffc81fd1000 	C:\Windows\System32\WS2_32.dll
0x00007ffc76660000 - 0x00007ffc7666a000 	C:\Windows\SYSTEM32\VERSION.dll
0x00007ffc76800000 - 0x00007ffc76834000 	C:\Windows\SYSTEM32\WINMM.dll
0x00007ffc7f3d0000 - 0x00007ffc7f41d000 	C:\Windows\SYSTEM32\POWRPROF.dll
0x00007ffc7f300000 - 0x00007ffc7f313000 	C:\Windows\SYSTEM32\UMPDC.dll
0x00007ffc7e500000 - 0x00007ffc7e518000 	C:\Windows\SYSTEM32\kernel.appcore.dll
0x00007ffc4de60000 - 0x00007ffc4de6a000 	C:\Program Files\Microsoft\jdk-17.0.12.7-hotspot\bin\jimage.dll
0x00007ffc7ced0000 - 0x00007ffc7d103000 	C:\Windows\SYSTEM32\DBGHELP.DLL
0x00007ffc81b50000 - 0x00007ffc81ed9000 	C:\Windows\System32\combase.dll
0x00007ffc80170000 - 0x00007ffc80247000 	C:\Windows\System32\OLEAUT32.dll
0x00007ffc6c180000 - 0x00007ffc6c1b2000 	C:\Windows\SYSTEM32\dbgcore.DLL
0x00007ffc7f760000 - 0x00007ffc7f7da000 	C:\Windows\System32\bcryptPrimitives.dll
0x00007ffc3f540000 - 0x00007ffc3f565000 	C:\Program Files\Microsoft\jdk-17.0.12.7-hotspot\bin\java.dll
0x00007ffc02710000 - 0x00007ffc027e7000 	C:\Program Files\Microsoft\jdk-17.0.12.7-hotspot\bin\jsvml.dll
0x00007ffc81260000 - 0x00007ffc81aba000 	C:\Windows\System32\SHELL32.dll
0x00007ffc7d420000 - 0x00007ffc7dd16000 	C:\Windows\SYSTEM32\windows.storage.dll
0x00007ffc7d2e0000 - 0x00007ffc7d41e000 	C:\Windows\SYSTEM32\wintypes.dll
0x00007ffc80fb0000 - 0x00007ffc810a3000 	C:\Windows\System32\SHCORE.dll
0x00007ffc7fee0000 - 0x00007ffc7ff3e000 	C:\Windows\System32\shlwapi.dll
0x00007ffc7f430000 - 0x00007ffc7f456000 	C:\Windows\SYSTEM32\profapi.dll
0x00007ffc4a5d0000 - 0x00007ffc4a5ea000 	C:\Program Files\Microsoft\jdk-17.0.12.7-hotspot\bin\net.dll
0x00007ffc77c70000 - 0x00007ffc77da7000 	C:\Windows\SYSTEM32\WINHTTP.dll
0x00007ffc7e980000 - 0x00007ffc7e9e9000 	C:\Windows\system32\mswsock.dll
0x00007ffc46f30000 - 0x00007ffc46f46000 	C:\Program Files\Microsoft\jdk-17.0.12.7-hotspot\bin\nio.dll
0x00007ffc46ef0000 - 0x00007ffc46f08000 	C:\Program Files\Microsoft\jdk-17.0.12.7-hotspot\bin\zip.dll
0x00007ffc6f300000 - 0x00007ffc6f310000 	C:\Program Files\Microsoft\jdk-17.0.12.7-hotspot\bin\verify.dll
0x00007ffc3f180000 - 0x00007ffc3f1a7000 	C:\Users\moham\.gradle\native\c067742578af261105cb4f569cf0c3c89f3d7b1fecec35dd04571415982c5e48\windows-amd64\native-platform.dll
0x00007ffc78d60000 - 0x00007ffc78d6a000 	C:\Users\moham\.gradle\native\jansi\1.18\windows64\jansi.dll
0x00007ffc4d4a0000 - 0x00007ffc4d4aa000 	C:\Program Files\Microsoft\jdk-17.0.12.7-hotspot\bin\management.dll
0x00007ffc4d0b0000 - 0x00007ffc4d0bb000 	C:\Program Files\Microsoft\jdk-17.0.12.7-hotspot\bin\management_ext.dll
0x00007ffc80820000 - 0x00007ffc80828000 	C:\Windows\System32\PSAPI.DLL
0x00007ffc7ebd0000 - 0x00007ffc7ebeb000 	C:\Windows\SYSTEM32\CRYPTSP.dll
0x00007ffc7e460000 - 0x00007ffc7e495000 	C:\Windows\system32\rsaenh.dll
0x00007ffc7ea70000 - 0x00007ffc7ea9c000 	C:\Windows\SYSTEM32\USERENV.dll
0x00007ffc7edc0000 - 0x00007ffc7ede8000 	C:\Windows\SYSTEM32\bcrypt.dll
0x00007ffc7ebf0000 - 0x00007ffc7ebfc000 	C:\Windows\SYSTEM32\CRYPTBASE.dll
0x00007ffc7df80000 - 0x00007ffc7dfad000 	C:\Windows\SYSTEM32\IPHLPAPI.DLL
0x00007ffc80d60000 - 0x00007ffc80d69000 	C:\Windows\System32\NSI.dll
0x00007ffc785a0000 - 0x00007ffc785b9000 	C:\Windows\SYSTEM32\dhcpcsvc6.DLL
0x00007ffc78160000 - 0x00007ffc7817f000 	C:\Windows\SYSTEM32\dhcpcsvc.DLL
0x00007ffc7dff0000 - 0x00007ffc7e0e9000 	C:\Windows\SYSTEM32\DNSAPI.dll
0x00007ffc4c100000 - 0x00007ffc4c109000 	C:\Program Files\Microsoft\jdk-17.0.12.7-hotspot\bin\extnet.dll
0x00007ffc4ce60000 - 0x00007ffc4ce6e000 	C:\Program Files\Microsoft\jdk-17.0.12.7-hotspot\bin\sunmscapi.dll
0x00007ffc7f5f0000 - 0x00007ffc7f756000 	C:\Windows\System32\CRYPT32.dll
0x00007ffc7ed90000 - 0x00007ffc7edbd000 	C:\Windows\SYSTEM32\ncrypt.dll
0x00007ffc7ed50000 - 0x00007ffc7ed87000 	C:\Windows\SYSTEM32\NTASN1.dll
0x00007ffc41590000 - 0x00007ffc41598000 	C:\Windows\system32\wshunix.dll

dbghelp: loaded successfully - version: 4.0.5 - missing functions: none
symbol engine: initialized successfully - sym options: 0x614 - pdb path: .;C:\Program Files\Microsoft\jdk-17.0.12.7-hotspot\bin;C:\Windows\SYSTEM32;C:\Windows\WinSxS\amd64_microsoft.windows.common-controls_6595b64144ccf1df_6.0.22621.2506_none_270c5ae97388e100;C:\Program Files\Microsoft\jdk-17.0.12.7-hotspot\bin\server;C:\Users\moham\.gradle\native\c067742578af261105cb4f569cf0c3c89f3d7b1fecec35dd04571415982c5e48\windows-amd64;C:\Users\moham\.gradle\native\jansi\1.18\windows64

VM Arguments:
jvm_args: -Xmx64m -Xms64m -Dorg.gradle.appname=gradlew 
java_command: org.gradle.wrapper.GradleWrapperMain assemble
java_class_path (initial): D:\Klass-ride-main\Klass-ride-main\android\\gradle\wrapper\gradle-wrapper.jar
Launcher Type: SUN_STANDARD

[Global flags]
     intx CICompilerCount                          = 12                                        {product} {ergonomic}
     uint ConcGCThreads                            = 3                                         {product} {ergonomic}
     uint G1ConcRefinementThreads                  = 13                                        {product} {ergonomic}
   size_t G1HeapRegionSize                         = 1048576                                   {product} {ergonomic}
    uintx GCDrainStackTargetSize                   = 64                                        {product} {ergonomic}
   size_t InitialHeapSize                          = 67108864                                  {product} {command line}
   size_t MarkStackSize                            = 4194304                                   {product} {ergonomic}
   size_t MaxHeapSize                              = 67108864                                  {product} {command line}
   size_t MaxNewSize                               = 39845888                                  {product} {ergonomic}
   size_t MinHeapDeltaBytes                        = 1048576                                   {product} {ergonomic}
   size_t MinHeapSize                              = 67108864                                  {product} {command line}
    uintx NonNMethodCodeHeapSize                   = 7602480                                {pd product} {ergonomic}
    uintx NonProfiledCodeHeapSize                  = 122027880                              {pd product} {ergonomic}
    uintx ProfiledCodeHeapSize                     = 122027880                              {pd product} {ergonomic}
    uintx ReservedCodeCacheSize                    = 251658240                              {pd product} {ergonomic}
     bool SegmentedCodeCache                       = true                                      {product} {ergonomic}
   size_t SoftMaxHeapSize                          = 67108864                               {manageable} {ergonomic}
     bool UseCompressedClassPointers               = true                           {product lp64_product} {ergonomic}
     bool UseCompressedOops                        = true                           {product lp64_product} {ergonomic}
     bool UseG1GC                                  = true                                      {product} {ergonomic}
     bool UseLargePagesIndividualAllocation        = false                                  {pd product} {ergonomic}

Logging:
Log output configuration:
 #0: stdout all=warning uptime,level,tags
 #1: stderr all=off uptime,level,tags

Environment Variables:
JAVA_HOME=C:\Program Files\Microsoft\jdk-17.0.12.7-hotspot\
CLASSPATH=D:\Klass-ride-main\Klass-ride-main\android\\gradle\wrapper\gradle-wrapper.jar
PATH=C:\Program Files\Microsoft\jdk-17.0.12.7-hotspot\bin;C:\Windows\system32;C:\Windows;C:\Windows\System32\Wbem;C:\Windows\System32\WindowsPowerShell\v1.0\;C:\Windows\System32\OpenSSH\;C:\ProgramData\chocolatey\bin;C:\Program Files\nodejs\;C:\Program Files\Git\cmd;C:\Users\moham\AppData\Local\Android\Sdk\tools;C:\Users\moham\AppData\Local\Microsoft\WindowsApps;C:\Users\moham\AppData\Local\Programs\Microsoft VS Code\bin;C:\Users\moham\AppData\Roaming\npm;;C:\Users\moham\AppData\Local\Android\Sdk\platform-tools;
USERNAME=moham
LANG=en_US.UTF-8
OS=Windows_NT
PROCESSOR_IDENTIFIER=AMD64 Family 23 Model 104 Stepping 1, AuthenticAMD
TMP=C:\Users\moham\AppData\Local\Temp
TEMP=C:\Users\moham\AppData\Local\Temp



Periodic native trim disabled


---------------  S Y S T E M  ---------------

OS:
 Windows 11 , 64 bit Build 22621 (10.0.22621.2506)
OS uptime: 3 days 0:20 hours

CPU: total 16 (initial active 16) (16 cores per cpu, 2 threads per core) family 23 model 104 stepping 1 microcode 0x0, cx8, cmov, fxsr, ht, mmx, 3dnowpref, sse, sse2, sse3, ssse3, sse4a, sse4.1, sse4.2, popcnt, lzcnt, tsc, tscinvbit, avx, avx2, aes, clmul, bmi1, bmi2, adx, sha, fma, vzeroupper, clflush, clflushopt
Processor Information for the first 16 processors :
  Max Mhz: 1801, Current Mhz: 1801, Mhz Limit: 1801

Memory: 4k page, system-wide physical 5989M (11M free)
TotalPageFile size 24421M (AvailPageFile size 6M)
current process WorkingSet (physical memory assigned to process): 33M, peak: 98M
current process commit charge ("private bytes"): 197M, peak: 200M

vm_info: OpenJDK 64-Bit Server VM (17.0.12+7-LTS) for windows-amd64 JRE (17.0.12+7-LTS), built on Jul 16 2024 18:11:44 by "MicrosoftCorporation" with unknown MS VC++:1939

END.
